C:\SOFTWARE\TRANSIMS60\PLANSUM\WIN32\BIN\VC110.PDB
C:\SOFTWARE\TRANSIMS60\WIN32\BIN\PLANSUM.EXE
C:\Software\Transims60\PlanSum\Win32\Bin\PlanSum.vcxprojResolveAssemblyReference.cache
C:\Software\Transims60\PlanSum\Win32\Bin\Access_Details.obj
C:\Software\Transims60\PlanSum\Win32\Bin\Control.obj
C:\Software\Transims60\PlanSum\Win32\Bin\Execute.obj
C:\Software\Transims60\PlanSum\Win32\Bin\Line_Group.obj
C:\Software\Transims60\PlanSum\Win32\Bin\Line_Grp_Detail.obj
C:\Software\Transims60\PlanSum\Win32\Bin\Line_Transfers.obj
C:\Software\Transims60\PlanSum\Win32\Bin\Link_Group.obj
C:\Software\Transims60\PlanSum\Win32\Bin\MPI_Processing.obj
C:\Software\Transims60\PlanSum\Win32\Bin\MPI_Setup.obj
C:\Software\Transims60\PlanSum\Win32\Bin\PlanSum.obj
C:\Software\Transims60\PlanSum\Win32\Bin\Plan_Processing.obj
C:\Software\Transims60\PlanSum\Win32\Bin\Read_Plans.obj
C:\Software\Transims60\PlanSum\Win32\Bin\Rider_Group.obj
C:\Software\Transims60\PlanSum\Win32\Bin\Stop_Group.obj
C:\Software\Transims60\PlanSum\Win32\Bin\Stop_Grp_Detail.obj
C:\Software\Transims60\PlanSum\Win32\Bin\Stop_Report.obj
C:\Software\Transims60\PlanSum\Win32\Bin\Top_100.obj
C:\Software\Transims60\PlanSum\Win32\Bin\Transfer_Report.obj
C:\Software\Transims60\PlanSum\Win32\Bin\Transit_Report.obj
C:\Software\Transims60\PlanSum\Win32\Bin\Trip_Time.obj
C:\Software\Transims60\PlanSum\Win32\Bin\VC_Ratio.obj
C:\Software\Transims60\PlanSum\Win32\Bin\Write_Boardings.obj
C:\Software\Transims60\PlanSum\Win32\Bin\Write_Details.obj
C:\Software\Transims60\PlanSum\Win32\Bin\Write_Diurnals.obj
C:\Software\Transims60\PlanSum\Win32\Bin\Write_Groups.obj
C:\Software\Transims60\PlanSum\Win32\Bin\Write_Line_On_Off.obj
C:\Software\Transims60\PlanSum\Win32\Bin\Write_Times.obj
C:\Software\Transims60\PlanSum\Win32\Bin\Write_Volumes.obj
C:\Software\Transims60\PlanSum\Win32\Bin\CL.3200.read.1.tlog
C:\Software\Transims60\PlanSum\Win32\Bin\CL.3200.write.1.tlog
C:\Software\Transims60\PlanSum\Win32\Bin\CL.4808.read.1.tlog
C:\Software\Transims60\PlanSum\Win32\Bin\CL.4808.write.1.tlog
C:\Software\Transims60\PlanSum\Win32\Bin\CL.500.read.1.tlog
C:\Software\Transims60\PlanSum\Win32\Bin\CL.500.write.1.tlog
C:\Software\Transims60\PlanSum\Win32\Bin\CL.5824.read.1.tlog
C:\Software\Transims60\PlanSum\Win32\Bin\CL.5824.write.1.tlog
C:\Software\Transims60\PlanSum\Win32\Bin\cl.command.1.tlog
C:\Software\Transims60\PlanSum\Win32\Bin\CL.read.1.tlog
C:\Software\Transims60\PlanSum\Win32\Bin\cl.write.1.tlog
C:\Software\Transims60\PlanSum\Win32\Bin\link-cvtres.read.1.tlog
C:\Software\Transims60\PlanSum\Win32\Bin\link-cvtres.write.1.tlog
C:\Software\Transims60\PlanSum\Win32\Bin\link-rc.read.1.tlog
C:\Software\Transims60\PlanSum\Win32\Bin\link-rc.write.1.tlog
C:\Software\Transims60\PlanSum\Win32\Bin\link.command.1.tlog
C:\Software\Transims60\PlanSum\Win32\Bin\link.read.1.tlog
C:\Software\Transims60\PlanSum\Win32\Bin\link.write.1.tlog
