C:\TRANSIMS\TRANSIMS60\ROUTER_SERVICE\X64\BIN\VC110.PDB
C:\TRANSIMS\TRANSIMS60\ROUTER_SERVICE\X64\BIN\ROUTER_SERVICE.LIB
C:\TRANSIMS\Transims60\Router_Service\x64\Bin\Array_Processing.obj
C:\TRANSIMS\Transims60\Router_Service\x64\Bin\Best_Destination.obj
C:\TRANSIMS\Transims60\Router_Service\x64\Bin\Best_Lane_Use.obj
C:\TRANSIMS\Transims60\Router_Service\x64\Bin\Build_Path.obj
C:\TRANSIMS\Transims60\Router_Service\x64\Bin\Control.obj
C:\TRANSIMS\Transims60\Router_Service\x64\Bin\Drive_Path.obj
C:\TRANSIMS\Transims60\Router_Service\x64\Bin\Drive_Plan.obj
C:\TRANSIMS\Transims60\Router_Service\x64\Bin\Drive_Transit.obj
C:\TRANSIMS\Transims60\Router_Service\x64\Bin\Execute.obj
C:\TRANSIMS\Transims60\Router_Service\x64\Bin\Get_Household_Data.obj
C:\TRANSIMS\Transims60\Router_Service\x64\Bin\Location_Access.obj
C:\TRANSIMS\Transims60\Router_Service\x64\Bin\Magic_Move.obj
C:\TRANSIMS\Transims60\Router_Service\x64\Bin\Node_Path.obj
C:\TRANSIMS\Transims60\Router_Service\x64\Bin\Node_Plan.obj
C:\TRANSIMS\Transims60\Router_Service\x64\Bin\Parking_Access.obj
C:\TRANSIMS\Transims60\Router_Service\x64\Bin\Parking_Update.obj
C:\TRANSIMS\Transims60\Router_Service\x64\Bin\Path_Builder.obj
C:\TRANSIMS\Transims60\Router_Service\x64\Bin\Plan_Build.obj
C:\TRANSIMS\Transims60\Router_Service\x64\Bin\Plan_Flow.obj
C:\TRANSIMS\Transims60\Router_Service\x64\Bin\Plan_Processor.obj
C:\TRANSIMS\Transims60\Router_Service\x64\Bin\Plan_ReRoute.obj
C:\TRANSIMS\Transims60\Router_Service\x64\Bin\Plan_Update.obj
C:\TRANSIMS\Transims60\Router_Service\x64\Bin\Router_Service.obj
C:\TRANSIMS\Transims60\Router_Service\x64\Bin\Save_Skims.obj
C:\TRANSIMS\Transims60\Router_Service\x64\Bin\Set_Parameters.obj
C:\TRANSIMS\Transims60\Router_Service\x64\Bin\Skim_Build.obj
C:\TRANSIMS\Transims60\Router_Service\x64\Bin\Skim_Processor.obj
C:\TRANSIMS\Transims60\Router_Service\x64\Bin\Stop_Alight.obj
C:\TRANSIMS\Transims60\Router_Service\x64\Bin\Stop_Board.obj
C:\TRANSIMS\Transims60\Router_Service\x64\Bin\Trace_Path.obj
C:\TRANSIMS\Transims60\Router_Service\x64\Bin\Transit_Access.obj
C:\TRANSIMS\Transims60\Router_Service\x64\Bin\Transit_Parking.obj
C:\TRANSIMS\Transims60\Router_Service\x64\Bin\Transit_Path.obj
C:\TRANSIMS\Transims60\Router_Service\x64\Bin\Transit_Plan.obj
C:\TRANSIMS\Transims60\Router_Service\x64\Bin\Walk_Access.obj
C:\TRANSIMS\Transims60\Router_Service\x64\Bin\CL.1796.read.1.tlog
C:\TRANSIMS\Transims60\Router_Service\x64\Bin\CL.1796.write.1.tlog
C:\TRANSIMS\Transims60\Router_Service\x64\Bin\CL.2892.read.1.tlog
C:\TRANSIMS\Transims60\Router_Service\x64\Bin\CL.2892.write.1.tlog
C:\TRANSIMS\Transims60\Router_Service\x64\Bin\CL.4496.read.1.tlog
C:\TRANSIMS\Transims60\Router_Service\x64\Bin\CL.4496.write.1.tlog
C:\TRANSIMS\Transims60\Router_Service\x64\Bin\CL.6956.read.1.tlog
C:\TRANSIMS\Transims60\Router_Service\x64\Bin\CL.6956.write.1.tlog
C:\TRANSIMS\Transims60\Router_Service\x64\Bin\cl.command.1.tlog
C:\TRANSIMS\Transims60\Router_Service\x64\Bin\CL.read.1.tlog
C:\TRANSIMS\Transims60\Router_Service\x64\Bin\cl.write.1.tlog
C:\TRANSIMS\Transims60\Router_Service\x64\Bin\Lib-link.read.1.tlog
C:\TRANSIMS\Transims60\Router_Service\x64\Bin\Lib-link.write.1.tlog
C:\TRANSIMS\Transims60\Router_Service\x64\Bin\lib.command.1.tlog
C:\TRANSIMS\Transims60\Router_Service\x64\Bin\vc110.pdb
C:\TRANSIMS\Transims60\Router_Service\x64\Bin\Router_Service.lib
