Build started 3/7/2014 8:00:54 AM.
     1>Project "C:\Software\Transims60\ArcNet\ArcNet.vcxproj" on node 2 (Build target(s)).
     1>ClCompile:
         C:\Program Files (x86)\Microsoft Visual Studio 11.0\VC\bin\x86_amd64\CL.exe /c /I..\Include /Zi /nologo /W4 /WX /MP /O2 /D WIN32 /D NDEBUG /D _CONSOLE /D THREADS /Gm- /EHsc /MT /GS /Qpar /fp:precise /Zc:wchar_t /Zc:forScope /Fo"x64\BinThreads\\" /Fd"x64\BinThreads\vc110.pdb" /Gd /TP /analyze- /errorReport:prompt ArcNet.cpp Control.cpp Draw_Driver.cpp Draw_Links.cpp Draw_Pockets.cpp Draw_Route.cpp Draw_Service.cpp Draw_Timings.cpp Execute.cpp Get_Access_Data.cpp Get_Connect_Data.cpp Get_Detector_Data.cpp Get_Lane_Use_Data.cpp Get_Line_Data.cpp Get_Link_Data.cpp Get_Location_Data.cpp Get_Node_Data.cpp Get_Parking_Data.cpp Get_Phasing_Data.cpp Get_Pocket_Data.cpp Get_Route_Nodes.cpp Get_Sign_Data.cpp Get_Signal_Data.cpp Get_Stop_Data.cpp Get_Timing_Data.cpp Get_Turn_Pen_Data.cpp Get_Zone_Data.cpp Write_Subzone.cpp
         ArcNet.cpp
         Control.cpp
         Draw_Driver.cpp
         Draw_Links.cpp
         Draw_Pockets.cpp
         Draw_Route.cpp
         Draw_Service.cpp
         Draw_Timings.cpp
         Execute.cpp
         Get_Access_Data.cpp
         Get_Connect_Data.cpp
         Get_Detector_Data.cpp
         Get_Lane_Use_Data.cpp
         Get_Line_Data.cpp
         Get_Link_Data.cpp
         Get_Location_Data.cpp
         Get_Node_Data.cpp
         Get_Parking_Data.cpp
         Get_Phasing_Data.cpp
         Get_Pocket_Data.cpp
         Get_Route_Nodes.cpp
         Get_Sign_Data.cpp
         Get_Signal_Data.cpp
         Get_Stop_Data.cpp
         Get_Timing_Data.cpp
         Get_Turn_Pen_Data.cpp
         Get_Zone_Data.cpp
         Write_Subzone.cpp
       Link:
         C:\Program Files (x86)\Microsoft Visual Studio 11.0\VC\bin\x86_amd64\link.exe /ERRORREPORT:PROMPT /OUT:"C:\Software\Transims60\x64\BinThreads\ArcNet.exe" /INCREMENTAL:NO /NOLOGO kernel32.lib user32.lib gdi32.lib winspool.lib comdlg32.lib advapi32.lib shell32.lib ole32.lib oleaut32.lib uuid.lib odbc32.lib odbccp32.lib /MANIFEST /MANIFESTUAC:"level='asInvoker' uiAccess='false'" /manifest:embed /PDB:"C:\Software\Transims60\x64\BinThreads\ArcNet.pdb" /SUBSYSTEM:CONSOLE,"5.02" /OPT:REF /OPT:ICF /TLBID:1 /DYNAMICBASE /NXCOMPAT /IMPLIB:"C:\Software\Transims60\x64\BinThreads\ArcNet.lib" /MACHINE:X64 x64\BinThreads\ArcNet.obj
         x64\BinThreads\Control.obj
         x64\BinThreads\Draw_Driver.obj
         x64\BinThreads\Draw_Links.obj
         x64\BinThreads\Draw_Pockets.obj
         x64\BinThreads\Draw_Route.obj
         x64\BinThreads\Draw_Service.obj
         x64\BinThreads\Draw_Timings.obj
         x64\BinThreads\Execute.obj
         x64\BinThreads\Get_Access_Data.obj
         x64\BinThreads\Get_Connect_Data.obj
         x64\BinThreads\Get_Detector_Data.obj
         x64\BinThreads\Get_Lane_Use_Data.obj
         x64\BinThreads\Get_Line_Data.obj
         x64\BinThreads\Get_Link_Data.obj
         x64\BinThreads\Get_Location_Data.obj
         x64\BinThreads\Get_Node_Data.obj
         x64\BinThreads\Get_Parking_Data.obj
         x64\BinThreads\Get_Phasing_Data.obj
         x64\BinThreads\Get_Pocket_Data.obj
         x64\BinThreads\Get_Route_Nodes.obj
         x64\BinThreads\Get_Sign_Data.obj
         x64\BinThreads\Get_Signal_Data.obj
         x64\BinThreads\Get_Stop_Data.obj
         x64\BinThreads\Get_Timing_Data.obj
         x64\BinThreads\Get_Turn_Pen_Data.obj
         x64\BinThreads\Get_Zone_Data.obj
         x64\BinThreads\Write_Subzone.obj
         C:\Software\Transims60\SysLib\x64\BinThreads\SysLib.lib
         C:\Software\Transims60\File_Data_Service\x64\BinThreads\File_Data_Service.lib
         C:\Software\Transims60\TppLib\x64\BinThreads\TppLib.lib
         ArcNet.vcxproj -> C:\Software\Transims60\x64\BinThreads\ArcNet.exe
     1>Done Building Project "C:\Software\Transims60\ArcNet\ArcNet.vcxproj" (Build target(s)).

Build succeeded.

Time Elapsed 00:01:45.62
