Build started 3/7/2014 7:55:34 AM.
     1>Project "C:\Software\Transims60\PlanSum\PlanSum.vcxproj" on node 2 (Build target(s)).
     1>ClCompile:
         C:\Program Files (x86)\Microsoft Visual Studio 11.0\VC\bin\x86_amd64\CL.exe /c /I..\Include /Zi /nologo /W4 /WX /MP /O2 /D WIN32 /D NDEBUG /D _CONSOLE /D THREADS /Gm- /EHsc /MT /GS /Qpar /fp:precise /Zc:wchar_t /Zc:forScope /Fo"x64\BinThreads\\" /Fd"x64\BinThreads\vc110.pdb" /Gd /TP /analyze- /errorReport:prompt Access_Details.cpp Control.cpp Execute.cpp Line_Group.cpp Line_Grp_Detail.cpp Line_Transfers.cpp Link_Group.cpp MPI_Processing.cpp MPI_Setup.cpp Plan_Processing.cpp PlanSum.cpp Read_Plans.cpp Rider_Group.cpp Stop_Group.cpp Stop_Grp_Detail.cpp Stop_Report.cpp Top_100.cpp Transfer_Report.cpp Transit_Report.cpp Trip_Time.cpp VC_Ratio.cpp Write_Boardings.cpp Write_Details.cpp Write_Diurnals.cpp Write_Groups.cpp Write_Line_On_Off.cpp Write_Times.cpp Write_Volumes.cpp
         Access_Details.cpp
         Control.cpp
         Execute.cpp
         Line_Group.cpp
         Line_Grp_Detail.cpp
         Line_Transfers.cpp
         Link_Group.cpp
         MPI_Processing.cpp
         MPI_Setup.cpp
         Plan_Processing.cpp
         PlanSum.cpp
         Read_Plans.cpp
         Rider_Group.cpp
         Stop_Group.cpp
         Stop_Grp_Detail.cpp
         Stop_Report.cpp
         Top_100.cpp
         Transfer_Report.cpp
         Transit_Report.cpp
         Trip_Time.cpp
         VC_Ratio.cpp
         Write_Boardings.cpp
         Write_Details.cpp
         Write_Diurnals.cpp
         Write_Groups.cpp
         Write_Line_On_Off.cpp
         Write_Times.cpp
         Write_Volumes.cpp
       Link:
         C:\Program Files (x86)\Microsoft Visual Studio 11.0\VC\bin\x86_amd64\link.exe /ERRORREPORT:PROMPT /OUT:"C:\Software\Transims60\x64\BinThreads\PlanSum.exe" /INCREMENTAL:NO /NOLOGO kernel32.lib user32.lib gdi32.lib winspool.lib comdlg32.lib advapi32.lib shell32.lib ole32.lib oleaut32.lib uuid.lib odbc32.lib odbccp32.lib /MANIFEST /MANIFESTUAC:"level='asInvoker' uiAccess='false'" /manifest:embed /PDB:"C:\Software\Transims60\x64\BinThreads\PlanSum.pdb" /SUBSYSTEM:CONSOLE,"5.02" /OPT:REF /OPT:ICF /TLBID:1 /DYNAMICBASE /NXCOMPAT /IMPLIB:"C:\Software\Transims60\x64\BinThreads\PlanSum.lib" /MACHINE:X64 x64\BinThreads\Access_Details.obj
         x64\BinThreads\Control.obj
         x64\BinThreads\Execute.obj
         x64\BinThreads\Line_Group.obj
         x64\BinThreads\Line_Grp_Detail.obj
         x64\BinThreads\Line_Transfers.obj
         x64\BinThreads\Link_Group.obj
         x64\BinThreads\MPI_Processing.obj
         x64\BinThreads\MPI_Setup.obj
         x64\BinThreads\Plan_Processing.obj
         x64\BinThreads\PlanSum.obj
         x64\BinThreads\Read_Plans.obj
         x64\BinThreads\Rider_Group.obj
         x64\BinThreads\Stop_Group.obj
         x64\BinThreads\Stop_Grp_Detail.obj
         x64\BinThreads\Stop_Report.obj
         x64\BinThreads\Top_100.obj
         x64\BinThreads\Transfer_Report.obj
         x64\BinThreads\Transit_Report.obj
         x64\BinThreads\Trip_Time.obj
         x64\BinThreads\VC_Ratio.obj
         x64\BinThreads\Write_Boardings.obj
         x64\BinThreads\Write_Details.obj
         x64\BinThreads\Write_Diurnals.obj
         x64\BinThreads\Write_Groups.obj
         x64\BinThreads\Write_Line_On_Off.obj
         x64\BinThreads\Write_Times.obj
         x64\BinThreads\Write_Volumes.obj
         C:\Software\Transims60\SysLib\x64\BinThreads\SysLib.lib
         C:\Software\Transims60\File_Data_Service\x64\BinThreads\File_Data_Service.lib
         PlanSum.vcxproj -> C:\Software\Transims60\x64\BinThreads\PlanSum.exe
     1>Done Building Project "C:\Software\Transims60\PlanSum\PlanSum.vcxproj" (Build target(s)).

Build succeeded.

Time Elapsed 00:01:59.73
