C:\SOFTWARE\TRANSIMS60\PLANSUM\X64\BINTHREADS\VC110.PDB
C:\SOFTWARE\TRANSIMS60\PLANSUM\X64\BINTHREADS\PLANSUM.OBJ
C:\SOFTWARE\TRANSIMS60\PLANSUM\X64\BINTHREADS\WRITE_GROUPS.OBJ
C:\SOFTWARE\TRANSIMS60\PLANSUM\X64\BINTHREADS\WRITE_DETAILS.OBJ
C:\SOFTWARE\TRANSIMS60\X64\BINTHREADS\PLANSUM.EXE
C:\Software\Transims60\PlanSum\x64\BinThreads\PlanSum.vcxprojResolveAssemblyReference.cache
C:\Software\Transims60\PlanSum\x64\BinThreads\Access_Details.obj
C:\Software\Transims60\PlanSum\x64\BinThreads\Control.obj
C:\Software\Transims60\PlanSum\x64\BinThreads\Execute.obj
C:\Software\Transims60\PlanSum\x64\BinThreads\Line_Group.obj
C:\Software\Transims60\PlanSum\x64\BinThreads\Line_Grp_Detail.obj
C:\Software\Transims60\PlanSum\x64\BinThreads\Line_Transfers.obj
C:\Software\Transims60\PlanSum\x64\BinThreads\Link_Group.obj
C:\Software\Transims60\PlanSum\x64\BinThreads\MPI_Processing.obj
C:\Software\Transims60\PlanSum\x64\BinThreads\MPI_Setup.obj
C:\Software\Transims60\PlanSum\x64\BinThreads\PlanSum.obj
C:\Software\Transims60\PlanSum\x64\BinThreads\Plan_Processing.obj
C:\Software\Transims60\PlanSum\x64\BinThreads\Read_Plans.obj
C:\Software\Transims60\PlanSum\x64\BinThreads\Rider_Group.obj
C:\Software\Transims60\PlanSum\x64\BinThreads\Stop_Group.obj
C:\Software\Transims60\PlanSum\x64\BinThreads\Stop_Grp_Detail.obj
C:\Software\Transims60\PlanSum\x64\BinThreads\Stop_Report.obj
C:\Software\Transims60\PlanSum\x64\BinThreads\Top_100.obj
C:\Software\Transims60\PlanSum\x64\BinThreads\Transfer_Report.obj
C:\Software\Transims60\PlanSum\x64\BinThreads\Transit_Report.obj
C:\Software\Transims60\PlanSum\x64\BinThreads\Trip_Time.obj
C:\Software\Transims60\PlanSum\x64\BinThreads\VC_Ratio.obj
C:\Software\Transims60\PlanSum\x64\BinThreads\Write_Boardings.obj
C:\Software\Transims60\PlanSum\x64\BinThreads\Write_Details.obj
C:\Software\Transims60\PlanSum\x64\BinThreads\Write_Diurnals.obj
C:\Software\Transims60\PlanSum\x64\BinThreads\Write_Groups.obj
C:\Software\Transims60\PlanSum\x64\BinThreads\Write_Line_On_Off.obj
C:\Software\Transims60\PlanSum\x64\BinThreads\Write_Times.obj
C:\Software\Transims60\PlanSum\x64\BinThreads\Write_Volumes.obj
C:\Software\Transims60\PlanSum\x64\BinThreads\CL.2204.read.1.tlog
C:\Software\Transims60\PlanSum\x64\BinThreads\CL.2204.write.1.tlog
C:\Software\Transims60\PlanSum\x64\BinThreads\CL.3456.read.1.tlog
C:\Software\Transims60\PlanSum\x64\BinThreads\CL.3456.write.1.tlog
C:\Software\Transims60\PlanSum\x64\BinThreads\CL.4432.read.1.tlog
C:\Software\Transims60\PlanSum\x64\BinThreads\CL.4432.write.1.tlog
C:\Software\Transims60\PlanSum\x64\BinThreads\CL.4828.read.1.tlog
C:\Software\Transims60\PlanSum\x64\BinThreads\CL.4828.write.1.tlog
C:\Software\Transims60\PlanSum\x64\BinThreads\CL.6028.read.1.tlog
C:\Software\Transims60\PlanSum\x64\BinThreads\CL.6028.write.1.tlog
C:\Software\Transims60\PlanSum\x64\BinThreads\CL.6336.read.1.tlog
C:\Software\Transims60\PlanSum\x64\BinThreads\CL.6336.write.1.tlog
C:\Software\Transims60\PlanSum\x64\BinThreads\CL.6780.read.1.tlog
C:\Software\Transims60\PlanSum\x64\BinThreads\CL.6780.write.1.tlog
C:\Software\Transims60\PlanSum\x64\BinThreads\cl.command.1.tlog
C:\Software\Transims60\PlanSum\x64\BinThreads\CL.read.1.tlog
C:\Software\Transims60\PlanSum\x64\BinThreads\cl.write.1.tlog
C:\Software\Transims60\PlanSum\x64\BinThreads\link-cvtres.read.1.tlog
C:\Software\Transims60\PlanSum\x64\BinThreads\link-cvtres.write.1.tlog
C:\Software\Transims60\PlanSum\x64\BinThreads\link-rc.read.1.tlog
C:\Software\Transims60\PlanSum\x64\BinThreads\link-rc.write.1.tlog
C:\Software\Transims60\PlanSum\x64\BinThreads\link.command.1.tlog
C:\Software\Transims60\PlanSum\x64\BinThreads\link.read.1.tlog
C:\Software\Transims60\PlanSum\x64\BinThreads\link.write.1.tlog
C:\Software\Transims60\PlanSum\x64\BinThreads\vc110.pdb
C:\Software\Transims60\x64\BinThreads\PlanSum.exe
