C:\TRANSIMS\TRANSIMS60\LINKSUM\X64\BIN\VC110.PDB
C:\TRANSIMS\TRANSIMS60\X64\BIN\LINKSUM.EXE
C:\TRANSIMS\Transims60\LinkSum\x64\Bin\Control.obj
C:\TRANSIMS\Transims60\LinkSum\x64\Bin\Execute.obj
C:\TRANSIMS\Transims60\LinkSum\x64\Bin\Gap_Report.obj
C:\TRANSIMS\Transims60\LinkSum\x64\Bin\Get_Location_Data.obj
C:\TRANSIMS\Transims60\LinkSum\x64\Bin\Group_Detail.obj
C:\TRANSIMS\Transims60\LinkSum\x64\Bin\Group_Perf_File.obj
C:\TRANSIMS\Transims60\LinkSum\x64\Bin\Group_Report.obj
C:\TRANSIMS\Transims60\LinkSum\x64\Bin\Group_Time.obj
C:\TRANSIMS\Transims60\LinkSum\x64\Bin\LinkSum.obj
C:\TRANSIMS\Transims60\LinkSum\x64\Bin\Link_Group.obj
C:\TRANSIMS\Transims60\LinkSum\x64\Bin\Link_Report.obj
C:\TRANSIMS\Transims60\LinkSum\x64\Bin\Perf_Detail.obj
C:\TRANSIMS\Transims60\LinkSum\x64\Bin\Perf_File.obj
C:\TRANSIMS\Transims60\LinkSum\x64\Bin\Perf_Report.obj
C:\TRANSIMS\Transims60\LinkSum\x64\Bin\Select_Links.obj
C:\TRANSIMS\Transims60\LinkSum\x64\Bin\Set_Link_Data.obj
C:\TRANSIMS\Transims60\LinkSum\x64\Bin\Set_Link_Dir.obj
C:\TRANSIMS\Transims60\LinkSum\x64\Bin\Time_Change.obj
C:\TRANSIMS\Transims60\LinkSum\x64\Bin\Time_Report.obj
C:\TRANSIMS\Transims60\LinkSum\x64\Bin\Top_100.obj
C:\TRANSIMS\Transims60\LinkSum\x64\Bin\Top_Ratios.obj
C:\TRANSIMS\Transims60\LinkSum\x64\Bin\VC_Report.obj
C:\TRANSIMS\Transims60\LinkSum\x64\Bin\Vol_Change.obj
C:\TRANSIMS\Transims60\LinkSum\x64\Bin\Write_Activity.obj
C:\TRANSIMS\Transims60\LinkSum\x64\Bin\Write_Group.obj
C:\TRANSIMS\Transims60\LinkSum\x64\Bin\Write_Link_Data.obj
C:\TRANSIMS\Transims60\LinkSum\x64\Bin\Write_Link_Dir.obj
C:\TRANSIMS\Transims60\LinkSum\x64\Bin\Write_Turn_Vol.obj
C:\TRANSIMS\Transims60\LinkSum\x64\Bin\Write_Zone.obj
C:\TRANSIMS\Transims60\LinkSum\x64\Bin\Zone_Summary.obj
C:\TRANSIMS\Transims60\LinkSum\x64\Bin\CL.1028.read.1.tlog
C:\TRANSIMS\Transims60\LinkSum\x64\Bin\CL.1028.write.1.tlog
C:\TRANSIMS\Transims60\LinkSum\x64\Bin\CL.4088.read.1.tlog
C:\TRANSIMS\Transims60\LinkSum\x64\Bin\CL.4088.write.1.tlog
C:\TRANSIMS\Transims60\LinkSum\x64\Bin\CL.5004.read.1.tlog
C:\TRANSIMS\Transims60\LinkSum\x64\Bin\CL.5004.write.1.tlog
C:\TRANSIMS\Transims60\LinkSum\x64\Bin\CL.6104.read.1.tlog
C:\TRANSIMS\Transims60\LinkSum\x64\Bin\CL.6104.write.1.tlog
C:\TRANSIMS\Transims60\LinkSum\x64\Bin\cl.command.1.tlog
C:\TRANSIMS\Transims60\LinkSum\x64\Bin\CL.read.1.tlog
C:\TRANSIMS\Transims60\LinkSum\x64\Bin\cl.write.1.tlog
C:\TRANSIMS\Transims60\LinkSum\x64\Bin\link-cvtres.read.1.tlog
C:\TRANSIMS\Transims60\LinkSum\x64\Bin\link-cvtres.write.1.tlog
C:\TRANSIMS\Transims60\LinkSum\x64\Bin\link-rc.read.1.tlog
C:\TRANSIMS\Transims60\LinkSum\x64\Bin\link-rc.write.1.tlog
C:\TRANSIMS\Transims60\LinkSum\x64\Bin\link.command.1.tlog
C:\TRANSIMS\Transims60\LinkSum\x64\Bin\link.read.1.tlog
C:\TRANSIMS\Transims60\LinkSum\x64\Bin\link.write.1.tlog
C:\TRANSIMS\Transims60\LinkSum\x64\Bin\vc110.pdb
C:\TRANSIMS\Transims60\x64\Bin\LinkSum.exe
