C:\SOFTWARE\TRANSIMS60\ROUTER\WIN32\BIN\TRIP_GAP_REPORT.OBJ
C:\SOFTWARE\TRANSIMS60\ROUTER\WIN32\BIN\SET_PARTITIONS.OBJ
C:\SOFTWARE\TRANSIMS60\ROUTER\WIN32\BIN\SELECTION.OBJ
C:\SOFTWARE\TRANSIMS60\ROUTER\WIN32\BIN\SAVE_PLANS.OBJ
C:\SOFTWARE\TRANSIMS60\ROUTER\WIN32\BIN\ROUTER.OBJ
C:\SOFTWARE\TRANSIMS60\ROUTER\WIN32\BIN\READ_TRIPS.OBJ
C:\SOFTWARE\TRANSIMS60\ROUTER\WIN32\BIN\PART_PROCESSOR.OBJ
C:\SOFTWARE\TRANSIMS60\ROUTER\WIN32\BIN\MPI_SETUP.OBJ
C:\SOFTWARE\TRANSIMS60\ROUTER\WIN32\BIN\MPI_PROCESSING.OBJ
C:\SOFTWARE\TRANSIMS60\ROUTER\WIN32\BIN\MPI_LINK_DELAY.OBJ
C:\SOFTWARE\TRANSIMS60\ROUTER\WIN32\BIN\MINIMIZE_VHT.OBJ
C:\SOFTWARE\TRANSIMS60\ROUTER\WIN32\BIN\MERGE_DELAY.OBJ
C:\SOFTWARE\TRANSIMS60\ROUTER\WIN32\BIN\LINK_GAP_REPORT.OBJ
C:\SOFTWARE\TRANSIMS60\ROUTER\WIN32\BIN\ITERATION_LOOP.OBJ
C:\SOFTWARE\TRANSIMS60\ROUTER\WIN32\BIN\GET_TRIP_GAP.OBJ
C:\SOFTWARE\TRANSIMS60\ROUTER\WIN32\BIN\EXECUTE.OBJ
C:\SOFTWARE\TRANSIMS60\ROUTER\WIN32\BIN\COPY_PLANS.OBJ
C:\SOFTWARE\TRANSIMS60\ROUTER\WIN32\BIN\CONTROL.OBJ
C:\SOFTWARE\TRANSIMS60\ROUTER\WIN32\BIN\VC110.PDB
C:\SOFTWARE\TRANSIMS60\WIN32\BIN\ROUTER.EXE
C:\SOFTWARE\TRANSIMS60\WIN32\BIN\ROUTER.PDB
C:\Software\Transims60\Router\Win32\Bin\Router.vcxprojResolveAssemblyReference.cache
C:\Software\Transims60\Router\Win32\Bin\cl.command.1.tlog
C:\Software\Transims60\Router\Win32\Bin\CL.read.1.tlog
C:\Software\Transims60\Router\Win32\Bin\CL.write.1.tlog
C:\Software\Transims60\Router\Win32\Bin\link-cvtres.read.1.tlog
C:\Software\Transims60\Router\Win32\Bin\link-cvtres.write.1.tlog
C:\Software\Transims60\Router\Win32\Bin\link-rc.read.1.tlog
C:\Software\Transims60\Router\Win32\Bin\link-rc.write.1.tlog
C:\Software\Transims60\Router\Win32\Bin\link.command.1.tlog
C:\Software\Transims60\Router\Win32\Bin\link.read.1.tlog
C:\Software\Transims60\Router\Win32\Bin\link.write.1.tlog
