C:\SOFTWARE\TRANSIMS60\INTCONTROL\X64\BINTHREADS\VC110.PDB
C:\SOFTWARE\TRANSIMS60\X64\BINTHREADS\INTCONTROL.EXE
C:\Software\Transims60\IntControl\x64\BinThreads\IntControl.vcxprojResolveAssemblyReference.cache
C:\Software\Transims60\IntControl\x64\BinThreads\Control.obj
C:\Software\Transims60\IntControl\x64\BinThreads\Create_Signals.obj
C:\Software\Transims60\IntControl\x64\BinThreads\Execute.obj
C:\Software\Transims60\IntControl\x64\BinThreads\IntControl.obj
C:\Software\Transims60\IntControl\x64\BinThreads\Node_Links.obj
C:\Software\Transims60\IntControl\x64\BinThreads\Read_Deletes.obj
C:\Software\Transims60\IntControl\x64\BinThreads\Read_Sign.obj
C:\Software\Transims60\IntControl\x64\BinThreads\Read_Signal.obj
C:\Software\Transims60\IntControl\x64\BinThreads\Read_Turn.obj
C:\Software\Transims60\IntControl\x64\BinThreads\Update_Signals.obj
C:\Software\Transims60\IntControl\x64\BinThreads\CL.1020.read.1.tlog
C:\Software\Transims60\IntControl\x64\BinThreads\CL.1020.write.1.tlog
C:\Software\Transims60\IntControl\x64\BinThreads\CL.1744.read.1.tlog
C:\Software\Transims60\IntControl\x64\BinThreads\CL.1744.write.1.tlog
C:\Software\Transims60\IntControl\x64\BinThreads\CL.4792.read.1.tlog
C:\Software\Transims60\IntControl\x64\BinThreads\CL.4792.write.1.tlog
C:\Software\Transims60\IntControl\x64\BinThreads\CL.5988.read.1.tlog
C:\Software\Transims60\IntControl\x64\BinThreads\CL.5988.write.1.tlog
C:\Software\Transims60\IntControl\x64\BinThreads\cl.command.1.tlog
C:\Software\Transims60\IntControl\x64\BinThreads\CL.read.1.tlog
C:\Software\Transims60\IntControl\x64\BinThreads\cl.write.1.tlog
C:\Software\Transims60\IntControl\x64\BinThreads\link-cvtres.read.1.tlog
C:\Software\Transims60\IntControl\x64\BinThreads\link-cvtres.write.1.tlog
C:\Software\Transims60\IntControl\x64\BinThreads\link-rc.read.1.tlog
C:\Software\Transims60\IntControl\x64\BinThreads\link-rc.write.1.tlog
C:\Software\Transims60\IntControl\x64\BinThreads\link.command.1.tlog
C:\Software\Transims60\IntControl\x64\BinThreads\link.read.1.tlog
C:\Software\Transims60\IntControl\x64\BinThreads\link.write.1.tlog
C:\Software\Transims60\IntControl\x64\BinThreads\vc110.pdb
C:\Software\Transims60\x64\BinThreads\IntControl.exe
