C:\SOFTWARE\TRANSIMS60\TRANSITNET\WIN32\BIN\VC110.PDB
C:\SOFTWARE\TRANSIMS60\WIN32\BIN\TRANSITNET.EXE
C:\SOFTWARE\TRANSIMS60\WIN32\BIN\TRANSITNET.PDB
C:\Software\Transims60\TransitNet\Win32\Bin\TransitNet.vcxprojResolveAssemblyReference.cache
C:\Software\Transims60\TransitNet\Win32\Bin\Add_Link.obj
C:\Software\Transims60\TransitNet\Win32\Bin\Build_Routes.obj
C:\Software\Transims60\TransitNet\Win32\Bin\Control.obj
C:\Software\Transims60\TransitNet\Win32\Bin\Coordinate.obj
C:\Software\Transims60\TransitNet\Win32\Bin\Data_Setup.obj
C:\Software\Transims60\TransitNet\Win32\Bin\Execute.obj
C:\Software\Transims60\TransitNet\Win32\Bin\Node_Path.obj
C:\Software\Transims60\TransitNet\Win32\Bin\Put_Line_Data.obj
C:\Software\Transims60\TransitNet\Win32\Bin\Read_ParkRide.obj
C:\Software\Transims60\TransitNet\Win32\Bin\Read_Route_Data.obj
C:\Software\Transims60\TransitNet\Win32\Bin\Station_Access.obj
C:\Software\Transims60\TransitNet\Win32\Bin\TransitNet.obj
C:\Software\Transims60\TransitNet\Win32\Bin\CL.3000.read.1.tlog
C:\Software\Transims60\TransitNet\Win32\Bin\CL.3000.write.1.tlog
C:\Software\Transims60\TransitNet\Win32\Bin\CL.4336.read.1.tlog
C:\Software\Transims60\TransitNet\Win32\Bin\CL.4336.write.1.tlog
C:\Software\Transims60\TransitNet\Win32\Bin\CL.5148.read.1.tlog
C:\Software\Transims60\TransitNet\Win32\Bin\CL.5148.write.1.tlog
C:\Software\Transims60\TransitNet\Win32\Bin\CL.5932.read.1.tlog
C:\Software\Transims60\TransitNet\Win32\Bin\CL.5932.write.1.tlog
C:\Software\Transims60\TransitNet\Win32\Bin\cl.command.1.tlog
C:\Software\Transims60\TransitNet\Win32\Bin\CL.read.1.tlog
C:\Software\Transims60\TransitNet\Win32\Bin\cl.write.1.tlog
C:\Software\Transims60\TransitNet\Win32\Bin\link-cvtres.read.1.tlog
C:\Software\Transims60\TransitNet\Win32\Bin\link-cvtres.write.1.tlog
C:\Software\Transims60\TransitNet\Win32\Bin\link-rc.read.1.tlog
C:\Software\Transims60\TransitNet\Win32\Bin\link-rc.write.1.tlog
C:\Software\Transims60\TransitNet\Win32\Bin\link.command.1.tlog
C:\Software\Transims60\TransitNet\Win32\Bin\link.read.1.tlog
C:\Software\Transims60\TransitNet\Win32\Bin\link.write.1.tlog
