C:\SOFTWARE\TRANSIMS60\TRIPPREP\X64\BINTHREADS\VC110.PDB
C:\SOFTWARE\TRANSIMS60\X64\BINTHREADS\TRIPPREP.EXE
C:\Software\Transims60\TripPrep\x64\BinThreads\TripPrep.vcxprojResolveAssemblyReference.cache
C:\Software\Transims60\TripPrep\x64\BinThreads\Check_Trips.obj
C:\Software\Transims60\TripPrep\x64\BinThreads\Combine_Trips.obj
C:\Software\Transims60\TripPrep\x64\BinThreads\Control.obj
C:\Software\Transims60\TripPrep\x64\BinThreads\Execute.obj
C:\Software\Transims60\TripPrep\x64\BinThreads\MPI_Processing.obj
C:\Software\Transims60\TripPrep\x64\BinThreads\MPI_Setup.obj
C:\Software\Transims60\TripPrep\x64\BinThreads\Read_Trips.obj
C:\Software\Transims60\TripPrep\x64\BinThreads\Sort_Tours.obj
C:\Software\Transims60\TripPrep\x64\BinThreads\Temp_Time_Write.obj
C:\Software\Transims60\TripPrep\x64\BinThreads\Temp_Trip_Write.obj
C:\Software\Transims60\TripPrep\x64\BinThreads\Time_Combine.obj
C:\Software\Transims60\TripPrep\x64\BinThreads\Time_Write.obj
C:\Software\Transims60\TripPrep\x64\BinThreads\TripPrep.obj
C:\Software\Transims60\TripPrep\x64\BinThreads\Trip_Combine.obj
C:\Software\Transims60\TripPrep\x64\BinThreads\Trip_Processing.obj
C:\Software\Transims60\TripPrep\x64\BinThreads\Trip_Write.obj
C:\Software\Transims60\TripPrep\x64\BinThreads\Write_Temp.obj
C:\Software\Transims60\TripPrep\x64\BinThreads\CL.1960.read.1.tlog
C:\Software\Transims60\TripPrep\x64\BinThreads\CL.1960.write.1.tlog
C:\Software\Transims60\TripPrep\x64\BinThreads\CL.4016.read.1.tlog
C:\Software\Transims60\TripPrep\x64\BinThreads\CL.4016.write.1.tlog
C:\Software\Transims60\TripPrep\x64\BinThreads\CL.4640.read.1.tlog
C:\Software\Transims60\TripPrep\x64\BinThreads\CL.4640.write.1.tlog
C:\Software\Transims60\TripPrep\x64\BinThreads\CL.5840.read.1.tlog
C:\Software\Transims60\TripPrep\x64\BinThreads\CL.5840.write.1.tlog
C:\Software\Transims60\TripPrep\x64\BinThreads\cl.command.1.tlog
C:\Software\Transims60\TripPrep\x64\BinThreads\CL.read.1.tlog
C:\Software\Transims60\TripPrep\x64\BinThreads\cl.write.1.tlog
C:\Software\Transims60\TripPrep\x64\BinThreads\link-cvtres.read.1.tlog
C:\Software\Transims60\TripPrep\x64\BinThreads\link-cvtres.write.1.tlog
C:\Software\Transims60\TripPrep\x64\BinThreads\link-rc.read.1.tlog
C:\Software\Transims60\TripPrep\x64\BinThreads\link-rc.write.1.tlog
C:\Software\Transims60\TripPrep\x64\BinThreads\link.command.1.tlog
C:\Software\Transims60\TripPrep\x64\BinThreads\link.read.1.tlog
C:\Software\Transims60\TripPrep\x64\BinThreads\link.write.1.tlog
C:\Software\Transims60\TripPrep\x64\BinThreads\vc110.pdb
C:\Software\Transims60\x64\BinThreads\TripPrep.exe
