C:\TRANSIMS\TRANSIMS60\ARCRIDER\X64\BIN\VC110.PDB
C:\TRANSIMS\TRANSIMS60\X64\BIN\ARCRIDER.EXE
C:\TRANSIMS\TRANSIMS60\X64\BIN\ARCRIDER.PDB
C:\TRANSIMS\Transims60\ArcRider\x64\Bin\ArcRider.obj
C:\TRANSIMS\Transims60\ArcRider\x64\Bin\Control.obj
C:\TRANSIMS\Transims60\ArcRider\x64\Bin\Execute.obj
C:\TRANSIMS\Transims60\ArcRider\x64\Bin\Get_Stop_Data.obj
C:\TRANSIMS\Transims60\ArcRider\x64\Bin\Setup_Riders.obj
C:\TRANSIMS\Transims60\ArcRider\x64\Bin\Sum_Riders.obj
C:\TRANSIMS\Transims60\ArcRider\x64\Bin\Write_Capacity.obj
C:\TRANSIMS\Transims60\ArcRider\x64\Bin\Write_Group.obj
C:\TRANSIMS\Transims60\ArcRider\x64\Bin\Write_Riders.obj
C:\TRANSIMS\Transims60\ArcRider\x64\Bin\Write_Route.obj
C:\TRANSIMS\Transims60\ArcRider\x64\Bin\Write_Stops.obj
C:\TRANSIMS\Transims60\ArcRider\x64\Bin\Write_Sum.obj
C:\TRANSIMS\Transims60\ArcRider\x64\Bin\CL.4768.read.1.tlog
C:\TRANSIMS\Transims60\ArcRider\x64\Bin\CL.4768.write.1.tlog
C:\TRANSIMS\Transims60\ArcRider\x64\Bin\CL.6156.read.1.tlog
C:\TRANSIMS\Transims60\ArcRider\x64\Bin\CL.6156.write.1.tlog
C:\TRANSIMS\Transims60\ArcRider\x64\Bin\CL.6360.read.1.tlog
C:\TRANSIMS\Transims60\ArcRider\x64\Bin\CL.6360.write.1.tlog
C:\TRANSIMS\Transims60\ArcRider\x64\Bin\CL.6484.read.1.tlog
C:\TRANSIMS\Transims60\ArcRider\x64\Bin\CL.6484.write.1.tlog
C:\TRANSIMS\Transims60\ArcRider\x64\Bin\cl.command.1.tlog
C:\TRANSIMS\Transims60\ArcRider\x64\Bin\CL.read.1.tlog
C:\TRANSIMS\Transims60\ArcRider\x64\Bin\cl.write.1.tlog
C:\TRANSIMS\Transims60\ArcRider\x64\Bin\link-cvtres.read.1.tlog
C:\TRANSIMS\Transims60\ArcRider\x64\Bin\link-cvtres.write.1.tlog
C:\TRANSIMS\Transims60\ArcRider\x64\Bin\link-rc.read.1.tlog
C:\TRANSIMS\Transims60\ArcRider\x64\Bin\link-rc.write.1.tlog
C:\TRANSIMS\Transims60\ArcRider\x64\Bin\link.command.1.tlog
C:\TRANSIMS\Transims60\ArcRider\x64\Bin\link.read.1.tlog
C:\TRANSIMS\Transims60\ArcRider\x64\Bin\link.write.1.tlog
C:\TRANSIMS\Transims60\ArcRider\x64\Bin\vc110.pdb
C:\TRANSIMS\Transims60\x64\Bin\ArcRider.pdb
C:\TRANSIMS\Transims60\x64\Bin\ArcRider.exe
