C:\SOFTWARE\TRANSIMS60\LINKDATA\X64\BINTHREADS\VC110.PDB
C:\SOFTWARE\TRANSIMS60\X64\BINTHREADS\LINKDATA.EXE
C:\Software\Transims60\LinkData\x64\BinThreads\LinkData.vcxprojResolveAssemblyReference.cache
C:\Software\Transims60\LinkData\x64\BinThreads\Control.obj
C:\Software\Transims60\LinkData\x64\BinThreads\Create_Link_Map.obj
C:\Software\Transims60\LinkData\x64\BinThreads\Execute.obj
C:\Software\Transims60\LinkData\x64\BinThreads\LinkData.obj
C:\Software\Transims60\LinkData\x64\BinThreads\Node_Path.obj
C:\Software\Transims60\LinkData\x64\BinThreads\Read_Dir_Data.obj
C:\Software\Transims60\LinkData\x64\BinThreads\Read_Link_Nodes.obj
C:\Software\Transims60\LinkData\x64\BinThreads\Read_Node_File.obj
C:\Software\Transims60\LinkData\x64\BinThreads\Read_Node_Map.obj
C:\Software\Transims60\LinkData\x64\BinThreads\Write_Dir_Data.obj
C:\Software\Transims60\LinkData\x64\BinThreads\Write_Link_Nodes.obj
C:\Software\Transims60\LinkData\x64\BinThreads\Write_Node_Map.obj
C:\Software\Transims60\LinkData\x64\BinThreads\CL.1448.read.1.tlog
C:\Software\Transims60\LinkData\x64\BinThreads\CL.1448.write.1.tlog
C:\Software\Transims60\LinkData\x64\BinThreads\CL.176.read.1.tlog
C:\Software\Transims60\LinkData\x64\BinThreads\CL.176.write.1.tlog
C:\Software\Transims60\LinkData\x64\BinThreads\CL.2588.read.1.tlog
C:\Software\Transims60\LinkData\x64\BinThreads\CL.2588.write.1.tlog
C:\Software\Transims60\LinkData\x64\BinThreads\CL.5880.read.1.tlog
C:\Software\Transims60\LinkData\x64\BinThreads\CL.5880.write.1.tlog
C:\Software\Transims60\LinkData\x64\BinThreads\cl.command.1.tlog
C:\Software\Transims60\LinkData\x64\BinThreads\CL.read.1.tlog
C:\Software\Transims60\LinkData\x64\BinThreads\cl.write.1.tlog
C:\Software\Transims60\LinkData\x64\BinThreads\link-cvtres.read.1.tlog
C:\Software\Transims60\LinkData\x64\BinThreads\link-cvtres.write.1.tlog
C:\Software\Transims60\LinkData\x64\BinThreads\link-rc.read.1.tlog
C:\Software\Transims60\LinkData\x64\BinThreads\link-rc.write.1.tlog
C:\Software\Transims60\LinkData\x64\BinThreads\link.command.1.tlog
C:\Software\Transims60\LinkData\x64\BinThreads\link.read.1.tlog
C:\Software\Transims60\LinkData\x64\BinThreads\link.write.1.tlog
C:\Software\Transims60\LinkData\x64\BinThreads\vc110.pdb
C:\Software\Transims60\x64\BinThreads\LinkData.exe
