Build started 3/7/2014 8:00:28 AM.
     1>Project "C:\Software\Transims60\LinkData\LinkData.vcxproj" on node 5 (Build target(s)).
     1>ClCompile:
         C:\Program Files (x86)\Microsoft Visual Studio 11.0\VC\bin\x86_amd64\CL.exe /c /I..\Include /Zi /nologo /W4 /WX /MP /O2 /D WIN32 /D NDEBUG /D _CONSOLE /D THREADS /Gm- /EHsc /MT /GS /Gy- /Qpar /fp:precise /Zc:wchar_t /Zc:forScope /Fo"x64\BinThreads\\" /Fd"x64\BinThreads\vc110.pdb" /Gd /TP /analyze- /errorReport:prompt Control.cpp Create_Link_Map.cpp Execute.cpp LinkData.cpp Node_Path.cpp Read_Dir_Data.cpp Read_Link_Nodes.cpp Read_Node_File.cpp Read_Node_Map.cpp Write_Dir_Data.cpp Write_Link_Nodes.cpp Write_Node_Map.cpp
         Control.cpp
         Create_Link_Map.cpp
         Execute.cpp
         LinkData.cpp
         Node_Path.cpp
         Read_Dir_Data.cpp
         Read_Link_Nodes.cpp
         Read_Node_File.cpp
         Read_Node_Map.cpp
         Write_Dir_Data.cpp
         Write_Link_Nodes.cpp
         Write_Node_Map.cpp
       Link:
         C:\Program Files (x86)\Microsoft Visual Studio 11.0\VC\bin\x86_amd64\link.exe /ERRORREPORT:PROMPT /OUT:"C:\Software\Transims60\x64\BinThreads\LinkData.exe" /INCREMENTAL:NO /NOLOGO kernel32.lib user32.lib gdi32.lib winspool.lib comdlg32.lib advapi32.lib shell32.lib ole32.lib oleaut32.lib uuid.lib odbc32.lib odbccp32.lib /MANIFEST /MANIFESTUAC:"level='asInvoker' uiAccess='false'" /manifest:embed /PDB:"C:\Software\Transims60\x64\BinThreads\LinkData.pdb" /SUBSYSTEM:CONSOLE,"5.02" /OPT:REF /OPT:ICF /TLBID:1 /DYNAMICBASE /NXCOMPAT /IMPLIB:"C:\Software\Transims60\x64\BinThreads\LinkData.lib" /MACHINE:X64 x64\BinThreads\Control.obj
         x64\BinThreads\Create_Link_Map.obj
         x64\BinThreads\Execute.obj
         x64\BinThreads\LinkData.obj
         x64\BinThreads\Node_Path.obj
         x64\BinThreads\Read_Dir_Data.obj
         x64\BinThreads\Read_Link_Nodes.obj
         x64\BinThreads\Read_Node_File.obj
         x64\BinThreads\Read_Node_Map.obj
         x64\BinThreads\Write_Dir_Data.obj
         x64\BinThreads\Write_Link_Nodes.obj
         x64\BinThreads\Write_Node_Map.obj
         C:\Software\Transims60\SysLib\x64\BinThreads\SysLib.lib
         C:\Software\Transims60\File_Data_Service\x64\BinThreads\File_Data_Service.lib
         LinkData.vcxproj -> C:\Software\Transims60\x64\BinThreads\LinkData.exe
     1>Done Building Project "C:\Software\Transims60\LinkData\LinkData.vcxproj" (Build target(s)).

Build succeeded.

Time Elapsed 00:00:43.22
