C:\SOFTWARE\TRANSIMS60\LOCATIONDATA\X64\BINTHREADS\VC110.PDB
C:\SOFTWARE\TRANSIMS60\LOCATIONDATA\X64\BINTHREADS\SET_FILES.OBJ
C:\SOFTWARE\TRANSIMS60\LOCATIONDATA\X64\BINTHREADS\SUB_MAP_WEIGHTS.OBJ
C:\SOFTWARE\TRANSIMS60\LOCATIONDATA\X64\BINTHREADS\ZONE_LOCATIONS.OBJ
C:\SOFTWARE\TRANSIMS60\LOCATIONDATA\X64\BINTHREADS\READ_SUBZONE.OBJ
C:\SOFTWARE\TRANSIMS60\LOCATIONDATA\X64\BINTHREADS\WALK_ACCESS.OBJ
C:\SOFTWARE\TRANSIMS60\LOCATIONDATA\X64\BINTHREADS\READ_SUBZONE_MAP.OBJ
C:\SOFTWARE\TRANSIMS60\LOCATIONDATA\X64\BINTHREADS\WRITE_LOCATION.OBJ
C:\SOFTWARE\TRANSIMS60\LOCATIONDATA\X64\BINTHREADS\READ_POLYGONS.OBJ
C:\SOFTWARE\TRANSIMS60\LOCATIONDATA\X64\BINTHREADS\SUBZONE_WEIGHTS.OBJ
C:\SOFTWARE\TRANSIMS60\X64\BINTHREADS\LOCATIONDATA.EXE
C:\Software\Transims60\LocationData\x64\BinThreads\LocationData.vcxprojResolveAssemblyReference.cache
C:\Software\Transims60\LocationData\x64\BinThreads\Check_Zones.obj
C:\Software\Transims60\LocationData\x64\BinThreads\Control.obj
C:\Software\Transims60\LocationData\x64\BinThreads\Execute.obj
C:\Software\Transims60\LocationData\x64\BinThreads\Get_Location_Data.obj
C:\Software\Transims60\LocationData\x64\BinThreads\Get_Zone_Data.obj
C:\Software\Transims60\LocationData\x64\BinThreads\LocationData.obj
C:\Software\Transims60\LocationData\x64\BinThreads\Read_Boundary.obj
C:\Software\Transims60\LocationData\x64\BinThreads\Read_Data.obj
C:\Software\Transims60\LocationData\x64\BinThreads\Read_Polygons.obj
C:\Software\Transims60\LocationData\x64\BinThreads\Read_Subzone.obj
C:\Software\Transims60\LocationData\x64\BinThreads\Read_Subzone_Map.obj
C:\Software\Transims60\LocationData\x64\BinThreads\Set_Files.obj
C:\Software\Transims60\LocationData\x64\BinThreads\Subzone_Weights.obj
C:\Software\Transims60\LocationData\x64\BinThreads\Sub_Map_Weights.obj
C:\Software\Transims60\LocationData\x64\BinThreads\Walk_Access.obj
C:\Software\Transims60\LocationData\x64\BinThreads\Write_Location.obj
C:\Software\Transims60\LocationData\x64\BinThreads\Zone_Locations.obj
C:\Software\Transims60\LocationData\x64\BinThreads\CL.244.read.1.tlog
C:\Software\Transims60\LocationData\x64\BinThreads\CL.244.write.1.tlog
C:\Software\Transims60\LocationData\x64\BinThreads\CL.4176.read.1.tlog
C:\Software\Transims60\LocationData\x64\BinThreads\CL.4176.write.1.tlog
C:\Software\Transims60\LocationData\x64\BinThreads\CL.4224.read.1.tlog
C:\Software\Transims60\LocationData\x64\BinThreads\CL.4224.write.1.tlog
C:\Software\Transims60\LocationData\x64\BinThreads\CL.4632.read.1.tlog
C:\Software\Transims60\LocationData\x64\BinThreads\CL.4632.write.1.tlog
C:\Software\Transims60\LocationData\x64\BinThreads\CL.4832.read.1.tlog
C:\Software\Transims60\LocationData\x64\BinThreads\CL.4832.write.1.tlog
C:\Software\Transims60\LocationData\x64\BinThreads\CL.5468.read.1.tlog
C:\Software\Transims60\LocationData\x64\BinThreads\CL.5468.write.1.tlog
C:\Software\Transims60\LocationData\x64\BinThreads\CL.5480.read.1.tlog
C:\Software\Transims60\LocationData\x64\BinThreads\CL.5480.write.1.tlog
C:\Software\Transims60\LocationData\x64\BinThreads\CL.5936.read.1.tlog
C:\Software\Transims60\LocationData\x64\BinThreads\CL.5936.write.1.tlog
C:\Software\Transims60\LocationData\x64\BinThreads\cl.command.1.tlog
C:\Software\Transims60\LocationData\x64\BinThreads\CL.read.1.tlog
C:\Software\Transims60\LocationData\x64\BinThreads\cl.write.1.tlog
C:\Software\Transims60\LocationData\x64\BinThreads\link-cvtres.read.1.tlog
C:\Software\Transims60\LocationData\x64\BinThreads\link-cvtres.write.1.tlog
C:\Software\Transims60\LocationData\x64\BinThreads\link-rc.read.1.tlog
C:\Software\Transims60\LocationData\x64\BinThreads\link-rc.write.1.tlog
C:\Software\Transims60\LocationData\x64\BinThreads\link.command.1.tlog
C:\Software\Transims60\LocationData\x64\BinThreads\link.read.1.tlog
C:\Software\Transims60\LocationData\x64\BinThreads\link.write.1.tlog
C:\Software\Transims60\LocationData\x64\BinThreads\vc110.pdb
C:\Software\Transims60\x64\BinThreads\LocationData.exe
