C:\SOFTWARE\TRANSIMS60\CONVERTTRIPS\X64\BINTHREADS\VC110.PDB
C:\SOFTWARE\TRANSIMS60\X64\BINTHREADS\CONVERTTRIPS.EXE
C:\Software\Transims60\ConvertTrips\x64\BinThreads\ConvertTrips.vcxprojResolveAssemblyReference.cache
C:\Software\Transims60\ConvertTrips\x64\BinThreads\Adjust_Trips.obj
C:\Software\Transims60\ConvertTrips\x64\BinThreads\Compile_Scripts.obj
C:\Software\Transims60\ConvertTrips\x64\BinThreads\Control.obj
C:\Software\Transims60\ConvertTrips\x64\BinThreads\ConvertTrips.obj
C:\Software\Transims60\ConvertTrips\x64\BinThreads\ConvertTrip_Data.obj
C:\Software\Transims60\ConvertTrips\x64\BinThreads\Diurnal_Results.obj
C:\Software\Transims60\ConvertTrips\x64\BinThreads\Execute.obj
C:\Software\Transims60\ConvertTrips\x64\BinThreads\Get_Access_Data.obj
C:\Software\Transims60\ConvertTrips\x64\BinThreads\Get_Household_Data.obj
C:\Software\Transims60\ConvertTrips\x64\BinThreads\Get_Location_Data.obj
C:\Software\Transims60\ConvertTrips\x64\BinThreads\Get_Trip_Data.obj
C:\Software\Transims60\ConvertTrips\x64\BinThreads\Locate_OD.obj
C:\Software\Transims60\ConvertTrips\x64\BinThreads\Parking_Check.obj
C:\Software\Transims60\ConvertTrips\x64\BinThreads\Read_Diurnal.obj
C:\Software\Transims60\ConvertTrips\x64\BinThreads\Read_Factors.obj
C:\Software\Transims60\ConvertTrips\x64\BinThreads\Read_Trip_Table.obj
C:\Software\Transims60\ConvertTrips\x64\BinThreads\Set_Time.obj
C:\Software\Transims60\ConvertTrips\x64\BinThreads\Set_Trip.obj
C:\Software\Transims60\ConvertTrips\x64\BinThreads\Tour_File.obj
C:\Software\Transims60\ConvertTrips\x64\BinThreads\Tour_Map.obj
C:\Software\Transims60\ConvertTrips\x64\BinThreads\Tour_Process.obj
C:\Software\Transims60\ConvertTrips\x64\BinThreads\Zone_Location.obj
C:\Software\Transims60\ConvertTrips\x64\BinThreads\Zone_Sum_Report.obj
C:\Software\Transims60\ConvertTrips\x64\BinThreads\CL.1260.read.1.tlog
C:\Software\Transims60\ConvertTrips\x64\BinThreads\CL.1260.write.1.tlog
C:\Software\Transims60\ConvertTrips\x64\BinThreads\CL.3096.read.1.tlog
C:\Software\Transims60\ConvertTrips\x64\BinThreads\CL.3096.write.1.tlog
C:\Software\Transims60\ConvertTrips\x64\BinThreads\CL.3568.read.1.tlog
C:\Software\Transims60\ConvertTrips\x64\BinThreads\CL.3568.write.1.tlog
C:\Software\Transims60\ConvertTrips\x64\BinThreads\CL.4504.read.1.tlog
C:\Software\Transims60\ConvertTrips\x64\BinThreads\CL.4504.write.1.tlog
C:\Software\Transims60\ConvertTrips\x64\BinThreads\cl.command.1.tlog
C:\Software\Transims60\ConvertTrips\x64\BinThreads\CL.read.1.tlog
C:\Software\Transims60\ConvertTrips\x64\BinThreads\cl.write.1.tlog
C:\Software\Transims60\ConvertTrips\x64\BinThreads\link-cvtres.read.1.tlog
C:\Software\Transims60\ConvertTrips\x64\BinThreads\link-cvtres.write.1.tlog
C:\Software\Transims60\ConvertTrips\x64\BinThreads\link-rc.read.1.tlog
C:\Software\Transims60\ConvertTrips\x64\BinThreads\link-rc.write.1.tlog
C:\Software\Transims60\ConvertTrips\x64\BinThreads\link.command.1.tlog
C:\Software\Transims60\ConvertTrips\x64\BinThreads\link.read.1.tlog
C:\Software\Transims60\ConvertTrips\x64\BinThreads\link.write.1.tlog
C:\Software\Transims60\ConvertTrips\x64\BinThreads\vc110.pdb
C:\Software\Transims60\x64\BinThreads\ConvertTrips.exe
