Build started 3/7/2014 8:00:56 AM.
     1>Project "C:\Software\Transims60\ArcPlan\ArcPlan.vcxproj" on node 3 (Build target(s)).
     1>ClCompile:
         C:\Program Files (x86)\Microsoft Visual Studio 11.0\VC\bin\x86_amd64\CL.exe /c /I..\Include /Zi /nologo /W4 /WX /MP /O2 /D WIN32 /D NDEBUG /D _CONSOLE /D THREADS /Gm- /EHsc /MT /GS /Qpar /fp:precise /Zc:wchar_t /Zc:forScope /Fo"x64\BinThreads\\" /Fd"x64\BinThreads\vc110.pdb" /Gd /TP /analyze- /errorReport:prompt ArcPlan.cpp Control.cpp Execute.cpp Get_Location_Data.cpp Get_Parking_Data.cpp Get_Problem_Data.cpp Get_Stop_Data.cpp Read_Plan.cpp Write_Bandwidth.cpp Write_Contour.cpp Write_Group.cpp Write_Parking.cpp Write_Route.cpp Write_Stops.cpp
         ArcPlan.cpp
         Control.cpp
         Execute.cpp
         Get_Location_Data.cpp
         Get_Parking_Data.cpp
         Get_Problem_Data.cpp
         Get_Stop_Data.cpp
         Read_Plan.cpp
         Write_Bandwidth.cpp
         Write_Contour.cpp
         Write_Group.cpp
         Write_Parking.cpp
         Write_Route.cpp
         Write_Stops.cpp
       Link:
         C:\Program Files (x86)\Microsoft Visual Studio 11.0\VC\bin\x86_amd64\link.exe /ERRORREPORT:PROMPT /OUT:"C:\Software\Transims60\x64\BinThreads\ArcPlan.exe" /INCREMENTAL:NO /NOLOGO kernel32.lib user32.lib gdi32.lib winspool.lib comdlg32.lib advapi32.lib shell32.lib ole32.lib oleaut32.lib uuid.lib odbc32.lib odbccp32.lib /MANIFEST /MANIFESTUAC:"level='asInvoker' uiAccess='false'" /manifest:embed /PDB:"C:\Software\Transims60\x64\BinThreads\ArcPlan.pdb" /SUBSYSTEM:CONSOLE,"5.02" /OPT:REF /OPT:ICF /TLBID:1 /DYNAMICBASE /NXCOMPAT /IMPLIB:"C:\Software\Transims60\x64\BinThreads\ArcPlan.lib" /MACHINE:X64 x64\BinThreads\ArcPlan.obj
         x64\BinThreads\Control.obj
         x64\BinThreads\Execute.obj
         x64\BinThreads\Get_Location_Data.obj
         x64\BinThreads\Get_Parking_Data.obj
         x64\BinThreads\Get_Problem_Data.obj
         x64\BinThreads\Get_Stop_Data.obj
         x64\BinThreads\Read_Plan.obj
         x64\BinThreads\Write_Bandwidth.obj
         x64\BinThreads\Write_Contour.obj
         x64\BinThreads\Write_Group.obj
         x64\BinThreads\Write_Parking.obj
         x64\BinThreads\Write_Route.obj
         x64\BinThreads\Write_Stops.obj
         C:\Software\Transims60\SysLib\x64\BinThreads\SysLib.lib
         C:\Software\Transims60\File_Data_Service\x64\BinThreads\File_Data_Service.lib
         ArcPlan.vcxproj -> C:\Software\Transims60\x64\BinThreads\ArcPlan.exe
     1>Done Building Project "C:\Software\Transims60\ArcPlan\ArcPlan.vcxproj" (Build target(s)).

Build succeeded.

Time Elapsed 00:01:06.91
