C:\TRANSIMS\TRANSIMS51\TRANSITNET\DEBUG\ADD_LINK.OBJ
C:\TRANSIMS\TRANSIMS51\TRANSITNET\DEBUG\BUILD_ROUTES.OBJ
C:\TRANSIMS\TRANSIMS51\TRANSITNET\DEBUG\CONTROL.OBJ
C:\TRANSIMS\TRANSIMS51\TRANSITNET\DEBUG\DATA_SETUP.OBJ
C:\TRANSIMS\TRANSIMS51\TRANSITNET\DEBUG\EXECUTE.OBJ
C:\TRANSIMS\TRANSIMS51\TRANSITNET\DEBUG\NODE_PATH.OBJ
C:\TRANSIMS\TRANSIMS51\TRANSITNET\DEBUG\PUT_LINE_DATA.OBJ
C:\TRANSIMS\TRANSIMS51\TRANSITNET\DEBUG\READ_PARKRIDE.OBJ
C:\TRANSIMS\TRANSIMS51\TRANSITNET\DEBUG\READ_ROUTE_DATA.OBJ
C:\TRANSIMS\TRANSIMS51\TRANSITNET\DEBUG\STATION_ACCESS.OBJ
C:\TRANSIMS\TRANSIMS51\TRANSITNET\DEBUG\TRANSITNET.OBJ
C:\TRANSIMS\TRANSIMS51\TRANSITNET\DEBUG\VC110.PDB
C:\TRANSIMS\TRANSIMS51\DEBUG\TRANSITNET.ILK
C:\TRANSIMS\TRANSIMS51\DEBUG\TRANSITNET.EXE
C:\TRANSIMS\TRANSIMS51\DEBUG\TRANSITNET.PDB
C:\TRANSIMS\Transims51\TransitNet\Debug\TransitNet.vcxprojResolveAssemblyReference.cache
C:\TRANSIMS\Transims51\TransitNet\Debug\Add_Link.obj
C:\TRANSIMS\Transims51\TransitNet\Debug\Build_Routes.obj
C:\TRANSIMS\Transims51\TransitNet\Debug\Control.obj
C:\TRANSIMS\Transims51\TransitNet\Debug\Data_Setup.obj
C:\TRANSIMS\Transims51\TransitNet\Debug\Execute.obj
C:\TRANSIMS\Transims51\TransitNet\Debug\Node_Path.obj
C:\TRANSIMS\Transims51\TransitNet\Debug\Put_Line_Data.obj
C:\TRANSIMS\Transims51\TransitNet\Debug\Read_ParkRide.obj
C:\TRANSIMS\Transims51\TransitNet\Debug\Read_Route_Data.obj
C:\TRANSIMS\Transims51\TransitNet\Debug\Station_Access.obj
C:\TRANSIMS\Transims51\TransitNet\Debug\TransitNet.obj
C:\TRANSIMS\Transims51\TransitNet\Debug\cl.command.1.tlog
C:\TRANSIMS\Transims51\TransitNet\Debug\CL.read.1.tlog
C:\TRANSIMS\Transims51\TransitNet\Debug\CL.write.1.tlog
C:\TRANSIMS\Transims51\TransitNet\Debug\link-cvtres.read.1.tlog
C:\TRANSIMS\Transims51\TransitNet\Debug\link-cvtres.write.1.tlog
C:\TRANSIMS\Transims51\TransitNet\Debug\link-rc.read.1.tlog
C:\TRANSIMS\Transims51\TransitNet\Debug\link-rc.write.1.tlog
C:\TRANSIMS\Transims51\TransitNet\Debug\link.command.1.tlog
C:\TRANSIMS\Transims51\TransitNet\Debug\link.read.1.tlog
C:\TRANSIMS\Transims51\TransitNet\Debug\link.write.1.tlog
C:\TRANSIMS\Transims51\TransitNet\Debug\vc110.idb
C:\TRANSIMS\Transims51\TransitNet\Debug\vc110.pdb
C:\TRANSIMS\Transims51\Debug\TransitNet.pdb
C:\TRANSIMS\Transims51\Debug\TransitNet.exe
C:\TRANSIMS\Transims51\Debug\TransitNet.ilk
