C:\TRANSIMS\TRANSIMS51\PLANTRIPS\DEBUG\CONTROL.OBJ
C:\TRANSIMS\TRANSIMS51\PLANTRIPS\DEBUG\EXECUTE.OBJ
C:\TRANSIMS\TRANSIMS51\PLANTRIPS\DEBUG\GET_TRIP_DATA.OBJ
C:\TRANSIMS\TRANSIMS51\PLANTRIPS\DEBUG\PLANTRIPS.OBJ
C:\TRANSIMS\TRANSIMS51\PLANTRIPS\DEBUG\PUT_TRIP_DATA.OBJ
C:\TRANSIMS\TRANSIMS51\PLANTRIPS\DEBUG\READ_PLAN.OBJ
C:\TRANSIMS\TRANSIMS51\PLANTRIPS\DEBUG\VC110.PDB
C:\TRANSIMS\TRANSIMS51\DEBUG\PLANTRIPS.ILK
C:\TRANSIMS\TRANSIMS51\DEBUG\PLANTRIPS.EXE
C:\TRANSIMS\TRANSIMS51\DEBUG\PLANTRIPS.PDB
C:\TRANSIMS\Transims51\PlanTrips\Debug\PlanTrips.vcxprojResolveAssemblyReference.cache
C:\TRANSIMS\Transims51\PlanTrips\Debug\Control.obj
C:\TRANSIMS\Transims51\PlanTrips\Debug\Execute.obj
C:\TRANSIMS\Transims51\PlanTrips\Debug\Get_Trip_Data.obj
C:\TRANSIMS\Transims51\PlanTrips\Debug\PlanTrips.obj
C:\TRANSIMS\Transims51\PlanTrips\Debug\Put_Trip_Data.obj
C:\TRANSIMS\Transims51\PlanTrips\Debug\Read_Plan.obj
C:\TRANSIMS\Transims51\PlanTrips\Debug\cl.command.1.tlog
C:\TRANSIMS\Transims51\PlanTrips\Debug\CL.read.1.tlog
C:\TRANSIMS\Transims51\PlanTrips\Debug\CL.write.1.tlog
C:\TRANSIMS\Transims51\PlanTrips\Debug\link-cvtres.read.1.tlog
C:\TRANSIMS\Transims51\PlanTrips\Debug\link-cvtres.write.1.tlog
C:\TRANSIMS\Transims51\PlanTrips\Debug\link-rc.read.1.tlog
C:\TRANSIMS\Transims51\PlanTrips\Debug\link-rc.write.1.tlog
C:\TRANSIMS\Transims51\PlanTrips\Debug\link.command.1.tlog
C:\TRANSIMS\Transims51\PlanTrips\Debug\link.read.1.tlog
C:\TRANSIMS\Transims51\PlanTrips\Debug\link.write.1.tlog
C:\TRANSIMS\Transims51\PlanTrips\Debug\vc110.idb
C:\TRANSIMS\Transims51\PlanTrips\Debug\vc110.pdb
C:\TRANSIMS\Transims51\Debug\PlanTrips.pdb
C:\TRANSIMS\Transims51\Debug\PlanTrips.exe
C:\TRANSIMS\Transims51\Debug\PlanTrips.ilk
