C:\TRANSIMS\TRANSIMS60\LINKDELAY\X64\BIN\VC110.PDB
C:\TRANSIMS\TRANSIMS60\X64\BIN\LINKDELAY.EXE
C:\TRANSIMS\Transims60\LinkDelay\x64\Bin\Control.obj
C:\TRANSIMS\Transims60\LinkDelay\x64\Bin\Execute.obj
C:\TRANSIMS\Transims60\LinkDelay\x64\Bin\LinkDelay.obj
C:\TRANSIMS\Transims60\LinkDelay\x64\Bin\Load_Transit_Data.obj
C:\TRANSIMS\Transims60\LinkDelay\x64\Bin\Merge_Delay.obj
C:\TRANSIMS\Transims60\LinkDelay\x64\Bin\Set_Min_Time.obj
C:\TRANSIMS\Transims60\LinkDelay\x64\Bin\Smooth_Delay.obj
C:\TRANSIMS\Transims60\LinkDelay\x64\Bin\CL.3556.read.1.tlog
C:\TRANSIMS\Transims60\LinkDelay\x64\Bin\CL.3556.write.1.tlog
C:\TRANSIMS\Transims60\LinkDelay\x64\Bin\CL.5292.read.1.tlog
C:\TRANSIMS\Transims60\LinkDelay\x64\Bin\CL.5292.write.1.tlog
C:\TRANSIMS\Transims60\LinkDelay\x64\Bin\CL.5360.read.1.tlog
C:\TRANSIMS\Transims60\LinkDelay\x64\Bin\CL.5360.write.1.tlog
C:\TRANSIMS\Transims60\LinkDelay\x64\Bin\CL.5612.read.1.tlog
C:\TRANSIMS\Transims60\LinkDelay\x64\Bin\CL.5612.write.1.tlog
C:\TRANSIMS\Transims60\LinkDelay\x64\Bin\cl.command.1.tlog
C:\TRANSIMS\Transims60\LinkDelay\x64\Bin\CL.read.1.tlog
C:\TRANSIMS\Transims60\LinkDelay\x64\Bin\cl.write.1.tlog
C:\TRANSIMS\Transims60\LinkDelay\x64\Bin\link-cvtres.read.1.tlog
C:\TRANSIMS\Transims60\LinkDelay\x64\Bin\link-cvtres.write.1.tlog
C:\TRANSIMS\Transims60\LinkDelay\x64\Bin\link-rc.read.1.tlog
C:\TRANSIMS\Transims60\LinkDelay\x64\Bin\link-rc.write.1.tlog
C:\TRANSIMS\Transims60\LinkDelay\x64\Bin\link.command.1.tlog
C:\TRANSIMS\Transims60\LinkDelay\x64\Bin\link.read.1.tlog
C:\TRANSIMS\Transims60\LinkDelay\x64\Bin\link.write.1.tlog
C:\TRANSIMS\Transims60\LinkDelay\x64\Bin\vc110.pdb
C:\TRANSIMS\Transims60\x64\Bin\LinkDelay.exe
