Build started 3/7/2014 8:02:40 AM.
     1>Project "C:\Software\Transims60\ConvertTrips\ConvertTrips.vcxproj" on node 2 (Build target(s)).
     1>ClCompile:
         C:\Program Files (x86)\Microsoft Visual Studio 11.0\VC\bin\x86_amd64\CL.exe /c /I..\Include /Zi /nologo /W4 /WX /MP /O2 /Oi /D WIN32 /D NDEBUG /D _CONSOLE /D THREADS /Gm- /EHsc /MT /GS /Gy- /Qpar /fp:precise /Zc:wchar_t /Zc:forScope /Fo"x64\BinThreads\\" /Fd"x64\BinThreads\vc110.pdb" /Gd /TP /errorReport:prompt Adjust_Trips.cpp Compile_Scripts.cpp Control.cpp ConvertTrips.cpp ConvertTrip_Data.cpp Diurnal_Results.cpp Execute.cpp Get_Access_Data.cpp Get_Household_Data.cpp Get_Location_Data.cpp Get_Trip_Data.cpp Locate_OD.cpp Parking_Check.cpp Read_Diurnal.cpp Read_Factors.cpp Read_Trip_Table.cpp Set_Time.cpp Set_Trip.cpp Tour_File.cpp Tour_Map.cpp Tour_Process.cpp Zone_Location.cpp Zone_Sum_Report.cpp
         Adjust_Trips.cpp
         Compile_Scripts.cpp
         Control.cpp
         ConvertTrips.cpp
         ConvertTrip_Data.cpp
         Diurnal_Results.cpp
         Execute.cpp
         Get_Access_Data.cpp
         Get_Household_Data.cpp
         Get_Location_Data.cpp
         Get_Trip_Data.cpp
         Locate_OD.cpp
         Parking_Check.cpp
         Read_Diurnal.cpp
         Read_Factors.cpp
         Read_Trip_Table.cpp
         Set_Time.cpp
         Set_Trip.cpp
         Tour_File.cpp
         Tour_Map.cpp
         Tour_Process.cpp
         Zone_Location.cpp
         Zone_Sum_Report.cpp
       Link:
         C:\Program Files (x86)\Microsoft Visual Studio 11.0\VC\bin\x86_amd64\link.exe /ERRORREPORT:PROMPT /OUT:"C:\Software\Transims60\x64\BinThreads\ConvertTrips.exe" /INCREMENTAL:NO /NOLOGO kernel32.lib user32.lib gdi32.lib winspool.lib comdlg32.lib advapi32.lib shell32.lib ole32.lib oleaut32.lib uuid.lib odbc32.lib odbccp32.lib /MANIFEST /MANIFESTUAC:"level='asInvoker' uiAccess='false'" /manifest:embed /PDB:"C:\Software\Transims60\x64\BinThreads\ConvertTrips.pdb" /SUBSYSTEM:CONSOLE,"5.02" /OPT:REF /OPT:ICF /TLBID:1 /DYNAMICBASE /NXCOMPAT /IMPLIB:"C:\Software\Transims60\x64\BinThreads\ConvertTrips.lib" /MACHINE:X64 x64\BinThreads\Adjust_Trips.obj
         x64\BinThreads\Compile_Scripts.obj
         x64\BinThreads\Control.obj
         x64\BinThreads\ConvertTrips.obj
         x64\BinThreads\ConvertTrip_Data.obj
         x64\BinThreads\Diurnal_Results.obj
         x64\BinThreads\Execute.obj
         x64\BinThreads\Get_Access_Data.obj
         x64\BinThreads\Get_Household_Data.obj
         x64\BinThreads\Get_Location_Data.obj
         x64\BinThreads\Get_Trip_Data.obj
         x64\BinThreads\Locate_OD.obj
         x64\BinThreads\Parking_Check.obj
         x64\BinThreads\Read_Diurnal.obj
         x64\BinThreads\Read_Factors.obj
         x64\BinThreads\Read_Trip_Table.obj
         x64\BinThreads\Set_Time.obj
         x64\BinThreads\Set_Trip.obj
         x64\BinThreads\Tour_File.obj
         x64\BinThreads\Tour_Map.obj
         x64\BinThreads\Tour_Process.obj
         x64\BinThreads\Zone_Location.obj
         x64\BinThreads\Zone_Sum_Report.obj
         C:\Software\Transims60\SysLib\x64\BinThreads\SysLib.lib
         C:\Software\Transims60\File_Data_Service\x64\BinThreads\File_Data_Service.lib
         ConvertTrips.vcxproj -> C:\Software\Transims60\x64\BinThreads\ConvertTrips.exe
     1>Done Building Project "C:\Software\Transims60\ConvertTrips\ConvertTrips.vcxproj" (Build target(s)).

Build succeeded.

Time Elapsed 00:01:22.52
