C:\SOFTWARE\TRANSIMS60\ARCRIDER\X64\BINTHREADS\VC110.PDB
C:\SOFTWARE\TRANSIMS60\X64\BINTHREADS\ARCRIDER.EXE
C:\Software\Transims60\ArcRider\x64\BinThreads\ArcRider.vcxprojResolveAssemblyReference.cache
C:\Software\Transims60\ArcRider\x64\BinThreads\ArcRider.obj
C:\Software\Transims60\ArcRider\x64\BinThreads\Control.obj
C:\Software\Transims60\ArcRider\x64\BinThreads\Execute.obj
C:\Software\Transims60\ArcRider\x64\BinThreads\Get_Stop_Data.obj
C:\Software\Transims60\ArcRider\x64\BinThreads\Setup_Riders.obj
C:\Software\Transims60\ArcRider\x64\BinThreads\Sum_Riders.obj
C:\Software\Transims60\ArcRider\x64\BinThreads\Write_Capacity.obj
C:\Software\Transims60\ArcRider\x64\BinThreads\Write_Group.obj
C:\Software\Transims60\ArcRider\x64\BinThreads\Write_Riders.obj
C:\Software\Transims60\ArcRider\x64\BinThreads\Write_Route.obj
C:\Software\Transims60\ArcRider\x64\BinThreads\Write_Stops.obj
C:\Software\Transims60\ArcRider\x64\BinThreads\Write_Sum.obj
C:\Software\Transims60\ArcRider\x64\BinThreads\CL.3736.read.1.tlog
C:\Software\Transims60\ArcRider\x64\BinThreads\CL.3736.write.1.tlog
C:\Software\Transims60\ArcRider\x64\BinThreads\CL.4828.read.1.tlog
C:\Software\Transims60\ArcRider\x64\BinThreads\CL.4828.write.1.tlog
C:\Software\Transims60\ArcRider\x64\BinThreads\CL.5300.read.1.tlog
C:\Software\Transims60\ArcRider\x64\BinThreads\CL.5300.write.1.tlog
C:\Software\Transims60\ArcRider\x64\BinThreads\CL.5824.read.1.tlog
C:\Software\Transims60\ArcRider\x64\BinThreads\CL.5824.write.1.tlog
C:\Software\Transims60\ArcRider\x64\BinThreads\cl.command.1.tlog
C:\Software\Transims60\ArcRider\x64\BinThreads\CL.read.1.tlog
C:\Software\Transims60\ArcRider\x64\BinThreads\cl.write.1.tlog
C:\Software\Transims60\ArcRider\x64\BinThreads\link-cvtres.read.1.tlog
C:\Software\Transims60\ArcRider\x64\BinThreads\link-cvtres.write.1.tlog
C:\Software\Transims60\ArcRider\x64\BinThreads\link-rc.read.1.tlog
C:\Software\Transims60\ArcRider\x64\BinThreads\link-rc.write.1.tlog
C:\Software\Transims60\ArcRider\x64\BinThreads\link.command.1.tlog
C:\Software\Transims60\ArcRider\x64\BinThreads\link.read.1.tlog
C:\Software\Transims60\ArcRider\x64\BinThreads\link.write.1.tlog
C:\Software\Transims60\ArcRider\x64\BinThreads\vc110.pdb
C:\Software\Transims60\x64\BinThreads\ArcRider.exe
