C:\TRANSIMS\TRANSIMS60\NETPREP\X64\BIN\VC110.PDB
C:\TRANSIMS\TRANSIMS60\X64\BIN\NETPREP.EXE
C:\TRANSIMS\TRANSIMS60\X64\BIN\NETPREP.PDB
C:\TRANSIMS\Transims60\NetPrep\x64\Bin\Bearing_Update.obj
C:\TRANSIMS\Transims60\NetPrep\x64\Bin\Check_Intersections.obj
C:\TRANSIMS\Transims60\NetPrep\x64\Bin\Closest_Zone.obj
C:\TRANSIMS\Transims60\NetPrep\x64\Bin\Collapse_Nodes.obj
C:\TRANSIMS\Transims60\NetPrep\x64\Bin\Compare_Links.obj
C:\TRANSIMS\Transims60\NetPrep\x64\Bin\Control.obj
C:\TRANSIMS\Transims60\NetPrep\x64\Bin\Delete_Link.obj
C:\TRANSIMS\Transims60\NetPrep\x64\Bin\Drop_Links.obj
C:\TRANSIMS\Transims60\NetPrep\x64\Bin\Execute.obj
C:\TRANSIMS\Transims60\NetPrep\x64\Bin\Get_Link_Data.obj
C:\TRANSIMS\Transims60\NetPrep\x64\Bin\Get_Node_Data.obj
C:\TRANSIMS\Transims60\NetPrep\x64\Bin\Input_Links.obj
C:\TRANSIMS\Transims60\NetPrep\x64\Bin\Input_Nodes.obj
C:\TRANSIMS\Transims60\NetPrep\x64\Bin\Input_Routes.obj
C:\TRANSIMS\Transims60\NetPrep\x64\Bin\Input_SpdCap.obj
C:\TRANSIMS\Transims60\NetPrep\x64\Bin\Input_Zones.obj
C:\TRANSIMS\Transims60\NetPrep\x64\Bin\Local_Spacing.obj
C:\TRANSIMS\Transims60\NetPrep\x64\Bin\Local_Thru_Links.obj
C:\TRANSIMS\Transims60\NetPrep\x64\Bin\NetPrep.obj
C:\TRANSIMS\Transims60\NetPrep\x64\Bin\Node_List.obj
C:\TRANSIMS\Transims60\NetPrep\x64\Bin\Node_Types.obj
C:\TRANSIMS\Transims60\NetPrep\x64\Bin\Put_Link_Data.obj
C:\TRANSIMS\Transims60\NetPrep\x64\Bin\Put_Node_Data.obj
C:\TRANSIMS\Transims60\NetPrep\x64\Bin\Put_Shape_Data.obj
C:\TRANSIMS\Transims60\NetPrep\x64\Bin\Read_Scripts.obj
C:\TRANSIMS\Transims60\NetPrep\x64\Bin\Save_Route.obj
C:\TRANSIMS\Transims60\NetPrep\x64\Bin\Select_Best.obj
C:\TRANSIMS\Transims60\NetPrep\x64\Bin\Short_Links.obj
C:\TRANSIMS\Transims60\NetPrep\x64\Bin\Space_Processing.obj
C:\TRANSIMS\Transims60\NetPrep\x64\Bin\Split_Loops.obj
C:\TRANSIMS\Transims60\NetPrep\x64\Bin\Thru_Links.obj
C:\TRANSIMS\Transims60\NetPrep\x64\Bin\Trace_Links.obj
C:\TRANSIMS\Transims60\NetPrep\x64\Bin\Write_Link_Nodes.obj
C:\TRANSIMS\Transims60\NetPrep\x64\Bin\CL.1280.read.1.tlog
C:\TRANSIMS\Transims60\NetPrep\x64\Bin\CL.1280.write.1.tlog
C:\TRANSIMS\Transims60\NetPrep\x64\Bin\CL.3340.read.1.tlog
C:\TRANSIMS\Transims60\NetPrep\x64\Bin\CL.3340.write.1.tlog
C:\TRANSIMS\Transims60\NetPrep\x64\Bin\CL.4988.read.1.tlog
C:\TRANSIMS\Transims60\NetPrep\x64\Bin\CL.4988.write.1.tlog
C:\TRANSIMS\Transims60\NetPrep\x64\Bin\CL.5868.read.1.tlog
C:\TRANSIMS\Transims60\NetPrep\x64\Bin\CL.5868.write.1.tlog
C:\TRANSIMS\Transims60\NetPrep\x64\Bin\cl.command.1.tlog
C:\TRANSIMS\Transims60\NetPrep\x64\Bin\CL.read.1.tlog
C:\TRANSIMS\Transims60\NetPrep\x64\Bin\cl.write.1.tlog
C:\TRANSIMS\Transims60\NetPrep\x64\Bin\link-cvtres.read.1.tlog
C:\TRANSIMS\Transims60\NetPrep\x64\Bin\link-cvtres.write.1.tlog
C:\TRANSIMS\Transims60\NetPrep\x64\Bin\link-rc.read.1.tlog
C:\TRANSIMS\Transims60\NetPrep\x64\Bin\link-rc.write.1.tlog
C:\TRANSIMS\Transims60\NetPrep\x64\Bin\link.command.1.tlog
C:\TRANSIMS\Transims60\NetPrep\x64\Bin\link.read.1.tlog
C:\TRANSIMS\Transims60\NetPrep\x64\Bin\link.write.1.tlog
C:\TRANSIMS\Transims60\NetPrep\x64\Bin\vc110.pdb
C:\TRANSIMS\Transims60\x64\Bin\NetPrep.pdb
C:\TRANSIMS\Transims60\x64\Bin\NetPrep.exe
