Build started 3/7/2014 8:05:23 AM.
     1>Project "C:\Software\Transims60\TourData\TourData.vcxproj" on node 5 (Build target(s)).
     1>ClCompile:
         C:\Program Files (x86)\Microsoft Visual Studio 11.0\VC\bin\x86_amd64\CL.exe /c /I..\Include /Zi /nologo /W4 /WX /MP /O2 /Oi /D WIN32 /D NDEBUG /D _CONSOLE /D TPPLIB /D TCADLIB /D THREADS /Gm- /EHsc /MT /GS /Gy /Qpar /fp:precise /Zc:wchar_t /Zc:forScope /Fo"x64\BinThreads\\" /Fd"x64\BinThreads\vc110.pdb" /Gd /TP /errorReport:prompt Control.cpp Execute.cpp Get_Zone_Data.cpp Normalize.cpp Process.cpp Read_Tour.cpp Stats_Report.cpp TourData.cpp Write_Attractions.cpp Write_Tour.cpp Zone_Distance.cpp Zone_Groups.cpp Zone_Report.cpp
         Control.cpp
         Execute.cpp
         Get_Zone_Data.cpp
         Normalize.cpp
         Process.cpp
         Read_Tour.cpp
         Stats_Report.cpp
         TourData.cpp
         Write_Attractions.cpp
         Write_Tour.cpp
         Zone_Distance.cpp
         Zone_Groups.cpp
         Zone_Report.cpp
       Link:
         C:\Program Files (x86)\Microsoft Visual Studio 11.0\VC\bin\x86_amd64\link.exe /ERRORREPORT:PROMPT /OUT:"C:\Software\Transims60\x64\BinThreads\TourData.exe" /INCREMENTAL:NO /NOLOGO kernel32.lib user32.lib gdi32.lib winspool.lib comdlg32.lib advapi32.lib shell32.lib ole32.lib oleaut32.lib uuid.lib odbc32.lib odbccp32.lib /MANIFEST /MANIFESTUAC:"level='asInvoker' uiAccess='false'" /manifest:embed /PDB:"C:\Software\Transims60\x64\BinThreads\TourData.pdb" /SUBSYSTEM:CONSOLE,"5.02" /OPT:REF /OPT:ICF /TLBID:1 /DYNAMICBASE /NXCOMPAT /IMPLIB:"C:\Software\Transims60\x64\BinThreads\TourData.lib" /MACHINE:X64 x64\BinThreads\Control.obj
         x64\BinThreads\Execute.obj
         x64\BinThreads\Get_Zone_Data.obj
         x64\BinThreads\Normalize.obj
         x64\BinThreads\Process.obj
         x64\BinThreads\Read_Tour.obj
         x64\BinThreads\Stats_Report.obj
         x64\BinThreads\TourData.obj
         x64\BinThreads\Write_Attractions.obj
         x64\BinThreads\Write_Tour.obj
         x64\BinThreads\Zone_Distance.obj
         x64\BinThreads\Zone_Groups.obj
         x64\BinThreads\Zone_Report.obj
         C:\Software\Transims60\SysLib\x64\BinThreads\SysLib.lib
         C:\Software\Transims60\File_Data_Service\x64\BinThreads\File_Data_Service.lib
         C:\Software\Transims60\TcadLib\x64\BinThreads\TcadLib.lib
         C:\Software\Transims60\TppLib\x64\BinThreads\TppLib.lib
         TourData.vcxproj -> C:\Software\Transims60\x64\BinThreads\TourData.exe
     1>Done Building Project "C:\Software\Transims60\TourData\TourData.vcxproj" (Build target(s)).

Build succeeded.

Time Elapsed 00:00:52.77
