C:\SOFTWARE\TRANSIMS60\PLANTRIPS\X64\BINTHREADS\VC110.PDB
C:\SOFTWARE\TRANSIMS60\X64\BINTHREADS\PLANTRIPS.EXE
C:\Software\Transims60\PlanTrips\x64\BinThreads\PlanTrips.vcxprojResolveAssemblyReference.cache
C:\Software\Transims60\PlanTrips\x64\BinThreads\Control.obj
C:\Software\Transims60\PlanTrips\x64\BinThreads\Execute.obj
C:\Software\Transims60\PlanTrips\x64\BinThreads\Get_Trip_Data.obj
C:\Software\Transims60\PlanTrips\x64\BinThreads\PlanTrips.obj
C:\Software\Transims60\PlanTrips\x64\BinThreads\Put_Trip_Data.obj
C:\Software\Transims60\PlanTrips\x64\BinThreads\Read_Plan.obj
C:\Software\Transims60\PlanTrips\x64\BinThreads\CL.2724.read.1.tlog
C:\Software\Transims60\PlanTrips\x64\BinThreads\CL.2724.write.1.tlog
C:\Software\Transims60\PlanTrips\x64\BinThreads\CL.2760.read.1.tlog
C:\Software\Transims60\PlanTrips\x64\BinThreads\CL.2760.write.1.tlog
C:\Software\Transims60\PlanTrips\x64\BinThreads\CL.4564.read.1.tlog
C:\Software\Transims60\PlanTrips\x64\BinThreads\CL.4564.write.1.tlog
C:\Software\Transims60\PlanTrips\x64\BinThreads\CL.4784.read.1.tlog
C:\Software\Transims60\PlanTrips\x64\BinThreads\CL.4784.write.1.tlog
C:\Software\Transims60\PlanTrips\x64\BinThreads\cl.command.1.tlog
C:\Software\Transims60\PlanTrips\x64\BinThreads\CL.read.1.tlog
C:\Software\Transims60\PlanTrips\x64\BinThreads\cl.write.1.tlog
C:\Software\Transims60\PlanTrips\x64\BinThreads\link-cvtres.read.1.tlog
C:\Software\Transims60\PlanTrips\x64\BinThreads\link-cvtres.write.1.tlog
C:\Software\Transims60\PlanTrips\x64\BinThreads\link-rc.read.1.tlog
C:\Software\Transims60\PlanTrips\x64\BinThreads\link-rc.write.1.tlog
C:\Software\Transims60\PlanTrips\x64\BinThreads\link.command.1.tlog
C:\Software\Transims60\PlanTrips\x64\BinThreads\link.read.1.tlog
C:\Software\Transims60\PlanTrips\x64\BinThreads\link.write.1.tlog
C:\Software\Transims60\PlanTrips\x64\BinThreads\vc110.pdb
C:\Software\Transims60\x64\BinThreads\PlanTrips.exe
