C:\SOFTWARE\TRANSIMS60\RANDOMSELECT\X64\BINTHREADS\VC110.PDB
C:\SOFTWARE\TRANSIMS60\X64\BINTHREADS\RANDOMSELECT.EXE
C:\Software\Transims60\RandomSelect\x64\BinThreads\RandomSelect.vcxprojResolveAssemblyReference.cache
C:\Software\Transims60\RandomSelect\x64\BinThreads\Control.obj
C:\Software\Transims60\RandomSelect\x64\BinThreads\Execute.obj
C:\Software\Transims60\RandomSelect\x64\BinThreads\Get_Household_Data.obj
C:\Software\Transims60\RandomSelect\x64\BinThreads\Get_Trip_Data.obj
C:\Software\Transims60\RandomSelect\x64\BinThreads\RandomSelect.obj
C:\Software\Transims60\RandomSelect\x64\BinThreads\CL.4564.read.1.tlog
C:\Software\Transims60\RandomSelect\x64\BinThreads\CL.4564.write.1.tlog
C:\Software\Transims60\RandomSelect\x64\BinThreads\CL.4584.read.1.tlog
C:\Software\Transims60\RandomSelect\x64\BinThreads\CL.4584.write.1.tlog
C:\Software\Transims60\RandomSelect\x64\BinThreads\CL.4716.read.1.tlog
C:\Software\Transims60\RandomSelect\x64\BinThreads\CL.4716.write.1.tlog
C:\Software\Transims60\RandomSelect\x64\BinThreads\CL.4836.read.1.tlog
C:\Software\Transims60\RandomSelect\x64\BinThreads\CL.4836.write.1.tlog
C:\Software\Transims60\RandomSelect\x64\BinThreads\cl.command.1.tlog
C:\Software\Transims60\RandomSelect\x64\BinThreads\CL.read.1.tlog
C:\Software\Transims60\RandomSelect\x64\BinThreads\cl.write.1.tlog
C:\Software\Transims60\RandomSelect\x64\BinThreads\link-cvtres.read.1.tlog
C:\Software\Transims60\RandomSelect\x64\BinThreads\link-cvtres.write.1.tlog
C:\Software\Transims60\RandomSelect\x64\BinThreads\link-rc.read.1.tlog
C:\Software\Transims60\RandomSelect\x64\BinThreads\link-rc.write.1.tlog
C:\Software\Transims60\RandomSelect\x64\BinThreads\link.command.1.tlog
C:\Software\Transims60\RandomSelect\x64\BinThreads\link.read.1.tlog
C:\Software\Transims60\RandomSelect\x64\BinThreads\link.write.1.tlog
C:\Software\Transims60\RandomSelect\x64\BinThreads\vc110.pdb
C:\Software\Transims60\x64\BinThreads\RandomSelect.exe
