C:\TRANSIMS\TRANSIMS51\LINESUM\DEBUG\ACCESS_REPORT.OBJ
C:\TRANSIMS\TRANSIMS51\LINESUM\DEBUG\COMBINE.OBJ
C:\TRANSIMS\TRANSIMS51\LINESUM\DEBUG\COMPARE.OBJ
C:\TRANSIMS\TRANSIMS51\LINESUM\DEBUG\CONTROL.OBJ
C:\TRANSIMS\TRANSIMS51\LINESUM\DEBUG\EXECUTE.OBJ
C:\TRANSIMS\TRANSIMS51\LINESUM\DEBUG\LINESUM.OBJ
C:\TRANSIMS\TRANSIMS51\LINESUM\DEBUG\LINE_REPORT.OBJ
C:\TRANSIMS\TRANSIMS51\LINESUM\DEBUG\LINK_REPORT.OBJ
C:\TRANSIMS\TRANSIMS51\LINESUM\DEBUG\LINK_RIDER.OBJ
C:\TRANSIMS\TRANSIMS51\LINESUM\DEBUG\ON_OFF_REPORT.OBJ
C:\TRANSIMS\TRANSIMS51\LINESUM\DEBUG\READ_SERVICE.OBJ
C:\TRANSIMS\TRANSIMS51\LINESUM\DEBUG\READ_SHAPES.OBJ
C:\TRANSIMS\TRANSIMS51\LINESUM\DEBUG\STOP_NAMES.OBJ
C:\TRANSIMS\TRANSIMS51\LINESUM\DEBUG\STOP_REPORT.OBJ
C:\TRANSIMS\TRANSIMS51\LINESUM\DEBUG\TOTAL_REPORT.OBJ
C:\TRANSIMS\TRANSIMS51\LINESUM\DEBUG\VC110.PDB
C:\TRANSIMS\TRANSIMS51\DEBUG\LINESUM.ILK
C:\TRANSIMS\TRANSIMS51\DEBUG\LINESUM.EXE
C:\TRANSIMS\TRANSIMS51\DEBUG\LINESUM.PDB
C:\TRANSIMS\Transims51\LineSum\Debug\LineSum.vcxprojResolveAssemblyReference.cache
C:\TRANSIMS\Transims51\LineSum\Debug\Access_Report.obj
C:\TRANSIMS\Transims51\LineSum\Debug\Combine.obj
C:\TRANSIMS\Transims51\LineSum\Debug\Compare.obj
C:\TRANSIMS\Transims51\LineSum\Debug\Control.obj
C:\TRANSIMS\Transims51\LineSum\Debug\Execute.obj
C:\TRANSIMS\Transims51\LineSum\Debug\LineSum.obj
C:\TRANSIMS\Transims51\LineSum\Debug\Line_Report.obj
C:\TRANSIMS\Transims51\LineSum\Debug\Link_Report.obj
C:\TRANSIMS\Transims51\LineSum\Debug\Link_Rider.obj
C:\TRANSIMS\Transims51\LineSum\Debug\On_Off_Report.obj
C:\TRANSIMS\Transims51\LineSum\Debug\Read_Service.obj
C:\TRANSIMS\Transims51\LineSum\Debug\Read_Shapes.obj
C:\TRANSIMS\Transims51\LineSum\Debug\Stop_Names.obj
C:\TRANSIMS\Transims51\LineSum\Debug\Stop_Report.obj
C:\TRANSIMS\Transims51\LineSum\Debug\Total_Report.obj
C:\TRANSIMS\Transims51\LineSum\Debug\cl.command.1.tlog
C:\TRANSIMS\Transims51\LineSum\Debug\CL.read.1.tlog
C:\TRANSIMS\Transims51\LineSum\Debug\CL.write.1.tlog
C:\TRANSIMS\Transims51\LineSum\Debug\link-cvtres.read.1.tlog
C:\TRANSIMS\Transims51\LineSum\Debug\link-cvtres.write.1.tlog
C:\TRANSIMS\Transims51\LineSum\Debug\link-rc.read.1.tlog
C:\TRANSIMS\Transims51\LineSum\Debug\link-rc.write.1.tlog
C:\TRANSIMS\Transims51\LineSum\Debug\link.command.1.tlog
C:\TRANSIMS\Transims51\LineSum\Debug\link.read.1.tlog
C:\TRANSIMS\Transims51\LineSum\Debug\link.write.1.tlog
C:\TRANSIMS\Transims51\LineSum\Debug\vc110.idb
C:\TRANSIMS\Transims51\LineSum\Debug\vc110.pdb
C:\TRANSIMS\Transims51\Debug\LineSum.pdb
C:\TRANSIMS\Transims51\Debug\LineSum.exe
C:\TRANSIMS\Transims51\Debug\LineSum.ilk
