C:\SOFTWARE\TRANSIMS60\SUBAREANET\X64\BINTHREADS\VC110.PDB
C:\SOFTWARE\TRANSIMS60\X64\BINTHREADS\SUBAREANET.EXE
C:\Software\Transims60\SubareaNet\x64\BinThreads\SubareaNet.vcxprojResolveAssemblyReference.cache
C:\Software\Transims60\SubareaNet\x64\BinThreads\Control.obj
C:\Software\Transims60\SubareaNet\x64\BinThreads\Execute.obj
C:\Software\Transims60\SubareaNet\x64\BinThreads\Get_Access_Data.obj
C:\Software\Transims60\SubareaNet\x64\BinThreads\Get_Connect_Data.obj
C:\Software\Transims60\SubareaNet\x64\BinThreads\Get_Detector_Data.obj
C:\Software\Transims60\SubareaNet\x64\BinThreads\Get_Lane_Use_Data.obj
C:\Software\Transims60\SubareaNet\x64\BinThreads\Get_Link_Data.obj
C:\Software\Transims60\SubareaNet\x64\BinThreads\Get_Location_Data.obj
C:\Software\Transims60\SubareaNet\x64\BinThreads\Get_Node_Data.obj
C:\Software\Transims60\SubareaNet\x64\BinThreads\Get_Parking_Data.obj
C:\Software\Transims60\SubareaNet\x64\BinThreads\Get_Phasing_Data.obj
C:\Software\Transims60\SubareaNet\x64\BinThreads\Get_Pocket_Data.obj
C:\Software\Transims60\SubareaNet\x64\BinThreads\Get_Signal_Data.obj
C:\Software\Transims60\SubareaNet\x64\BinThreads\Get_Sign_Data.obj
C:\Software\Transims60\SubareaNet\x64\BinThreads\Get_Stop_Data.obj
C:\Software\Transims60\SubareaNet\x64\BinThreads\Get_Timing_Data.obj
C:\Software\Transims60\SubareaNet\x64\BinThreads\Get_Turn_Pen_Data.obj
C:\Software\Transims60\SubareaNet\x64\BinThreads\Get_Zone_Data.obj
C:\Software\Transims60\SubareaNet\x64\BinThreads\SubareaNet.obj
C:\Software\Transims60\SubareaNet\x64\BinThreads\Write_Boundary.obj
C:\Software\Transims60\SubareaNet\x64\BinThreads\Write_Node.obj
C:\Software\Transims60\SubareaNet\x64\BinThreads\Write_Route.obj
C:\Software\Transims60\SubareaNet\x64\BinThreads\CL.3344.read.1.tlog
C:\Software\Transims60\SubareaNet\x64\BinThreads\CL.3344.write.1.tlog
C:\Software\Transims60\SubareaNet\x64\BinThreads\CL.4368.read.1.tlog
C:\Software\Transims60\SubareaNet\x64\BinThreads\CL.4368.write.1.tlog
C:\Software\Transims60\SubareaNet\x64\BinThreads\CL.4572.read.1.tlog
C:\Software\Transims60\SubareaNet\x64\BinThreads\CL.4572.write.1.tlog
C:\Software\Transims60\SubareaNet\x64\BinThreads\CL.4828.read.1.tlog
C:\Software\Transims60\SubareaNet\x64\BinThreads\CL.4828.write.1.tlog
C:\Software\Transims60\SubareaNet\x64\BinThreads\cl.command.1.tlog
C:\Software\Transims60\SubareaNet\x64\BinThreads\CL.read.1.tlog
C:\Software\Transims60\SubareaNet\x64\BinThreads\cl.write.1.tlog
C:\Software\Transims60\SubareaNet\x64\BinThreads\link-cvtres.read.1.tlog
C:\Software\Transims60\SubareaNet\x64\BinThreads\link-cvtres.write.1.tlog
C:\Software\Transims60\SubareaNet\x64\BinThreads\link-rc.read.1.tlog
C:\Software\Transims60\SubareaNet\x64\BinThreads\link-rc.write.1.tlog
C:\Software\Transims60\SubareaNet\x64\BinThreads\link.command.1.tlog
C:\Software\Transims60\SubareaNet\x64\BinThreads\link.read.1.tlog
C:\Software\Transims60\SubareaNet\x64\BinThreads\link.write.1.tlog
C:\Software\Transims60\SubareaNet\x64\BinThreads\vc110.pdb
C:\Software\Transims60\x64\BinThreads\SubareaNet.exe
