C:\TRANSIMS\TRANSIMS51\ARCSNAPSHOT\DEBUG\ARCSNAPSHOT.OBJ
C:\TRANSIMS\TRANSIMS51\ARCSNAPSHOT\DEBUG\CONTROL.OBJ
C:\TRANSIMS\TRANSIMS51\ARCSNAPSHOT\DEBUG\CREATE_CELLS.OBJ
C:\TRANSIMS\TRANSIMS51\ARCSNAPSHOT\DEBUG\DRAW_VEHICLE.OBJ
C:\TRANSIMS\TRANSIMS51\ARCSNAPSHOT\DEBUG\EXECUTE.OBJ
C:\TRANSIMS\TRANSIMS51\ARCSNAPSHOT\DEBUG\MAX_CHECK.OBJ
C:\TRANSIMS\TRANSIMS51\ARCSNAPSHOT\DEBUG\READ_SNAPSHOT.OBJ
C:\TRANSIMS\TRANSIMS51\ARCSNAPSHOT\DEBUG\SET_SUBAREA.OBJ
C:\TRANSIMS\TRANSIMS51\ARCSNAPSHOT\DEBUG\SET_VEH_TYPES.OBJ
C:\TRANSIMS\TRANSIMS51\ARCSNAPSHOT\DEBUG\SUM_SNAPSHOT.OBJ
C:\TRANSIMS\TRANSIMS51\ARCSNAPSHOT\DEBUG\WRITE_SNAPSHOT.OBJ
C:\TRANSIMS\TRANSIMS51\ARCSNAPSHOT\DEBUG\WRITE_SUMMARY.OBJ
C:\TRANSIMS\TRANSIMS51\ARCSNAPSHOT\DEBUG\VC110.PDB
C:\TRANSIMS\TRANSIMS51\DEBUG\ARCSNAPSHOT.ILK
C:\TRANSIMS\TRANSIMS51\DEBUG\ARCSNAPSHOT.EXE
C:\TRANSIMS\TRANSIMS51\DEBUG\ARCSNAPSHOT.PDB
C:\TRANSIMS\Transims51\ArcSnapshot\Debug\ArcSnapshot.vcxprojResolveAssemblyReference.cache
C:\TRANSIMS\Transims51\ArcSnapshot\Debug\ArcSnapshot.obj
C:\TRANSIMS\Transims51\ArcSnapshot\Debug\Control.obj
C:\TRANSIMS\Transims51\ArcSnapshot\Debug\Create_Cells.obj
C:\TRANSIMS\Transims51\ArcSnapshot\Debug\Draw_Vehicle.obj
C:\TRANSIMS\Transims51\ArcSnapshot\Debug\Execute.obj
C:\TRANSIMS\Transims51\ArcSnapshot\Debug\Max_Check.obj
C:\TRANSIMS\Transims51\ArcSnapshot\Debug\Read_Snapshot.obj
C:\TRANSIMS\Transims51\ArcSnapshot\Debug\Set_Subarea.obj
C:\TRANSIMS\Transims51\ArcSnapshot\Debug\Set_Veh_Types.obj
C:\TRANSIMS\Transims51\ArcSnapshot\Debug\Sum_Snapshot.obj
C:\TRANSIMS\Transims51\ArcSnapshot\Debug\Write_Snapshot.obj
C:\TRANSIMS\Transims51\ArcSnapshot\Debug\Write_Summary.obj
C:\TRANSIMS\Transims51\ArcSnapshot\Debug\cl.command.1.tlog
C:\TRANSIMS\Transims51\ArcSnapshot\Debug\CL.read.1.tlog
C:\TRANSIMS\Transims51\ArcSnapshot\Debug\CL.write.1.tlog
C:\TRANSIMS\Transims51\ArcSnapshot\Debug\link-cvtres.read.1.tlog
C:\TRANSIMS\Transims51\ArcSnapshot\Debug\link-cvtres.write.1.tlog
C:\TRANSIMS\Transims51\ArcSnapshot\Debug\link-rc.read.1.tlog
C:\TRANSIMS\Transims51\ArcSnapshot\Debug\link-rc.write.1.tlog
C:\TRANSIMS\Transims51\ArcSnapshot\Debug\link.command.1.tlog
C:\TRANSIMS\Transims51\ArcSnapshot\Debug\link.read.1.tlog
C:\TRANSIMS\Transims51\ArcSnapshot\Debug\link.write.1.tlog
C:\TRANSIMS\Transims51\ArcSnapshot\Debug\vc110.idb
C:\TRANSIMS\Transims51\ArcSnapshot\Debug\vc110.pdb
C:\TRANSIMS\Transims51\Debug\ArcSnapshot.pdb
C:\TRANSIMS\Transims51\Debug\ArcSnapshot.exe
C:\TRANSIMS\Transims51\Debug\ArcSnapshot.ilk
