C:\TRANSIMS\TRANSIMS60\ARCPLAN\X64\BIN\VC110.PDB
C:\TRANSIMS\TRANSIMS60\X64\BIN\ARCPLAN.EXE
C:\TRANSIMS\Transims60\ArcPlan\x64\Bin\ArcPlan.obj
C:\TRANSIMS\Transims60\ArcPlan\x64\Bin\Control.obj
C:\TRANSIMS\Transims60\ArcPlan\x64\Bin\Execute.obj
C:\TRANSIMS\Transims60\ArcPlan\x64\Bin\Get_Location_Data.obj
C:\TRANSIMS\Transims60\ArcPlan\x64\Bin\Get_Parking_Data.obj
C:\TRANSIMS\Transims60\ArcPlan\x64\Bin\Get_Problem_Data.obj
C:\TRANSIMS\Transims60\ArcPlan\x64\Bin\Get_Stop_Data.obj
C:\TRANSIMS\Transims60\ArcPlan\x64\Bin\Read_Plan.obj
C:\TRANSIMS\Transims60\ArcPlan\x64\Bin\Write_Bandwidth.obj
C:\TRANSIMS\Transims60\ArcPlan\x64\Bin\Write_Contour.obj
C:\TRANSIMS\Transims60\ArcPlan\x64\Bin\Write_Group.obj
C:\TRANSIMS\Transims60\ArcPlan\x64\Bin\Write_Parking.obj
C:\TRANSIMS\Transims60\ArcPlan\x64\Bin\Write_Route.obj
C:\TRANSIMS\Transims60\ArcPlan\x64\Bin\Write_Stops.obj
C:\TRANSIMS\Transims60\ArcPlan\x64\Bin\CL.1608.read.1.tlog
C:\TRANSIMS\Transims60\ArcPlan\x64\Bin\CL.1608.write.1.tlog
C:\TRANSIMS\Transims60\ArcPlan\x64\Bin\CL.5496.read.1.tlog
C:\TRANSIMS\Transims60\ArcPlan\x64\Bin\CL.5496.write.1.tlog
C:\TRANSIMS\Transims60\ArcPlan\x64\Bin\CL.5780.read.1.tlog
C:\TRANSIMS\Transims60\ArcPlan\x64\Bin\CL.5780.write.1.tlog
C:\TRANSIMS\Transims60\ArcPlan\x64\Bin\CL.6344.read.1.tlog
C:\TRANSIMS\Transims60\ArcPlan\x64\Bin\CL.6344.write.1.tlog
C:\TRANSIMS\Transims60\ArcPlan\x64\Bin\cl.command.1.tlog
C:\TRANSIMS\Transims60\ArcPlan\x64\Bin\CL.read.1.tlog
C:\TRANSIMS\Transims60\ArcPlan\x64\Bin\cl.write.1.tlog
C:\TRANSIMS\Transims60\ArcPlan\x64\Bin\link-cvtres.read.1.tlog
C:\TRANSIMS\Transims60\ArcPlan\x64\Bin\link-cvtres.write.1.tlog
C:\TRANSIMS\Transims60\ArcPlan\x64\Bin\link-rc.read.1.tlog
C:\TRANSIMS\Transims60\ArcPlan\x64\Bin\link-rc.write.1.tlog
C:\TRANSIMS\Transims60\ArcPlan\x64\Bin\link.command.1.tlog
C:\TRANSIMS\Transims60\ArcPlan\x64\Bin\link.read.1.tlog
C:\TRANSIMS\Transims60\ArcPlan\x64\Bin\link.write.1.tlog
C:\TRANSIMS\Transims60\ArcPlan\x64\Bin\vc110.pdb
C:\TRANSIMS\Transims60\x64\Bin\ArcPlan.exe
