C:\SOFTWARE\TRANSIMS60\RESCHEDULE\WIN32\BIN\VC110.PDB
C:\SOFTWARE\TRANSIMS60\WIN32\BIN\RESCHEDULE.EXE
C:\Software\Transims60\Reschedule\Win32\Bin\Reschedule.vcxprojResolveAssemblyReference.cache
C:\Software\Transims60\Reschedule\Win32\Bin\Control.obj
C:\Software\Transims60\Reschedule\Win32\Bin\Execute.obj
C:\Software\Transims60\Reschedule\Win32\Bin\Read_Runs.obj
C:\Software\Transims60\Reschedule\Win32\Bin\Reschedule.obj
C:\Software\Transims60\Reschedule\Win32\Bin\CL.2288.read.1.tlog
C:\Software\Transims60\Reschedule\Win32\Bin\CL.2288.write.1.tlog
C:\Software\Transims60\Reschedule\Win32\Bin\CL.3184.read.1.tlog
C:\Software\Transims60\Reschedule\Win32\Bin\CL.3184.write.1.tlog
C:\Software\Transims60\Reschedule\Win32\Bin\CL.4992.read.1.tlog
C:\Software\Transims60\Reschedule\Win32\Bin\CL.4992.write.1.tlog
C:\Software\Transims60\Reschedule\Win32\Bin\CL.5440.read.1.tlog
C:\Software\Transims60\Reschedule\Win32\Bin\CL.5440.write.1.tlog
C:\Software\Transims60\Reschedule\Win32\Bin\cl.command.1.tlog
C:\Software\Transims60\Reschedule\Win32\Bin\CL.read.1.tlog
C:\Software\Transims60\Reschedule\Win32\Bin\cl.write.1.tlog
C:\Software\Transims60\Reschedule\Win32\Bin\link-cvtres.read.1.tlog
C:\Software\Transims60\Reschedule\Win32\Bin\link-cvtres.write.1.tlog
C:\Software\Transims60\Reschedule\Win32\Bin\link-rc.read.1.tlog
C:\Software\Transims60\Reschedule\Win32\Bin\link-rc.write.1.tlog
C:\Software\Transims60\Reschedule\Win32\Bin\link.command.1.tlog
C:\Software\Transims60\Reschedule\Win32\Bin\link.read.1.tlog
C:\Software\Transims60\Reschedule\Win32\Bin\link.write.1.tlog
