Build started 3/7/2014 7:57:12 AM.
     1>Project "C:\Software\Transims60\PathSkim\PathSkim.vcxproj" on node 5 (Build target(s)).
     1>ClCompile:
         C:\Program Files (x86)\Microsoft Visual Studio 11.0\VC\bin\x86_amd64\CL.exe /c /I..\Include /Zi /nologo /W4 /WX /MP /O2 /D WIN32 /D NDEBUG /D _CONSOLE /D THREADS /Gm- /EHsc /MT /GS /Qpar /fp:precise /Zc:wchar_t /Zc:forScope /Fo"x64\BinThreads\\" /Fd"x64\BinThreads\vc110.pdb" /Gd /TP /analyze- /errorReport:prompt Build_Paths.cpp Control.cpp Execute.cpp Flow_Skims.cpp Location_List.cpp New_Zone_Loc.cpp Output_Skims.cpp PathSkim.cpp Save_Plans.cpp Save_Skims.cpp Skim_Check.cpp Skim_Paths.cpp User_Locations.cpp Zone_Locations.cpp Zone_Skims.cpp
         Build_Paths.cpp
         Control.cpp
         Execute.cpp
         Flow_Skims.cpp
         Location_List.cpp
         New_Zone_Loc.cpp
         Output_Skims.cpp
         PathSkim.cpp
         Save_Plans.cpp
         Save_Skims.cpp
         Skim_Check.cpp
         Skim_Paths.cpp
         User_Locations.cpp
         Zone_Locations.cpp
         Zone_Skims.cpp
       Link:
         C:\Program Files (x86)\Microsoft Visual Studio 11.0\VC\bin\x86_amd64\link.exe /ERRORREPORT:PROMPT /OUT:"C:\Software\Transims60\x64\BinThreads\PathSkim.exe" /INCREMENTAL:NO /NOLOGO kernel32.lib user32.lib gdi32.lib winspool.lib comdlg32.lib advapi32.lib shell32.lib ole32.lib oleaut32.lib uuid.lib odbc32.lib odbccp32.lib /MANIFEST /MANIFESTUAC:"level='asInvoker' uiAccess='false'" /manifest:embed /PDB:"C:\Software\Transims60\x64\BinThreads\PathSkim.pdb" /SUBSYSTEM:CONSOLE,"5.02" /OPT:REF /OPT:ICF /TLBID:1 /DYNAMICBASE /NXCOMPAT /IMPLIB:"C:\Software\Transims60\x64\BinThreads\PathSkim.lib" /MACHINE:X64 x64\BinThreads\Build_Paths.obj
         x64\BinThreads\Control.obj
         x64\BinThreads\Execute.obj
         x64\BinThreads\Flow_Skims.obj
         x64\BinThreads\Location_List.obj
         x64\BinThreads\New_Zone_Loc.obj
         x64\BinThreads\Output_Skims.obj
         x64\BinThreads\PathSkim.obj
         x64\BinThreads\Save_Plans.obj
         x64\BinThreads\Save_Skims.obj
         x64\BinThreads\Skim_Check.obj
         x64\BinThreads\Skim_Paths.obj
         x64\BinThreads\User_Locations.obj
         x64\BinThreads\Zone_Locations.obj
         x64\BinThreads\Zone_Skims.obj
         C:\Software\Transims60\SysLib\x64\BinThreads\SysLib.lib
         C:\Software\Transims60\File_Data_Service\x64\BinThreads\File_Data_Service.lib
         C:\Software\Transims60\Router_Service\x64\BinThreads\Router_Service.lib
         PathSkim.vcxproj -> C:\Software\Transims60\x64\BinThreads\PathSkim.exe
     1>Done Building Project "C:\Software\Transims60\PathSkim\PathSkim.vcxproj" (Build target(s)).

Build succeeded.

Time Elapsed 00:01:10.71
