C:\SOFTWARE\TRANSIMS60\PATHSKIM\X64\BINTHREADS\VC110.PDB
C:\SOFTWARE\TRANSIMS60\X64\BINTHREADS\PATHSKIM.EXE
C:\Software\Transims60\PathSkim\x64\BinThreads\PathSkim.vcxprojResolveAssemblyReference.cache
C:\Software\Transims60\PathSkim\x64\BinThreads\Build_Paths.obj
C:\Software\Transims60\PathSkim\x64\BinThreads\Control.obj
C:\Software\Transims60\PathSkim\x64\BinThreads\Execute.obj
C:\Software\Transims60\PathSkim\x64\BinThreads\Flow_Skims.obj
C:\Software\Transims60\PathSkim\x64\BinThreads\Location_List.obj
C:\Software\Transims60\PathSkim\x64\BinThreads\New_Zone_Loc.obj
C:\Software\Transims60\PathSkim\x64\BinThreads\Output_Skims.obj
C:\Software\Transims60\PathSkim\x64\BinThreads\PathSkim.obj
C:\Software\Transims60\PathSkim\x64\BinThreads\Save_Plans.obj
C:\Software\Transims60\PathSkim\x64\BinThreads\Save_Skims.obj
C:\Software\Transims60\PathSkim\x64\BinThreads\Skim_Check.obj
C:\Software\Transims60\PathSkim\x64\BinThreads\Skim_Paths.obj
C:\Software\Transims60\PathSkim\x64\BinThreads\User_Locations.obj
C:\Software\Transims60\PathSkim\x64\BinThreads\Zone_Locations.obj
C:\Software\Transims60\PathSkim\x64\BinThreads\Zone_Skims.obj
C:\Software\Transims60\PathSkim\x64\BinThreads\CL.1420.read.1.tlog
C:\Software\Transims60\PathSkim\x64\BinThreads\CL.1420.write.1.tlog
C:\Software\Transims60\PathSkim\x64\BinThreads\CL.1724.read.1.tlog
C:\Software\Transims60\PathSkim\x64\BinThreads\CL.1724.write.1.tlog
C:\Software\Transims60\PathSkim\x64\BinThreads\CL.4072.read.1.tlog
C:\Software\Transims60\PathSkim\x64\BinThreads\CL.4072.write.1.tlog
C:\Software\Transims60\PathSkim\x64\BinThreads\CL.5972.read.1.tlog
C:\Software\Transims60\PathSkim\x64\BinThreads\CL.5972.write.1.tlog
C:\Software\Transims60\PathSkim\x64\BinThreads\cl.command.1.tlog
C:\Software\Transims60\PathSkim\x64\BinThreads\CL.read.1.tlog
C:\Software\Transims60\PathSkim\x64\BinThreads\cl.write.1.tlog
C:\Software\Transims60\PathSkim\x64\BinThreads\link-cvtres.read.1.tlog
C:\Software\Transims60\PathSkim\x64\BinThreads\link-cvtres.write.1.tlog
C:\Software\Transims60\PathSkim\x64\BinThreads\link-rc.read.1.tlog
C:\Software\Transims60\PathSkim\x64\BinThreads\link-rc.write.1.tlog
C:\Software\Transims60\PathSkim\x64\BinThreads\link.command.1.tlog
C:\Software\Transims60\PathSkim\x64\BinThreads\link.read.1.tlog
C:\Software\Transims60\PathSkim\x64\BinThreads\link.write.1.tlog
C:\Software\Transims60\PathSkim\x64\BinThreads\vc110.pdb
C:\Software\Transims60\x64\BinThreads\PathSkim.exe
