C:\TRANSIMS\TRANSIMS60\LINESUM\X64\BIN\VC110.PDB
C:\TRANSIMS\TRANSIMS60\X64\BIN\LINESUM.EXE
C:\TRANSIMS\Transims60\LineSum\x64\Bin\Access_Report.obj
C:\TRANSIMS\Transims60\LineSum\x64\Bin\Combine.obj
C:\TRANSIMS\Transims60\LineSum\x64\Bin\Compare.obj
C:\TRANSIMS\Transims60\LineSum\x64\Bin\Control.obj
C:\TRANSIMS\Transims60\LineSum\x64\Bin\Execute.obj
C:\TRANSIMS\Transims60\LineSum\x64\Bin\LineSum.obj
C:\TRANSIMS\Transims60\LineSum\x64\Bin\Line_Report.obj
C:\TRANSIMS\Transims60\LineSum\x64\Bin\Link_Report.obj
C:\TRANSIMS\Transims60\LineSum\x64\Bin\Link_Rider.obj
C:\TRANSIMS\Transims60\LineSum\x64\Bin\On_Off_Report.obj
C:\TRANSIMS\Transims60\LineSum\x64\Bin\Read_Service.obj
C:\TRANSIMS\Transims60\LineSum\x64\Bin\Read_Shapes.obj
C:\TRANSIMS\Transims60\LineSum\x64\Bin\Stop_Names.obj
C:\TRANSIMS\Transims60\LineSum\x64\Bin\Stop_Report.obj
C:\TRANSIMS\Transims60\LineSum\x64\Bin\Total_Report.obj
C:\TRANSIMS\Transims60\LineSum\x64\Bin\CL.296.read.1.tlog
C:\TRANSIMS\Transims60\LineSum\x64\Bin\CL.296.write.1.tlog
C:\TRANSIMS\Transims60\LineSum\x64\Bin\CL.4396.read.1.tlog
C:\TRANSIMS\Transims60\LineSum\x64\Bin\CL.4396.write.1.tlog
C:\TRANSIMS\Transims60\LineSum\x64\Bin\CL.5228.read.1.tlog
C:\TRANSIMS\Transims60\LineSum\x64\Bin\CL.5228.write.1.tlog
C:\TRANSIMS\Transims60\LineSum\x64\Bin\CL.5288.read.1.tlog
C:\TRANSIMS\Transims60\LineSum\x64\Bin\CL.5288.write.1.tlog
C:\TRANSIMS\Transims60\LineSum\x64\Bin\cl.command.1.tlog
C:\TRANSIMS\Transims60\LineSum\x64\Bin\CL.read.1.tlog
C:\TRANSIMS\Transims60\LineSum\x64\Bin\cl.write.1.tlog
C:\TRANSIMS\Transims60\LineSum\x64\Bin\link-cvtres.read.1.tlog
C:\TRANSIMS\Transims60\LineSum\x64\Bin\link-cvtres.write.1.tlog
C:\TRANSIMS\Transims60\LineSum\x64\Bin\link-rc.read.1.tlog
C:\TRANSIMS\Transims60\LineSum\x64\Bin\link-rc.write.1.tlog
C:\TRANSIMS\Transims60\LineSum\x64\Bin\link.command.1.tlog
C:\TRANSIMS\Transims60\LineSum\x64\Bin\link.read.1.tlog
C:\TRANSIMS\Transims60\LineSum\x64\Bin\link.write.1.tlog
C:\TRANSIMS\Transims60\LineSum\x64\Bin\vc110.pdb
C:\TRANSIMS\Transims60\x64\Bin\LineSum.exe
