C:\SOFTWARE\TRANSIMS60\NETPREP\X64\BINTHREADS\VC110.PDB
C:\SOFTWARE\TRANSIMS60\NETPREP\X64\BINTHREADS\SAVE_ROUTE.OBJ
C:\SOFTWARE\TRANSIMS60\X64\BINTHREADS\NETPREP.EXE
C:\Software\Transims60\NetPrep\x64\BinThreads\NetPrep.vcxprojResolveAssemblyReference.cache
C:\Software\Transims60\NetPrep\x64\BinThreads\Bearing_Update.obj
C:\Software\Transims60\NetPrep\x64\BinThreads\Check_Intersections.obj
C:\Software\Transims60\NetPrep\x64\BinThreads\Closest_Zone.obj
C:\Software\Transims60\NetPrep\x64\BinThreads\Collapse_Nodes.obj
C:\Software\Transims60\NetPrep\x64\BinThreads\Compare_Links.obj
C:\Software\Transims60\NetPrep\x64\BinThreads\Control.obj
C:\Software\Transims60\NetPrep\x64\BinThreads\Correct_Shapes.obj
C:\Software\Transims60\NetPrep\x64\BinThreads\Delete_Link.obj
C:\Software\Transims60\NetPrep\x64\BinThreads\Drop_Links.obj
C:\Software\Transims60\NetPrep\x64\BinThreads\Execute.obj
C:\Software\Transims60\NetPrep\x64\BinThreads\Get_Link_Data.obj
C:\Software\Transims60\NetPrep\x64\BinThreads\Get_Node_Data.obj
C:\Software\Transims60\NetPrep\x64\BinThreads\Input_Links.obj
C:\Software\Transims60\NetPrep\x64\BinThreads\Input_Nodes.obj
C:\Software\Transims60\NetPrep\x64\BinThreads\Input_Routes.obj
C:\Software\Transims60\NetPrep\x64\BinThreads\Input_SpdCap.obj
C:\Software\Transims60\NetPrep\x64\BinThreads\Input_Zones.obj
C:\Software\Transims60\NetPrep\x64\BinThreads\Local_Spacing.obj
C:\Software\Transims60\NetPrep\x64\BinThreads\Local_Thru_Links.obj
C:\Software\Transims60\NetPrep\x64\BinThreads\NetPrep.obj
C:\Software\Transims60\NetPrep\x64\BinThreads\Node_List.obj
C:\Software\Transims60\NetPrep\x64\BinThreads\Node_Types.obj
C:\Software\Transims60\NetPrep\x64\BinThreads\Put_Link_Data.obj
C:\Software\Transims60\NetPrep\x64\BinThreads\Put_Node_Data.obj
C:\Software\Transims60\NetPrep\x64\BinThreads\Put_Shape_Data.obj
C:\Software\Transims60\NetPrep\x64\BinThreads\Read_Scripts.obj
C:\Software\Transims60\NetPrep\x64\BinThreads\Save_Route.obj
C:\Software\Transims60\NetPrep\x64\BinThreads\Select_Best.obj
C:\Software\Transims60\NetPrep\x64\BinThreads\Short_Links.obj
C:\Software\Transims60\NetPrep\x64\BinThreads\Space_Processing.obj
C:\Software\Transims60\NetPrep\x64\BinThreads\Split_Loops.obj
C:\Software\Transims60\NetPrep\x64\BinThreads\Thru_Links.obj
C:\Software\Transims60\NetPrep\x64\BinThreads\Trace_Links.obj
C:\Software\Transims60\NetPrep\x64\BinThreads\Write_Link_Nodes.obj
C:\Software\Transims60\NetPrep\x64\BinThreads\CL.4988.read.1.tlog
C:\Software\Transims60\NetPrep\x64\BinThreads\CL.4988.write.1.tlog
C:\Software\Transims60\NetPrep\x64\BinThreads\CL.5252.read.1.tlog
C:\Software\Transims60\NetPrep\x64\BinThreads\CL.5252.write.1.tlog
C:\Software\Transims60\NetPrep\x64\BinThreads\CL.5696.read.1.tlog
C:\Software\Transims60\NetPrep\x64\BinThreads\CL.5696.write.1.tlog
C:\Software\Transims60\NetPrep\x64\BinThreads\CL.6128.read.1.tlog
C:\Software\Transims60\NetPrep\x64\BinThreads\CL.6128.write.1.tlog
C:\Software\Transims60\NetPrep\x64\BinThreads\cl.command.1.tlog
C:\Software\Transims60\NetPrep\x64\BinThreads\CL.read.1.tlog
C:\Software\Transims60\NetPrep\x64\BinThreads\cl.write.1.tlog
C:\Software\Transims60\NetPrep\x64\BinThreads\link-cvtres.read.1.tlog
C:\Software\Transims60\NetPrep\x64\BinThreads\link-cvtres.write.1.tlog
C:\Software\Transims60\NetPrep\x64\BinThreads\link-rc.read.1.tlog
C:\Software\Transims60\NetPrep\x64\BinThreads\link-rc.write.1.tlog
C:\Software\Transims60\NetPrep\x64\BinThreads\link.command.1.tlog
C:\Software\Transims60\NetPrep\x64\BinThreads\link.read.1.tlog
C:\Software\Transims60\NetPrep\x64\BinThreads\link.write.1.tlog
C:\Software\Transims60\NetPrep\x64\BinThreads\vc110.pdb
C:\Software\Transims60\x64\BinThreads\NetPrep.exe
