C:\TRANSIMS\TRANSIMS60\PLANTRIPS\X64\BIN\VC110.PDB
C:\TRANSIMS\TRANSIMS60\X64\BIN\PLANTRIPS.EXE
C:\TRANSIMS\Transims60\PlanTrips\x64\Bin\Control.obj
C:\TRANSIMS\Transims60\PlanTrips\x64\Bin\Execute.obj
C:\TRANSIMS\Transims60\PlanTrips\x64\Bin\Get_Trip_Data.obj
C:\TRANSIMS\Transims60\PlanTrips\x64\Bin\PlanTrips.obj
C:\TRANSIMS\Transims60\PlanTrips\x64\Bin\Put_Trip_Data.obj
C:\TRANSIMS\Transims60\PlanTrips\x64\Bin\Read_Plan.obj
C:\TRANSIMS\Transims60\PlanTrips\x64\Bin\CL.2068.read.1.tlog
C:\TRANSIMS\Transims60\PlanTrips\x64\Bin\CL.2068.write.1.tlog
C:\TRANSIMS\Transims60\PlanTrips\x64\Bin\CL.4052.read.1.tlog
C:\TRANSIMS\Transims60\PlanTrips\x64\Bin\CL.4052.write.1.tlog
C:\TRANSIMS\Transims60\PlanTrips\x64\Bin\CL.5596.read.1.tlog
C:\TRANSIMS\Transims60\PlanTrips\x64\Bin\CL.5596.write.1.tlog
C:\TRANSIMS\Transims60\PlanTrips\x64\Bin\CL.6184.read.1.tlog
C:\TRANSIMS\Transims60\PlanTrips\x64\Bin\CL.6184.write.1.tlog
C:\TRANSIMS\Transims60\PlanTrips\x64\Bin\cl.command.1.tlog
C:\TRANSIMS\Transims60\PlanTrips\x64\Bin\CL.read.1.tlog
C:\TRANSIMS\Transims60\PlanTrips\x64\Bin\cl.write.1.tlog
C:\TRANSIMS\Transims60\PlanTrips\x64\Bin\link-cvtres.read.1.tlog
C:\TRANSIMS\Transims60\PlanTrips\x64\Bin\link-cvtres.write.1.tlog
C:\TRANSIMS\Transims60\PlanTrips\x64\Bin\link-rc.read.1.tlog
C:\TRANSIMS\Transims60\PlanTrips\x64\Bin\link-rc.write.1.tlog
C:\TRANSIMS\Transims60\PlanTrips\x64\Bin\link.command.1.tlog
C:\TRANSIMS\Transims60\PlanTrips\x64\Bin\link.read.1.tlog
C:\TRANSIMS\Transims60\PlanTrips\x64\Bin\link.write.1.tlog
C:\TRANSIMS\Transims60\PlanTrips\x64\Bin\vc110.pdb
C:\TRANSIMS\Transims60\x64\Bin\PlanTrips.exe
