C:\SOFTWARE\TRANSIMS60\PROBLEMSELECT\WIN32\BIN\VC110.PDB
C:\SOFTWARE\TRANSIMS60\WIN32\BIN\PROBLEMSELECT.EXE
C:\Software\Transims60\ProblemSelect\Win32\Bin\ProblemSelect.vcxprojResolveAssemblyReference.cache
C:\Software\Transims60\ProblemSelect\Win32\Bin\Control.obj
C:\Software\Transims60\ProblemSelect\Win32\Bin\Execute.obj
C:\Software\Transims60\ProblemSelect\Win32\Bin\Get_Problem_Data.obj
C:\Software\Transims60\ProblemSelect\Win32\Bin\ProblemSelect.obj
C:\Software\Transims60\ProblemSelect\Win32\Bin\CL.2492.read.1.tlog
C:\Software\Transims60\ProblemSelect\Win32\Bin\CL.2492.write.1.tlog
C:\Software\Transims60\ProblemSelect\Win32\Bin\CL.4340.read.1.tlog
C:\Software\Transims60\ProblemSelect\Win32\Bin\CL.4340.write.1.tlog
C:\Software\Transims60\ProblemSelect\Win32\Bin\CL.5852.read.1.tlog
C:\Software\Transims60\ProblemSelect\Win32\Bin\CL.5852.write.1.tlog
C:\Software\Transims60\ProblemSelect\Win32\Bin\CL.816.read.1.tlog
C:\Software\Transims60\ProblemSelect\Win32\Bin\CL.816.write.1.tlog
C:\Software\Transims60\ProblemSelect\Win32\Bin\cl.command.1.tlog
C:\Software\Transims60\ProblemSelect\Win32\Bin\CL.read.1.tlog
C:\Software\Transims60\ProblemSelect\Win32\Bin\cl.write.1.tlog
C:\Software\Transims60\ProblemSelect\Win32\Bin\link-cvtres.read.1.tlog
C:\Software\Transims60\ProblemSelect\Win32\Bin\link-cvtres.write.1.tlog
C:\Software\Transims60\ProblemSelect\Win32\Bin\link-rc.read.1.tlog
C:\Software\Transims60\ProblemSelect\Win32\Bin\link-rc.write.1.tlog
C:\Software\Transims60\ProblemSelect\Win32\Bin\link.command.1.tlog
C:\Software\Transims60\ProblemSelect\Win32\Bin\link.read.1.tlog
C:\Software\Transims60\ProblemSelect\Win32\Bin\link.write.1.tlog
