C:\SOFTWARE\TRANSIMS60\SYSLIB\WIN32\BIN\VC110.PDB
C:\SOFTWARE\TRANSIMS60\SYSLIB\WIN32\BIN\INPUT_OUTPUT.OBJ
C:\SOFTWARE\TRANSIMS60\SYSLIB\WIN32\BIN\INITIAL_TABLE.OBJ
C:\SOFTWARE\TRANSIMS60\SYSLIB\WIN32\BIN\INITIAL_MAP.OBJ
C:\SOFTWARE\TRANSIMS60\SYSLIB\WIN32\BIN\INITIAL_DECLARE.OBJ
C:\SOFTWARE\TRANSIMS60\SYSLIB\WIN32\BIN\GET_TOKEN.OBJ
C:\SOFTWARE\TRANSIMS60\SYSLIB\WIN32\BIN\FUNCTION.OBJ
C:\SOFTWARE\TRANSIMS60\SYSLIB\WIN32\BIN\EXECUTE.OBJ
C:\SOFTWARE\TRANSIMS60\SYSLIB\WIN32\BIN\DATE_TIME.OBJ
C:\SOFTWARE\TRANSIMS60\SYSLIB\WIN32\BIN\CONVERT.OBJ
C:\SOFTWARE\TRANSIMS60\SYSLIB\WIN32\BIN\COMPILE.OBJ
C:\SOFTWARE\TRANSIMS60\SYSLIB\WIN32\BIN\ASSIGN.OBJ
C:\SOFTWARE\TRANSIMS60\SYSLIB\WIN32\BIN\DB_STATUS.OBJ
C:\SOFTWARE\TRANSIMS60\SYSLIB\WIN32\BIN\DB_RECORD.OBJ
C:\SOFTWARE\TRANSIMS60\SYSLIB\WIN32\BIN\DB_MATRIX.OBJ
C:\SOFTWARE\TRANSIMS60\SYSLIB\WIN32\BIN\DB_HEADER.OBJ
C:\SOFTWARE\TRANSIMS60\SYSLIB\WIN32\BIN\DB_FILE.OBJ
C:\SOFTWARE\TRANSIMS60\SYSLIB\WIN32\BIN\DB_FIELD.OBJ
C:\SOFTWARE\TRANSIMS60\SYSLIB\WIN32\BIN\DB_BASE.OBJ
C:\SOFTWARE\TRANSIMS60\SYSLIB\WIN32\BIN\DB_ARRAY.OBJ
C:\SOFTWARE\TRANSIMS60\SYSLIB\WIN32\BIN\ARCVIEW_FILE.OBJ
C:\SOFTWARE\TRANSIMS60\SYSLIB\WIN32\BIN\BEST_LIST.OBJ
C:\SOFTWARE\TRANSIMS60\SYSLIB\WIN32\BIN\BARRIER.OBJ
C:\SOFTWARE\TRANSIMS60\SYSLIB\WIN32\BIN\STATIC_SERVICE.OBJ
C:\SOFTWARE\TRANSIMS60\SYSLIB\WIN32\BIN\REPORT_SERVICE.OBJ
C:\SOFTWARE\TRANSIMS60\SYSLIB\WIN32\BIN\MESSAGE_SERVICE.OBJ
C:\SOFTWARE\TRANSIMS60\SYSLIB\WIN32\BIN\EXECUTION_SERVICE.OBJ
C:\SOFTWARE\TRANSIMS60\SYSLIB\WIN32\BIN\CONTROL_SERVICE.OBJ
C:\SOFTWARE\TRANSIMS60\SYSLIB\WIN32\BIN\PROJECTION_SERVICE.OBJ
C:\SOFTWARE\TRANSIMS60\SYSLIB\WIN32\BIN\PROJECTION_DATA.OBJ
C:\SOFTWARE\TRANSIMS60\SYSLIB\WIN32\BIN\PROJECTION.OBJ
C:\SOFTWARE\TRANSIMS60\SYSLIB\WIN32\BIN\USER_PROGRAM.OBJ
C:\SOFTWARE\TRANSIMS60\SYSLIB\WIN32\BIN\TABLE.OBJ
C:\SOFTWARE\TRANSIMS60\SYSLIB\WIN32\BIN\RELATION.OBJ
C:\SOFTWARE\TRANSIMS60\SYSLIB\WIN32\BIN\READ_VALUE.OBJ
C:\SOFTWARE\TRANSIMS60\SYSLIB\WIN32\BIN\PROGRAM_CODE.OBJ
C:\SOFTWARE\TRANSIMS60\SYSLIB\WIN32\BIN\PROCESS_TOKEN.OBJ
C:\SOFTWARE\TRANSIMS60\SYSLIB\WIN32\BIN\PROCESS_COMMAND.OBJ
C:\SOFTWARE\TRANSIMS60\SYSLIB\WIN32\BIN\PRINT_COMMANDS.OBJ
C:\SOFTWARE\TRANSIMS60\SYSLIB\WIN32\BIN\MATH.OBJ
C:\SOFTWARE\TRANSIMS60\SYSLIB\WIN32\BIN\MAP.OBJ
C:\SOFTWARE\TRANSIMS60\SYSLIB\WIN32\BIN\TRIP_SUM_DATA.OBJ
C:\SOFTWARE\TRANSIMS60\SYSLIB\WIN32\BIN\TRIP_GAP_DATA.OBJ
C:\SOFTWARE\TRANSIMS60\SYSLIB\WIN32\BIN\TIME_PERIODS.OBJ
C:\SOFTWARE\TRANSIMS60\SYSLIB\WIN32\BIN\STRING.OBJ
C:\SOFTWARE\TRANSIMS60\SYSLIB\WIN32\BIN\STREAMS.OBJ
C:\SOFTWARE\TRANSIMS60\SYSLIB\WIN32\BIN\SMOOTH_DATA.OBJ
C:\SOFTWARE\TRANSIMS60\SYSLIB\WIN32\BIN\SHAPE_TOOLS.OBJ
C:\SOFTWARE\TRANSIMS60\SYSLIB\WIN32\BIN\RECORD_QUEUE.OBJ
C:\SOFTWARE\TRANSIMS60\SYSLIB\WIN32\BIN\RANGE_DATA.OBJ
C:\SOFTWARE\TRANSIMS60\SYSLIB\WIN32\BIN\RANDOM.OBJ
C:\SOFTWARE\TRANSIMS60\SYSLIB\WIN32\BIN\IPF_DATA.OBJ
C:\SOFTWARE\TRANSIMS60\SYSLIB\WIN32\BIN\FUNCTIONS.OBJ
C:\SOFTWARE\TRANSIMS60\SYSLIB\WIN32\BIN\EQUIV_DATA.OBJ
C:\SOFTWARE\TRANSIMS60\SYSLIB\WIN32\BIN\EQUATION.OBJ
C:\SOFTWARE\TRANSIMS60\SYSLIB\WIN32\BIN\DTIME.OBJ
C:\SOFTWARE\TRANSIMS60\SYSLIB\WIN32\BIN\DIFFERENCE_DATA.OBJ
C:\SOFTWARE\TRANSIMS60\SYSLIB\WIN32\BIN\DATA_RANGE.OBJ
C:\SOFTWARE\TRANSIMS60\SYSLIB\WIN32\BIN\DATA_BUFFER.OBJ
C:\SOFTWARE\TRANSIMS60\SYSLIB\WIN32\BIN\COMPASS.OBJ
C:\SOFTWARE\TRANSIMS60\SYSLIB\WIN32\BIN\BUFFER.OBJ
C:\SOFTWARE\TRANSIMS60\SYSLIB\WIN32\BIN\WORK_QUEUE.OBJ
C:\SOFTWARE\TRANSIMS60\SYSLIB\WIN32\BIN\SYSLIB.LIB
C:\Software\Transims60\SysLib\Win32\Bin\Arcview_File.obj
C:\Software\Transims60\SysLib\Win32\Bin\Assign.obj
C:\Software\Transims60\SysLib\Win32\Bin\Barrier.obj
C:\Software\Transims60\SysLib\Win32\Bin\Best_List.obj
C:\Software\Transims60\SysLib\Win32\Bin\Buffer.obj
C:\Software\Transims60\SysLib\Win32\Bin\Compass.obj
C:\Software\Transims60\SysLib\Win32\Bin\Compile.obj
C:\Software\Transims60\SysLib\Win32\Bin\Control_Service.obj
C:\Software\Transims60\SysLib\Win32\Bin\Convert.obj
C:\Software\Transims60\SysLib\Win32\Bin\Data_Buffer.obj
C:\Software\Transims60\SysLib\Win32\Bin\Data_Range.obj
C:\Software\Transims60\SysLib\Win32\Bin\Date_Time.obj
C:\Software\Transims60\SysLib\Win32\Bin\Db_Array.obj
C:\Software\Transims60\SysLib\Win32\Bin\Db_Base.obj
C:\Software\Transims60\SysLib\Win32\Bin\Db_Field.obj
C:\Software\Transims60\SysLib\Win32\Bin\Db_File.obj
C:\Software\Transims60\SysLib\Win32\Bin\Db_Header.obj
C:\Software\Transims60\SysLib\Win32\Bin\Db_Matrix.obj
C:\Software\Transims60\SysLib\Win32\Bin\Db_Record.obj
C:\Software\Transims60\SysLib\Win32\Bin\Db_Status.obj
C:\Software\Transims60\SysLib\Win32\Bin\Difference_Data.obj
C:\Software\Transims60\SysLib\Win32\Bin\Dtime.obj
C:\Software\Transims60\SysLib\Win32\Bin\Equation.obj
C:\Software\Transims60\SysLib\Win32\Bin\Equiv_Data.obj
C:\Software\Transims60\SysLib\Win32\Bin\Execute.obj
C:\Software\Transims60\SysLib\Win32\Bin\Execution_Service.obj
C:\Software\Transims60\SysLib\Win32\Bin\Function.obj
C:\Software\Transims60\SysLib\Win32\Bin\Functions.obj
C:\Software\Transims60\SysLib\Win32\Bin\Get_Token.obj
C:\Software\Transims60\SysLib\Win32\Bin\Initial_Declare.obj
C:\Software\Transims60\SysLib\Win32\Bin\Initial_Map.obj
C:\Software\Transims60\SysLib\Win32\Bin\Initial_Table.obj
C:\Software\Transims60\SysLib\Win32\Bin\Input_Output.obj
C:\Software\Transims60\SysLib\Win32\Bin\IPF_Data.obj
C:\Software\Transims60\SysLib\Win32\Bin\Map.obj
C:\Software\Transims60\SysLib\Win32\Bin\Math.obj
C:\Software\Transims60\SysLib\Win32\Bin\Message_Service.obj
C:\Software\Transims60\SysLib\Win32\Bin\Print_Commands.obj
C:\Software\Transims60\SysLib\Win32\Bin\Process_Command.obj
C:\Software\Transims60\SysLib\Win32\Bin\Process_Token.obj
C:\Software\Transims60\SysLib\Win32\Bin\Program_Code.obj
C:\Software\Transims60\SysLib\Win32\Bin\Projection.obj
C:\Software\Transims60\SysLib\Win32\Bin\Projection_Data.obj
C:\Software\Transims60\SysLib\Win32\Bin\Projection_Service.obj
C:\Software\Transims60\SysLib\Win32\Bin\Random.obj
C:\Software\Transims60\SysLib\Win32\Bin\Range_Data.obj
C:\Software\Transims60\SysLib\Win32\Bin\Read_Value.obj
C:\Software\Transims60\SysLib\Win32\Bin\Record_Queue.obj
C:\Software\Transims60\SysLib\Win32\Bin\Relation.obj
C:\Software\Transims60\SysLib\Win32\Bin\Report_Service.obj
C:\Software\Transims60\SysLib\Win32\Bin\Shape_Tools.obj
C:\Software\Transims60\SysLib\Win32\Bin\Smooth_Data.obj
C:\Software\Transims60\SysLib\Win32\Bin\Static_Service.obj
C:\Software\Transims60\SysLib\Win32\Bin\Streams.obj
C:\Software\Transims60\SysLib\Win32\Bin\String.obj
C:\Software\Transims60\SysLib\Win32\Bin\Table.obj
C:\Software\Transims60\SysLib\Win32\Bin\Time_Periods.obj
C:\Software\Transims60\SysLib\Win32\Bin\Trip_Gap_Data.obj
C:\Software\Transims60\SysLib\Win32\Bin\Trip_Sum_Data.obj
C:\Software\Transims60\SysLib\Win32\Bin\User_Program.obj
C:\Software\Transims60\SysLib\Win32\Bin\Work_Queue.obj
C:\Software\Transims60\SysLib\Win32\Bin\cl.command.1.tlog
C:\Software\Transims60\SysLib\Win32\Bin\CL.read.1.tlog
C:\Software\Transims60\SysLib\Win32\Bin\CL.write.1.tlog
C:\Software\Transims60\SysLib\Win32\Bin\Lib-link.read.1.tlog
C:\Software\Transims60\SysLib\Win32\Bin\Lib-link.write.1.tlog
C:\Software\Transims60\SysLib\Win32\Bin\lib.command.1.tlog
C:\Software\Transims60\SysLib\Win32\Bin\vc110.pdb
C:\Software\Transims60\SysLib\Win32\Bin\SysLib.lib
