C:\SOFTWARE\TRANSIMS60\SUBAREANET\WIN32\BIN\VC110.PDB
C:\SOFTWARE\TRANSIMS60\WIN32\BIN\SUBAREANET.EXE
C:\Software\Transims60\SubareaNet\Win32\Bin\SubareaNet.vcxprojResolveAssemblyReference.cache
C:\Software\Transims60\SubareaNet\Win32\Bin\Control.obj
C:\Software\Transims60\SubareaNet\Win32\Bin\Execute.obj
C:\Software\Transims60\SubareaNet\Win32\Bin\Get_Access_Data.obj
C:\Software\Transims60\SubareaNet\Win32\Bin\Get_Connect_Data.obj
C:\Software\Transims60\SubareaNet\Win32\Bin\Get_Detector_Data.obj
C:\Software\Transims60\SubareaNet\Win32\Bin\Get_Lane_Use_Data.obj
C:\Software\Transims60\SubareaNet\Win32\Bin\Get_Link_Data.obj
C:\Software\Transims60\SubareaNet\Win32\Bin\Get_Location_Data.obj
C:\Software\Transims60\SubareaNet\Win32\Bin\Get_Node_Data.obj
C:\Software\Transims60\SubareaNet\Win32\Bin\Get_Parking_Data.obj
C:\Software\Transims60\SubareaNet\Win32\Bin\Get_Phasing_Data.obj
C:\Software\Transims60\SubareaNet\Win32\Bin\Get_Pocket_Data.obj
C:\Software\Transims60\SubareaNet\Win32\Bin\Get_Signal_Data.obj
C:\Software\Transims60\SubareaNet\Win32\Bin\Get_Sign_Data.obj
C:\Software\Transims60\SubareaNet\Win32\Bin\Get_Stop_Data.obj
C:\Software\Transims60\SubareaNet\Win32\Bin\Get_Timing_Data.obj
C:\Software\Transims60\SubareaNet\Win32\Bin\Get_Turn_Pen_Data.obj
C:\Software\Transims60\SubareaNet\Win32\Bin\Get_Zone_Data.obj
C:\Software\Transims60\SubareaNet\Win32\Bin\SubareaNet.obj
C:\Software\Transims60\SubareaNet\Win32\Bin\Write_Boundary.obj
C:\Software\Transims60\SubareaNet\Win32\Bin\Write_Node.obj
C:\Software\Transims60\SubareaNet\Win32\Bin\Write_Route.obj
C:\Software\Transims60\SubareaNet\Win32\Bin\CL.2012.read.1.tlog
C:\Software\Transims60\SubareaNet\Win32\Bin\CL.2012.write.1.tlog
C:\Software\Transims60\SubareaNet\Win32\Bin\CL.3172.read.1.tlog
C:\Software\Transims60\SubareaNet\Win32\Bin\CL.3172.write.1.tlog
C:\Software\Transims60\SubareaNet\Win32\Bin\CL.5168.read.1.tlog
C:\Software\Transims60\SubareaNet\Win32\Bin\CL.5168.write.1.tlog
C:\Software\Transims60\SubareaNet\Win32\Bin\CL.5708.read.1.tlog
C:\Software\Transims60\SubareaNet\Win32\Bin\CL.5708.write.1.tlog
C:\Software\Transims60\SubareaNet\Win32\Bin\cl.command.1.tlog
C:\Software\Transims60\SubareaNet\Win32\Bin\CL.read.1.tlog
C:\Software\Transims60\SubareaNet\Win32\Bin\cl.write.1.tlog
C:\Software\Transims60\SubareaNet\Win32\Bin\link-cvtres.read.1.tlog
C:\Software\Transims60\SubareaNet\Win32\Bin\link-cvtres.write.1.tlog
C:\Software\Transims60\SubareaNet\Win32\Bin\link-rc.read.1.tlog
C:\Software\Transims60\SubareaNet\Win32\Bin\link-rc.write.1.tlog
C:\Software\Transims60\SubareaNet\Win32\Bin\link.command.1.tlog
C:\Software\Transims60\SubareaNet\Win32\Bin\link.read.1.tlog
C:\Software\Transims60\SubareaNet\Win32\Bin\link.write.1.tlog
