C:\SOFTWARE\TRANSIMS60\GRIDDATA\X64\BINTHREADS\VC110.PDB
C:\SOFTWARE\TRANSIMS60\X64\BINTHREADS\GRIDDATA.EXE
C:\Software\Transims60\GridData\x64\BinThreads\GridData.vcxprojResolveAssemblyReference.cache
C:\Software\Transims60\GridData\x64\BinThreads\Build_Grid.obj
C:\Software\Transims60\GridData\x64\BinThreads\Control.obj
C:\Software\Transims60\GridData\x64\BinThreads\Execute.obj
C:\Software\Transims60\GridData\x64\BinThreads\GridData.obj
C:\Software\Transims60\GridData\x64\BinThreads\Point_Grid.obj
C:\Software\Transims60\GridData\x64\BinThreads\Read_Boundary.obj
C:\Software\Transims60\GridData\x64\BinThreads\Read_Data.obj
C:\Software\Transims60\GridData\x64\BinThreads\Read_Points.obj
C:\Software\Transims60\GridData\x64\BinThreads\Read_Polygons.obj
C:\Software\Transims60\GridData\x64\BinThreads\Set_Files.obj
C:\Software\Transims60\GridData\x64\BinThreads\Sum_Grid.obj
C:\Software\Transims60\GridData\x64\BinThreads\Write_Grid.obj
C:\Software\Transims60\GridData\x64\BinThreads\Write_Summary.obj
C:\Software\Transims60\GridData\x64\BinThreads\Zone_Grids.obj
C:\Software\Transims60\GridData\x64\BinThreads\CL.4760.read.1.tlog
C:\Software\Transims60\GridData\x64\BinThreads\CL.4760.write.1.tlog
C:\Software\Transims60\GridData\x64\BinThreads\CL.4936.read.1.tlog
C:\Software\Transims60\GridData\x64\BinThreads\CL.4936.write.1.tlog
C:\Software\Transims60\GridData\x64\BinThreads\CL.5176.read.1.tlog
C:\Software\Transims60\GridData\x64\BinThreads\CL.5176.write.1.tlog
C:\Software\Transims60\GridData\x64\BinThreads\CL.5840.read.1.tlog
C:\Software\Transims60\GridData\x64\BinThreads\CL.5840.write.1.tlog
C:\Software\Transims60\GridData\x64\BinThreads\cl.command.1.tlog
C:\Software\Transims60\GridData\x64\BinThreads\CL.read.1.tlog
C:\Software\Transims60\GridData\x64\BinThreads\cl.write.1.tlog
C:\Software\Transims60\GridData\x64\BinThreads\link-cvtres.read.1.tlog
C:\Software\Transims60\GridData\x64\BinThreads\link-cvtres.write.1.tlog
C:\Software\Transims60\GridData\x64\BinThreads\link-rc.read.1.tlog
C:\Software\Transims60\GridData\x64\BinThreads\link-rc.write.1.tlog
C:\Software\Transims60\GridData\x64\BinThreads\link.command.1.tlog
C:\Software\Transims60\GridData\x64\BinThreads\link.read.1.tlog
C:\Software\Transims60\GridData\x64\BinThreads\link.write.1.tlog
C:\Software\Transims60\GridData\x64\BinThreads\vc110.pdb
C:\Software\Transims60\x64\BinThreads\GridData.exe
