C:\SOFTWARE\TRANSIMS60\PLANCOMPARE\WIN32\BIN\VC110.PDB
C:\SOFTWARE\TRANSIMS60\WIN32\BIN\PLANCOMPARE.EXE
C:\Software\Transims60\PlanCompare\Win32\Bin\PlanCompare.vcxprojResolveAssemblyReference.cache
C:\Software\Transims60\PlanCompare\Win32\Bin\Control.obj
C:\Software\Transims60\PlanCompare\Win32\Bin\Execute.obj
C:\Software\Transims60\PlanCompare\Win32\Bin\Merge_Plans.obj
C:\Software\Transims60\PlanCompare\Win32\Bin\MPI_Close.obj
C:\Software\Transims60\PlanCompare\Win32\Bin\MPI_Processing.obj
C:\Software\Transims60\PlanCompare\Win32\Bin\MPI_Setup.obj
C:\Software\Transims60\PlanCompare\Win32\Bin\MPI_Write.obj
C:\Software\Transims60\PlanCompare\Win32\Bin\PlanCompare.obj
C:\Software\Transims60\PlanCompare\Win32\Bin\Plan_Output.obj
C:\Software\Transims60\PlanCompare\Win32\Bin\Plan_Processing.obj
C:\Software\Transims60\PlanCompare\Win32\Bin\Read_Plans.obj
C:\Software\Transims60\PlanCompare\Win32\Bin\Select_Plans.obj
C:\Software\Transims60\PlanCompare\Win32\Bin\Write_Match.obj
C:\Software\Transims60\PlanCompare\Win32\Bin\Write_Plans.obj
C:\Software\Transims60\PlanCompare\Win32\Bin\CL.1172.read.1.tlog
C:\Software\Transims60\PlanCompare\Win32\Bin\CL.1172.write.1.tlog
C:\Software\Transims60\PlanCompare\Win32\Bin\CL.3912.read.1.tlog
C:\Software\Transims60\PlanCompare\Win32\Bin\CL.3912.write.1.tlog
C:\Software\Transims60\PlanCompare\Win32\Bin\CL.5612.read.1.tlog
C:\Software\Transims60\PlanCompare\Win32\Bin\CL.5612.write.1.tlog
C:\Software\Transims60\PlanCompare\Win32\Bin\CL.740.read.1.tlog
C:\Software\Transims60\PlanCompare\Win32\Bin\CL.740.write.1.tlog
C:\Software\Transims60\PlanCompare\Win32\Bin\cl.command.1.tlog
C:\Software\Transims60\PlanCompare\Win32\Bin\CL.read.1.tlog
C:\Software\Transims60\PlanCompare\Win32\Bin\cl.write.1.tlog
C:\Software\Transims60\PlanCompare\Win32\Bin\link-cvtres.read.1.tlog
C:\Software\Transims60\PlanCompare\Win32\Bin\link-cvtres.write.1.tlog
C:\Software\Transims60\PlanCompare\Win32\Bin\link-rc.read.1.tlog
C:\Software\Transims60\PlanCompare\Win32\Bin\link-rc.write.1.tlog
C:\Software\Transims60\PlanCompare\Win32\Bin\link.command.1.tlog
C:\Software\Transims60\PlanCompare\Win32\Bin\link.read.1.tlog
C:\Software\Transims60\PlanCompare\Win32\Bin\link.write.1.tlog
