C:\TRANSIMS\TRANSIMS51\CONVERTTRIP\WIN32\BIN\ADJUST_TRIPS.OBJ
C:\TRANSIMS\TRANSIMS51\CONVERTTRIP\WIN32\BIN\GET_ACCESS_DATA.OBJ
C:\TRANSIMS\TRANSIMS51\CONVERTTRIP\WIN32\BIN\GET_VEHICLE_DATA.OBJ
C:\TRANSIMS\TRANSIMS51\CONVERTTRIP\WIN32\BIN\READ_FACTORS.OBJ
C:\TRANSIMS\TRANSIMS51\CONVERTTRIP\WIN32\BIN\TOUR_FILE.OBJ
C:\TRANSIMS\TRANSIMS51\CONVERTTRIP\WIN32\BIN\TOUR_MAP.OBJ
C:\TRANSIMS\TRANSIMS51\CONVERTTRIP\WIN32\BIN\TOUR_PROCESS.OBJ
C:\TRANSIMS\TRANSIMS51\CONVERTTRIP\WIN32\BIN\COMPILE_SCRIPTS.OBJ
C:\TRANSIMS\TRANSIMS51\CONVERTTRIP\WIN32\BIN\EXECUTE.OBJ
C:\TRANSIMS\TRANSIMS51\CONVERTTRIP\WIN32\BIN\GET_TRIP_DATA.OBJ
C:\TRANSIMS\TRANSIMS51\CONVERTTRIP\WIN32\BIN\READ_DIURNAL.OBJ
C:\TRANSIMS\TRANSIMS51\CONVERTTRIP\WIN32\BIN\SET_TRIP.OBJ
C:\TRANSIMS\TRANSIMS51\CONVERTTRIP\WIN32\BIN\CONVERTTRIP_DATA.OBJ
C:\TRANSIMS\TRANSIMS51\CONVERTTRIP\WIN32\BIN\CONVERTTRIPS.OBJ
C:\TRANSIMS\TRANSIMS51\CONVERTTRIP\WIN32\BIN\GET_HOUSEHOLD_DATA.OBJ
C:\TRANSIMS\TRANSIMS51\CONVERTTRIP\WIN32\BIN\LOCATE_OD.OBJ
C:\TRANSIMS\TRANSIMS51\CONVERTTRIP\WIN32\BIN\READ_TRIP_TABLE.OBJ
C:\TRANSIMS\TRANSIMS51\CONVERTTRIP\WIN32\BIN\ZONE_LOCATION.OBJ
C:\TRANSIMS\TRANSIMS51\CONVERTTRIP\WIN32\BIN\CONTROL.OBJ
C:\TRANSIMS\TRANSIMS51\CONVERTTRIP\WIN32\BIN\DIURNAL_RESULTS.OBJ
C:\TRANSIMS\TRANSIMS51\CONVERTTRIP\WIN32\BIN\GET_LOCATION_DATA.OBJ
C:\TRANSIMS\TRANSIMS51\CONVERTTRIP\WIN32\BIN\PARKING_CHECK.OBJ
C:\TRANSIMS\TRANSIMS51\CONVERTTRIP\WIN32\BIN\SET_TIME.OBJ
C:\TRANSIMS\TRANSIMS51\CONVERTTRIP\WIN32\BIN\VC110.PDB
C:\TRANSIMS\TRANSIMS51\WIN32\BIN\CONVERTTRIP.EXE
C:\TRANSIMS\Transims51\ConvertTrip\Win32\Bin\Adjust_Trips.obj
C:\TRANSIMS\Transims51\ConvertTrip\Win32\Bin\Compile_Scripts.obj
C:\TRANSIMS\Transims51\ConvertTrip\Win32\Bin\Control.obj
C:\TRANSIMS\Transims51\ConvertTrip\Win32\Bin\ConvertTrips.obj
C:\TRANSIMS\Transims51\ConvertTrip\Win32\Bin\ConvertTrip_Data.obj
C:\TRANSIMS\Transims51\ConvertTrip\Win32\Bin\Diurnal_Results.obj
C:\TRANSIMS\Transims51\ConvertTrip\Win32\Bin\Execute.obj
C:\TRANSIMS\Transims51\ConvertTrip\Win32\Bin\Get_Access_Data.obj
C:\TRANSIMS\Transims51\ConvertTrip\Win32\Bin\Get_Household_Data.obj
C:\TRANSIMS\Transims51\ConvertTrip\Win32\Bin\Get_Location_Data.obj
C:\TRANSIMS\Transims51\ConvertTrip\Win32\Bin\Get_Trip_Data.obj
C:\TRANSIMS\Transims51\ConvertTrip\Win32\Bin\Get_Vehicle_Data.obj
C:\TRANSIMS\Transims51\ConvertTrip\Win32\Bin\Locate_OD.obj
C:\TRANSIMS\Transims51\ConvertTrip\Win32\Bin\Parking_Check.obj
C:\TRANSIMS\Transims51\ConvertTrip\Win32\Bin\Read_Diurnal.obj
C:\TRANSIMS\Transims51\ConvertTrip\Win32\Bin\Read_Factors.obj
C:\TRANSIMS\Transims51\ConvertTrip\Win32\Bin\Read_Trip_Table.obj
C:\TRANSIMS\Transims51\ConvertTrip\Win32\Bin\Set_Time.obj
C:\TRANSIMS\Transims51\ConvertTrip\Win32\Bin\Set_Trip.obj
C:\TRANSIMS\Transims51\ConvertTrip\Win32\Bin\Tour_File.obj
C:\TRANSIMS\Transims51\ConvertTrip\Win32\Bin\Tour_Map.obj
C:\TRANSIMS\Transims51\ConvertTrip\Win32\Bin\Tour_Process.obj
C:\TRANSIMS\Transims51\ConvertTrip\Win32\Bin\Zone_Location.obj
C:\TRANSIMS\Transims51\ConvertTrip\Win32\Bin\CL.2176.read.1.tlog
C:\TRANSIMS\Transims51\ConvertTrip\Win32\Bin\CL.2176.write.1.tlog
C:\TRANSIMS\Transims51\ConvertTrip\Win32\Bin\CL.2324.read.1.tlog
C:\TRANSIMS\Transims51\ConvertTrip\Win32\Bin\CL.2324.write.1.tlog
C:\TRANSIMS\Transims51\ConvertTrip\Win32\Bin\CL.2348.read.1.tlog
C:\TRANSIMS\Transims51\ConvertTrip\Win32\Bin\CL.2348.write.1.tlog
C:\TRANSIMS\Transims51\ConvertTrip\Win32\Bin\CL.2520.read.1.tlog
C:\TRANSIMS\Transims51\ConvertTrip\Win32\Bin\CL.2520.write.1.tlog
C:\TRANSIMS\Transims51\ConvertTrip\Win32\Bin\CL.3248.read.1.tlog
C:\TRANSIMS\Transims51\ConvertTrip\Win32\Bin\CL.3248.write.1.tlog
C:\TRANSIMS\Transims51\ConvertTrip\Win32\Bin\CL.3340.read.1.tlog
C:\TRANSIMS\Transims51\ConvertTrip\Win32\Bin\CL.3340.write.1.tlog
C:\TRANSIMS\Transims51\ConvertTrip\Win32\Bin\CL.3668.read.1.tlog
C:\TRANSIMS\Transims51\ConvertTrip\Win32\Bin\CL.3668.write.1.tlog
C:\TRANSIMS\Transims51\ConvertTrip\Win32\Bin\CL.3884.read.1.tlog
C:\TRANSIMS\Transims51\ConvertTrip\Win32\Bin\CL.3884.write.1.tlog
C:\TRANSIMS\Transims51\ConvertTrip\Win32\Bin\CL.4116.read.1.tlog
C:\TRANSIMS\Transims51\ConvertTrip\Win32\Bin\CL.4116.write.1.tlog
C:\TRANSIMS\Transims51\ConvertTrip\Win32\Bin\CL.4284.read.1.tlog
C:\TRANSIMS\Transims51\ConvertTrip\Win32\Bin\CL.4284.write.1.tlog
C:\TRANSIMS\Transims51\ConvertTrip\Win32\Bin\CL.4564.read.1.tlog
C:\TRANSIMS\Transims51\ConvertTrip\Win32\Bin\CL.4564.write.1.tlog
C:\TRANSIMS\Transims51\ConvertTrip\Win32\Bin\CL.4760.read.1.tlog
C:\TRANSIMS\Transims51\ConvertTrip\Win32\Bin\CL.4760.write.1.tlog
C:\TRANSIMS\Transims51\ConvertTrip\Win32\Bin\CL.4908.read.1.tlog
C:\TRANSIMS\Transims51\ConvertTrip\Win32\Bin\CL.4908.write.1.tlog
C:\TRANSIMS\Transims51\ConvertTrip\Win32\Bin\CL.5096.read.1.tlog
C:\TRANSIMS\Transims51\ConvertTrip\Win32\Bin\CL.5096.write.1.tlog
C:\TRANSIMS\Transims51\ConvertTrip\Win32\Bin\CL.5112.read.1.tlog
C:\TRANSIMS\Transims51\ConvertTrip\Win32\Bin\CL.5112.write.1.tlog
C:\TRANSIMS\Transims51\ConvertTrip\Win32\Bin\CL.5224.read.1.tlog
C:\TRANSIMS\Transims51\ConvertTrip\Win32\Bin\CL.5224.write.1.tlog
C:\TRANSIMS\Transims51\ConvertTrip\Win32\Bin\CL.5368.read.1.tlog
C:\TRANSIMS\Transims51\ConvertTrip\Win32\Bin\CL.5368.write.1.tlog
C:\TRANSIMS\Transims51\ConvertTrip\Win32\Bin\CL.5376.read.1.tlog
C:\TRANSIMS\Transims51\ConvertTrip\Win32\Bin\CL.5376.write.1.tlog
C:\TRANSIMS\Transims51\ConvertTrip\Win32\Bin\CL.5548.read.1.tlog
C:\TRANSIMS\Transims51\ConvertTrip\Win32\Bin\CL.5548.write.1.tlog
C:\TRANSIMS\Transims51\ConvertTrip\Win32\Bin\CL.5580.read.1.tlog
C:\TRANSIMS\Transims51\ConvertTrip\Win32\Bin\CL.5580.write.1.tlog
C:\TRANSIMS\Transims51\ConvertTrip\Win32\Bin\CL.5672.read.1.tlog
C:\TRANSIMS\Transims51\ConvertTrip\Win32\Bin\CL.5672.write.1.tlog
C:\TRANSIMS\Transims51\ConvertTrip\Win32\Bin\CL.5708.read.1.tlog
C:\TRANSIMS\Transims51\ConvertTrip\Win32\Bin\CL.5708.write.1.tlog
C:\TRANSIMS\Transims51\ConvertTrip\Win32\Bin\CL.5728.read.1.tlog
C:\TRANSIMS\Transims51\ConvertTrip\Win32\Bin\CL.5728.write.1.tlog
C:\TRANSIMS\Transims51\ConvertTrip\Win32\Bin\CL.5828.read.1.tlog
C:\TRANSIMS\Transims51\ConvertTrip\Win32\Bin\CL.5828.write.1.tlog
C:\TRANSIMS\Transims51\ConvertTrip\Win32\Bin\CL.5840.read.1.tlog
C:\TRANSIMS\Transims51\ConvertTrip\Win32\Bin\CL.5840.write.1.tlog
C:\TRANSIMS\Transims51\ConvertTrip\Win32\Bin\CL.5880.read.1.tlog
C:\TRANSIMS\Transims51\ConvertTrip\Win32\Bin\CL.5880.write.1.tlog
C:\TRANSIMS\Transims51\ConvertTrip\Win32\Bin\CL.5892.read.1.tlog
C:\TRANSIMS\Transims51\ConvertTrip\Win32\Bin\CL.5892.write.1.tlog
C:\TRANSIMS\Transims51\ConvertTrip\Win32\Bin\CL.5928.read.1.tlog
C:\TRANSIMS\Transims51\ConvertTrip\Win32\Bin\CL.5928.write.1.tlog
C:\TRANSIMS\Transims51\ConvertTrip\Win32\Bin\CL.6212.read.1.tlog
C:\TRANSIMS\Transims51\ConvertTrip\Win32\Bin\CL.6212.write.1.tlog
C:\TRANSIMS\Transims51\ConvertTrip\Win32\Bin\CL.6268.read.1.tlog
C:\TRANSIMS\Transims51\ConvertTrip\Win32\Bin\CL.6268.write.1.tlog
C:\TRANSIMS\Transims51\ConvertTrip\Win32\Bin\CL.6424.read.1.tlog
C:\TRANSIMS\Transims51\ConvertTrip\Win32\Bin\CL.6424.write.1.tlog
C:\TRANSIMS\Transims51\ConvertTrip\Win32\Bin\CL.6428.read.1.tlog
C:\TRANSIMS\Transims51\ConvertTrip\Win32\Bin\CL.6428.write.1.tlog
C:\TRANSIMS\Transims51\ConvertTrip\Win32\Bin\CL.6548.read.1.tlog
C:\TRANSIMS\Transims51\ConvertTrip\Win32\Bin\CL.6548.write.1.tlog
C:\TRANSIMS\Transims51\ConvertTrip\Win32\Bin\CL.672.read.1.tlog
C:\TRANSIMS\Transims51\ConvertTrip\Win32\Bin\CL.672.write.1.tlog
C:\TRANSIMS\Transims51\ConvertTrip\Win32\Bin\CL.6784.read.1.tlog
C:\TRANSIMS\Transims51\ConvertTrip\Win32\Bin\CL.6784.write.1.tlog
C:\TRANSIMS\Transims51\ConvertTrip\Win32\Bin\CL.6840.read.1.tlog
C:\TRANSIMS\Transims51\ConvertTrip\Win32\Bin\CL.6840.write.1.tlog
C:\TRANSIMS\Transims51\ConvertTrip\Win32\Bin\CL.6868.read.1.tlog
C:\TRANSIMS\Transims51\ConvertTrip\Win32\Bin\CL.6868.write.1.tlog
C:\TRANSIMS\Transims51\ConvertTrip\Win32\Bin\CL.7036.read.1.tlog
C:\TRANSIMS\Transims51\ConvertTrip\Win32\Bin\CL.7036.write.1.tlog
C:\TRANSIMS\Transims51\ConvertTrip\Win32\Bin\CL.816.read.1.tlog
C:\TRANSIMS\Transims51\ConvertTrip\Win32\Bin\CL.816.write.1.tlog
C:\TRANSIMS\Transims51\ConvertTrip\Win32\Bin\cl.command.1.tlog
C:\TRANSIMS\Transims51\ConvertTrip\Win32\Bin\CL.read.1.tlog
C:\TRANSIMS\Transims51\ConvertTrip\Win32\Bin\CL.write.1.tlog
C:\TRANSIMS\Transims51\ConvertTrip\Win32\Bin\link-cvtres.read.1.tlog
C:\TRANSIMS\Transims51\ConvertTrip\Win32\Bin\link-cvtres.write.1.tlog
C:\TRANSIMS\Transims51\ConvertTrip\Win32\Bin\link-rc.read.1.tlog
C:\TRANSIMS\Transims51\ConvertTrip\Win32\Bin\link-rc.write.1.tlog
C:\TRANSIMS\Transims51\ConvertTrip\Win32\Bin\link.command.1.tlog
C:\TRANSIMS\Transims51\ConvertTrip\Win32\Bin\link.read.1.tlog
C:\TRANSIMS\Transims51\ConvertTrip\Win32\Bin\link.write.1.tlog
C:\TRANSIMS\Transims51\ConvertTrip\Win32\Bin\NativeCodeAnalysis.read.1.tlog
C:\TRANSIMS\Transims51\ConvertTrip\Win32\Bin\vc110.pdb
C:\TRANSIMS\Transims51\ConvertTrip\Win32\Bin\Adjust_Trips.cpp.nativecodeanalysis.xml
C:\TRANSIMS\Transims51\ConvertTrip\Win32\Bin\Compile_Scripts.cpp.nativecodeanalysis.xml
C:\TRANSIMS\Transims51\ConvertTrip\Win32\Bin\Control.cpp.nativecodeanalysis.xml
C:\TRANSIMS\Transims51\ConvertTrip\Win32\Bin\ConvertTrips.cpp.nativecodeanalysis.xml
C:\TRANSIMS\Transims51\ConvertTrip\Win32\Bin\ConvertTrip_Data.cpp.nativecodeanalysis.xml
C:\TRANSIMS\Transims51\ConvertTrip\Win32\Bin\Diurnal_Results.cpp.nativecodeanalysis.xml
C:\TRANSIMS\Transims51\ConvertTrip\Win32\Bin\Execute.cpp.nativecodeanalysis.xml
C:\TRANSIMS\Transims51\ConvertTrip\Win32\Bin\Get_Access_Data.cpp.nativecodeanalysis.xml
C:\TRANSIMS\Transims51\ConvertTrip\Win32\Bin\Get_Household_Data.cpp.nativecodeanalysis.xml
C:\TRANSIMS\Transims51\ConvertTrip\Win32\Bin\Get_Location_Data.cpp.nativecodeanalysis.xml
C:\TRANSIMS\Transims51\ConvertTrip\Win32\Bin\Get_Trip_Data.cpp.nativecodeanalysis.xml
C:\TRANSIMS\Transims51\ConvertTrip\Win32\Bin\Get_Vehicle_Data.cpp.nativecodeanalysis.xml
C:\TRANSIMS\Transims51\ConvertTrip\Win32\Bin\Locate_OD.cpp.nativecodeanalysis.xml
C:\TRANSIMS\Transims51\ConvertTrip\Win32\Bin\Parking_Check.cpp.nativecodeanalysis.xml
C:\TRANSIMS\Transims51\ConvertTrip\Win32\Bin\Read_Diurnal.cpp.nativecodeanalysis.xml
C:\TRANSIMS\Transims51\ConvertTrip\Win32\Bin\Read_Factors.cpp.nativecodeanalysis.xml
C:\TRANSIMS\Transims51\ConvertTrip\Win32\Bin\Read_Trip_Table.cpp.nativecodeanalysis.xml
C:\TRANSIMS\Transims51\ConvertTrip\Win32\Bin\Set_Time.cpp.nativecodeanalysis.xml
C:\TRANSIMS\Transims51\ConvertTrip\Win32\Bin\Set_Trip.cpp.nativecodeanalysis.xml
C:\TRANSIMS\Transims51\ConvertTrip\Win32\Bin\Tour_File.cpp.nativecodeanalysis.xml
C:\TRANSIMS\Transims51\ConvertTrip\Win32\Bin\Tour_Map.cpp.nativecodeanalysis.xml
C:\TRANSIMS\Transims51\ConvertTrip\Win32\Bin\Tour_Process.cpp.nativecodeanalysis.xml
C:\TRANSIMS\Transims51\ConvertTrip\Win32\Bin\vc.nativecodeanalysis.all.xml
C:\TRANSIMS\Transims51\ConvertTrip\Win32\Bin\Zone_Location.cpp.nativecodeanalysis.xml
C:\TRANSIMS\Transims51\Win32\Bin\ConvertTrip.exe
