Build started 12/8/2012 3:21:17 PM.
     1>Project "C:\TRANSIMS\Transims51\ConvertTrip\ConvertTrip.vcxproj" on node 2 (Build target(s)).
     1>Link:
         C:\Program Files (x86)\Microsoft Visual Studio 11.0\VC\bin\link.exe /ERRORREPORT:PROMPT /OUT:"C:\TRANSIMS\Transims51\Win32\Bin\ConvertTrips.exe" /INCREMENTAL:NO /NOLOGO kernel32.lib user32.lib gdi32.lib winspool.lib comdlg32.lib advapi32.lib shell32.lib ole32.lib oleaut32.lib uuid.lib odbc32.lib odbccp32.lib /MANIFEST /MANIFESTUAC:"level='asInvoker' uiAccess='false'" /manifest:embed /PDB:"C:\TRANSIMS\Transims51\Win32\Bin\ConvertTrips.pdb" /SUBSYSTEM:CONSOLE,"5.01" /OPT:REF /OPT:ICF /TLBID:1 /DYNAMICBASE /NXCOMPAT /IMPLIB:"C:\TRANSIMS\Transims51\Win32\Bin\ConvertTrips.lib" /MACHINE:X86 /SAFESEH Win32\Bin\Adjust_Trips.obj
         Win32\Bin\Compile_Scripts.obj
         Win32\Bin\Control.obj
         Win32\Bin\ConvertTrip_Data.obj
         Win32\Bin\ConvertTrips.obj
         Win32\Bin\Diurnal_Results.obj
         Win32\Bin\Execute.obj
         Win32\Bin\Get_Access_Data.obj
         Win32\Bin\Get_Household_Data.obj
         Win32\Bin\Get_Location_Data.obj
         Win32\Bin\Get_Trip_Data.obj
         Win32\Bin\Get_Vehicle_Data.obj
         Win32\Bin\Locate_OD.obj
         Win32\Bin\Parking_Check.obj
         Win32\Bin\Read_Diurnal.obj
         Win32\Bin\Read_Factors.obj
         Win32\Bin\Read_Trip_Table.obj
         Win32\Bin\Set_Time.obj
         Win32\Bin\Set_Trip.obj
         Win32\Bin\Tour_File.obj
         Win32\Bin\Tour_Map.obj
         Win32\Bin\Tour_Process.obj
         Win32\Bin\Zone_Location.obj
         C:\TRANSIMS\Transims51\SysLib\Win32\Bin\SysLib.lib
         ConvertTrip.vcxproj -> C:\TRANSIMS\Transims51\Win32\Bin\ConvertTrips.exe
     1>Done Building Project "C:\TRANSIMS\Transims51\ConvertTrip\ConvertTrip.vcxproj" (Build target(s)).

Build succeeded.

Time Elapsed 00:00:04.19
