C:\TRANSIMS\TRANSIMS60\ROUTER\X64\BIN\VC110.PDB
C:\TRANSIMS\TRANSIMS60\X64\BIN\ROUTER.EXE
C:\TRANSIMS\Transims60\Router\x64\Bin\Control.obj
C:\TRANSIMS\Transims60\Router\x64\Bin\Copy_Plans.obj
C:\TRANSIMS\Transims60\Router\x64\Bin\Execute.obj
C:\TRANSIMS\Transims60\Router\x64\Bin\Get_Trip_Gap.obj
C:\TRANSIMS\Transims60\Router\x64\Bin\Iteration_Loop.obj
C:\TRANSIMS\Transims60\Router\x64\Bin\Link_Gap_Report.obj
C:\TRANSIMS\Transims60\Router\x64\Bin\Merge_Delay.obj
C:\TRANSIMS\Transims60\Router\x64\Bin\Minimize_VHT.obj
C:\TRANSIMS\Transims60\Router\x64\Bin\MPI_Link_Delay.obj
C:\TRANSIMS\Transims60\Router\x64\Bin\MPI_Processing.obj
C:\TRANSIMS\Transims60\Router\x64\Bin\MPI_Setup.obj
C:\TRANSIMS\Transims60\Router\x64\Bin\Part_Processor.obj
C:\TRANSIMS\Transims60\Router\x64\Bin\Read_Trips.obj
C:\TRANSIMS\Transims60\Router\x64\Bin\Router.obj
C:\TRANSIMS\Transims60\Router\x64\Bin\Save_Plans.obj
C:\TRANSIMS\Transims60\Router\x64\Bin\Selection.obj
C:\TRANSIMS\Transims60\Router\x64\Bin\Set_Partitions.obj
C:\TRANSIMS\Transims60\Router\x64\Bin\Trip_Gap_Report.obj
C:\TRANSIMS\Transims60\Router\x64\Bin\CL.4064.read.1.tlog
C:\TRANSIMS\Transims60\Router\x64\Bin\CL.4064.write.1.tlog
C:\TRANSIMS\Transims60\Router\x64\Bin\CL.5056.read.1.tlog
C:\TRANSIMS\Transims60\Router\x64\Bin\CL.5056.write.1.tlog
C:\TRANSIMS\Transims60\Router\x64\Bin\CL.6420.read.1.tlog
C:\TRANSIMS\Transims60\Router\x64\Bin\CL.6420.write.1.tlog
C:\TRANSIMS\Transims60\Router\x64\Bin\CL.6940.read.1.tlog
C:\TRANSIMS\Transims60\Router\x64\Bin\CL.6940.write.1.tlog
C:\TRANSIMS\Transims60\Router\x64\Bin\cl.command.1.tlog
C:\TRANSIMS\Transims60\Router\x64\Bin\CL.read.1.tlog
C:\TRANSIMS\Transims60\Router\x64\Bin\cl.write.1.tlog
C:\TRANSIMS\Transims60\Router\x64\Bin\link-cvtres.read.1.tlog
C:\TRANSIMS\Transims60\Router\x64\Bin\link-cvtres.write.1.tlog
C:\TRANSIMS\Transims60\Router\x64\Bin\link-rc.read.1.tlog
C:\TRANSIMS\Transims60\Router\x64\Bin\link-rc.write.1.tlog
C:\TRANSIMS\Transims60\Router\x64\Bin\link.command.1.tlog
C:\TRANSIMS\Transims60\Router\x64\Bin\link.read.1.tlog
C:\TRANSIMS\Transims60\Router\x64\Bin\link.write.1.tlog
C:\TRANSIMS\Transims60\Router\x64\Bin\vc110.pdb
C:\TRANSIMS\Transims60\x64\Bin\Router.exe
