C:\TRANSIMS\TRANSIMS60\ZONEDATA\X64\BIN\VC110.PDB
C:\TRANSIMS\TRANSIMS60\X64\BIN\ZONEDATA.EXE
C:\TRANSIMS\Transims60\ZoneData\x64\Bin\Control.obj
C:\TRANSIMS\Transims60\ZoneData\x64\Bin\Execute.obj
C:\TRANSIMS\Transims60\ZoneData\x64\Bin\Get_Zone_Data.obj
C:\TRANSIMS\Transims60\ZoneData\x64\Bin\Read_Data.obj
C:\TRANSIMS\Transims60\ZoneData\x64\Bin\Read_Polygons.obj
C:\TRANSIMS\Transims60\ZoneData\x64\Bin\Set_Files.obj
C:\TRANSIMS\Transims60\ZoneData\x64\Bin\Sum_Zone.obj
C:\TRANSIMS\Transims60\ZoneData\x64\Bin\Write_Zone.obj
C:\TRANSIMS\Transims60\ZoneData\x64\Bin\ZoneData.obj
C:\TRANSIMS\Transims60\ZoneData\x64\Bin\CL.416.read.1.tlog
C:\TRANSIMS\Transims60\ZoneData\x64\Bin\CL.416.write.1.tlog
C:\TRANSIMS\Transims60\ZoneData\x64\Bin\CL.4160.read.1.tlog
C:\TRANSIMS\Transims60\ZoneData\x64\Bin\CL.4160.write.1.tlog
C:\TRANSIMS\Transims60\ZoneData\x64\Bin\CL.4496.read.1.tlog
C:\TRANSIMS\Transims60\ZoneData\x64\Bin\CL.4496.write.1.tlog
C:\TRANSIMS\Transims60\ZoneData\x64\Bin\CL.6020.read.1.tlog
C:\TRANSIMS\Transims60\ZoneData\x64\Bin\CL.6020.write.1.tlog
C:\TRANSIMS\Transims60\ZoneData\x64\Bin\cl.command.1.tlog
C:\TRANSIMS\Transims60\ZoneData\x64\Bin\CL.read.1.tlog
C:\TRANSIMS\Transims60\ZoneData\x64\Bin\cl.write.1.tlog
C:\TRANSIMS\Transims60\ZoneData\x64\Bin\link-cvtres.read.1.tlog
C:\TRANSIMS\Transims60\ZoneData\x64\Bin\link-cvtres.write.1.tlog
C:\TRANSIMS\Transims60\ZoneData\x64\Bin\link-rc.read.1.tlog
C:\TRANSIMS\Transims60\ZoneData\x64\Bin\link-rc.write.1.tlog
C:\TRANSIMS\Transims60\ZoneData\x64\Bin\link.command.1.tlog
C:\TRANSIMS\Transims60\ZoneData\x64\Bin\link.read.1.tlog
C:\TRANSIMS\Transims60\ZoneData\x64\Bin\link.write.1.tlog
C:\TRANSIMS\Transims60\ZoneData\x64\Bin\vc110.pdb
C:\TRANSIMS\Transims60\x64\Bin\ZoneData.exe
