C:\TRANSIMS\TRANSIMS51\ROUTEPREP\DEBUG\CONTROL.CPP.NATIVECODEANALYSIS.XML
C:\TRANSIMS\TRANSIMS51\ROUTEPREP\DEBUG\CONTROL.OBJ
C:\TRANSIMS\TRANSIMS51\ROUTEPREP\DEBUG\VC110.PDB
C:\TRANSIMS\TRANSIMS51\ROUTEPREP\DEBUG\ENDLINE_STATION.CPP.NATIVECODEANALYSIS.XML
C:\TRANSIMS\TRANSIMS51\ROUTEPREP\DEBUG\ENDLINE_STATION.OBJ
C:\TRANSIMS\TRANSIMS51\ROUTEPREP\DEBUG\EXECUTE.CPP.NATIVECODEANALYSIS.XML
C:\TRANSIMS\TRANSIMS51\ROUTEPREP\DEBUG\EXECUTE.OBJ
C:\TRANSIMS\TRANSIMS51\ROUTEPREP\DEBUG\INLINE_STATION.CPP.NATIVECODEANALYSIS.XML
C:\TRANSIMS\TRANSIMS51\ROUTEPREP\DEBUG\INLINE_STATION.OBJ
C:\TRANSIMS\TRANSIMS51\ROUTEPREP\DEBUG\INSERT_LINK.CPP.NATIVECODEANALYSIS.XML
C:\TRANSIMS\TRANSIMS51\ROUTEPREP\DEBUG\INSERT_LINK.OBJ
C:\TRANSIMS\TRANSIMS51\ROUTEPREP\DEBUG\INSERT_STATIONS.CPP.NATIVECODEANALYSIS.XML
C:\TRANSIMS\TRANSIMS51\ROUTEPREP\DEBUG\INSERT_STATIONS.OBJ
C:\TRANSIMS\TRANSIMS51\ROUTEPREP\DEBUG\LINK_ORDER.CPP.NATIVECODEANALYSIS.XML
C:\TRANSIMS\TRANSIMS51\ROUTEPREP\DEBUG\LINK_ORDER.OBJ
C:\TRANSIMS\TRANSIMS51\ROUTEPREP\DEBUG\PLATFORM_LINK.CPP.NATIVECODEANALYSIS.XML
C:\TRANSIMS\TRANSIMS51\ROUTEPREP\DEBUG\PLATFORM_LINK.OBJ
C:\TRANSIMS\TRANSIMS51\ROUTEPREP\DEBUG\READ_ROUTES.CPP.NATIVECODEANALYSIS.XML
C:\TRANSIMS\TRANSIMS51\ROUTEPREP\DEBUG\READ_ROUTES.OBJ
C:\TRANSIMS\TRANSIMS51\ROUTEPREP\DEBUG\READ_ROUTE_STOPS.CPP.NATIVECODEANALYSIS.XML
C:\TRANSIMS\TRANSIMS51\ROUTEPREP\DEBUG\READ_ROUTE_STOPS.OBJ
C:\TRANSIMS\TRANSIMS51\ROUTEPREP\DEBUG\READ_SCRIPTS.CPP.NATIVECODEANALYSIS.XML
C:\TRANSIMS\TRANSIMS51\ROUTEPREP\DEBUG\READ_SCRIPTS.OBJ
C:\TRANSIMS\TRANSIMS51\ROUTEPREP\DEBUG\READ_STATIONS.CPP.NATIVECODEANALYSIS.XML
C:\TRANSIMS\TRANSIMS51\ROUTEPREP\DEBUG\READ_STATIONS.OBJ
C:\TRANSIMS\TRANSIMS51\ROUTEPREP\DEBUG\ROUTEPREP.CPP.NATIVECODEANALYSIS.XML
C:\TRANSIMS\TRANSIMS51\ROUTEPREP\DEBUG\ROUTEPREP.OBJ
C:\TRANSIMS\TRANSIMS51\ROUTEPREP\DEBUG\SAVE_ROUTE.CPP.NATIVECODEANALYSIS.XML
C:\TRANSIMS\TRANSIMS51\ROUTEPREP\DEBUG\SAVE_ROUTE.OBJ
C:\TRANSIMS\TRANSIMS51\ROUTEPREP\DEBUG\TRANSIFER_LINK.CPP.NATIVECODEANALYSIS.XML
C:\TRANSIMS\TRANSIMS51\ROUTEPREP\DEBUG\TRANSIFER_LINK.OBJ
C:\TRANSIMS\TRANSIMS51\ROUTEPREP\DEBUG\UPDATE_ROUTES.CPP.NATIVECODEANALYSIS.XML
C:\TRANSIMS\TRANSIMS51\ROUTEPREP\DEBUG\UPDATE_ROUTES.OBJ
C:\TRANSIMS\TRANSIMS51\DEBUG\ROUTEPREP.ILK
C:\TRANSIMS\TRANSIMS51\DEBUG\ROUTEPREP.EXE
C:\TRANSIMS\TRANSIMS51\DEBUG\ROUTEPREP.PDB
C:\TRANSIMS\Transims51\RoutePrep\Debug\RoutePrep.vcxprojResolveAssemblyReference.cache
C:\TRANSIMS\Transims51\RoutePrep\Debug\Control.obj
C:\TRANSIMS\Transims51\RoutePrep\Debug\Endline_Station.obj
C:\TRANSIMS\Transims51\RoutePrep\Debug\Execute.obj
C:\TRANSIMS\Transims51\RoutePrep\Debug\Inline_Station.obj
C:\TRANSIMS\Transims51\RoutePrep\Debug\Insert_Link.obj
C:\TRANSIMS\Transims51\RoutePrep\Debug\Insert_Stations.obj
C:\TRANSIMS\Transims51\RoutePrep\Debug\Link_Order.obj
C:\TRANSIMS\Transims51\RoutePrep\Debug\Platform_Link.obj
C:\TRANSIMS\Transims51\RoutePrep\Debug\Read_Routes.obj
C:\TRANSIMS\Transims51\RoutePrep\Debug\Read_Route_Stops.obj
C:\TRANSIMS\Transims51\RoutePrep\Debug\Read_Scripts.obj
C:\TRANSIMS\Transims51\RoutePrep\Debug\Read_Stations.obj
C:\TRANSIMS\Transims51\RoutePrep\Debug\RoutePrep.obj
C:\TRANSIMS\Transims51\RoutePrep\Debug\Save_Route.obj
C:\TRANSIMS\Transims51\RoutePrep\Debug\Transifer_Link.obj
C:\TRANSIMS\Transims51\RoutePrep\Debug\Update_Routes.obj
C:\TRANSIMS\Transims51\RoutePrep\Debug\cl.command.1.tlog
C:\TRANSIMS\Transims51\RoutePrep\Debug\CL.read.1.tlog
C:\TRANSIMS\Transims51\RoutePrep\Debug\CL.write.1.tlog
C:\TRANSIMS\Transims51\RoutePrep\Debug\link-cvtres.read.1.tlog
C:\TRANSIMS\Transims51\RoutePrep\Debug\link-cvtres.write.1.tlog
C:\TRANSIMS\Transims51\RoutePrep\Debug\link-rc.read.1.tlog
C:\TRANSIMS\Transims51\RoutePrep\Debug\link-rc.write.1.tlog
C:\TRANSIMS\Transims51\RoutePrep\Debug\link.2392-cvtres.read.1.tlog
C:\TRANSIMS\Transims51\RoutePrep\Debug\link.2392-cvtres.write.1.tlog
C:\TRANSIMS\Transims51\RoutePrep\Debug\link.2392-rc.read.1.tlog
C:\TRANSIMS\Transims51\RoutePrep\Debug\link.2392-rc.write.1.tlog
C:\TRANSIMS\Transims51\RoutePrep\Debug\link.2392.read.1.tlog
C:\TRANSIMS\Transims51\RoutePrep\Debug\link.2392.write.1.tlog
C:\TRANSIMS\Transims51\RoutePrep\Debug\link.2936-cvtres.read.1.tlog
C:\TRANSIMS\Transims51\RoutePrep\Debug\link.2936-cvtres.write.1.tlog
C:\TRANSIMS\Transims51\RoutePrep\Debug\link.2936-rc.read.1.tlog
C:\TRANSIMS\Transims51\RoutePrep\Debug\link.2936-rc.write.1.tlog
C:\TRANSIMS\Transims51\RoutePrep\Debug\link.2936.read.1.tlog
C:\TRANSIMS\Transims51\RoutePrep\Debug\link.2936.write.1.tlog
C:\TRANSIMS\Transims51\RoutePrep\Debug\link.2952-cvtres.read.1.tlog
C:\TRANSIMS\Transims51\RoutePrep\Debug\link.2952-cvtres.write.1.tlog
C:\TRANSIMS\Transims51\RoutePrep\Debug\link.2952-rc.read.1.tlog
C:\TRANSIMS\Transims51\RoutePrep\Debug\link.2952-rc.write.1.tlog
C:\TRANSIMS\Transims51\RoutePrep\Debug\link.2952.read.1.tlog
C:\TRANSIMS\Transims51\RoutePrep\Debug\link.2952.write.1.tlog
C:\TRANSIMS\Transims51\RoutePrep\Debug\link.3888-cvtres.read.1.tlog
C:\TRANSIMS\Transims51\RoutePrep\Debug\link.3888-cvtres.write.1.tlog
C:\TRANSIMS\Transims51\RoutePrep\Debug\link.3888-rc.read.1.tlog
C:\TRANSIMS\Transims51\RoutePrep\Debug\link.3888-rc.write.1.tlog
C:\TRANSIMS\Transims51\RoutePrep\Debug\link.3888.read.1.tlog
C:\TRANSIMS\Transims51\RoutePrep\Debug\link.3888.write.1.tlog
C:\TRANSIMS\Transims51\RoutePrep\Debug\link.4264-cvtres.read.1.tlog
C:\TRANSIMS\Transims51\RoutePrep\Debug\link.4264-cvtres.write.1.tlog
C:\TRANSIMS\Transims51\RoutePrep\Debug\link.4264-rc.read.1.tlog
C:\TRANSIMS\Transims51\RoutePrep\Debug\link.4264-rc.write.1.tlog
C:\TRANSIMS\Transims51\RoutePrep\Debug\link.4264.read.1.tlog
C:\TRANSIMS\Transims51\RoutePrep\Debug\link.4264.write.1.tlog
C:\TRANSIMS\Transims51\RoutePrep\Debug\link.4268-cvtres.read.1.tlog
C:\TRANSIMS\Transims51\RoutePrep\Debug\link.4268-cvtres.write.1.tlog
C:\TRANSIMS\Transims51\RoutePrep\Debug\link.4268-rc.read.1.tlog
C:\TRANSIMS\Transims51\RoutePrep\Debug\link.4268-rc.write.1.tlog
C:\TRANSIMS\Transims51\RoutePrep\Debug\link.4268.read.1.tlog
C:\TRANSIMS\Transims51\RoutePrep\Debug\link.4268.write.1.tlog
C:\TRANSIMS\Transims51\RoutePrep\Debug\link.4448-cvtres.read.1.tlog
C:\TRANSIMS\Transims51\RoutePrep\Debug\link.4448-cvtres.write.1.tlog
C:\TRANSIMS\Transims51\RoutePrep\Debug\link.4448-rc.read.1.tlog
C:\TRANSIMS\Transims51\RoutePrep\Debug\link.4448-rc.write.1.tlog
C:\TRANSIMS\Transims51\RoutePrep\Debug\link.4448.read.1.tlog
C:\TRANSIMS\Transims51\RoutePrep\Debug\link.4448.write.1.tlog
C:\TRANSIMS\Transims51\RoutePrep\Debug\link.4604-cvtres.read.1.tlog
C:\TRANSIMS\Transims51\RoutePrep\Debug\link.4604-cvtres.write.1.tlog
C:\TRANSIMS\Transims51\RoutePrep\Debug\link.4604-rc.read.1.tlog
C:\TRANSIMS\Transims51\RoutePrep\Debug\link.4604-rc.write.1.tlog
C:\TRANSIMS\Transims51\RoutePrep\Debug\link.4604.read.1.tlog
C:\TRANSIMS\Transims51\RoutePrep\Debug\link.4604.write.1.tlog
C:\TRANSIMS\Transims51\RoutePrep\Debug\link.4748-cvtres.read.1.tlog
C:\TRANSIMS\Transims51\RoutePrep\Debug\link.4748-cvtres.write.1.tlog
C:\TRANSIMS\Transims51\RoutePrep\Debug\link.4748-rc.read.1.tlog
C:\TRANSIMS\Transims51\RoutePrep\Debug\link.4748-rc.write.1.tlog
C:\TRANSIMS\Transims51\RoutePrep\Debug\link.4748.read.1.tlog
C:\TRANSIMS\Transims51\RoutePrep\Debug\link.4748.write.1.tlog
C:\TRANSIMS\Transims51\RoutePrep\Debug\link.4920-cvtres.read.1.tlog
C:\TRANSIMS\Transims51\RoutePrep\Debug\link.4920-cvtres.write.1.tlog
C:\TRANSIMS\Transims51\RoutePrep\Debug\link.4920-rc.read.1.tlog
C:\TRANSIMS\Transims51\RoutePrep\Debug\link.4920-rc.write.1.tlog
C:\TRANSIMS\Transims51\RoutePrep\Debug\link.4920.read.1.tlog
C:\TRANSIMS\Transims51\RoutePrep\Debug\link.4920.write.1.tlog
C:\TRANSIMS\Transims51\RoutePrep\Debug\link.6092-cvtres.read.1.tlog
C:\TRANSIMS\Transims51\RoutePrep\Debug\link.6092-cvtres.write.1.tlog
C:\TRANSIMS\Transims51\RoutePrep\Debug\link.6092-rc.read.1.tlog
C:\TRANSIMS\Transims51\RoutePrep\Debug\link.6092-rc.write.1.tlog
C:\TRANSIMS\Transims51\RoutePrep\Debug\link.6092.read.1.tlog
C:\TRANSIMS\Transims51\RoutePrep\Debug\link.6092.write.1.tlog
C:\TRANSIMS\Transims51\RoutePrep\Debug\link.command.1.tlog
C:\TRANSIMS\Transims51\RoutePrep\Debug\link.read.1.tlog
C:\TRANSIMS\Transims51\RoutePrep\Debug\link.write.1.tlog
C:\TRANSIMS\Transims51\RoutePrep\Debug\NativeCodeAnalysis.read.1.tlog
C:\TRANSIMS\Transims51\RoutePrep\Debug\vc110.idb
C:\TRANSIMS\Transims51\RoutePrep\Debug\vc110.pdb
C:\TRANSIMS\Transims51\RoutePrep\Debug\Control.cpp.nativecodeanalysis.xml
C:\TRANSIMS\Transims51\RoutePrep\Debug\Endline_Station.cpp.nativecodeanalysis.xml
C:\TRANSIMS\Transims51\RoutePrep\Debug\Execute.cpp.nativecodeanalysis.xml
C:\TRANSIMS\Transims51\RoutePrep\Debug\Inline_Station.cpp.nativecodeanalysis.xml
C:\TRANSIMS\Transims51\RoutePrep\Debug\Insert_Link.cpp.nativecodeanalysis.xml
C:\TRANSIMS\Transims51\RoutePrep\Debug\Insert_Stations.cpp.nativecodeanalysis.xml
C:\TRANSIMS\Transims51\RoutePrep\Debug\Link_Order.cpp.nativecodeanalysis.xml
C:\TRANSIMS\Transims51\RoutePrep\Debug\Platform_Link.cpp.nativecodeanalysis.xml
C:\TRANSIMS\Transims51\RoutePrep\Debug\Read_Routes.cpp.nativecodeanalysis.xml
C:\TRANSIMS\Transims51\RoutePrep\Debug\Read_Route_Stops.cpp.nativecodeanalysis.xml
C:\TRANSIMS\Transims51\RoutePrep\Debug\Read_Scripts.cpp.nativecodeanalysis.xml
C:\TRANSIMS\Transims51\RoutePrep\Debug\Read_Stations.cpp.nativecodeanalysis.xml
C:\TRANSIMS\Transims51\RoutePrep\Debug\RoutePrep.cpp.nativecodeanalysis.xml
C:\TRANSIMS\Transims51\RoutePrep\Debug\Save_Route.cpp.nativecodeanalysis.xml
C:\TRANSIMS\Transims51\RoutePrep\Debug\Transifer_Link.cpp.nativecodeanalysis.xml
C:\TRANSIMS\Transims51\RoutePrep\Debug\Update_Routes.cpp.nativecodeanalysis.xml
C:\TRANSIMS\Transims51\RoutePrep\Debug\vc.nativecodeanalysis.all.xml
C:\TRANSIMS\Transims51\Debug\RoutePrep.pdb
C:\TRANSIMS\Transims51\Debug\RoutePrep.exe
C:\TRANSIMS\Transims51\Debug\RoutePrep.ilk
C:\TRANSIMS\Transims51\Debug\RoutePrep.exe.lastcodeanalysissucceeded
