C:\TRANSIMS\TRANSIMS60\RIDERSUM\X64\BIN\VC110.PDB
C:\TRANSIMS\TRANSIMS60\X64\BIN\RIDERSUM.EXE
C:\TRANSIMS\TRANSIMS60\X64\BIN\RIDERSUM.PDB
C:\TRANSIMS\Transims60\RiderSum\x64\Bin\Control.obj
C:\TRANSIMS\Transims60\RiderSum\x64\Bin\Execute.obj
C:\TRANSIMS\Transims60\RiderSum\x64\Bin\Group_Rider_Report.obj
C:\TRANSIMS\Transims60\RiderSum\x64\Bin\Line_Group_Report.obj
C:\TRANSIMS\Transims60\RiderSum\x64\Bin\Line_Rider_Report.obj
C:\TRANSIMS\Transims60\RiderSum\x64\Bin\Line_Sum_Report.obj
C:\TRANSIMS\Transims60\RiderSum\x64\Bin\Link_Selection.obj
C:\TRANSIMS\Transims60\RiderSum\x64\Bin\RiderSum.obj
C:\TRANSIMS\Transims60\RiderSum\x64\Bin\Run_Selection.obj
C:\TRANSIMS\Transims60\RiderSum\x64\Bin\Setup_Riders.obj
C:\TRANSIMS\Transims60\RiderSum\x64\Bin\Stop_Group_Report.obj
C:\TRANSIMS\Transims60\RiderSum\x64\Bin\Stop_Route_Report.obj
C:\TRANSIMS\Transims60\RiderSum\x64\Bin\Stop_Run_Report.obj
C:\TRANSIMS\Transims60\RiderSum\x64\Bin\Stop_Sum_Report.obj
C:\TRANSIMS\Transims60\RiderSum\x64\Bin\Sum_Riders.obj
C:\TRANSIMS\Transims60\RiderSum\x64\Bin\Write_Group_Rider.obj
C:\TRANSIMS\Transims60\RiderSum\x64\Bin\Write_Line_Rider.obj
C:\TRANSIMS\Transims60\RiderSum\x64\Bin\Write_Stop_Details.obj
C:\TRANSIMS\Transims60\RiderSum\x64\Bin\Write_Stop_Profile.obj
C:\TRANSIMS\Transims60\RiderSum\x64\Bin\Write_Stop_Route.obj
C:\TRANSIMS\Transims60\RiderSum\x64\Bin\CL.2404.read.1.tlog
C:\TRANSIMS\Transims60\RiderSum\x64\Bin\CL.2404.write.1.tlog
C:\TRANSIMS\Transims60\RiderSum\x64\Bin\CL.3136.read.1.tlog
C:\TRANSIMS\Transims60\RiderSum\x64\Bin\CL.3136.write.1.tlog
C:\TRANSIMS\Transims60\RiderSum\x64\Bin\CL.4368.read.1.tlog
C:\TRANSIMS\Transims60\RiderSum\x64\Bin\CL.4368.write.1.tlog
C:\TRANSIMS\Transims60\RiderSum\x64\Bin\CL.5284.read.1.tlog
C:\TRANSIMS\Transims60\RiderSum\x64\Bin\CL.5284.write.1.tlog
C:\TRANSIMS\Transims60\RiderSum\x64\Bin\cl.command.1.tlog
C:\TRANSIMS\Transims60\RiderSum\x64\Bin\CL.read.1.tlog
C:\TRANSIMS\Transims60\RiderSum\x64\Bin\cl.write.1.tlog
C:\TRANSIMS\Transims60\RiderSum\x64\Bin\link-cvtres.read.1.tlog
C:\TRANSIMS\Transims60\RiderSum\x64\Bin\link-cvtres.write.1.tlog
C:\TRANSIMS\Transims60\RiderSum\x64\Bin\link-rc.read.1.tlog
C:\TRANSIMS\Transims60\RiderSum\x64\Bin\link-rc.write.1.tlog
C:\TRANSIMS\Transims60\RiderSum\x64\Bin\link.command.1.tlog
C:\TRANSIMS\Transims60\RiderSum\x64\Bin\link.read.1.tlog
C:\TRANSIMS\Transims60\RiderSum\x64\Bin\link.write.1.tlog
C:\TRANSIMS\Transims60\RiderSum\x64\Bin\vc110.pdb
C:\TRANSIMS\Transims60\x64\Bin\RiderSum.pdb
C:\TRANSIMS\Transims60\x64\Bin\RiderSum.exe
