C:\SOFTWARE\TRANSIMS60\TRANSITACCESS\X64\BINTHREADS\VC110.PDB
C:\SOFTWARE\TRANSIMS60\X64\BINTHREADS\TRANSITACCESS.EXE
C:\Software\Transims60\TransitAccess\x64\BinThreads\TransitAccess.vcxprojResolveAssemblyReference.cache
C:\Software\Transims60\TransitAccess\x64\BinThreads\Control.obj
C:\Software\Transims60\TransitAccess\x64\BinThreads\Execute.obj
C:\Software\Transims60\TransitAccess\x64\BinThreads\Process_Origin.obj
C:\Software\Transims60\TransitAccess\x64\BinThreads\Read_Extra.obj
C:\Software\Transims60\TransitAccess\x64\BinThreads\Read_Link.obj
C:\Software\Transims60\TransitAccess\x64\BinThreads\Read_Node.obj
C:\Software\Transims60\TransitAccess\x64\BinThreads\Read_Skims.obj
C:\Software\Transims60\TransitAccess\x64\BinThreads\Read_Slug.obj
C:\Software\Transims60\TransitAccess\x64\BinThreads\Read_Station.obj
C:\Software\Transims60\TransitAccess\x64\BinThreads\Read_Zone.obj
C:\Software\Transims60\TransitAccess\x64\BinThreads\Station_Report.obj
C:\Software\Transims60\TransitAccess\x64\BinThreads\TransitAccess.obj
C:\Software\Transims60\TransitAccess\x64\BinThreads\Walk_Access.obj
C:\Software\Transims60\TransitAccess\x64\BinThreads\Zone_Report.obj
C:\Software\Transims60\TransitAccess\x64\BinThreads\CL.5000.read.1.tlog
C:\Software\Transims60\TransitAccess\x64\BinThreads\CL.5000.write.1.tlog
C:\Software\Transims60\TransitAccess\x64\BinThreads\CL.5460.read.1.tlog
C:\Software\Transims60\TransitAccess\x64\BinThreads\CL.5460.write.1.tlog
C:\Software\Transims60\TransitAccess\x64\BinThreads\CL.5676.read.1.tlog
C:\Software\Transims60\TransitAccess\x64\BinThreads\CL.5676.write.1.tlog
C:\Software\Transims60\TransitAccess\x64\BinThreads\CL.6060.read.1.tlog
C:\Software\Transims60\TransitAccess\x64\BinThreads\CL.6060.write.1.tlog
C:\Software\Transims60\TransitAccess\x64\BinThreads\cl.command.1.tlog
C:\Software\Transims60\TransitAccess\x64\BinThreads\CL.read.1.tlog
C:\Software\Transims60\TransitAccess\x64\BinThreads\cl.write.1.tlog
C:\Software\Transims60\TransitAccess\x64\BinThreads\link-cvtres.read.1.tlog
C:\Software\Transims60\TransitAccess\x64\BinThreads\link-cvtres.write.1.tlog
C:\Software\Transims60\TransitAccess\x64\BinThreads\link-rc.read.1.tlog
C:\Software\Transims60\TransitAccess\x64\BinThreads\link-rc.write.1.tlog
C:\Software\Transims60\TransitAccess\x64\BinThreads\link.command.1.tlog
C:\Software\Transims60\TransitAccess\x64\BinThreads\link.read.1.tlog
C:\Software\Transims60\TransitAccess\x64\BinThreads\link.write.1.tlog
C:\Software\Transims60\TransitAccess\x64\BinThreads\vc110.pdb
C:\Software\Transims60\x64\BinThreads\TransitAccess.exe
