Build started 3/7/2014 8:04:03 AM.
     1>Project "C:\Software\Transims60\TransitAccess\TransitAccess.vcxproj" on node 4 (Build target(s)).
     1>ClCompile:
         C:\Program Files (x86)\Microsoft Visual Studio 11.0\VC\bin\x86_amd64\CL.exe /c /I..\Include /Zi /nologo /W4 /WX /MP /O2 /Oi /D WIN32 /D NDEBUG /D _CONSOLE /D THREADS /Gm- /EHsc /MT /GS /Gy- /Qpar /fp:precise /Zc:wchar_t /Zc:forScope /Fo"x64\BinThreads\\" /Fd"x64\BinThreads\vc110.pdb" /Gd /TP /errorReport:prompt Control.cpp Execute.cpp Process_Origin.cpp Read_Extra.cpp Read_Link.cpp Read_Node.cpp Read_Skims.cpp Read_Slug.cpp Read_Station.cpp Read_Zone.cpp Station_Report.cpp TransitAccess.cpp Walk_Access.cpp Zone_Report.cpp
         Control.cpp
         Execute.cpp
         Process_Origin.cpp
         Read_Extra.cpp
         Read_Link.cpp
         Read_Node.cpp
         Read_Skims.cpp
         Read_Slug.cpp
         Read_Station.cpp
         Read_Zone.cpp
         Station_Report.cpp
         TransitAccess.cpp
         Walk_Access.cpp
         Zone_Report.cpp
       Link:
         C:\Program Files (x86)\Microsoft Visual Studio 11.0\VC\bin\x86_amd64\link.exe /ERRORREPORT:PROMPT /OUT:"C:\Software\Transims60\x64\BinThreads\TransitAccess.exe" /INCREMENTAL:NO /NOLOGO kernel32.lib user32.lib gdi32.lib winspool.lib comdlg32.lib advapi32.lib shell32.lib ole32.lib oleaut32.lib uuid.lib odbc32.lib odbccp32.lib /MANIFEST /MANIFESTUAC:"level='asInvoker' uiAccess='false'" /manifest:embed /PDB:"C:\Software\Transims60\x64\BinThreads\TransitAccess.pdb" /SUBSYSTEM:CONSOLE,"5.02" /OPT:REF /OPT:ICF /TLBID:1 /DYNAMICBASE /NXCOMPAT /IMPLIB:"C:\Software\Transims60\x64\BinThreads\TransitAccess.lib" /MACHINE:X64 x64\BinThreads\Control.obj
         x64\BinThreads\Execute.obj
         x64\BinThreads\Process_Origin.obj
         x64\BinThreads\Read_Extra.obj
         x64\BinThreads\Read_Link.obj
         x64\BinThreads\Read_Node.obj
         x64\BinThreads\Read_Skims.obj
         x64\BinThreads\Read_Slug.obj
         x64\BinThreads\Read_Station.obj
         x64\BinThreads\Read_Zone.obj
         x64\BinThreads\Station_Report.obj
         x64\BinThreads\TransitAccess.obj
         x64\BinThreads\Walk_Access.obj
         x64\BinThreads\Zone_Report.obj
         C:\Software\Transims60\SysLib\x64\BinThreads\SysLib.lib
         C:\Software\Transims60\File_Data_Service\x64\BinThreads\File_Data_Service.lib
         C:\Software\Transims60\TcadLib\x64\BinThreads\TcadLib.lib
         C:\Software\Transims60\TppLib\x64\BinThreads\TppLib.lib
         TransitAccess.vcxproj -> C:\Software\Transims60\x64\BinThreads\TransitAccess.exe
     1>Done Building Project "C:\Software\Transims60\TransitAccess\TransitAccess.vcxproj" (Build target(s)).

Build succeeded.

Time Elapsed 00:00:37.84
