C:\TRANSIMS\TRANSIMS60\FRATAR\X64\BIN\VC110.PDB
C:\TRANSIMS\TRANSIMS60\X64\BIN\FRATAR.EXE
C:\TRANSIMS\Transims60\Fratar\x64\Bin\Control.obj
C:\TRANSIMS\Transims60\Fratar\x64\Bin\Execute.obj
C:\TRANSIMS\Transims60\Fratar\x64\Bin\Fratar.obj
C:\TRANSIMS\Transims60\Fratar\x64\Bin\Processing.obj
C:\TRANSIMS\Transims60\Fratar\x64\Bin\Read_Margins.obj
C:\TRANSIMS\Transims60\Fratar\x64\Bin\Read_Table.obj
C:\TRANSIMS\Transims60\Fratar\x64\Bin\Write_Table.obj
C:\TRANSIMS\Transims60\Fratar\x64\Bin\CL.3344.read.1.tlog
C:\TRANSIMS\Transims60\Fratar\x64\Bin\CL.3344.write.1.tlog
C:\TRANSIMS\Transims60\Fratar\x64\Bin\CL.4400.read.1.tlog
C:\TRANSIMS\Transims60\Fratar\x64\Bin\CL.4400.write.1.tlog
C:\TRANSIMS\Transims60\Fratar\x64\Bin\CL.5088.read.1.tlog
C:\TRANSIMS\Transims60\Fratar\x64\Bin\CL.5088.write.1.tlog
C:\TRANSIMS\Transims60\Fratar\x64\Bin\CL.688.read.1.tlog
C:\TRANSIMS\Transims60\Fratar\x64\Bin\CL.688.write.1.tlog
C:\TRANSIMS\Transims60\Fratar\x64\Bin\cl.command.1.tlog
C:\TRANSIMS\Transims60\Fratar\x64\Bin\CL.read.1.tlog
C:\TRANSIMS\Transims60\Fratar\x64\Bin\cl.write.1.tlog
C:\TRANSIMS\Transims60\Fratar\x64\Bin\link-cvtres.read.1.tlog
C:\TRANSIMS\Transims60\Fratar\x64\Bin\link-cvtres.write.1.tlog
C:\TRANSIMS\Transims60\Fratar\x64\Bin\link-rc.read.1.tlog
C:\TRANSIMS\Transims60\Fratar\x64\Bin\link-rc.write.1.tlog
C:\TRANSIMS\Transims60\Fratar\x64\Bin\link.command.1.tlog
C:\TRANSIMS\Transims60\Fratar\x64\Bin\link.read.1.tlog
C:\TRANSIMS\Transims60\Fratar\x64\Bin\link.write.1.tlog
C:\TRANSIMS\Transims60\Fratar\x64\Bin\vc110.pdb
C:\TRANSIMS\Transims60\x64\Bin\Fratar.exe
