C:\SOFTWARE\TRANSIMS60\ROUTER_SERVICE\X64\BINTHREADS\VC110.PDB
C:\SOFTWARE\TRANSIMS60\ROUTER_SERVICE\X64\BINTHREADS\ROUTER_SERVICE.LIB
C:\Software\Transims60\Router_Service\x64\BinThreads\Router_Service.vcxprojResolveAssemblyReference.cache
C:\Software\Transims60\Router_Service\x64\BinThreads\Array_Processing.obj
C:\Software\Transims60\Router_Service\x64\BinThreads\Best_Destination.obj
C:\Software\Transims60\Router_Service\x64\BinThreads\Best_Lane_Use.obj
C:\Software\Transims60\Router_Service\x64\BinThreads\Build_Path.obj
C:\Software\Transims60\Router_Service\x64\BinThreads\Control.obj
C:\Software\Transims60\Router_Service\x64\BinThreads\Drive_Path.obj
C:\Software\Transims60\Router_Service\x64\BinThreads\Drive_Plan.obj
C:\Software\Transims60\Router_Service\x64\BinThreads\Drive_Transit.obj
C:\Software\Transims60\Router_Service\x64\BinThreads\Execute.obj
C:\Software\Transims60\Router_Service\x64\BinThreads\Get_Household_Data.obj
C:\Software\Transims60\Router_Service\x64\BinThreads\Location_Access.obj
C:\Software\Transims60\Router_Service\x64\BinThreads\Magic_Move.obj
C:\Software\Transims60\Router_Service\x64\BinThreads\Node_Path.obj
C:\Software\Transims60\Router_Service\x64\BinThreads\Node_Plan.obj
C:\Software\Transims60\Router_Service\x64\BinThreads\Parking_Access.obj
C:\Software\Transims60\Router_Service\x64\BinThreads\Parking_Update.obj
C:\Software\Transims60\Router_Service\x64\BinThreads\Path_Builder.obj
C:\Software\Transims60\Router_Service\x64\BinThreads\Plan_Build.obj
C:\Software\Transims60\Router_Service\x64\BinThreads\Plan_Flow.obj
C:\Software\Transims60\Router_Service\x64\BinThreads\Plan_Processor.obj
C:\Software\Transims60\Router_Service\x64\BinThreads\Plan_ReRoute.obj
C:\Software\Transims60\Router_Service\x64\BinThreads\Plan_Update.obj
C:\Software\Transims60\Router_Service\x64\BinThreads\Router_Service.obj
C:\Software\Transims60\Router_Service\x64\BinThreads\Save_Skims.obj
C:\Software\Transims60\Router_Service\x64\BinThreads\Set_Parameters.obj
C:\Software\Transims60\Router_Service\x64\BinThreads\Skim_Build.obj
C:\Software\Transims60\Router_Service\x64\BinThreads\Skim_Processor.obj
C:\Software\Transims60\Router_Service\x64\BinThreads\Stop_Alight.obj
C:\Software\Transims60\Router_Service\x64\BinThreads\Stop_Board.obj
C:\Software\Transims60\Router_Service\x64\BinThreads\Trace_Path.obj
C:\Software\Transims60\Router_Service\x64\BinThreads\Transit_Access.obj
C:\Software\Transims60\Router_Service\x64\BinThreads\Transit_Parking.obj
C:\Software\Transims60\Router_Service\x64\BinThreads\Transit_Path.obj
C:\Software\Transims60\Router_Service\x64\BinThreads\Transit_Plan.obj
C:\Software\Transims60\Router_Service\x64\BinThreads\Walk_Access.obj
C:\Software\Transims60\Router_Service\x64\BinThreads\CL.3708.read.1.tlog
C:\Software\Transims60\Router_Service\x64\BinThreads\CL.3708.write.1.tlog
C:\Software\Transims60\Router_Service\x64\BinThreads\CL.4664.read.1.tlog
C:\Software\Transims60\Router_Service\x64\BinThreads\CL.4664.write.1.tlog
C:\Software\Transims60\Router_Service\x64\BinThreads\CL.5720.read.1.tlog
C:\Software\Transims60\Router_Service\x64\BinThreads\CL.5720.write.1.tlog
C:\Software\Transims60\Router_Service\x64\BinThreads\CL.5972.read.1.tlog
C:\Software\Transims60\Router_Service\x64\BinThreads\CL.5972.write.1.tlog
C:\Software\Transims60\Router_Service\x64\BinThreads\cl.command.1.tlog
C:\Software\Transims60\Router_Service\x64\BinThreads\CL.read.1.tlog
C:\Software\Transims60\Router_Service\x64\BinThreads\cl.write.1.tlog
C:\Software\Transims60\Router_Service\x64\BinThreads\Lib-link.read.1.tlog
C:\Software\Transims60\Router_Service\x64\BinThreads\Lib-link.write.1.tlog
C:\Software\Transims60\Router_Service\x64\BinThreads\lib.command.1.tlog
C:\Software\Transims60\Router_Service\x64\BinThreads\vc110.pdb
C:\Software\Transims60\Router_Service\x64\BinThreads\Router_Service.lib
