Build started 3/7/2014 8:00:13 AM.
     1>Project "C:\Software\Transims60\EventSum\EventSum.vcxproj" on node 4 (Build target(s)).
     1>ClCompile:
         C:\Program Files (x86)\Microsoft Visual Studio 11.0\VC\bin\x86_amd64\CL.exe /c /I..\Include /Zi /nologo /W4 /WX /MP /O2 /D WIN32 /D NDEBUG /D _CONSOLE /D THREADS /Gm- /EHsc /MT /GS /Gy- /Qpar /fp:precise /Zc:wchar_t /Zc:forScope /Fo"x64\BinThreads\\" /Fd"x64\BinThreads\vc110.pdb" /Gd /TP /analyze- /errorReport:prompt Control.cpp EventSum.cpp Execute.cpp Read_Events.cpp Read_Times.cpp Read_Trips.cpp Select_Travelers.cpp Update_Plans.cpp Write_Links.cpp Write_Time_Sum.cpp Write_Times.cpp
         Control.cpp
         EventSum.cpp
         Execute.cpp
         Read_Events.cpp
         Read_Times.cpp
         Read_Trips.cpp
         Select_Travelers.cpp
         Update_Plans.cpp
         Write_Links.cpp
         Write_Time_Sum.cpp
         Write_Times.cpp
       Link:
         C:\Program Files (x86)\Microsoft Visual Studio 11.0\VC\bin\x86_amd64\link.exe /ERRORREPORT:PROMPT /OUT:"C:\Software\Transims60\x64\BinThreads\EventSum.exe" /INCREMENTAL:NO /NOLOGO kernel32.lib user32.lib gdi32.lib winspool.lib comdlg32.lib advapi32.lib shell32.lib ole32.lib oleaut32.lib uuid.lib odbc32.lib odbccp32.lib /MANIFEST /MANIFESTUAC:"level='asInvoker' uiAccess='false'" /manifest:embed /PDB:"C:\Software\Transims60\x64\BinThreads\EventSum.pdb" /SUBSYSTEM:CONSOLE,"5.02" /OPT:REF /OPT:ICF /TLBID:1 /DYNAMICBASE /NXCOMPAT /IMPLIB:"C:\Software\Transims60\x64\BinThreads\EventSum.lib" /MACHINE:X64 x64\BinThreads\Control.obj
         x64\BinThreads\EventSum.obj
         x64\BinThreads\Execute.obj
         x64\BinThreads\Read_Events.obj
         x64\BinThreads\Read_Times.obj
         x64\BinThreads\Read_Trips.obj
         x64\BinThreads\Select_Travelers.obj
         x64\BinThreads\Update_Plans.obj
         x64\BinThreads\Write_Links.obj
         x64\BinThreads\Write_Time_Sum.obj
         x64\BinThreads\Write_Times.obj
         C:\Software\Transims60\SysLib\x64\BinThreads\SysLib.lib
         C:\Software\Transims60\File_Data_Service\x64\BinThreads\File_Data_Service.lib
         EventSum.vcxproj -> C:\Software\Transims60\x64\BinThreads\EventSum.exe
     1>Done Building Project "C:\Software\Transims60\EventSum\EventSum.vcxproj" (Build target(s)).

Build succeeded.

Time Elapsed 00:00:42.57
