C:\TRANSIMS\TRANSIMS51\NEWFORMAT\DEBUG\CHECK_PHASING_PLANS.OBJ
C:\TRANSIMS\TRANSIMS51\NEWFORMAT\DEBUG\CONTROL.OBJ
C:\TRANSIMS\TRANSIMS51\NEWFORMAT\DEBUG\EXECUTE.OBJ
C:\TRANSIMS\TRANSIMS51\NEWFORMAT\DEBUG\GET_LOCATION_DATA.OBJ
C:\TRANSIMS\TRANSIMS51\NEWFORMAT\DEBUG\GET_SKIM_DATA.OBJ
C:\TRANSIMS\TRANSIMS51\NEWFORMAT\DEBUG\GET_TRIP_DATA.OBJ
C:\TRANSIMS\TRANSIMS51\NEWFORMAT\DEBUG\GET_ZONE_DATA.OBJ
C:\TRANSIMS\TRANSIMS51\NEWFORMAT\DEBUG\NEWFORMAT.OBJ
C:\TRANSIMS\TRANSIMS51\NEWFORMAT\DEBUG\PLAN_PROCESSING.OBJ
C:\TRANSIMS\TRANSIMS51\NEWFORMAT\DEBUG\READ_ACTIVITY.OBJ
C:\TRANSIMS\TRANSIMS51\NEWFORMAT\DEBUG\READ_PERSONS.OBJ
C:\TRANSIMS\TRANSIMS51\NEWFORMAT\DEBUG\READ_ROUTE_NODES.OBJ
C:\TRANSIMS\TRANSIMS51\NEWFORMAT\DEBUG\READ_SNAPSHOTS.OBJ
C:\TRANSIMS\TRANSIMS51\NEWFORMAT\DEBUG\READ_TOLLS.OBJ
C:\TRANSIMS\TRANSIMS51\NEWFORMAT\DEBUG\TRAVEL_PLANS.OBJ
C:\TRANSIMS\TRANSIMS51\NEWFORMAT\DEBUG\VC110.PDB
C:\TRANSIMS\TRANSIMS51\DEBUG\NEWFORMAT.ILK
C:\TRANSIMS\TRANSIMS51\DEBUG\NEWFORMAT.EXE
C:\TRANSIMS\TRANSIMS51\DEBUG\NEWFORMAT.PDB
C:\TRANSIMS\Transims51\NewFormat\Debug\NewFormat.vcxprojResolveAssemblyReference.cache
C:\TRANSIMS\Transims51\NewFormat\Debug\Check_Phasing_Plans.obj
C:\TRANSIMS\Transims51\NewFormat\Debug\Control.obj
C:\TRANSIMS\Transims51\NewFormat\Debug\Execute.obj
C:\TRANSIMS\Transims51\NewFormat\Debug\Get_Location_Data.obj
C:\TRANSIMS\Transims51\NewFormat\Debug\Get_Skim_Data.obj
C:\TRANSIMS\Transims51\NewFormat\Debug\Get_Trip_Data.obj
C:\TRANSIMS\Transims51\NewFormat\Debug\Get_Zone_Data.obj
C:\TRANSIMS\Transims51\NewFormat\Debug\NewFormat.obj
C:\TRANSIMS\Transims51\NewFormat\Debug\Plan_Processing.obj
C:\TRANSIMS\Transims51\NewFormat\Debug\Read_Activity.obj
C:\TRANSIMS\Transims51\NewFormat\Debug\Read_Persons.obj
C:\TRANSIMS\Transims51\NewFormat\Debug\Read_Route_Nodes.obj
C:\TRANSIMS\Transims51\NewFormat\Debug\Read_Snapshots.obj
C:\TRANSIMS\Transims51\NewFormat\Debug\Read_Tolls.obj
C:\TRANSIMS\Transims51\NewFormat\Debug\Travel_Plans.obj
C:\TRANSIMS\Transims51\NewFormat\Debug\cl.command.1.tlog
C:\TRANSIMS\Transims51\NewFormat\Debug\CL.read.1.tlog
C:\TRANSIMS\Transims51\NewFormat\Debug\CL.write.1.tlog
C:\TRANSIMS\Transims51\NewFormat\Debug\link-cvtres.read.1.tlog
C:\TRANSIMS\Transims51\NewFormat\Debug\link-cvtres.write.1.tlog
C:\TRANSIMS\Transims51\NewFormat\Debug\link-rc.read.1.tlog
C:\TRANSIMS\Transims51\NewFormat\Debug\link-rc.write.1.tlog
C:\TRANSIMS\Transims51\NewFormat\Debug\link.command.1.tlog
C:\TRANSIMS\Transims51\NewFormat\Debug\link.read.1.tlog
C:\TRANSIMS\Transims51\NewFormat\Debug\link.write.1.tlog
C:\TRANSIMS\Transims51\NewFormat\Debug\vc110.idb
C:\TRANSIMS\Transims51\NewFormat\Debug\vc110.pdb
C:\TRANSIMS\Transims51\Debug\NewFormat.pdb
C:\TRANSIMS\Transims51\Debug\NewFormat.exe
C:\TRANSIMS\Transims51\Debug\NewFormat.ilk
