C:\TRANSIMS\TRANSIMS51\TRANSITACCESS\DEBUG\CONTROL.OBJ
C:\TRANSIMS\TRANSIMS51\TRANSITACCESS\DEBUG\EXECUTE.OBJ
C:\TRANSIMS\TRANSIMS51\TRANSITACCESS\DEBUG\PROCESS_ORIGIN.OBJ
C:\TRANSIMS\TRANSIMS51\TRANSITACCESS\DEBUG\READ_EXTRA.OBJ
C:\TRANSIMS\TRANSIMS51\TRANSITACCESS\DEBUG\READ_LINK.OBJ
C:\TRANSIMS\TRANSIMS51\TRANSITACCESS\DEBUG\READ_NODE.OBJ
C:\TRANSIMS\TRANSIMS51\TRANSITACCESS\DEBUG\READ_SKIMS.OBJ
C:\TRANSIMS\TRANSIMS51\TRANSITACCESS\DEBUG\READ_SLUG.OBJ
C:\TRANSIMS\TRANSIMS51\TRANSITACCESS\DEBUG\READ_STATION.OBJ
C:\TRANSIMS\TRANSIMS51\TRANSITACCESS\DEBUG\READ_ZONE.OBJ
C:\TRANSIMS\TRANSIMS51\TRANSITACCESS\DEBUG\STATION_REPORT.OBJ
C:\TRANSIMS\TRANSIMS51\TRANSITACCESS\DEBUG\TRANSITACCESS.OBJ
C:\TRANSIMS\TRANSIMS51\TRANSITACCESS\DEBUG\WALK_ACCESS.OBJ
C:\TRANSIMS\TRANSIMS51\TRANSITACCESS\DEBUG\ZONE_REPORT.OBJ
C:\TRANSIMS\TRANSIMS51\TRANSITACCESS\DEBUG\VC110.PDB
C:\TRANSIMS\Transims51\TransitAccess\Debug\TransitAccess.vcxprojResolveAssemblyReference.cache
C:\TRANSIMS\Transims51\TransitAccess\Debug\Control.obj
C:\TRANSIMS\Transims51\TransitAccess\Debug\Execute.obj
C:\TRANSIMS\Transims51\TransitAccess\Debug\Process_Origin.obj
C:\TRANSIMS\Transims51\TransitAccess\Debug\Read_Extra.obj
C:\TRANSIMS\Transims51\TransitAccess\Debug\Read_Link.obj
C:\TRANSIMS\Transims51\TransitAccess\Debug\Read_Node.obj
C:\TRANSIMS\Transims51\TransitAccess\Debug\Read_Skims.obj
C:\TRANSIMS\Transims51\TransitAccess\Debug\Read_Slug.obj
C:\TRANSIMS\Transims51\TransitAccess\Debug\Read_Station.obj
C:\TRANSIMS\Transims51\TransitAccess\Debug\Read_Zone.obj
C:\TRANSIMS\Transims51\TransitAccess\Debug\Station_Report.obj
C:\TRANSIMS\Transims51\TransitAccess\Debug\TransitAccess.obj
C:\TRANSIMS\Transims51\TransitAccess\Debug\Walk_Access.obj
C:\TRANSIMS\Transims51\TransitAccess\Debug\Zone_Report.obj
C:\TRANSIMS\Transims51\TransitAccess\Debug\cl.command.1.tlog
C:\TRANSIMS\Transims51\TransitAccess\Debug\CL.read.1.tlog
C:\TRANSIMS\Transims51\TransitAccess\Debug\CL.write.1.tlog
C:\TRANSIMS\Transims51\TransitAccess\Debug\link.command.1.tlog
C:\TRANSIMS\Transims51\TransitAccess\Debug\link.read.1.tlog
C:\TRANSIMS\Transims51\TransitAccess\Debug\link.write.1.tlog
C:\TRANSIMS\Transims51\TransitAccess\Debug\vc110.idb
C:\TRANSIMS\Transims51\TransitAccess\Debug\vc110.pdb
