C:\SOFTWARE\TRANSIMS60\GRAVITY\WIN32\BIN\VC110.PDB
C:\SOFTWARE\TRANSIMS60\WIN32\BIN\GRAVITY.EXE
C:\Software\Transims60\Gravity\Win32\Bin\Gravity.vcxprojResolveAssemblyReference.cache
C:\Software\Transims60\Gravity\Win32\Bin\Calib_Functions.obj
C:\Software\Transims60\Gravity\Win32\Bin\Control.obj
C:\Software\Transims60\Gravity\Win32\Bin\Execute.obj
C:\Software\Transims60\Gravity\Win32\Bin\Get_Zone_Data.obj
C:\Software\Transims60\Gravity\Win32\Bin\Gravity.obj
C:\Software\Transims60\Gravity\Win32\Bin\Processing.obj
C:\Software\Transims60\Gravity\Win32\Bin\Read_Trips.obj
C:\Software\Transims60\Gravity\Win32\Bin\Write_Data.obj
C:\Software\Transims60\Gravity\Win32\Bin\CL.2220.read.1.tlog
C:\Software\Transims60\Gravity\Win32\Bin\CL.2220.write.1.tlog
C:\Software\Transims60\Gravity\Win32\Bin\CL.4320.read.1.tlog
C:\Software\Transims60\Gravity\Win32\Bin\CL.4320.write.1.tlog
C:\Software\Transims60\Gravity\Win32\Bin\CL.4588.read.1.tlog
C:\Software\Transims60\Gravity\Win32\Bin\CL.4588.write.1.tlog
C:\Software\Transims60\Gravity\Win32\Bin\CL.5204.read.1.tlog
C:\Software\Transims60\Gravity\Win32\Bin\CL.5204.write.1.tlog
C:\Software\Transims60\Gravity\Win32\Bin\cl.command.1.tlog
C:\Software\Transims60\Gravity\Win32\Bin\CL.read.1.tlog
C:\Software\Transims60\Gravity\Win32\Bin\cl.write.1.tlog
C:\Software\Transims60\Gravity\Win32\Bin\link-cvtres.read.1.tlog
C:\Software\Transims60\Gravity\Win32\Bin\link-cvtres.write.1.tlog
C:\Software\Transims60\Gravity\Win32\Bin\link-rc.read.1.tlog
C:\Software\Transims60\Gravity\Win32\Bin\link-rc.write.1.tlog
C:\Software\Transims60\Gravity\Win32\Bin\link.command.1.tlog
C:\Software\Transims60\Gravity\Win32\Bin\link.read.1.tlog
C:\Software\Transims60\Gravity\Win32\Bin\link.write.1.tlog
