C:\TRANSIMS\TRANSIMS60\TRANSITNET\X64\BIN\VC110.PDB
C:\TRANSIMS\TRANSIMS60\X64\BIN\TRANSITNET.EXE
C:\TRANSIMS\Transims60\TransitNet\x64\Bin\Add_Link.obj
C:\TRANSIMS\Transims60\TransitNet\x64\Bin\Build_Routes.obj
C:\TRANSIMS\Transims60\TransitNet\x64\Bin\Control.obj
C:\TRANSIMS\Transims60\TransitNet\x64\Bin\Coordinate.obj
C:\TRANSIMS\Transims60\TransitNet\x64\Bin\Data_Setup.obj
C:\TRANSIMS\Transims60\TransitNet\x64\Bin\Execute.obj
C:\TRANSIMS\Transims60\TransitNet\x64\Bin\Node_Path.obj
C:\TRANSIMS\Transims60\TransitNet\x64\Bin\Put_Line_Data.obj
C:\TRANSIMS\Transims60\TransitNet\x64\Bin\Read_ParkRide.obj
C:\TRANSIMS\Transims60\TransitNet\x64\Bin\Read_Route_Data.obj
C:\TRANSIMS\Transims60\TransitNet\x64\Bin\Station_Access.obj
C:\TRANSIMS\Transims60\TransitNet\x64\Bin\TransitNet.obj
C:\TRANSIMS\Transims60\TransitNet\x64\Bin\CL.3044.read.1.tlog
C:\TRANSIMS\Transims60\TransitNet\x64\Bin\CL.3044.write.1.tlog
C:\TRANSIMS\Transims60\TransitNet\x64\Bin\CL.4208.read.1.tlog
C:\TRANSIMS\Transims60\TransitNet\x64\Bin\CL.4208.write.1.tlog
C:\TRANSIMS\Transims60\TransitNet\x64\Bin\CL.5920.read.1.tlog
C:\TRANSIMS\Transims60\TransitNet\x64\Bin\CL.5920.write.1.tlog
C:\TRANSIMS\Transims60\TransitNet\x64\Bin\CL.6824.read.1.tlog
C:\TRANSIMS\Transims60\TransitNet\x64\Bin\CL.6824.write.1.tlog
C:\TRANSIMS\Transims60\TransitNet\x64\Bin\cl.command.1.tlog
C:\TRANSIMS\Transims60\TransitNet\x64\Bin\CL.read.1.tlog
C:\TRANSIMS\Transims60\TransitNet\x64\Bin\cl.write.1.tlog
C:\TRANSIMS\Transims60\TransitNet\x64\Bin\link-cvtres.read.1.tlog
C:\TRANSIMS\Transims60\TransitNet\x64\Bin\link-cvtres.write.1.tlog
C:\TRANSIMS\Transims60\TransitNet\x64\Bin\link-rc.read.1.tlog
C:\TRANSIMS\Transims60\TransitNet\x64\Bin\link-rc.write.1.tlog
C:\TRANSIMS\Transims60\TransitNet\x64\Bin\link.command.1.tlog
C:\TRANSIMS\Transims60\TransitNet\x64\Bin\link.read.1.tlog
C:\TRANSIMS\Transims60\TransitNet\x64\Bin\link.write.1.tlog
C:\TRANSIMS\Transims60\TransitNet\x64\Bin\vc110.pdb
C:\TRANSIMS\Transims60\x64\Bin\TransitNet.exe
