C:\TRANSIMS\TRANSIMS51\ARCNET\DEBUG\EXECUTE.OBJ
C:\TRANSIMS\TRANSIMS51\ARCNET\DEBUG\GET_ACCESS_DATA.OBJ
C:\TRANSIMS\TRANSIMS51\ARCNET\DEBUG\GET_CONNECT_DATA.OBJ
C:\TRANSIMS\TRANSIMS51\ARCNET\DEBUG\GET_DETECTOR_DATA.OBJ
C:\TRANSIMS\TRANSIMS51\ARCNET\DEBUG\GET_LANE_USE_DATA.OBJ
C:\TRANSIMS\TRANSIMS51\ARCNET\DEBUG\GET_LINE_DATA.OBJ
C:\TRANSIMS\TRANSIMS51\ARCNET\DEBUG\GET_LINK_DATA.OBJ
C:\TRANSIMS\TRANSIMS51\ARCNET\DEBUG\GET_LOCATION_DATA.OBJ
C:\TRANSIMS\TRANSIMS51\ARCNET\DEBUG\GET_NODE_DATA.OBJ
C:\TRANSIMS\TRANSIMS51\ARCNET\DEBUG\GET_PARKING_DATA.OBJ
C:\TRANSIMS\TRANSIMS51\ARCNET\DEBUG\GET_PHASING_DATA.OBJ
C:\TRANSIMS\TRANSIMS51\ARCNET\DEBUG\GET_POCKET_DATA.OBJ
C:\TRANSIMS\TRANSIMS51\ARCNET\DEBUG\GET_ROUTE_NODES.OBJ
C:\TRANSIMS\TRANSIMS51\ARCNET\DEBUG\GET_SIGN_DATA.OBJ
C:\TRANSIMS\TRANSIMS51\ARCNET\DEBUG\GET_SIGNAL_DATA.OBJ
C:\TRANSIMS\TRANSIMS51\ARCNET\DEBUG\GET_STOP_DATA.OBJ
C:\TRANSIMS\TRANSIMS51\ARCNET\DEBUG\GET_TIMING_DATA.OBJ
C:\TRANSIMS\TRANSIMS51\ARCNET\DEBUG\GET_TURN_PEN_DATA.OBJ
C:\TRANSIMS\TRANSIMS51\ARCNET\DEBUG\GET_ZONE_DATA.OBJ
C:\TRANSIMS\TRANSIMS51\ARCNET\DEBUG\WRITE_SUBZONE.OBJ
C:\TRANSIMS\TRANSIMS51\ARCNET\DEBUG\ADD_ARROW.OBJ
C:\TRANSIMS\TRANSIMS51\ARCNET\DEBUG\ARCNET.OBJ
C:\TRANSIMS\TRANSIMS51\ARCNET\DEBUG\CONTROL.OBJ
C:\TRANSIMS\TRANSIMS51\ARCNET\DEBUG\DRAW_DRIVER.OBJ
C:\TRANSIMS\TRANSIMS51\ARCNET\DEBUG\DRAW_LINKS.OBJ
C:\TRANSIMS\TRANSIMS51\ARCNET\DEBUG\DRAW_POCKETS.OBJ
C:\TRANSIMS\TRANSIMS51\ARCNET\DEBUG\DRAW_ROUTE.OBJ
C:\TRANSIMS\TRANSIMS51\ARCNET\DEBUG\DRAW_SERVICE.OBJ
C:\TRANSIMS\TRANSIMS51\ARCNET\DEBUG\DRAW_TIMINGS.OBJ
C:\TRANSIMS\TRANSIMS51\ARCNET\DEBUG\VC110.PDB
C:\TRANSIMS\TRANSIMS51\DEBUG\ARCNET.ILK
C:\TRANSIMS\TRANSIMS51\DEBUG\ARCNET.EXE
C:\TRANSIMS\TRANSIMS51\DEBUG\ARCNET.PDB
C:\TRANSIMS\Transims51\ArcNet\Debug\ArcNet.vcxprojResolveAssemblyReference.cache
C:\TRANSIMS\Transims51\ArcNet\Debug\Add_Arrow.obj
C:\TRANSIMS\Transims51\ArcNet\Debug\ArcNet.obj
C:\TRANSIMS\Transims51\ArcNet\Debug\Control.obj
C:\TRANSIMS\Transims51\ArcNet\Debug\Draw_Driver.obj
C:\TRANSIMS\Transims51\ArcNet\Debug\Draw_Links.obj
C:\TRANSIMS\Transims51\ArcNet\Debug\Draw_Pockets.obj
C:\TRANSIMS\Transims51\ArcNet\Debug\Draw_Route.obj
C:\TRANSIMS\Transims51\ArcNet\Debug\Draw_Service.obj
C:\TRANSIMS\Transims51\ArcNet\Debug\Draw_Timings.obj
C:\TRANSIMS\Transims51\ArcNet\Debug\Execute.obj
C:\TRANSIMS\Transims51\ArcNet\Debug\Get_Access_Data.obj
C:\TRANSIMS\Transims51\ArcNet\Debug\Get_Connect_Data.obj
C:\TRANSIMS\Transims51\ArcNet\Debug\Get_Detector_Data.obj
C:\TRANSIMS\Transims51\ArcNet\Debug\Get_Lane_Use_Data.obj
C:\TRANSIMS\Transims51\ArcNet\Debug\Get_Line_Data.obj
C:\TRANSIMS\Transims51\ArcNet\Debug\Get_Link_Data.obj
C:\TRANSIMS\Transims51\ArcNet\Debug\Get_Location_Data.obj
C:\TRANSIMS\Transims51\ArcNet\Debug\Get_Node_Data.obj
C:\TRANSIMS\Transims51\ArcNet\Debug\Get_Parking_Data.obj
C:\TRANSIMS\Transims51\ArcNet\Debug\Get_Phasing_Data.obj
C:\TRANSIMS\Transims51\ArcNet\Debug\Get_Pocket_Data.obj
C:\TRANSIMS\Transims51\ArcNet\Debug\Get_Route_Nodes.obj
C:\TRANSIMS\Transims51\ArcNet\Debug\Get_Signal_Data.obj
C:\TRANSIMS\Transims51\ArcNet\Debug\Get_Sign_Data.obj
C:\TRANSIMS\Transims51\ArcNet\Debug\Get_Stop_Data.obj
C:\TRANSIMS\Transims51\ArcNet\Debug\Get_Timing_Data.obj
C:\TRANSIMS\Transims51\ArcNet\Debug\Get_Turn_Pen_Data.obj
C:\TRANSIMS\Transims51\ArcNet\Debug\Get_Zone_Data.obj
C:\TRANSIMS\Transims51\ArcNet\Debug\Write_Subzone.obj
C:\TRANSIMS\Transims51\ArcNet\Debug\cl.command.1.tlog
C:\TRANSIMS\Transims51\ArcNet\Debug\CL.read.1.tlog
C:\TRANSIMS\Transims51\ArcNet\Debug\CL.write.1.tlog
C:\TRANSIMS\Transims51\ArcNet\Debug\link-cvtres.read.1.tlog
C:\TRANSIMS\Transims51\ArcNet\Debug\link-cvtres.write.1.tlog
C:\TRANSIMS\Transims51\ArcNet\Debug\link-rc.read.1.tlog
C:\TRANSIMS\Transims51\ArcNet\Debug\link-rc.write.1.tlog
C:\TRANSIMS\Transims51\ArcNet\Debug\link.command.1.tlog
C:\TRANSIMS\Transims51\ArcNet\Debug\link.read.1.tlog
C:\TRANSIMS\Transims51\ArcNet\Debug\link.write.1.tlog
C:\TRANSIMS\Transims51\ArcNet\Debug\vc110.idb
C:\TRANSIMS\Transims51\ArcNet\Debug\vc110.pdb
C:\TRANSIMS\Transims51\Debug\ArcNet.pdb
C:\TRANSIMS\Transims51\Debug\ArcNet.exe
C:\TRANSIMS\Transims51\Debug\ArcNet.ilk
