C:\SOFTWARE\TRANSIMS60\ZONEDATA\WIN32\BIN\VC110.PDB
C:\SOFTWARE\TRANSIMS60\WIN32\BIN\ZONEDATA.EXE
C:\Software\Transims60\ZoneData\Win32\Bin\ZoneData.vcxprojResolveAssemblyReference.cache
C:\Software\Transims60\ZoneData\Win32\Bin\Control.obj
C:\Software\Transims60\ZoneData\Win32\Bin\Execute.obj
C:\Software\Transims60\ZoneData\Win32\Bin\Get_Zone_Data.obj
C:\Software\Transims60\ZoneData\Win32\Bin\Read_Data.obj
C:\Software\Transims60\ZoneData\Win32\Bin\Read_Polygons.obj
C:\Software\Transims60\ZoneData\Win32\Bin\Set_Files.obj
C:\Software\Transims60\ZoneData\Win32\Bin\Sum_Zone.obj
C:\Software\Transims60\ZoneData\Win32\Bin\Write_Zone.obj
C:\Software\Transims60\ZoneData\Win32\Bin\ZoneData.obj
C:\Software\Transims60\ZoneData\Win32\Bin\CL.2956.read.1.tlog
C:\Software\Transims60\ZoneData\Win32\Bin\CL.2956.write.1.tlog
C:\Software\Transims60\ZoneData\Win32\Bin\CL.3692.read.1.tlog
C:\Software\Transims60\ZoneData\Win32\Bin\CL.3692.write.1.tlog
C:\Software\Transims60\ZoneData\Win32\Bin\CL.4040.read.1.tlog
C:\Software\Transims60\ZoneData\Win32\Bin\CL.4040.write.1.tlog
C:\Software\Transims60\ZoneData\Win32\Bin\CL.4992.read.1.tlog
C:\Software\Transims60\ZoneData\Win32\Bin\CL.4992.write.1.tlog
C:\Software\Transims60\ZoneData\Win32\Bin\cl.command.1.tlog
C:\Software\Transims60\ZoneData\Win32\Bin\CL.read.1.tlog
C:\Software\Transims60\ZoneData\Win32\Bin\cl.write.1.tlog
C:\Software\Transims60\ZoneData\Win32\Bin\link-cvtres.read.1.tlog
C:\Software\Transims60\ZoneData\Win32\Bin\link-cvtres.write.1.tlog
C:\Software\Transims60\ZoneData\Win32\Bin\link-rc.read.1.tlog
C:\Software\Transims60\ZoneData\Win32\Bin\link-rc.write.1.tlog
C:\Software\Transims60\ZoneData\Win32\Bin\link.command.1.tlog
C:\Software\Transims60\ZoneData\Win32\Bin\link.read.1.tlog
C:\Software\Transims60\ZoneData\Win32\Bin\link.write.1.tlog
