C:\TRANSIMS\TRANSIMS60\ARCNET\X64\BIN\VC110.PDB
C:\TRANSIMS\TRANSIMS60\X64\BIN\ARCNET.EXE
C:\TRANSIMS\Transims60\ArcNet\x64\Bin\ArcNet.obj
C:\TRANSIMS\Transims60\ArcNet\x64\Bin\Control.obj
C:\TRANSIMS\Transims60\ArcNet\x64\Bin\Draw_Driver.obj
C:\TRANSIMS\Transims60\ArcNet\x64\Bin\Draw_Links.obj
C:\TRANSIMS\Transims60\ArcNet\x64\Bin\Draw_Pockets.obj
C:\TRANSIMS\Transims60\ArcNet\x64\Bin\Draw_Route.obj
C:\TRANSIMS\Transims60\ArcNet\x64\Bin\Draw_Service.obj
C:\TRANSIMS\Transims60\ArcNet\x64\Bin\Draw_Timings.obj
C:\TRANSIMS\Transims60\ArcNet\x64\Bin\Execute.obj
C:\TRANSIMS\Transims60\ArcNet\x64\Bin\Get_Access_Data.obj
C:\TRANSIMS\Transims60\ArcNet\x64\Bin\Get_Connect_Data.obj
C:\TRANSIMS\Transims60\ArcNet\x64\Bin\Get_Detector_Data.obj
C:\TRANSIMS\Transims60\ArcNet\x64\Bin\Get_Lane_Use_Data.obj
C:\TRANSIMS\Transims60\ArcNet\x64\Bin\Get_Line_Data.obj
C:\TRANSIMS\Transims60\ArcNet\x64\Bin\Get_Link_Data.obj
C:\TRANSIMS\Transims60\ArcNet\x64\Bin\Get_Location_Data.obj
C:\TRANSIMS\Transims60\ArcNet\x64\Bin\Get_Node_Data.obj
C:\TRANSIMS\Transims60\ArcNet\x64\Bin\Get_Parking_Data.obj
C:\TRANSIMS\Transims60\ArcNet\x64\Bin\Get_Phasing_Data.obj
C:\TRANSIMS\Transims60\ArcNet\x64\Bin\Get_Pocket_Data.obj
C:\TRANSIMS\Transims60\ArcNet\x64\Bin\Get_Route_Nodes.obj
C:\TRANSIMS\Transims60\ArcNet\x64\Bin\Get_Signal_Data.obj
C:\TRANSIMS\Transims60\ArcNet\x64\Bin\Get_Sign_Data.obj
C:\TRANSIMS\Transims60\ArcNet\x64\Bin\Get_Stop_Data.obj
C:\TRANSIMS\Transims60\ArcNet\x64\Bin\Get_Timing_Data.obj
C:\TRANSIMS\Transims60\ArcNet\x64\Bin\Get_Turn_Pen_Data.obj
C:\TRANSIMS\Transims60\ArcNet\x64\Bin\Get_Zone_Data.obj
C:\TRANSIMS\Transims60\ArcNet\x64\Bin\Write_Subzone.obj
C:\TRANSIMS\Transims60\ArcNet\x64\Bin\CL.4136.read.1.tlog
C:\TRANSIMS\Transims60\ArcNet\x64\Bin\CL.4136.write.1.tlog
C:\TRANSIMS\Transims60\ArcNet\x64\Bin\CL.4444.read.1.tlog
C:\TRANSIMS\Transims60\ArcNet\x64\Bin\CL.4444.write.1.tlog
C:\TRANSIMS\Transims60\ArcNet\x64\Bin\CL.5828.read.1.tlog
C:\TRANSIMS\Transims60\ArcNet\x64\Bin\CL.5828.write.1.tlog
C:\TRANSIMS\Transims60\ArcNet\x64\Bin\CL.5856.read.1.tlog
C:\TRANSIMS\Transims60\ArcNet\x64\Bin\CL.5856.write.1.tlog
C:\TRANSIMS\Transims60\ArcNet\x64\Bin\cl.command.1.tlog
C:\TRANSIMS\Transims60\ArcNet\x64\Bin\CL.read.1.tlog
C:\TRANSIMS\Transims60\ArcNet\x64\Bin\cl.write.1.tlog
C:\TRANSIMS\Transims60\ArcNet\x64\Bin\link-cvtres.read.1.tlog
C:\TRANSIMS\Transims60\ArcNet\x64\Bin\link-cvtres.write.1.tlog
C:\TRANSIMS\Transims60\ArcNet\x64\Bin\link-rc.read.1.tlog
C:\TRANSIMS\Transims60\ArcNet\x64\Bin\link-rc.write.1.tlog
C:\TRANSIMS\Transims60\ArcNet\x64\Bin\link.command.1.tlog
C:\TRANSIMS\Transims60\ArcNet\x64\Bin\link.read.1.tlog
C:\TRANSIMS\Transims60\ArcNet\x64\Bin\link.write.1.tlog
C:\TRANSIMS\Transims60\ArcNet\x64\Bin\vc110.pdb
C:\TRANSIMS\Transims60\x64\Bin\ArcNet.exe
