C:\TRANSIMS\TRANSIMS60\MODECHOICE\X64\BIN\VC110.PDB
C:\TRANSIMS\TRANSIMS60\X64\BIN\MODECHOICE.EXE
C:\TRANSIMS\Transims60\ModeChoice\x64\Bin\ModeChoice.vcxprojResolveAssemblyReference.cache
C:\TRANSIMS\Transims60\ModeChoice\x64\Bin\Access_Summary.obj
C:\TRANSIMS\Transims60\ModeChoice\x64\Bin\Adjust_Constants.obj
C:\TRANSIMS\Transims60\ModeChoice\x64\Bin\Choice_Process.obj
C:\TRANSIMS\Transims60\ModeChoice\x64\Bin\Compile_Script.obj
C:\TRANSIMS\Transims60\ModeChoice\x64\Bin\Control.obj
C:\TRANSIMS\Transims60\ModeChoice\x64\Bin\Execute.obj
C:\TRANSIMS\Transims60\ModeChoice\x64\Bin\ModeChoice.obj
C:\TRANSIMS\Transims60\ModeChoice\x64\Bin\Mode_Summary.obj
C:\TRANSIMS\Transims60\ModeChoice\x64\Bin\Read_Constants.obj
C:\TRANSIMS\Transims60\ModeChoice\x64\Bin\Read_Targets.obj
C:\TRANSIMS\Transims60\ModeChoice\x64\Bin\Read_Zone.obj
C:\TRANSIMS\Transims60\ModeChoice\x64\Bin\Segment_Map.obj
C:\TRANSIMS\Transims60\ModeChoice\x64\Bin\Value_Summary.obj
C:\TRANSIMS\Transims60\ModeChoice\x64\Bin\Write_Market.obj
C:\TRANSIMS\Transims60\ModeChoice\x64\Bin\Write_Mode_Seg.obj
C:\TRANSIMS\Transims60\ModeChoice\x64\Bin\Write_Summary.obj
C:\TRANSIMS\Transims60\ModeChoice\x64\Bin\Write_Zones.obj
C:\TRANSIMS\Transims60\ModeChoice\x64\Bin\CL.2156.read.1.tlog
C:\TRANSIMS\Transims60\ModeChoice\x64\Bin\CL.2156.write.1.tlog
C:\TRANSIMS\Transims60\ModeChoice\x64\Bin\CL.2224.read.1.tlog
C:\TRANSIMS\Transims60\ModeChoice\x64\Bin\CL.2224.write.1.tlog
C:\TRANSIMS\Transims60\ModeChoice\x64\Bin\CL.6000.read.1.tlog
C:\TRANSIMS\Transims60\ModeChoice\x64\Bin\CL.6000.write.1.tlog
C:\TRANSIMS\Transims60\ModeChoice\x64\Bin\CL.6096.read.1.tlog
C:\TRANSIMS\Transims60\ModeChoice\x64\Bin\CL.6096.write.1.tlog
C:\TRANSIMS\Transims60\ModeChoice\x64\Bin\cl.command.1.tlog
C:\TRANSIMS\Transims60\ModeChoice\x64\Bin\CL.read.1.tlog
C:\TRANSIMS\Transims60\ModeChoice\x64\Bin\cl.write.1.tlog
C:\TRANSIMS\Transims60\ModeChoice\x64\Bin\link-cvtres.read.1.tlog
C:\TRANSIMS\Transims60\ModeChoice\x64\Bin\link-cvtres.write.1.tlog
C:\TRANSIMS\Transims60\ModeChoice\x64\Bin\link-rc.read.1.tlog
C:\TRANSIMS\Transims60\ModeChoice\x64\Bin\link-rc.write.1.tlog
C:\TRANSIMS\Transims60\ModeChoice\x64\Bin\link.command.1.tlog
C:\TRANSIMS\Transims60\ModeChoice\x64\Bin\link.read.1.tlog
C:\TRANSIMS\Transims60\ModeChoice\x64\Bin\link.write.1.tlog
C:\TRANSIMS\Transims60\ModeChoice\x64\Bin\vc110.pdb
C:\TRANSIMS\Transims60\x64\Bin\ModeChoice.exe
