Build started 3/7/2014 7:57:34 AM.
     1>Project "C:\Software\Transims60\NetPrep\NetPrep.vcxproj" on node 2 (Build target(s)).
     1>ClCompile:
         C:\Program Files (x86)\Microsoft Visual Studio 11.0\VC\bin\x86_amd64\CL.exe /c /I..\Include /Zi /nologo /W4 /WX /MP /O2 /D WIN32 /D NDEBUG /D _CONSOLE /D THREADS /Gm- /EHsc /MT /GS /Qpar /fp:precise /Zc:wchar_t /Zc:forScope /Fo"x64\BinThreads\\" /Fd"x64\BinThreads\vc110.pdb" /Gd /TP /analyze- /errorReport:prompt Bearing_Update.cpp Check_Intersections.cpp Closest_Zone.cpp Collapse_Nodes.cpp Compare_Links.cpp Control.cpp Correct_Shapes.cpp Delete_Link.cpp Drop_Links.cpp Execute.cpp Get_Link_Data.cpp Get_Node_Data.cpp Input_Links.cpp Input_Nodes.cpp Input_Routes.cpp Input_SpdCap.cpp Input_Zones.cpp Local_Spacing.cpp Local_Thru_Links.cpp NetPrep.cpp Node_List.cpp Node_Types.cpp Put_Link_Data.cpp Put_Node_Data.cpp Put_Shape_Data.cpp Read_Scripts.cpp Save_Route.cpp Select_Best.cpp Short_Links.cpp Space_Processing.cpp Split_Loops.cpp Thru_Links.cpp Trace_Links.cpp Write_Link_Nodes.cpp
         Bearing_Update.cpp
         Check_Intersections.cpp
         Closest_Zone.cpp
         Collapse_Nodes.cpp
         Compare_Links.cpp
         Control.cpp
         Correct_Shapes.cpp
         Delete_Link.cpp
         Drop_Links.cpp
         Execute.cpp
         Get_Link_Data.cpp
         Get_Node_Data.cpp
         Input_Links.cpp
         Input_Nodes.cpp
         Input_Routes.cpp
         Input_SpdCap.cpp
         Input_Zones.cpp
         Local_Spacing.cpp
         Local_Thru_Links.cpp
         NetPrep.cpp
         Node_List.cpp
         Node_Types.cpp
         Put_Link_Data.cpp
         Put_Node_Data.cpp
         Put_Shape_Data.cpp
         Read_Scripts.cpp
         Save_Route.cpp
         Select_Best.cpp
         Short_Links.cpp
         Space_Processing.cpp
         Split_Loops.cpp
         Thru_Links.cpp
         Trace_Links.cpp
         Write_Link_Nodes.cpp
       Link:
         C:\Program Files (x86)\Microsoft Visual Studio 11.0\VC\bin\x86_amd64\link.exe /ERRORREPORT:PROMPT /OUT:"C:\Software\Transims60\x64\BinThreads\NetPrep.exe" /INCREMENTAL:NO /NOLOGO kernel32.lib user32.lib gdi32.lib winspool.lib comdlg32.lib advapi32.lib shell32.lib ole32.lib oleaut32.lib uuid.lib odbc32.lib odbccp32.lib /MANIFEST /MANIFESTUAC:"level='asInvoker' uiAccess='false'" /manifest:embed /PDB:"C:\Software\Transims60\x64\BinThreads\NetPrep.pdb" /SUBSYSTEM:CONSOLE,"5.02" /OPT:REF /OPT:ICF /TLBID:1 /DYNAMICBASE /NXCOMPAT /IMPLIB:"C:\Software\Transims60\x64\BinThreads\NetPrep.lib" /MACHINE:X64 x64\BinThreads\Bearing_Update.obj
         x64\BinThreads\Check_Intersections.obj
         x64\BinThreads\Closest_Zone.obj
         x64\BinThreads\Collapse_Nodes.obj
         x64\BinThreads\Compare_Links.obj
         x64\BinThreads\Control.obj
         x64\BinThreads\Correct_Shapes.obj
         x64\BinThreads\Delete_Link.obj
         x64\BinThreads\Drop_Links.obj
         x64\BinThreads\Execute.obj
         x64\BinThreads\Get_Link_Data.obj
         x64\BinThreads\Get_Node_Data.obj
         x64\BinThreads\Input_Links.obj
         x64\BinThreads\Input_Nodes.obj
         x64\BinThreads\Input_Routes.obj
         x64\BinThreads\Input_SpdCap.obj
         x64\BinThreads\Input_Zones.obj
         x64\BinThreads\Local_Spacing.obj
         x64\BinThreads\Local_Thru_Links.obj
         x64\BinThreads\NetPrep.obj
         x64\BinThreads\Node_List.obj
         x64\BinThreads\Node_Types.obj
         x64\BinThreads\Put_Link_Data.obj
         x64\BinThreads\Put_Node_Data.obj
         x64\BinThreads\Put_Shape_Data.obj
         x64\BinThreads\Read_Scripts.obj
         x64\BinThreads\Save_Route.obj
         x64\BinThreads\Select_Best.obj
         x64\BinThreads\Short_Links.obj
         x64\BinThreads\Space_Processing.obj
         x64\BinThreads\Split_Loops.obj
         x64\BinThreads\Thru_Links.obj
         x64\BinThreads\Trace_Links.obj
         x64\BinThreads\Write_Link_Nodes.obj
         C:\Software\Transims60\SysLib\x64\BinThreads\SysLib.lib
         C:\Software\Transims60\File_Data_Service\x64\BinThreads\File_Data_Service.lib
         NetPrep.vcxproj -> C:\Software\Transims60\x64\BinThreads\NetPrep.exe
     1>Done Building Project "C:\Software\Transims60\NetPrep\NetPrep.vcxproj" (Build target(s)).

Build succeeded.

Time Elapsed 00:02:36.90
