C:\SOFTWARE\TRANSIMS60\NEWFORMAT\X64\BINTHREADS\VC110.PDB
C:\SOFTWARE\TRANSIMS60\X64\BINTHREADS\NEWFORMAT.EXE
C:\Software\Transims60\NewFormat\x64\BinThreads\NewFormat.vcxprojResolveAssemblyReference.cache
C:\Software\Transims60\NewFormat\x64\BinThreads\Check_Phasing_Plans.obj
C:\Software\Transims60\NewFormat\x64\BinThreads\Control.obj
C:\Software\Transims60\NewFormat\x64\BinThreads\Create_Performance.obj
C:\Software\Transims60\NewFormat\x64\BinThreads\Execute.obj
C:\Software\Transims60\NewFormat\x64\BinThreads\Get_Location_Data.obj
C:\Software\Transims60\NewFormat\x64\BinThreads\Get_Router_Nodes_Data.obj
C:\Software\Transims60\NewFormat\x64\BinThreads\Get_Skim_Data.obj
C:\Software\Transims60\NewFormat\x64\BinThreads\Get_Trip_Data.obj
C:\Software\Transims60\NewFormat\x64\BinThreads\Get_Zone_Data.obj
C:\Software\Transims60\NewFormat\x64\BinThreads\Make_Route_Nodes.obj
C:\Software\Transims60\NewFormat\x64\BinThreads\NewFormat.obj
C:\Software\Transims60\NewFormat\x64\BinThreads\Plan_Processing.obj
C:\Software\Transims60\NewFormat\x64\BinThreads\Read_Activity.obj
C:\Software\Transims60\NewFormat\x64\BinThreads\Read_Persons.obj
C:\Software\Transims60\NewFormat\x64\BinThreads\Read_Routes.obj
C:\Software\Transims60\NewFormat\x64\BinThreads\Read_Snapshots.obj
C:\Software\Transims60\NewFormat\x64\BinThreads\Read_Tolls.obj
C:\Software\Transims60\NewFormat\x64\BinThreads\Read_Vehicles.obj
C:\Software\Transims60\NewFormat\x64\BinThreads\Travel_Plans.obj
C:\Software\Transims60\NewFormat\x64\BinThreads\CL.2800.read.1.tlog
C:\Software\Transims60\NewFormat\x64\BinThreads\CL.2800.write.1.tlog
C:\Software\Transims60\NewFormat\x64\BinThreads\CL.4424.read.1.tlog
C:\Software\Transims60\NewFormat\x64\BinThreads\CL.4424.write.1.tlog
C:\Software\Transims60\NewFormat\x64\BinThreads\CL.5196.read.1.tlog
C:\Software\Transims60\NewFormat\x64\BinThreads\CL.5196.write.1.tlog
C:\Software\Transims60\NewFormat\x64\BinThreads\CL.6108.read.1.tlog
C:\Software\Transims60\NewFormat\x64\BinThreads\CL.6108.write.1.tlog
C:\Software\Transims60\NewFormat\x64\BinThreads\cl.command.1.tlog
C:\Software\Transims60\NewFormat\x64\BinThreads\CL.read.1.tlog
C:\Software\Transims60\NewFormat\x64\BinThreads\cl.write.1.tlog
C:\Software\Transims60\NewFormat\x64\BinThreads\link-cvtres.read.1.tlog
C:\Software\Transims60\NewFormat\x64\BinThreads\link-cvtres.write.1.tlog
C:\Software\Transims60\NewFormat\x64\BinThreads\link-rc.read.1.tlog
C:\Software\Transims60\NewFormat\x64\BinThreads\link-rc.write.1.tlog
C:\Software\Transims60\NewFormat\x64\BinThreads\link.command.1.tlog
C:\Software\Transims60\NewFormat\x64\BinThreads\link.read.1.tlog
C:\Software\Transims60\NewFormat\x64\BinThreads\link.write.1.tlog
C:\Software\Transims60\NewFormat\x64\BinThreads\vc110.pdb
C:\Software\Transims60\x64\BinThreads\NewFormat.exe
