Build started 3/7/2014 7:58:48 AM.
     1>Project "C:\Software\Transims60\LinkDelay\LinkDelay.vcxproj" on node 3 (Build target(s)).
     1>ClCompile:
         C:\Program Files (x86)\Microsoft Visual Studio 11.0\VC\bin\x86_amd64\CL.exe /c /I..\Include /Zi /nologo /W4 /WX /MP /O2 /D WIN32 /D NDEBUG /D _CONSOLE /D THREADS /Gm- /EHsc /MT /GS /Qpar /fp:precise /Zc:wchar_t /Zc:forScope /Fo"x64\BinThreads\\" /Fd"x64\BinThreads\vc110.pdb" /Gd /TP /analyze- /errorReport:prompt Control.cpp Execute.cpp LinkDelay.cpp Load_Transit_Data.cpp Merge_Delay.cpp Set_Min_Time.cpp Smooth_Delay.cpp
         Control.cpp
         Execute.cpp
         LinkDelay.cpp
         Load_Transit_Data.cpp
         Merge_Delay.cpp
         Set_Min_Time.cpp
         Smooth_Delay.cpp
       Link:
         C:\Program Files (x86)\Microsoft Visual Studio 11.0\VC\bin\x86_amd64\link.exe /ERRORREPORT:PROMPT /OUT:"C:\Software\Transims60\x64\BinThreads\LinkDelay.exe" /INCREMENTAL:NO /NOLOGO kernel32.lib user32.lib gdi32.lib winspool.lib comdlg32.lib advapi32.lib shell32.lib ole32.lib oleaut32.lib uuid.lib odbc32.lib odbccp32.lib /MANIFEST /MANIFESTUAC:"level='asInvoker' uiAccess='false'" /manifest:embed /PDB:"C:\Software\Transims60\x64\BinThreads\LinkDelay.pdb" /SUBSYSTEM:CONSOLE,"5.02" /OPT:REF /OPT:ICF /TLBID:1 /DYNAMICBASE /NXCOMPAT /IMPLIB:"C:\Software\Transims60\x64\BinThreads\LinkDelay.lib" /MACHINE:X64 x64\BinThreads\Control.obj
         x64\BinThreads\Execute.obj
         x64\BinThreads\LinkDelay.obj
         x64\BinThreads\Load_Transit_Data.obj
         x64\BinThreads\Merge_Delay.obj
         x64\BinThreads\Set_Min_Time.obj
         x64\BinThreads\Smooth_Delay.obj
         C:\Software\Transims60\SysLib\x64\BinThreads\SysLib.lib
         C:\Software\Transims60\File_Data_Service\x64\BinThreads\File_Data_Service.lib
         LinkDelay.vcxproj -> C:\Software\Transims60\x64\BinThreads\LinkDelay.exe
     1>Done Building Project "C:\Software\Transims60\LinkDelay\LinkDelay.vcxproj" (Build target(s)).

Build succeeded.

Time Elapsed 00:00:31.60
