C:\SOFTWARE\TRANSIMS60\RESCHEDULE\X64\BINTHREADS\VC110.PDB
C:\SOFTWARE\TRANSIMS60\X64\BINTHREADS\RESCHEDULE.EXE
C:\Software\Transims60\Reschedule\x64\BinThreads\Reschedule.vcxprojResolveAssemblyReference.cache
C:\Software\Transims60\Reschedule\x64\BinThreads\Control.obj
C:\Software\Transims60\Reschedule\x64\BinThreads\Execute.obj
C:\Software\Transims60\Reschedule\x64\BinThreads\Read_Runs.obj
C:\Software\Transims60\Reschedule\x64\BinThreads\Reschedule.obj
C:\Software\Transims60\Reschedule\x64\BinThreads\CL.1064.read.1.tlog
C:\Software\Transims60\Reschedule\x64\BinThreads\CL.1064.write.1.tlog
C:\Software\Transims60\Reschedule\x64\BinThreads\CL.332.read.1.tlog
C:\Software\Transims60\Reschedule\x64\BinThreads\CL.332.write.1.tlog
C:\Software\Transims60\Reschedule\x64\BinThreads\CL.4512.read.1.tlog
C:\Software\Transims60\Reschedule\x64\BinThreads\CL.4512.write.1.tlog
C:\Software\Transims60\Reschedule\x64\BinThreads\CL.5476.read.1.tlog
C:\Software\Transims60\Reschedule\x64\BinThreads\CL.5476.write.1.tlog
C:\Software\Transims60\Reschedule\x64\BinThreads\cl.command.1.tlog
C:\Software\Transims60\Reschedule\x64\BinThreads\CL.read.1.tlog
C:\Software\Transims60\Reschedule\x64\BinThreads\cl.write.1.tlog
C:\Software\Transims60\Reschedule\x64\BinThreads\link-cvtres.read.1.tlog
C:\Software\Transims60\Reschedule\x64\BinThreads\link-cvtres.write.1.tlog
C:\Software\Transims60\Reschedule\x64\BinThreads\link-rc.read.1.tlog
C:\Software\Transims60\Reschedule\x64\BinThreads\link-rc.write.1.tlog
C:\Software\Transims60\Reschedule\x64\BinThreads\link.command.1.tlog
C:\Software\Transims60\Reschedule\x64\BinThreads\link.read.1.tlog
C:\Software\Transims60\Reschedule\x64\BinThreads\link.write.1.tlog
C:\Software\Transims60\Reschedule\x64\BinThreads\vc110.pdb
C:\Software\Transims60\x64\BinThreads\Reschedule.exe
