C:\SOFTWARE\TRANSIMS60\PLANPREP\WIN32\BIN\VC110.PDB
C:\SOFTWARE\TRANSIMS60\WIN32\BIN\PLANPREP.EXE
C:\Software\Transims60\PlanPrep\Win32\Bin\PlanPrep.vcxprojResolveAssemblyReference.cache
C:\Software\Transims60\PlanPrep\Win32\Bin\Combine_Plans.obj
C:\Software\Transims60\PlanPrep\Win32\Bin\Control.obj
C:\Software\Transims60\PlanPrep\Win32\Bin\Execute.obj
C:\Software\Transims60\PlanPrep\Win32\Bin\MPI_Processing.obj
C:\Software\Transims60\PlanPrep\Win32\Bin\MPI_Setup.obj
C:\Software\Transims60\PlanPrep\Win32\Bin\PlanPrep.obj
C:\Software\Transims60\PlanPrep\Win32\Bin\Plan_Processing.obj
C:\Software\Transims60\PlanPrep\Win32\Bin\Read_Plans.obj
C:\Software\Transims60\PlanPrep\Win32\Bin\Temp_Time_Write.obj
C:\Software\Transims60\PlanPrep\Win32\Bin\Temp_Trip_Write.obj
C:\Software\Transims60\PlanPrep\Win32\Bin\Time_Combine.obj
C:\Software\Transims60\PlanPrep\Win32\Bin\Time_Write.obj
C:\Software\Transims60\PlanPrep\Win32\Bin\Trip_Combine.obj
C:\Software\Transims60\PlanPrep\Win32\Bin\Trip_Write.obj
C:\Software\Transims60\PlanPrep\Win32\Bin\Write_Temp.obj
C:\Software\Transims60\PlanPrep\Win32\Bin\CL.1060.read.1.tlog
C:\Software\Transims60\PlanPrep\Win32\Bin\CL.1060.write.1.tlog
C:\Software\Transims60\PlanPrep\Win32\Bin\CL.1844.read.1.tlog
C:\Software\Transims60\PlanPrep\Win32\Bin\CL.1844.write.1.tlog
C:\Software\Transims60\PlanPrep\Win32\Bin\CL.2988.read.1.tlog
C:\Software\Transims60\PlanPrep\Win32\Bin\CL.2988.write.1.tlog
C:\Software\Transims60\PlanPrep\Win32\Bin\CL.5332.read.1.tlog
C:\Software\Transims60\PlanPrep\Win32\Bin\CL.5332.write.1.tlog
C:\Software\Transims60\PlanPrep\Win32\Bin\cl.command.1.tlog
C:\Software\Transims60\PlanPrep\Win32\Bin\CL.read.1.tlog
C:\Software\Transims60\PlanPrep\Win32\Bin\cl.write.1.tlog
C:\Software\Transims60\PlanPrep\Win32\Bin\link-cvtres.read.1.tlog
C:\Software\Transims60\PlanPrep\Win32\Bin\link-cvtres.write.1.tlog
C:\Software\Transims60\PlanPrep\Win32\Bin\link-rc.read.1.tlog
C:\Software\Transims60\PlanPrep\Win32\Bin\link-rc.write.1.tlog
C:\Software\Transims60\PlanPrep\Win32\Bin\link.command.1.tlog
C:\Software\Transims60\PlanPrep\Win32\Bin\link.read.1.tlog
C:\Software\Transims60\PlanPrep\Win32\Bin\link.write.1.tlog
