C:\SOFTWARE\TRANSIMS60\FILE_DATA_SERVICE\WIN32\BIN\VC110.PDB
C:\SOFTWARE\TRANSIMS60\FILE_DATA_SERVICE\WIN32\BIN\DRIVER_FILE.OBJ
C:\SOFTWARE\TRANSIMS60\FILE_DATA_SERVICE\WIN32\BIN\DIURNAL_FILE.OBJ
C:\SOFTWARE\TRANSIMS60\FILE_DATA_SERVICE\WIN32\BIN\DETECTOR_FILE.OBJ
C:\SOFTWARE\TRANSIMS60\FILE_DATA_SERVICE\WIN32\BIN\CONNECT_FILE.OBJ
C:\SOFTWARE\TRANSIMS60\FILE_DATA_SERVICE\WIN32\BIN\APPROACH_LINK_FILE.OBJ
C:\SOFTWARE\TRANSIMS60\FILE_DATA_SERVICE\WIN32\BIN\ACTIVITY_FILE.OBJ
C:\SOFTWARE\TRANSIMS60\FILE_DATA_SERVICE\WIN32\BIN\ACCESS_FILE.OBJ
C:\SOFTWARE\TRANSIMS60\FILE_DATA_SERVICE\WIN32\BIN\ZONE_LOCATION.OBJ
C:\SOFTWARE\TRANSIMS60\FILE_DATA_SERVICE\WIN32\BIN\TRIP_INDEX.OBJ
C:\SOFTWARE\TRANSIMS60\FILE_DATA_SERVICE\WIN32\BIN\TRAVELER_DATA.OBJ
C:\SOFTWARE\TRANSIMS60\FILE_DATA_SERVICE\WIN32\BIN\TRANSFER_DATA.OBJ
C:\SOFTWARE\TRANSIMS60\FILE_DATA_SERVICE\WIN32\BIN\TOUR_SORT.OBJ
C:\SOFTWARE\TRANSIMS60\FILE_DATA_SERVICE\WIN32\BIN\TIME_INDEX.OBJ
C:\SOFTWARE\TRANSIMS60\FILE_DATA_SERVICE\WIN32\BIN\SKIM_DATA.OBJ
C:\SOFTWARE\TRANSIMS60\FILE_DATA_SERVICE\WIN32\BIN\SELECTION_DATA.OBJ
C:\SOFTWARE\TRANSIMS60\FILE_DATA_SERVICE\WIN32\BIN\PERFORMANCE_DATA.OBJ
C:\SOFTWARE\TRANSIMS60\FILE_DATA_SERVICE\WIN32\BIN\LINE_DATA.OBJ
C:\SOFTWARE\TRANSIMS60\FILE_DATA_SERVICE\WIN32\BIN\FLOW_TIME_DATA.OBJ
C:\SOFTWARE\TRANSIMS60\FILE_DATA_SERVICE\WIN32\BIN\EVENT_DATA.OBJ
C:\SOFTWARE\TRANSIMS60\FILE_DATA_SERVICE\WIN32\BIN\ATTRIBUTE_DATA.OBJ
C:\SOFTWARE\TRANSIMS60\FILE_DATA_SERVICE\WIN32\BIN\PHASING_FILE.OBJ
C:\SOFTWARE\TRANSIMS60\FILE_DATA_SERVICE\WIN32\BIN\PERSON_FILE.OBJ
C:\SOFTWARE\TRANSIMS60\FILE_DATA_SERVICE\WIN32\BIN\PERFORMANCE_FILE.OBJ
C:\SOFTWARE\TRANSIMS60\FILE_DATA_SERVICE\WIN32\BIN\PARKING_FILE.OBJ
C:\SOFTWARE\TRANSIMS60\FILE_DATA_SERVICE\WIN32\BIN\OLD_PLAN_FILE.OBJ
C:\SOFTWARE\TRANSIMS60\FILE_DATA_SERVICE\WIN32\BIN\OCCUPANCY_FILE.OBJ
C:\SOFTWARE\TRANSIMS60\FILE_DATA_SERVICE\WIN32\BIN\NODE_FILE.OBJ
C:\SOFTWARE\TRANSIMS60\FILE_DATA_SERVICE\WIN32\BIN\MATRIX_FILE.OBJ
C:\SOFTWARE\TRANSIMS60\FILE_DATA_SERVICE\WIN32\BIN\LOCATION_FILE.OBJ
C:\SOFTWARE\TRANSIMS60\FILE_DATA_SERVICE\WIN32\BIN\LINK_USE_FILE.OBJ
C:\SOFTWARE\TRANSIMS60\FILE_DATA_SERVICE\WIN32\BIN\LINK_FILE.OBJ
C:\SOFTWARE\TRANSIMS60\FILE_DATA_SERVICE\WIN32\BIN\LINK_DIR_FILE.OBJ
C:\SOFTWARE\TRANSIMS60\FILE_DATA_SERVICE\WIN32\BIN\LINK_DELAY_FILE.OBJ
C:\SOFTWARE\TRANSIMS60\FILE_DATA_SERVICE\WIN32\BIN\LINK_DATA_FILE.OBJ
C:\SOFTWARE\TRANSIMS60\FILE_DATA_SERVICE\WIN32\BIN\LINE_FILE.OBJ
C:\SOFTWARE\TRANSIMS60\FILE_DATA_SERVICE\WIN32\BIN\LANE_USE_FILE.OBJ
C:\SOFTWARE\TRANSIMS60\FILE_DATA_SERVICE\WIN32\BIN\HOUSEHOLD_FILE.OBJ
C:\SOFTWARE\TRANSIMS60\FILE_DATA_SERVICE\WIN32\BIN\FARE_FILE.OBJ
C:\SOFTWARE\TRANSIMS60\FILE_DATA_SERVICE\WIN32\BIN\FACTOR_FILE.OBJ
C:\SOFTWARE\TRANSIMS60\FILE_DATA_SERVICE\WIN32\BIN\EVENT_FILE.OBJ
C:\SOFTWARE\TRANSIMS60\FILE_DATA_SERVICE\WIN32\BIN\TRIP_FILE.OBJ
C:\SOFTWARE\TRANSIMS60\FILE_DATA_SERVICE\WIN32\BIN\TRAVEL_TIME_FILE.OBJ
C:\SOFTWARE\TRANSIMS60\FILE_DATA_SERVICE\WIN32\BIN\TRAVELER_FILE.OBJ
C:\SOFTWARE\TRANSIMS60\FILE_DATA_SERVICE\WIN32\BIN\TOLL_FILE.OBJ
C:\SOFTWARE\TRANSIMS60\FILE_DATA_SERVICE\WIN32\BIN\TIMING_FILE.OBJ
C:\SOFTWARE\TRANSIMS60\FILE_DATA_SERVICE\WIN32\BIN\TIME_SUM_FILE.OBJ
C:\SOFTWARE\TRANSIMS60\FILE_DATA_SERVICE\WIN32\BIN\SUBZONE_FILE.OBJ
C:\SOFTWARE\TRANSIMS60\FILE_DATA_SERVICE\WIN32\BIN\STOP_FILE.OBJ
C:\SOFTWARE\TRANSIMS60\FILE_DATA_SERVICE\WIN32\BIN\SNAPSHOT_FILE.OBJ
C:\SOFTWARE\TRANSIMS60\FILE_DATA_SERVICE\WIN32\BIN\SKIM_FILE.OBJ
C:\SOFTWARE\TRANSIMS60\FILE_DATA_SERVICE\WIN32\BIN\SIGN_FILE.OBJ
C:\SOFTWARE\TRANSIMS60\FILE_DATA_SERVICE\WIN32\BIN\SIGNAL_FILE.OBJ
C:\SOFTWARE\TRANSIMS60\FILE_DATA_SERVICE\WIN32\BIN\SHAPE_FILE.OBJ
C:\SOFTWARE\TRANSIMS60\FILE_DATA_SERVICE\WIN32\BIN\SELECTION_FILE.OBJ
C:\SOFTWARE\TRANSIMS60\FILE_DATA_SERVICE\WIN32\BIN\SCHEDULE_FILE.OBJ
C:\SOFTWARE\TRANSIMS60\FILE_DATA_SERVICE\WIN32\BIN\ROUTE_NODES_FILE.OBJ
C:\SOFTWARE\TRANSIMS60\FILE_DATA_SERVICE\WIN32\BIN\RIDERSHIP_FILE.OBJ
C:\SOFTWARE\TRANSIMS60\FILE_DATA_SERVICE\WIN32\BIN\PROBLEM_FILE.OBJ
C:\SOFTWARE\TRANSIMS60\FILE_DATA_SERVICE\WIN32\BIN\POCKET_FILE.OBJ
C:\SOFTWARE\TRANSIMS60\FILE_DATA_SERVICE\WIN32\BIN\PLAN_FILE.OBJ
C:\SOFTWARE\TRANSIMS60\FILE_DATA_SERVICE\WIN32\BIN\READ_PERFORMANCE.OBJ
C:\SOFTWARE\TRANSIMS60\FILE_DATA_SERVICE\WIN32\BIN\READ_PARKING_LOTS.OBJ
C:\SOFTWARE\TRANSIMS60\FILE_DATA_SERVICE\WIN32\BIN\READ_NODES.OBJ
C:\SOFTWARE\TRANSIMS60\FILE_DATA_SERVICE\WIN32\BIN\READ_LOCATIONS.OBJ
C:\SOFTWARE\TRANSIMS60\FILE_DATA_SERVICE\WIN32\BIN\READ_LINK_DELAYS.OBJ
C:\SOFTWARE\TRANSIMS60\FILE_DATA_SERVICE\WIN32\BIN\READ_LINKS.OBJ
C:\SOFTWARE\TRANSIMS60\FILE_DATA_SERVICE\WIN32\BIN\READ_LINES.OBJ
C:\SOFTWARE\TRANSIMS60\FILE_DATA_SERVICE\WIN32\BIN\READ_LANE_USES.OBJ
C:\SOFTWARE\TRANSIMS60\FILE_DATA_SERVICE\WIN32\BIN\READ_HOUSEHOLDS.OBJ
C:\SOFTWARE\TRANSIMS60\FILE_DATA_SERVICE\WIN32\BIN\READ_FARES.OBJ
C:\SOFTWARE\TRANSIMS60\FILE_DATA_SERVICE\WIN32\BIN\READ_EVENTS.OBJ
C:\SOFTWARE\TRANSIMS60\FILE_DATA_SERVICE\WIN32\BIN\READ_DRIVERS.OBJ
C:\SOFTWARE\TRANSIMS60\FILE_DATA_SERVICE\WIN32\BIN\READ_DETECTORS.OBJ
C:\SOFTWARE\TRANSIMS60\FILE_DATA_SERVICE\WIN32\BIN\READ_CONNECTIONS.OBJ
C:\SOFTWARE\TRANSIMS60\FILE_DATA_SERVICE\WIN32\BIN\READ_ACCESS_LINKS.OBJ
C:\SOFTWARE\TRANSIMS60\FILE_DATA_SERVICE\WIN32\BIN\ZONE_FILE.OBJ
C:\SOFTWARE\TRANSIMS60\FILE_DATA_SERVICE\WIN32\BIN\VEH_TYPE_FILE.OBJ
C:\SOFTWARE\TRANSIMS60\FILE_DATA_SERVICE\WIN32\BIN\VEHICLE_FILE.OBJ
C:\SOFTWARE\TRANSIMS60\FILE_DATA_SERVICE\WIN32\BIN\TURN_VOL_FILE.OBJ
C:\SOFTWARE\TRANSIMS60\FILE_DATA_SERVICE\WIN32\BIN\TURN_PEN_FILE.OBJ
C:\SOFTWARE\TRANSIMS60\FILE_DATA_SERVICE\WIN32\BIN\DATA_SERVICE.OBJ
C:\SOFTWARE\TRANSIMS60\FILE_DATA_SERVICE\WIN32\BIN\READ_ZONES.OBJ
C:\SOFTWARE\TRANSIMS60\FILE_DATA_SERVICE\WIN32\BIN\READ_VEH_TYPES.OBJ
C:\SOFTWARE\TRANSIMS60\FILE_DATA_SERVICE\WIN32\BIN\READ_TURN_PENS.OBJ
C:\SOFTWARE\TRANSIMS60\FILE_DATA_SERVICE\WIN32\BIN\READ_TRIPS.OBJ
C:\SOFTWARE\TRANSIMS60\FILE_DATA_SERVICE\WIN32\BIN\READ_TRAVELERS.OBJ
C:\SOFTWARE\TRANSIMS60\FILE_DATA_SERVICE\WIN32\BIN\READ_TIMING_PLANS.OBJ
C:\SOFTWARE\TRANSIMS60\FILE_DATA_SERVICE\WIN32\BIN\READ_STOPS.OBJ
C:\SOFTWARE\TRANSIMS60\FILE_DATA_SERVICE\WIN32\BIN\READ_SKIMS.OBJ
C:\SOFTWARE\TRANSIMS60\FILE_DATA_SERVICE\WIN32\BIN\READ_SIGNS.OBJ
C:\SOFTWARE\TRANSIMS60\FILE_DATA_SERVICE\WIN32\BIN\READ_SIGNALS.OBJ
C:\SOFTWARE\TRANSIMS60\FILE_DATA_SERVICE\WIN32\BIN\READ_SHAPES.OBJ
C:\SOFTWARE\TRANSIMS60\FILE_DATA_SERVICE\WIN32\BIN\READ_SELECTIONS.OBJ
C:\SOFTWARE\TRANSIMS60\FILE_DATA_SERVICE\WIN32\BIN\READ_SCHEDULES.OBJ
C:\SOFTWARE\TRANSIMS60\FILE_DATA_SERVICE\WIN32\BIN\READ_ROUTE_NODES.OBJ
C:\SOFTWARE\TRANSIMS60\FILE_DATA_SERVICE\WIN32\BIN\READ_RIDERSHIP.OBJ
C:\SOFTWARE\TRANSIMS60\FILE_DATA_SERVICE\WIN32\BIN\READ_PROBLEMS.OBJ
C:\SOFTWARE\TRANSIMS60\FILE_DATA_SERVICE\WIN32\BIN\READ_POCKETS.OBJ
C:\SOFTWARE\TRANSIMS60\FILE_DATA_SERVICE\WIN32\BIN\READ_PLANS.OBJ
C:\SOFTWARE\TRANSIMS60\FILE_DATA_SERVICE\WIN32\BIN\READ_PHASING_PLANS.OBJ
C:\SOFTWARE\TRANSIMS60\FILE_DATA_SERVICE\WIN32\BIN\WRITE_PERFORMANCE.OBJ
C:\SOFTWARE\TRANSIMS60\FILE_DATA_SERVICE\WIN32\BIN\WRITE_PARKING_LOTS.OBJ
C:\SOFTWARE\TRANSIMS60\FILE_DATA_SERVICE\WIN32\BIN\WRITE_NODES.OBJ
C:\SOFTWARE\TRANSIMS60\FILE_DATA_SERVICE\WIN32\BIN\WRITE_LOCATIONS.OBJ
C:\SOFTWARE\TRANSIMS60\FILE_DATA_SERVICE\WIN32\BIN\WRITE_LINK_DELAYS.OBJ
C:\SOFTWARE\TRANSIMS60\FILE_DATA_SERVICE\WIN32\BIN\WRITE_LINKS.OBJ
C:\SOFTWARE\TRANSIMS60\FILE_DATA_SERVICE\WIN32\BIN\WRITE_LINES.OBJ
C:\SOFTWARE\TRANSIMS60\FILE_DATA_SERVICE\WIN32\BIN\WRITE_LANE_USES.OBJ
C:\SOFTWARE\TRANSIMS60\FILE_DATA_SERVICE\WIN32\BIN\WRITE_HOUSEHOLDS.OBJ
C:\SOFTWARE\TRANSIMS60\FILE_DATA_SERVICE\WIN32\BIN\WRITE_FARES.OBJ
C:\SOFTWARE\TRANSIMS60\FILE_DATA_SERVICE\WIN32\BIN\WRITE_EVENTS.OBJ
C:\SOFTWARE\TRANSIMS60\FILE_DATA_SERVICE\WIN32\BIN\WRITE_DRIVERS.OBJ
C:\SOFTWARE\TRANSIMS60\FILE_DATA_SERVICE\WIN32\BIN\WRITE_DETECTORS.OBJ
C:\SOFTWARE\TRANSIMS60\FILE_DATA_SERVICE\WIN32\BIN\WRITE_CONNECTIONS.OBJ
C:\SOFTWARE\TRANSIMS60\FILE_DATA_SERVICE\WIN32\BIN\WRITE_ACCESS_LINKS.OBJ
C:\SOFTWARE\TRANSIMS60\FILE_DATA_SERVICE\WIN32\BIN\SELECT_SERVICE.OBJ
C:\SOFTWARE\TRANSIMS60\FILE_DATA_SERVICE\WIN32\BIN\FLOW_TIME_SERVICE.OBJ
C:\SOFTWARE\TRANSIMS60\FILE_DATA_SERVICE\WIN32\BIN\FILE_SERVICE.OBJ
C:\SOFTWARE\TRANSIMS60\FILE_DATA_SERVICE\WIN32\BIN\DRAW_SERVICE.OBJ
C:\SOFTWARE\TRANSIMS60\FILE_DATA_SERVICE\WIN32\BIN\DATA_SHAPES.OBJ
C:\SOFTWARE\TRANSIMS60\FILE_DATA_SERVICE\WIN32\BIN\WRITE_ZONES.OBJ
C:\SOFTWARE\TRANSIMS60\FILE_DATA_SERVICE\WIN32\BIN\WRITE_VEH_TYPES.OBJ
C:\SOFTWARE\TRANSIMS60\FILE_DATA_SERVICE\WIN32\BIN\WRITE_TURN_PENS.OBJ
C:\SOFTWARE\TRANSIMS60\FILE_DATA_SERVICE\WIN32\BIN\WRITE_TRIPS.OBJ
C:\SOFTWARE\TRANSIMS60\FILE_DATA_SERVICE\WIN32\BIN\WRITE_TRAVELERS.OBJ
C:\SOFTWARE\TRANSIMS60\FILE_DATA_SERVICE\WIN32\BIN\WRITE_TIMING_PLANS.OBJ
C:\SOFTWARE\TRANSIMS60\FILE_DATA_SERVICE\WIN32\BIN\WRITE_STOPS.OBJ
C:\SOFTWARE\TRANSIMS60\FILE_DATA_SERVICE\WIN32\BIN\WRITE_SKIMS.OBJ
C:\SOFTWARE\TRANSIMS60\FILE_DATA_SERVICE\WIN32\BIN\WRITE_SIGNS.OBJ
C:\SOFTWARE\TRANSIMS60\FILE_DATA_SERVICE\WIN32\BIN\WRITE_SIGNALS.OBJ
C:\SOFTWARE\TRANSIMS60\FILE_DATA_SERVICE\WIN32\BIN\WRITE_SHAPES.OBJ
C:\SOFTWARE\TRANSIMS60\FILE_DATA_SERVICE\WIN32\BIN\WRITE_SELECTIONS.OBJ
C:\SOFTWARE\TRANSIMS60\FILE_DATA_SERVICE\WIN32\BIN\WRITE_SCHEDULES.OBJ
C:\SOFTWARE\TRANSIMS60\FILE_DATA_SERVICE\WIN32\BIN\WRITE_ROUTE_NODES.OBJ
C:\SOFTWARE\TRANSIMS60\FILE_DATA_SERVICE\WIN32\BIN\WRITE_RIDERSHIP.OBJ
C:\SOFTWARE\TRANSIMS60\FILE_DATA_SERVICE\WIN32\BIN\WRITE_PROBLEMS.OBJ
C:\SOFTWARE\TRANSIMS60\FILE_DATA_SERVICE\WIN32\BIN\WRITE_POCKETS.OBJ
C:\SOFTWARE\TRANSIMS60\FILE_DATA_SERVICE\WIN32\BIN\WRITE_PLANS.OBJ
C:\SOFTWARE\TRANSIMS60\FILE_DATA_SERVICE\WIN32\BIN\WRITE_PHASING_PLANS.OBJ
C:\SOFTWARE\TRANSIMS60\FILE_DATA_SERVICE\WIN32\BIN\FILE_DATA_SERVICE.LIB
C:\Software\Transims60\File_Data_Service\Win32\Bin\File_Data_Service.vcxprojResolveAssemblyReference.cache
C:\Software\Transims60\File_Data_Service\Win32\Bin\Access_File.obj
C:\Software\Transims60\File_Data_Service\Win32\Bin\Activity_File.obj
C:\Software\Transims60\File_Data_Service\Win32\Bin\Approach_Link_File.obj
C:\Software\Transims60\File_Data_Service\Win32\Bin\Attribute_Data.obj
C:\Software\Transims60\File_Data_Service\Win32\Bin\Connect_File.obj
C:\Software\Transims60\File_Data_Service\Win32\Bin\Data_Service.obj
C:\Software\Transims60\File_Data_Service\Win32\Bin\Data_Shapes.obj
C:\Software\Transims60\File_Data_Service\Win32\Bin\Detector_File.obj
C:\Software\Transims60\File_Data_Service\Win32\Bin\Diurnal_File.obj
C:\Software\Transims60\File_Data_Service\Win32\Bin\Draw_Service.obj
C:\Software\Transims60\File_Data_Service\Win32\Bin\Driver_File.obj
C:\Software\Transims60\File_Data_Service\Win32\Bin\Event_Data.obj
C:\Software\Transims60\File_Data_Service\Win32\Bin\Event_File.obj
C:\Software\Transims60\File_Data_Service\Win32\Bin\Factor_File.obj
C:\Software\Transims60\File_Data_Service\Win32\Bin\Fare_File.obj
C:\Software\Transims60\File_Data_Service\Win32\Bin\File_Service.obj
C:\Software\Transims60\File_Data_Service\Win32\Bin\Flow_Time_Data.obj
C:\Software\Transims60\File_Data_Service\Win32\Bin\Flow_Time_Service.obj
C:\Software\Transims60\File_Data_Service\Win32\Bin\Household_File.obj
C:\Software\Transims60\File_Data_Service\Win32\Bin\Lane_Use_File.obj
C:\Software\Transims60\File_Data_Service\Win32\Bin\Line_Data.obj
C:\Software\Transims60\File_Data_Service\Win32\Bin\Line_File.obj
C:\Software\Transims60\File_Data_Service\Win32\Bin\Link_Data_File.obj
C:\Software\Transims60\File_Data_Service\Win32\Bin\Link_Delay_File.obj
C:\Software\Transims60\File_Data_Service\Win32\Bin\Link_Dir_File.obj
C:\Software\Transims60\File_Data_Service\Win32\Bin\Link_File.obj
C:\Software\Transims60\File_Data_Service\Win32\Bin\Link_Use_File.obj
C:\Software\Transims60\File_Data_Service\Win32\Bin\Location_File.obj
C:\Software\Transims60\File_Data_Service\Win32\Bin\Matrix_File.obj
C:\Software\Transims60\File_Data_Service\Win32\Bin\Node_File.obj
C:\Software\Transims60\File_Data_Service\Win32\Bin\Occupancy_File.obj
C:\Software\Transims60\File_Data_Service\Win32\Bin\Old_Plan_File.obj
C:\Software\Transims60\File_Data_Service\Win32\Bin\Parking_File.obj
C:\Software\Transims60\File_Data_Service\Win32\Bin\Performance_Data.obj
C:\Software\Transims60\File_Data_Service\Win32\Bin\Performance_File.obj
C:\Software\Transims60\File_Data_Service\Win32\Bin\Person_File.obj
C:\Software\Transims60\File_Data_Service\Win32\Bin\Phasing_File.obj
C:\Software\Transims60\File_Data_Service\Win32\Bin\Plan_File.obj
C:\Software\Transims60\File_Data_Service\Win32\Bin\Pocket_File.obj
C:\Software\Transims60\File_Data_Service\Win32\Bin\Problem_File.obj
C:\Software\Transims60\File_Data_Service\Win32\Bin\Read_Access_Links.obj
C:\Software\Transims60\File_Data_Service\Win32\Bin\Read_Connections.obj
C:\Software\Transims60\File_Data_Service\Win32\Bin\Read_Detectors.obj
C:\Software\Transims60\File_Data_Service\Win32\Bin\Read_Drivers.obj
C:\Software\Transims60\File_Data_Service\Win32\Bin\Read_Events.obj
C:\Software\Transims60\File_Data_Service\Win32\Bin\Read_Fares.obj
C:\Software\Transims60\File_Data_Service\Win32\Bin\Read_Households.obj
C:\Software\Transims60\File_Data_Service\Win32\Bin\Read_Lane_Uses.obj
C:\Software\Transims60\File_Data_Service\Win32\Bin\Read_Lines.obj
C:\Software\Transims60\File_Data_Service\Win32\Bin\Read_Links.obj
C:\Software\Transims60\File_Data_Service\Win32\Bin\Read_Link_Delays.obj
C:\Software\Transims60\File_Data_Service\Win32\Bin\Read_Locations.obj
C:\Software\Transims60\File_Data_Service\Win32\Bin\Read_Nodes.obj
C:\Software\Transims60\File_Data_Service\Win32\Bin\Read_Parking_Lots.obj
C:\Software\Transims60\File_Data_Service\Win32\Bin\Read_Performance.obj
C:\Software\Transims60\File_Data_Service\Win32\Bin\Read_Phasing_Plans.obj
C:\Software\Transims60\File_Data_Service\Win32\Bin\Read_Plans.obj
C:\Software\Transims60\File_Data_Service\Win32\Bin\Read_Pockets.obj
C:\Software\Transims60\File_Data_Service\Win32\Bin\Read_Problems.obj
C:\Software\Transims60\File_Data_Service\Win32\Bin\Read_Ridership.obj
C:\Software\Transims60\File_Data_Service\Win32\Bin\Read_Route_Nodes.obj
C:\Software\Transims60\File_Data_Service\Win32\Bin\Read_Schedules.obj
C:\Software\Transims60\File_Data_Service\Win32\Bin\Read_Selections.obj
C:\Software\Transims60\File_Data_Service\Win32\Bin\Read_Shapes.obj
C:\Software\Transims60\File_Data_Service\Win32\Bin\Read_Signals.obj
C:\Software\Transims60\File_Data_Service\Win32\Bin\Read_Signs.obj
C:\Software\Transims60\File_Data_Service\Win32\Bin\Read_Skims.obj
C:\Software\Transims60\File_Data_Service\Win32\Bin\Read_Stops.obj
C:\Software\Transims60\File_Data_Service\Win32\Bin\Read_Timing_Plans.obj
C:\Software\Transims60\File_Data_Service\Win32\Bin\Read_Travelers.obj
C:\Software\Transims60\File_Data_Service\Win32\Bin\Read_Trips.obj
C:\Software\Transims60\File_Data_Service\Win32\Bin\Read_Turn_Pens.obj
C:\Software\Transims60\File_Data_Service\Win32\Bin\Read_Veh_Types.obj
C:\Software\Transims60\File_Data_Service\Win32\Bin\Read_Zones.obj
C:\Software\Transims60\File_Data_Service\Win32\Bin\Ridership_File.obj
C:\Software\Transims60\File_Data_Service\Win32\Bin\Route_Nodes_File.obj
C:\Software\Transims60\File_Data_Service\Win32\Bin\Schedule_File.obj
C:\Software\Transims60\File_Data_Service\Win32\Bin\Selection_Data.obj
C:\Software\Transims60\File_Data_Service\Win32\Bin\Selection_File.obj
C:\Software\Transims60\File_Data_Service\Win32\Bin\Select_Service.obj
C:\Software\Transims60\File_Data_Service\Win32\Bin\Shape_File.obj
C:\Software\Transims60\File_Data_Service\Win32\Bin\Signal_File.obj
C:\Software\Transims60\File_Data_Service\Win32\Bin\Sign_File.obj
C:\Software\Transims60\File_Data_Service\Win32\Bin\Skim_Data.obj
C:\Software\Transims60\File_Data_Service\Win32\Bin\Skim_File.obj
C:\Software\Transims60\File_Data_Service\Win32\Bin\Snapshot_File.obj
C:\Software\Transims60\File_Data_Service\Win32\Bin\Stop_File.obj
C:\Software\Transims60\File_Data_Service\Win32\Bin\Subzone_File.obj
C:\Software\Transims60\File_Data_Service\Win32\Bin\Time_Index.obj
C:\Software\Transims60\File_Data_Service\Win32\Bin\Time_Sum_File.obj
C:\Software\Transims60\File_Data_Service\Win32\Bin\Timing_File.obj
C:\Software\Transims60\File_Data_Service\Win32\Bin\Toll_File.obj
C:\Software\Transims60\File_Data_Service\Win32\Bin\Tour_Sort.obj
C:\Software\Transims60\File_Data_Service\Win32\Bin\Transfer_Data.obj
C:\Software\Transims60\File_Data_Service\Win32\Bin\Traveler_Data.obj
C:\Software\Transims60\File_Data_Service\Win32\Bin\Traveler_File.obj
C:\Software\Transims60\File_Data_Service\Win32\Bin\Travel_Time_File.obj
C:\Software\Transims60\File_Data_Service\Win32\Bin\Trip_File.obj
C:\Software\Transims60\File_Data_Service\Win32\Bin\Trip_Index.obj
C:\Software\Transims60\File_Data_Service\Win32\Bin\Turn_Pen_File.obj
C:\Software\Transims60\File_Data_Service\Win32\Bin\Turn_Vol_File.obj
C:\Software\Transims60\File_Data_Service\Win32\Bin\Vehicle_File.obj
C:\Software\Transims60\File_Data_Service\Win32\Bin\Veh_Type_File.obj
C:\Software\Transims60\File_Data_Service\Win32\Bin\Write_Access_Links.obj
C:\Software\Transims60\File_Data_Service\Win32\Bin\Write_Connections.obj
C:\Software\Transims60\File_Data_Service\Win32\Bin\Write_Detectors.obj
C:\Software\Transims60\File_Data_Service\Win32\Bin\Write_Drivers.obj
C:\Software\Transims60\File_Data_Service\Win32\Bin\Write_Events.obj
C:\Software\Transims60\File_Data_Service\Win32\Bin\Write_Fares.obj
C:\Software\Transims60\File_Data_Service\Win32\Bin\Write_Households.obj
C:\Software\Transims60\File_Data_Service\Win32\Bin\Write_Lane_Uses.obj
C:\Software\Transims60\File_Data_Service\Win32\Bin\Write_Lines.obj
C:\Software\Transims60\File_Data_Service\Win32\Bin\Write_Links.obj
C:\Software\Transims60\File_Data_Service\Win32\Bin\Write_Link_Delays.obj
C:\Software\Transims60\File_Data_Service\Win32\Bin\Write_Locations.obj
C:\Software\Transims60\File_Data_Service\Win32\Bin\Write_Nodes.obj
C:\Software\Transims60\File_Data_Service\Win32\Bin\Write_Parking_Lots.obj
C:\Software\Transims60\File_Data_Service\Win32\Bin\Write_Performance.obj
C:\Software\Transims60\File_Data_Service\Win32\Bin\Write_Phasing_Plans.obj
C:\Software\Transims60\File_Data_Service\Win32\Bin\Write_Plans.obj
C:\Software\Transims60\File_Data_Service\Win32\Bin\Write_Pockets.obj
C:\Software\Transims60\File_Data_Service\Win32\Bin\Write_Problems.obj
C:\Software\Transims60\File_Data_Service\Win32\Bin\Write_Ridership.obj
C:\Software\Transims60\File_Data_Service\Win32\Bin\Write_Route_Nodes.obj
C:\Software\Transims60\File_Data_Service\Win32\Bin\Write_Schedules.obj
C:\Software\Transims60\File_Data_Service\Win32\Bin\Write_Selections.obj
C:\Software\Transims60\File_Data_Service\Win32\Bin\Write_Shapes.obj
C:\Software\Transims60\File_Data_Service\Win32\Bin\Write_Signals.obj
C:\Software\Transims60\File_Data_Service\Win32\Bin\Write_Signs.obj
C:\Software\Transims60\File_Data_Service\Win32\Bin\Write_Skims.obj
C:\Software\Transims60\File_Data_Service\Win32\Bin\Write_Stops.obj
C:\Software\Transims60\File_Data_Service\Win32\Bin\Write_Timing_Plans.obj
C:\Software\Transims60\File_Data_Service\Win32\Bin\Write_Travelers.obj
C:\Software\Transims60\File_Data_Service\Win32\Bin\Write_Trips.obj
C:\Software\Transims60\File_Data_Service\Win32\Bin\Write_Turn_Pens.obj
C:\Software\Transims60\File_Data_Service\Win32\Bin\Write_Veh_Types.obj
C:\Software\Transims60\File_Data_Service\Win32\Bin\Write_Zones.obj
C:\Software\Transims60\File_Data_Service\Win32\Bin\Zone_File.obj
C:\Software\Transims60\File_Data_Service\Win32\Bin\Zone_Location.obj
C:\Software\Transims60\File_Data_Service\Win32\Bin\cl.command.1.tlog
C:\Software\Transims60\File_Data_Service\Win32\Bin\CL.read.1.tlog
C:\Software\Transims60\File_Data_Service\Win32\Bin\CL.write.1.tlog
C:\Software\Transims60\File_Data_Service\Win32\Bin\Lib-link.read.1.tlog
C:\Software\Transims60\File_Data_Service\Win32\Bin\Lib-link.write.1.tlog
C:\Software\Transims60\File_Data_Service\Win32\Bin\lib.command.1.tlog
C:\Software\Transims60\File_Data_Service\Win32\Bin\vc110.pdb
C:\Software\Transims60\File_Data_Service\Win32\Bin\File_Data_Service.lib
