C:\SOFTWARE\TRANSIMS60\ROUTEPREP\WIN32\BIN\VC110.PDB
C:\SOFTWARE\TRANSIMS60\WIN32\BIN\ROUTEPREP.EXE
C:\SOFTWARE\TRANSIMS60\WIN32\BIN\ROUTEPREP.PDB
C:\Software\Transims60\RoutePrep\Win32\Bin\RoutePrep.vcxprojResolveAssemblyReference.cache
C:\Software\Transims60\RoutePrep\Win32\Bin\Control.obj
C:\Software\Transims60\RoutePrep\Win32\Bin\Endline_Station.obj
C:\Software\Transims60\RoutePrep\Win32\Bin\Execute.obj
C:\Software\Transims60\RoutePrep\Win32\Bin\Inline_Station.obj
C:\Software\Transims60\RoutePrep\Win32\Bin\Input_Routes.obj
C:\Software\Transims60\RoutePrep\Win32\Bin\Insert_Link.obj
C:\Software\Transims60\RoutePrep\Win32\Bin\Insert_Stations.obj
C:\Software\Transims60\RoutePrep\Win32\Bin\Link_Order.obj
C:\Software\Transims60\RoutePrep\Win32\Bin\Platform_Link.obj
C:\Software\Transims60\RoutePrep\Win32\Bin\Read_Factors.obj
C:\Software\Transims60\RoutePrep\Win32\Bin\Read_Node_File.obj
C:\Software\Transims60\RoutePrep\Win32\Bin\Read_Node_Map.obj
C:\Software\Transims60\RoutePrep\Win32\Bin\Read_Routes.obj
C:\Software\Transims60\RoutePrep\Win32\Bin\Read_Route_Stops.obj
C:\Software\Transims60\RoutePrep\Win32\Bin\Read_Scripts.obj
C:\Software\Transims60\RoutePrep\Win32\Bin\Read_Speeds.obj
C:\Software\Transims60\RoutePrep\Win32\Bin\Read_Stations.obj
C:\Software\Transims60\RoutePrep\Win32\Bin\RoutePrep.obj
C:\Software\Transims60\RoutePrep\Win32\Bin\Route_Segments.obj
C:\Software\Transims60\RoutePrep\Win32\Bin\Save_Route.obj
C:\Software\Transims60\RoutePrep\Win32\Bin\Transifer_Link.obj
C:\Software\Transims60\RoutePrep\Win32\Bin\Update_Routes.obj
C:\Software\Transims60\RoutePrep\Win32\Bin\Write_Node_Map.obj
C:\Software\Transims60\RoutePrep\Win32\Bin\Write_Route.obj
C:\Software\Transims60\RoutePrep\Win32\Bin\CL.2956.read.1.tlog
C:\Software\Transims60\RoutePrep\Win32\Bin\CL.2956.write.1.tlog
C:\Software\Transims60\RoutePrep\Win32\Bin\CL.4296.read.1.tlog
C:\Software\Transims60\RoutePrep\Win32\Bin\CL.4296.write.1.tlog
C:\Software\Transims60\RoutePrep\Win32\Bin\CL.4492.read.1.tlog
C:\Software\Transims60\RoutePrep\Win32\Bin\CL.4492.write.1.tlog
C:\Software\Transims60\RoutePrep\Win32\Bin\CL.4844.read.1.tlog
C:\Software\Transims60\RoutePrep\Win32\Bin\CL.4844.write.1.tlog
C:\Software\Transims60\RoutePrep\Win32\Bin\cl.command.1.tlog
C:\Software\Transims60\RoutePrep\Win32\Bin\CL.read.1.tlog
C:\Software\Transims60\RoutePrep\Win32\Bin\cl.write.1.tlog
C:\Software\Transims60\RoutePrep\Win32\Bin\link-cvtres.read.1.tlog
C:\Software\Transims60\RoutePrep\Win32\Bin\link-cvtres.write.1.tlog
C:\Software\Transims60\RoutePrep\Win32\Bin\link-rc.read.1.tlog
C:\Software\Transims60\RoutePrep\Win32\Bin\link-rc.write.1.tlog
C:\Software\Transims60\RoutePrep\Win32\Bin\link.command.1.tlog
C:\Software\Transims60\RoutePrep\Win32\Bin\link.read.1.tlog
C:\Software\Transims60\RoutePrep\Win32\Bin\link.write.1.tlog
