C:\SOFTWARE\TRANSIMS60\ARCSNAPSHOT\X64\BINTHREADS\VC110.PDB
C:\SOFTWARE\TRANSIMS60\X64\BINTHREADS\ARCSNAPSHOT.EXE
C:\Software\Transims60\ArcSnapshot\x64\BinThreads\ArcSnapshot.vcxprojResolveAssemblyReference.cache
C:\Software\Transims60\ArcSnapshot\x64\BinThreads\ArcSnapshot.obj
C:\Software\Transims60\ArcSnapshot\x64\BinThreads\Control.obj
C:\Software\Transims60\ArcSnapshot\x64\BinThreads\Create_Cells.obj
C:\Software\Transims60\ArcSnapshot\x64\BinThreads\Draw_Vehicle.obj
C:\Software\Transims60\ArcSnapshot\x64\BinThreads\Execute.obj
C:\Software\Transims60\ArcSnapshot\x64\BinThreads\Max_Check.obj
C:\Software\Transims60\ArcSnapshot\x64\BinThreads\Read_Snapshot.obj
C:\Software\Transims60\ArcSnapshot\x64\BinThreads\Set_Subarea.obj
C:\Software\Transims60\ArcSnapshot\x64\BinThreads\Set_Veh_Types.obj
C:\Software\Transims60\ArcSnapshot\x64\BinThreads\Sum_Snapshot.obj
C:\Software\Transims60\ArcSnapshot\x64\BinThreads\Write_Snapshot.obj
C:\Software\Transims60\ArcSnapshot\x64\BinThreads\Write_Summary.obj
C:\Software\Transims60\ArcSnapshot\x64\BinThreads\CL.2812.read.1.tlog
C:\Software\Transims60\ArcSnapshot\x64\BinThreads\CL.2812.write.1.tlog
C:\Software\Transims60\ArcSnapshot\x64\BinThreads\CL.5516.read.1.tlog
C:\Software\Transims60\ArcSnapshot\x64\BinThreads\CL.5516.write.1.tlog
C:\Software\Transims60\ArcSnapshot\x64\BinThreads\CL.5776.read.1.tlog
C:\Software\Transims60\ArcSnapshot\x64\BinThreads\CL.5776.write.1.tlog
C:\Software\Transims60\ArcSnapshot\x64\BinThreads\CL.5780.read.1.tlog
C:\Software\Transims60\ArcSnapshot\x64\BinThreads\CL.5780.write.1.tlog
C:\Software\Transims60\ArcSnapshot\x64\BinThreads\cl.command.1.tlog
C:\Software\Transims60\ArcSnapshot\x64\BinThreads\CL.read.1.tlog
C:\Software\Transims60\ArcSnapshot\x64\BinThreads\cl.write.1.tlog
C:\Software\Transims60\ArcSnapshot\x64\BinThreads\link-cvtres.read.1.tlog
C:\Software\Transims60\ArcSnapshot\x64\BinThreads\link-cvtres.write.1.tlog
C:\Software\Transims60\ArcSnapshot\x64\BinThreads\link-rc.read.1.tlog
C:\Software\Transims60\ArcSnapshot\x64\BinThreads\link-rc.write.1.tlog
C:\Software\Transims60\ArcSnapshot\x64\BinThreads\link.command.1.tlog
C:\Software\Transims60\ArcSnapshot\x64\BinThreads\link.read.1.tlog
C:\Software\Transims60\ArcSnapshot\x64\BinThreads\link.write.1.tlog
C:\Software\Transims60\ArcSnapshot\x64\BinThreads\vc110.pdb
C:\Software\Transims60\x64\BinThreads\ArcSnapshot.exe
