Build started 3/7/2014 7:57:46 AM.
     1>Project "C:\Software\Transims60\TransimsNet\TransimsNet.vcxproj" on node 4 (Build target(s)).
     1>ClCompile:
         C:\Program Files (x86)\Microsoft Visual Studio 11.0\VC\bin\x86_amd64\CL.exe /c /I..\Include /Zi /nologo /W4 /WX /MP /O2 /D WIN32 /D NDEBUG /D _CONSOLE /D THREADS /Gm- /EHsc /MT /GS /Qpar /fp:precise /Zc:wchar_t /Zc:forScope /Fo"x64\BinThreads\\" /Fd"x64\BinThreads\vc110.pdb" /Gd /TP /analyze- /errorReport:prompt Connections.cpp Control.cpp Execute.cpp Lane_Ranges.cpp Lane_Use.cpp Link_Access.cpp Operators.cpp Pocket_Lanes.cpp Read_Approach.cpp Read_Boundary.cpp Read_Link_Use.cpp Traffic_Controls.cpp TransimsNet.cpp Zone_Access.cpp
         Connections.cpp
         Control.cpp
         Execute.cpp
         Lane_Ranges.cpp
         Lane_Use.cpp
         Link_Access.cpp
         Operators.cpp
         Pocket_Lanes.cpp
         Read_Approach.cpp
         Read_Boundary.cpp
         Read_Link_Use.cpp
         Traffic_Controls.cpp
         TransimsNet.cpp
         Zone_Access.cpp
       Link:
         C:\Program Files (x86)\Microsoft Visual Studio 11.0\VC\bin\x86_amd64\link.exe /ERRORREPORT:PROMPT /OUT:"C:\Software\Transims60\x64\BinThreads\TransimsNet.exe" /INCREMENTAL:NO /NOLOGO kernel32.lib user32.lib gdi32.lib winspool.lib comdlg32.lib advapi32.lib shell32.lib ole32.lib oleaut32.lib uuid.lib odbc32.lib odbccp32.lib /MANIFEST /MANIFESTUAC:"level='asInvoker' uiAccess='false'" /manifest:embed /PDB:"C:\Software\Transims60\x64\BinThreads\TransimsNet.pdb" /SUBSYSTEM:CONSOLE,"5.02" /OPT:REF /OPT:ICF /TLBID:1 /DYNAMICBASE /NXCOMPAT /IMPLIB:"C:\Software\Transims60\x64\BinThreads\TransimsNet.lib" /MACHINE:X64 x64\BinThreads\Connections.obj
         x64\BinThreads\Control.obj
         x64\BinThreads\Execute.obj
         x64\BinThreads\Lane_Ranges.obj
         x64\BinThreads\Lane_Use.obj
         x64\BinThreads\Link_Access.obj
         x64\BinThreads\Operators.obj
         x64\BinThreads\Pocket_Lanes.obj
         x64\BinThreads\Read_Approach.obj
         x64\BinThreads\Read_Boundary.obj
         x64\BinThreads\Read_Link_Use.obj
         x64\BinThreads\Traffic_Controls.obj
         x64\BinThreads\TransimsNet.obj
         x64\BinThreads\Zone_Access.obj
         C:\Software\Transims60\SysLib\x64\BinThreads\SysLib.lib
         C:\Software\Transims60\File_Data_Service\x64\BinThreads\File_Data_Service.lib
         TransimsNet.vcxproj -> C:\Software\Transims60\x64\BinThreads\TransimsNet.exe
     1>Done Building Project "C:\Software\Transims60\TransimsNet\TransimsNet.vcxproj" (Build target(s)).

Build succeeded.

Time Elapsed 00:01:02.18
