C:\TRANSIMS\TRANSIMS60\PATHSKIM\X64\BIN\VC110.PDB
C:\TRANSIMS\TRANSIMS60\X64\BIN\PATHSKIM.EXE
C:\TRANSIMS\Transims60\PathSkim\x64\Bin\Build_Paths.obj
C:\TRANSIMS\Transims60\PathSkim\x64\Bin\Control.obj
C:\TRANSIMS\Transims60\PathSkim\x64\Bin\Execute.obj
C:\TRANSIMS\Transims60\PathSkim\x64\Bin\Flow_Skims.obj
C:\TRANSIMS\Transims60\PathSkim\x64\Bin\Location_List.obj
C:\TRANSIMS\Transims60\PathSkim\x64\Bin\New_Zone_Loc.obj
C:\TRANSIMS\Transims60\PathSkim\x64\Bin\Output_Skims.obj
C:\TRANSIMS\Transims60\PathSkim\x64\Bin\PathSkim.obj
C:\TRANSIMS\Transims60\PathSkim\x64\Bin\Save_Plans.obj
C:\TRANSIMS\Transims60\PathSkim\x64\Bin\Save_Skims.obj
C:\TRANSIMS\Transims60\PathSkim\x64\Bin\Skim_Check.obj
C:\TRANSIMS\Transims60\PathSkim\x64\Bin\Skim_Paths.obj
C:\TRANSIMS\Transims60\PathSkim\x64\Bin\User_Locations.obj
C:\TRANSIMS\Transims60\PathSkim\x64\Bin\Zone_Locations.obj
C:\TRANSIMS\Transims60\PathSkim\x64\Bin\Zone_Skims.obj
C:\TRANSIMS\Transims60\PathSkim\x64\Bin\CL.5676.read.1.tlog
C:\TRANSIMS\Transims60\PathSkim\x64\Bin\CL.5676.write.1.tlog
C:\TRANSIMS\Transims60\PathSkim\x64\Bin\CL.6160.read.1.tlog
C:\TRANSIMS\Transims60\PathSkim\x64\Bin\CL.6160.write.1.tlog
C:\TRANSIMS\Transims60\PathSkim\x64\Bin\CL.6420.read.1.tlog
C:\TRANSIMS\Transims60\PathSkim\x64\Bin\CL.6420.write.1.tlog
C:\TRANSIMS\Transims60\PathSkim\x64\Bin\CL.6428.read.1.tlog
C:\TRANSIMS\Transims60\PathSkim\x64\Bin\CL.6428.write.1.tlog
C:\TRANSIMS\Transims60\PathSkim\x64\Bin\cl.command.1.tlog
C:\TRANSIMS\Transims60\PathSkim\x64\Bin\CL.read.1.tlog
C:\TRANSIMS\Transims60\PathSkim\x64\Bin\cl.write.1.tlog
C:\TRANSIMS\Transims60\PathSkim\x64\Bin\link-cvtres.read.1.tlog
C:\TRANSIMS\Transims60\PathSkim\x64\Bin\link-cvtres.write.1.tlog
C:\TRANSIMS\Transims60\PathSkim\x64\Bin\link-rc.read.1.tlog
C:\TRANSIMS\Transims60\PathSkim\x64\Bin\link-rc.write.1.tlog
C:\TRANSIMS\Transims60\PathSkim\x64\Bin\link.command.1.tlog
C:\TRANSIMS\Transims60\PathSkim\x64\Bin\link.read.1.tlog
C:\TRANSIMS\Transims60\PathSkim\x64\Bin\link.write.1.tlog
C:\TRANSIMS\Transims60\PathSkim\x64\Bin\vc110.pdb
C:\TRANSIMS\Transims60\x64\Bin\PathSkim.exe
