C:\TRANSIMS\TRANSIMS51\LOCATIONDATA\DEBUG\CHECK_ZONES.OBJ
C:\TRANSIMS\TRANSIMS51\LOCATIONDATA\DEBUG\CONTROL.OBJ
C:\TRANSIMS\TRANSIMS51\LOCATIONDATA\DEBUG\EXECUTE.OBJ
C:\TRANSIMS\TRANSIMS51\LOCATIONDATA\DEBUG\GET_LOCATION_DATA.OBJ
C:\TRANSIMS\TRANSIMS51\LOCATIONDATA\DEBUG\GET_ZONE_DATA.OBJ
C:\TRANSIMS\TRANSIMS51\LOCATIONDATA\DEBUG\LOCATIONDATA.OBJ
C:\TRANSIMS\TRANSIMS51\LOCATIONDATA\DEBUG\READ_BOUNDARY.OBJ
C:\TRANSIMS\TRANSIMS51\LOCATIONDATA\DEBUG\READ_DATA.OBJ
C:\TRANSIMS\TRANSIMS51\LOCATIONDATA\DEBUG\READ_POLYGONS.OBJ
C:\TRANSIMS\TRANSIMS51\LOCATIONDATA\DEBUG\READ_SUBZONE.OBJ
C:\TRANSIMS\TRANSIMS51\LOCATIONDATA\DEBUG\READ_SUBZONE_MAP.OBJ
C:\TRANSIMS\TRANSIMS51\LOCATIONDATA\DEBUG\SET_FILES.OBJ
C:\TRANSIMS\TRANSIMS51\LOCATIONDATA\DEBUG\SUB_MAP_WEIGHTS.OBJ
C:\TRANSIMS\TRANSIMS51\LOCATIONDATA\DEBUG\SUBZONE_WEIGHTS.OBJ
C:\TRANSIMS\TRANSIMS51\LOCATIONDATA\DEBUG\WALK_ACCESS.OBJ
C:\TRANSIMS\TRANSIMS51\LOCATIONDATA\DEBUG\WRITE_LOCATION.OBJ
C:\TRANSIMS\TRANSIMS51\LOCATIONDATA\DEBUG\ZONE_LOCATIONS.OBJ
C:\TRANSIMS\TRANSIMS51\LOCATIONDATA\DEBUG\VC110.PDB
C:\TRANSIMS\TRANSIMS51\DEBUG\LOCATIONDATA.ILK
C:\TRANSIMS\TRANSIMS51\DEBUG\LOCATIONDATA.EXE
C:\TRANSIMS\TRANSIMS51\DEBUG\LOCATIONDATA.PDB
C:\TRANSIMS\Transims51\LocationData\Debug\LocationData.vcxprojResolveAssemblyReference.cache
C:\TRANSIMS\Transims51\LocationData\Debug\Check_Zones.obj
C:\TRANSIMS\Transims51\LocationData\Debug\Control.obj
C:\TRANSIMS\Transims51\LocationData\Debug\Execute.obj
C:\TRANSIMS\Transims51\LocationData\Debug\Get_Location_Data.obj
C:\TRANSIMS\Transims51\LocationData\Debug\Get_Zone_Data.obj
C:\TRANSIMS\Transims51\LocationData\Debug\LocationData.obj
C:\TRANSIMS\Transims51\LocationData\Debug\Read_Boundary.obj
C:\TRANSIMS\Transims51\LocationData\Debug\Read_Data.obj
C:\TRANSIMS\Transims51\LocationData\Debug\Read_Polygons.obj
C:\TRANSIMS\Transims51\LocationData\Debug\Read_Subzone.obj
C:\TRANSIMS\Transims51\LocationData\Debug\Read_Subzone_Map.obj
C:\TRANSIMS\Transims51\LocationData\Debug\Set_Files.obj
C:\TRANSIMS\Transims51\LocationData\Debug\Subzone_Weights.obj
C:\TRANSIMS\Transims51\LocationData\Debug\Sub_Map_Weights.obj
C:\TRANSIMS\Transims51\LocationData\Debug\Walk_Access.obj
C:\TRANSIMS\Transims51\LocationData\Debug\Write_Location.obj
C:\TRANSIMS\Transims51\LocationData\Debug\Zone_Locations.obj
C:\TRANSIMS\Transims51\LocationData\Debug\cl.command.1.tlog
C:\TRANSIMS\Transims51\LocationData\Debug\CL.read.1.tlog
C:\TRANSIMS\Transims51\LocationData\Debug\CL.write.1.tlog
C:\TRANSIMS\Transims51\LocationData\Debug\link-cvtres.read.1.tlog
C:\TRANSIMS\Transims51\LocationData\Debug\link-cvtres.write.1.tlog
C:\TRANSIMS\Transims51\LocationData\Debug\link-rc.read.1.tlog
C:\TRANSIMS\Transims51\LocationData\Debug\link-rc.write.1.tlog
C:\TRANSIMS\Transims51\LocationData\Debug\link.command.1.tlog
C:\TRANSIMS\Transims51\LocationData\Debug\link.read.1.tlog
C:\TRANSIMS\Transims51\LocationData\Debug\link.write.1.tlog
C:\TRANSIMS\Transims51\LocationData\Debug\vc110.idb
C:\TRANSIMS\Transims51\LocationData\Debug\vc110.pdb
C:\TRANSIMS\Transims51\Debug\LocationData.pdb
C:\TRANSIMS\Transims51\Debug\LocationData.exe
C:\TRANSIMS\Transims51\Debug\LocationData.ilk
