C:\TRANSIMS\TRANSIMS60\SYSLIB\X64\BIN\VC110.PDB
C:\TRANSIMS\TRANSIMS60\SYSLIB\X64\BIN\SMOOTH_DATA.OBJ
C:\TRANSIMS\TRANSIMS60\SYSLIB\X64\BIN\WORK_QUEUE.OBJ
C:\TRANSIMS\TRANSIMS60\SYSLIB\X64\BIN\STREAMS.OBJ
C:\TRANSIMS\TRANSIMS60\SYSLIB\X64\BIN\TRIP_GAP_DATA.OBJ
C:\TRANSIMS\TRANSIMS60\SYSLIB\X64\BIN\STRING.OBJ
C:\TRANSIMS\TRANSIMS60\SYSLIB\X64\BIN\TRIP_SUM_DATA.OBJ
C:\TRANSIMS\TRANSIMS60\SYSLIB\X64\BIN\SHAPE_TOOLS.OBJ
C:\TRANSIMS\TRANSIMS60\SYSLIB\X64\BIN\TIME_PERIODS.OBJ
C:\TRANSIMS\TRANSIMS60\SYSLIB\X64\BIN\SYSLIB.LIB
C:\TRANSIMS\Transims60\SysLib\x64\Bin\Arcview_File.obj
C:\TRANSIMS\Transims60\SysLib\x64\Bin\Assign.obj
C:\TRANSIMS\Transims60\SysLib\x64\Bin\Barrier.obj
C:\TRANSIMS\Transims60\SysLib\x64\Bin\Best_List.obj
C:\TRANSIMS\Transims60\SysLib\x64\Bin\Buffer.obj
C:\TRANSIMS\Transims60\SysLib\x64\Bin\Compass.obj
C:\TRANSIMS\Transims60\SysLib\x64\Bin\Compile.obj
C:\TRANSIMS\Transims60\SysLib\x64\Bin\Control_Service.obj
C:\TRANSIMS\Transims60\SysLib\x64\Bin\Convert.obj
C:\TRANSIMS\Transims60\SysLib\x64\Bin\Data_Buffer.obj
C:\TRANSIMS\Transims60\SysLib\x64\Bin\Data_Range.obj
C:\TRANSIMS\Transims60\SysLib\x64\Bin\Date_Time.obj
C:\TRANSIMS\Transims60\SysLib\x64\Bin\Db_Array.obj
C:\TRANSIMS\Transims60\SysLib\x64\Bin\Db_Base.obj
C:\TRANSIMS\Transims60\SysLib\x64\Bin\Db_Field.obj
C:\TRANSIMS\Transims60\SysLib\x64\Bin\Db_File.obj
C:\TRANSIMS\Transims60\SysLib\x64\Bin\Db_Header.obj
C:\TRANSIMS\Transims60\SysLib\x64\Bin\Db_Matrix.obj
C:\TRANSIMS\Transims60\SysLib\x64\Bin\Db_Record.obj
C:\TRANSIMS\Transims60\SysLib\x64\Bin\Db_Status.obj
C:\TRANSIMS\Transims60\SysLib\x64\Bin\Difference_Data.obj
C:\TRANSIMS\Transims60\SysLib\x64\Bin\Dtime.obj
C:\TRANSIMS\Transims60\SysLib\x64\Bin\Equation.obj
C:\TRANSIMS\Transims60\SysLib\x64\Bin\Equiv_Data.obj
C:\TRANSIMS\Transims60\SysLib\x64\Bin\Execute.obj
C:\TRANSIMS\Transims60\SysLib\x64\Bin\Execution_Service.obj
C:\TRANSIMS\Transims60\SysLib\x64\Bin\Function.obj
C:\TRANSIMS\Transims60\SysLib\x64\Bin\Functions.obj
C:\TRANSIMS\Transims60\SysLib\x64\Bin\Get_Token.obj
C:\TRANSIMS\Transims60\SysLib\x64\Bin\Initial_Declare.obj
C:\TRANSIMS\Transims60\SysLib\x64\Bin\Initial_Map.obj
C:\TRANSIMS\Transims60\SysLib\x64\Bin\Initial_Table.obj
C:\TRANSIMS\Transims60\SysLib\x64\Bin\Input_Output.obj
C:\TRANSIMS\Transims60\SysLib\x64\Bin\IPF_Data.obj
C:\TRANSIMS\Transims60\SysLib\x64\Bin\Map.obj
C:\TRANSIMS\Transims60\SysLib\x64\Bin\Math.obj
C:\TRANSIMS\Transims60\SysLib\x64\Bin\Message_Service.obj
C:\TRANSIMS\Transims60\SysLib\x64\Bin\Print_Commands.obj
C:\TRANSIMS\Transims60\SysLib\x64\Bin\Process_Command.obj
C:\TRANSIMS\Transims60\SysLib\x64\Bin\Process_Token.obj
C:\TRANSIMS\Transims60\SysLib\x64\Bin\Program_Code.obj
C:\TRANSIMS\Transims60\SysLib\x64\Bin\Projection.obj
C:\TRANSIMS\Transims60\SysLib\x64\Bin\Projection_Data.obj
C:\TRANSIMS\Transims60\SysLib\x64\Bin\Projection_Service.obj
C:\TRANSIMS\Transims60\SysLib\x64\Bin\Random.obj
C:\TRANSIMS\Transims60\SysLib\x64\Bin\Range_Data.obj
C:\TRANSIMS\Transims60\SysLib\x64\Bin\Read_Value.obj
C:\TRANSIMS\Transims60\SysLib\x64\Bin\Record_Queue.obj
C:\TRANSIMS\Transims60\SysLib\x64\Bin\Relation.obj
C:\TRANSIMS\Transims60\SysLib\x64\Bin\Report_Service.obj
C:\TRANSIMS\Transims60\SysLib\x64\Bin\Shape_Tools.obj
C:\TRANSIMS\Transims60\SysLib\x64\Bin\Smooth_Data.obj
C:\TRANSIMS\Transims60\SysLib\x64\Bin\Static_Service.obj
C:\TRANSIMS\Transims60\SysLib\x64\Bin\Streams.obj
C:\TRANSIMS\Transims60\SysLib\x64\Bin\String.obj
C:\TRANSIMS\Transims60\SysLib\x64\Bin\Table.obj
C:\TRANSIMS\Transims60\SysLib\x64\Bin\Time_Periods.obj
C:\TRANSIMS\Transims60\SysLib\x64\Bin\Trip_Gap_Data.obj
C:\TRANSIMS\Transims60\SysLib\x64\Bin\Trip_Sum_Data.obj
C:\TRANSIMS\Transims60\SysLib\x64\Bin\User_Program.obj
C:\TRANSIMS\Transims60\SysLib\x64\Bin\Work_Queue.obj
C:\TRANSIMS\Transims60\SysLib\x64\Bin\CL.1676.read.1.tlog
C:\TRANSIMS\Transims60\SysLib\x64\Bin\CL.1676.write.1.tlog
C:\TRANSIMS\Transims60\SysLib\x64\Bin\CL.2400.read.1.tlog
C:\TRANSIMS\Transims60\SysLib\x64\Bin\CL.2400.write.1.tlog
C:\TRANSIMS\Transims60\SysLib\x64\Bin\CL.4748.read.1.tlog
C:\TRANSIMS\Transims60\SysLib\x64\Bin\CL.4748.write.1.tlog
C:\TRANSIMS\Transims60\SysLib\x64\Bin\CL.5596.read.1.tlog
C:\TRANSIMS\Transims60\SysLib\x64\Bin\CL.5596.write.1.tlog
C:\TRANSIMS\Transims60\SysLib\x64\Bin\CL.6780.read.1.tlog
C:\TRANSIMS\Transims60\SysLib\x64\Bin\CL.6780.write.1.tlog
C:\TRANSIMS\Transims60\SysLib\x64\Bin\CL.7076.read.1.tlog
C:\TRANSIMS\Transims60\SysLib\x64\Bin\CL.7076.write.1.tlog
C:\TRANSIMS\Transims60\SysLib\x64\Bin\CL.7080.read.1.tlog
C:\TRANSIMS\Transims60\SysLib\x64\Bin\CL.7080.write.1.tlog
C:\TRANSIMS\Transims60\SysLib\x64\Bin\CL.7104.read.1.tlog
C:\TRANSIMS\Transims60\SysLib\x64\Bin\CL.7104.write.1.tlog
C:\TRANSIMS\Transims60\SysLib\x64\Bin\cl.command.1.tlog
C:\TRANSIMS\Transims60\SysLib\x64\Bin\CL.read.1.tlog
C:\TRANSIMS\Transims60\SysLib\x64\Bin\cl.write.1.tlog
C:\TRANSIMS\Transims60\SysLib\x64\Bin\Lib-link.read.1.tlog
C:\TRANSIMS\Transims60\SysLib\x64\Bin\Lib-link.write.1.tlog
C:\TRANSIMS\Transims60\SysLib\x64\Bin\lib.command.1.tlog
C:\TRANSIMS\Transims60\SysLib\x64\Bin\vc110.pdb
C:\TRANSIMS\Transims60\SysLib\x64\Bin\SysLib.lib
