C:\SOFTWARE\TRANSIMS60\NEWFORMAT\WIN32\BIN\VC110.PDB
C:\SOFTWARE\TRANSIMS60\WIN32\BIN\NEWFORMAT.EXE
C:\SOFTWARE\TRANSIMS60\WIN32\BIN\NEWFORMAT.PDB
C:\Software\Transims60\NewFormat\Win32\Bin\NewFormat.vcxprojResolveAssemblyReference.cache
C:\Software\Transims60\NewFormat\Win32\Bin\Check_Phasing_Plans.obj
C:\Software\Transims60\NewFormat\Win32\Bin\Control.obj
C:\Software\Transims60\NewFormat\Win32\Bin\Create_Performance.obj
C:\Software\Transims60\NewFormat\Win32\Bin\Execute.obj
C:\Software\Transims60\NewFormat\Win32\Bin\Get_Location_Data.obj
C:\Software\Transims60\NewFormat\Win32\Bin\Get_Router_Nodes_Data.obj
C:\Software\Transims60\NewFormat\Win32\Bin\Get_Skim_Data.obj
C:\Software\Transims60\NewFormat\Win32\Bin\Get_Trip_Data.obj
C:\Software\Transims60\NewFormat\Win32\Bin\Get_Zone_Data.obj
C:\Software\Transims60\NewFormat\Win32\Bin\Make_Route_Nodes.obj
C:\Software\Transims60\NewFormat\Win32\Bin\NewFormat.obj
C:\Software\Transims60\NewFormat\Win32\Bin\Plan_Processing.obj
C:\Software\Transims60\NewFormat\Win32\Bin\Read_Activity.obj
C:\Software\Transims60\NewFormat\Win32\Bin\Read_Persons.obj
C:\Software\Transims60\NewFormat\Win32\Bin\Read_Routes.obj
C:\Software\Transims60\NewFormat\Win32\Bin\Read_Snapshots.obj
C:\Software\Transims60\NewFormat\Win32\Bin\Read_Tolls.obj
C:\Software\Transims60\NewFormat\Win32\Bin\Read_Vehicles.obj
C:\Software\Transims60\NewFormat\Win32\Bin\Travel_Plans.obj
C:\Software\Transims60\NewFormat\Win32\Bin\CL.4272.read.1.tlog
C:\Software\Transims60\NewFormat\Win32\Bin\CL.4272.write.1.tlog
C:\Software\Transims60\NewFormat\Win32\Bin\CL.4372.read.1.tlog
C:\Software\Transims60\NewFormat\Win32\Bin\CL.4372.write.1.tlog
C:\Software\Transims60\NewFormat\Win32\Bin\CL.5592.read.1.tlog
C:\Software\Transims60\NewFormat\Win32\Bin\CL.5592.write.1.tlog
C:\Software\Transims60\NewFormat\Win32\Bin\CL.5820.read.1.tlog
C:\Software\Transims60\NewFormat\Win32\Bin\CL.5820.write.1.tlog
C:\Software\Transims60\NewFormat\Win32\Bin\cl.command.1.tlog
C:\Software\Transims60\NewFormat\Win32\Bin\CL.read.1.tlog
C:\Software\Transims60\NewFormat\Win32\Bin\cl.write.1.tlog
C:\Software\Transims60\NewFormat\Win32\Bin\link-cvtres.read.1.tlog
C:\Software\Transims60\NewFormat\Win32\Bin\link-cvtres.write.1.tlog
C:\Software\Transims60\NewFormat\Win32\Bin\link-rc.read.1.tlog
C:\Software\Transims60\NewFormat\Win32\Bin\link-rc.write.1.tlog
C:\Software\Transims60\NewFormat\Win32\Bin\link.command.1.tlog
C:\Software\Transims60\NewFormat\Win32\Bin\link.read.1.tlog
C:\Software\Transims60\NewFormat\Win32\Bin\link.write.1.tlog
