C:\TRANSIMS\TRANSIMS51\ZONEDATA\DEBUG\CONTROL.OBJ
C:\TRANSIMS\TRANSIMS51\ZONEDATA\DEBUG\EXECUTE.OBJ
C:\TRANSIMS\TRANSIMS51\ZONEDATA\DEBUG\GET_ZONE_DATA.OBJ
C:\TRANSIMS\TRANSIMS51\ZONEDATA\DEBUG\READ_DATA.OBJ
C:\TRANSIMS\TRANSIMS51\ZONEDATA\DEBUG\READ_POLYGONS.OBJ
C:\TRANSIMS\TRANSIMS51\ZONEDATA\DEBUG\SET_FILES.OBJ
C:\TRANSIMS\TRANSIMS51\ZONEDATA\DEBUG\SUM_ZONE.OBJ
C:\TRANSIMS\TRANSIMS51\ZONEDATA\DEBUG\WRITE_ZONE.OBJ
C:\TRANSIMS\TRANSIMS51\ZONEDATA\DEBUG\ZONEDATA.OBJ
C:\TRANSIMS\TRANSIMS51\ZONEDATA\DEBUG\VC110.PDB
C:\TRANSIMS\TRANSIMS51\DEBUG\ZONEDATA.ILK
C:\TRANSIMS\TRANSIMS51\DEBUG\ZONEDATA.EXE
C:\TRANSIMS\TRANSIMS51\DEBUG\ZONEDATA.PDB
C:\TRANSIMS\Transims51\ZoneData\Debug\ZoneData.vcxprojResolveAssemblyReference.cache
C:\TRANSIMS\Transims51\ZoneData\Debug\Control.obj
C:\TRANSIMS\Transims51\ZoneData\Debug\Execute.obj
C:\TRANSIMS\Transims51\ZoneData\Debug\Get_Zone_Data.obj
C:\TRANSIMS\Transims51\ZoneData\Debug\Read_Data.obj
C:\TRANSIMS\Transims51\ZoneData\Debug\Read_Polygons.obj
C:\TRANSIMS\Transims51\ZoneData\Debug\Set_Files.obj
C:\TRANSIMS\Transims51\ZoneData\Debug\Sum_Zone.obj
C:\TRANSIMS\Transims51\ZoneData\Debug\Write_Zone.obj
C:\TRANSIMS\Transims51\ZoneData\Debug\ZoneData.obj
C:\TRANSIMS\Transims51\ZoneData\Debug\cl.command.1.tlog
C:\TRANSIMS\Transims51\ZoneData\Debug\CL.read.1.tlog
C:\TRANSIMS\Transims51\ZoneData\Debug\CL.write.1.tlog
C:\TRANSIMS\Transims51\ZoneData\Debug\link-cvtres.read.1.tlog
C:\TRANSIMS\Transims51\ZoneData\Debug\link-cvtres.write.1.tlog
C:\TRANSIMS\Transims51\ZoneData\Debug\link-rc.read.1.tlog
C:\TRANSIMS\Transims51\ZoneData\Debug\link-rc.write.1.tlog
C:\TRANSIMS\Transims51\ZoneData\Debug\link.command.1.tlog
C:\TRANSIMS\Transims51\ZoneData\Debug\link.read.1.tlog
C:\TRANSIMS\Transims51\ZoneData\Debug\link.write.1.tlog
C:\TRANSIMS\Transims51\ZoneData\Debug\vc110.idb
C:\TRANSIMS\Transims51\ZoneData\Debug\vc110.pdb
C:\TRANSIMS\Transims51\Debug\ZoneData.pdb
C:\TRANSIMS\Transims51\Debug\ZoneData.exe
C:\TRANSIMS\Transims51\Debug\ZoneData.ilk
