C:\SOFTWARE\TRANSIMS60\CONVERTTRIPS\WIN32\BIN\VC110.PDB
C:\SOFTWARE\TRANSIMS60\WIN32\BIN\CONVERTTRIPS.EXE
C:\Software\Transims60\ConvertTrips\Win32\Bin\ConvertTrips.vcxprojResolveAssemblyReference.cache
C:\Software\Transims60\ConvertTrips\Win32\Bin\Adjust_Trips.obj
C:\Software\Transims60\ConvertTrips\Win32\Bin\Compile_Scripts.obj
C:\Software\Transims60\ConvertTrips\Win32\Bin\Control.obj
C:\Software\Transims60\ConvertTrips\Win32\Bin\ConvertTrips.obj
C:\Software\Transims60\ConvertTrips\Win32\Bin\ConvertTrip_Data.obj
C:\Software\Transims60\ConvertTrips\Win32\Bin\Diurnal_Results.obj
C:\Software\Transims60\ConvertTrips\Win32\Bin\Execute.obj
C:\Software\Transims60\ConvertTrips\Win32\Bin\Get_Access_Data.obj
C:\Software\Transims60\ConvertTrips\Win32\Bin\Get_Household_Data.obj
C:\Software\Transims60\ConvertTrips\Win32\Bin\Get_Location_Data.obj
C:\Software\Transims60\ConvertTrips\Win32\Bin\Get_Trip_Data.obj
C:\Software\Transims60\ConvertTrips\Win32\Bin\Locate_OD.obj
C:\Software\Transims60\ConvertTrips\Win32\Bin\Parking_Check.obj
C:\Software\Transims60\ConvertTrips\Win32\Bin\Read_Diurnal.obj
C:\Software\Transims60\ConvertTrips\Win32\Bin\Read_Factors.obj
C:\Software\Transims60\ConvertTrips\Win32\Bin\Read_Trip_Table.obj
C:\Software\Transims60\ConvertTrips\Win32\Bin\Set_Time.obj
C:\Software\Transims60\ConvertTrips\Win32\Bin\Set_Trip.obj
C:\Software\Transims60\ConvertTrips\Win32\Bin\Tour_File.obj
C:\Software\Transims60\ConvertTrips\Win32\Bin\Tour_Map.obj
C:\Software\Transims60\ConvertTrips\Win32\Bin\Tour_Process.obj
C:\Software\Transims60\ConvertTrips\Win32\Bin\Zone_Location.obj
C:\Software\Transims60\ConvertTrips\Win32\Bin\Zone_Sum_Report.obj
C:\Software\Transims60\ConvertTrips\Win32\Bin\CL.4684.read.1.tlog
C:\Software\Transims60\ConvertTrips\Win32\Bin\CL.4684.write.1.tlog
C:\Software\Transims60\ConvertTrips\Win32\Bin\CL.4984.read.1.tlog
C:\Software\Transims60\ConvertTrips\Win32\Bin\CL.4984.write.1.tlog
C:\Software\Transims60\ConvertTrips\Win32\Bin\CL.5524.read.1.tlog
C:\Software\Transims60\ConvertTrips\Win32\Bin\CL.5524.write.1.tlog
C:\Software\Transims60\ConvertTrips\Win32\Bin\CL.6044.read.1.tlog
C:\Software\Transims60\ConvertTrips\Win32\Bin\CL.6044.write.1.tlog
C:\Software\Transims60\ConvertTrips\Win32\Bin\cl.command.1.tlog
C:\Software\Transims60\ConvertTrips\Win32\Bin\CL.read.1.tlog
C:\Software\Transims60\ConvertTrips\Win32\Bin\cl.write.1.tlog
C:\Software\Transims60\ConvertTrips\Win32\Bin\link-cvtres.read.1.tlog
C:\Software\Transims60\ConvertTrips\Win32\Bin\link-cvtres.write.1.tlog
C:\Software\Transims60\ConvertTrips\Win32\Bin\link-rc.read.1.tlog
C:\Software\Transims60\ConvertTrips\Win32\Bin\link-rc.write.1.tlog
C:\Software\Transims60\ConvertTrips\Win32\Bin\link.command.1.tlog
C:\Software\Transims60\ConvertTrips\Win32\Bin\link.read.1.tlog
C:\Software\Transims60\ConvertTrips\Win32\Bin\link.write.1.tlog
