C:\SOFTWARE\TRANSIMS60\MODECHOICE\X64\BINTHREADS\VC110.PDB
C:\SOFTWARE\TRANSIMS60\X64\BINTHREADS\MODECHOICE.EXE
C:\Software\Transims60\ModeChoice\x64\BinThreads\ModeChoice.vcxprojResolveAssemblyReference.cache
C:\Software\Transims60\ModeChoice\x64\BinThreads\Access_Summary.obj
C:\Software\Transims60\ModeChoice\x64\BinThreads\Adjust_Constants.obj
C:\Software\Transims60\ModeChoice\x64\BinThreads\Choice_Process.obj
C:\Software\Transims60\ModeChoice\x64\BinThreads\Compile_Script.obj
C:\Software\Transims60\ModeChoice\x64\BinThreads\Control.obj
C:\Software\Transims60\ModeChoice\x64\BinThreads\Execute.obj
C:\Software\Transims60\ModeChoice\x64\BinThreads\ModeChoice.obj
C:\Software\Transims60\ModeChoice\x64\BinThreads\Mode_Summary.obj
C:\Software\Transims60\ModeChoice\x64\BinThreads\Read_Constants.obj
C:\Software\Transims60\ModeChoice\x64\BinThreads\Read_Targets.obj
C:\Software\Transims60\ModeChoice\x64\BinThreads\Read_Zone.obj
C:\Software\Transims60\ModeChoice\x64\BinThreads\Segment_Map.obj
C:\Software\Transims60\ModeChoice\x64\BinThreads\Value_Summary.obj
C:\Software\Transims60\ModeChoice\x64\BinThreads\Write_Market.obj
C:\Software\Transims60\ModeChoice\x64\BinThreads\Write_Mode_Seg.obj
C:\Software\Transims60\ModeChoice\x64\BinThreads\Write_Summary.obj
C:\Software\Transims60\ModeChoice\x64\BinThreads\Write_Zones.obj
C:\Software\Transims60\ModeChoice\x64\BinThreads\CL.3748.read.1.tlog
C:\Software\Transims60\ModeChoice\x64\BinThreads\CL.3748.write.1.tlog
C:\Software\Transims60\ModeChoice\x64\BinThreads\CL.4496.read.1.tlog
C:\Software\Transims60\ModeChoice\x64\BinThreads\CL.4496.write.1.tlog
C:\Software\Transims60\ModeChoice\x64\BinThreads\CL.4540.read.1.tlog
C:\Software\Transims60\ModeChoice\x64\BinThreads\CL.4540.write.1.tlog
C:\Software\Transims60\ModeChoice\x64\BinThreads\CL.6052.read.1.tlog
C:\Software\Transims60\ModeChoice\x64\BinThreads\CL.6052.write.1.tlog
C:\Software\Transims60\ModeChoice\x64\BinThreads\cl.command.1.tlog
C:\Software\Transims60\ModeChoice\x64\BinThreads\CL.read.1.tlog
C:\Software\Transims60\ModeChoice\x64\BinThreads\cl.write.1.tlog
C:\Software\Transims60\ModeChoice\x64\BinThreads\link-cvtres.read.1.tlog
C:\Software\Transims60\ModeChoice\x64\BinThreads\link-cvtres.write.1.tlog
C:\Software\Transims60\ModeChoice\x64\BinThreads\link-rc.read.1.tlog
C:\Software\Transims60\ModeChoice\x64\BinThreads\link-rc.write.1.tlog
C:\Software\Transims60\ModeChoice\x64\BinThreads\link.command.1.tlog
C:\Software\Transims60\ModeChoice\x64\BinThreads\link.read.1.tlog
C:\Software\Transims60\ModeChoice\x64\BinThreads\link.write.1.tlog
C:\Software\Transims60\ModeChoice\x64\BinThreads\vc110.pdb
C:\Software\Transims60\x64\BinThreads\ModeChoice.exe
