C:\SOFTWARE\TRANSIMS60\ROUTER_SERVICE\WIN32\BIN\SKIM_BUILD.OBJ
C:\SOFTWARE\TRANSIMS60\ROUTER_SERVICE\WIN32\BIN\SAVE_SKIMS.OBJ
C:\SOFTWARE\TRANSIMS60\ROUTER_SERVICE\WIN32\BIN\PLAN_UPDATE.OBJ
C:\SOFTWARE\TRANSIMS60\ROUTER_SERVICE\WIN32\BIN\PLAN_REROUTE.OBJ
C:\SOFTWARE\TRANSIMS60\ROUTER_SERVICE\WIN32\BIN\PLAN_FLOW.OBJ
C:\SOFTWARE\TRANSIMS60\ROUTER_SERVICE\WIN32\BIN\PLAN_BUILD.OBJ
C:\SOFTWARE\TRANSIMS60\ROUTER_SERVICE\WIN32\BIN\PATH_BUILDER.OBJ
C:\SOFTWARE\TRANSIMS60\ROUTER_SERVICE\WIN32\BIN\PARKING_UPDATE.OBJ
C:\SOFTWARE\TRANSIMS60\ROUTER_SERVICE\WIN32\BIN\PARKING_ACCESS.OBJ
C:\SOFTWARE\TRANSIMS60\ROUTER_SERVICE\WIN32\BIN\NODE_PLAN.OBJ
C:\SOFTWARE\TRANSIMS60\ROUTER_SERVICE\WIN32\BIN\NODE_PATH.OBJ
C:\SOFTWARE\TRANSIMS60\ROUTER_SERVICE\WIN32\BIN\MAGIC_MOVE.OBJ
C:\SOFTWARE\TRANSIMS60\ROUTER_SERVICE\WIN32\BIN\LOCATION_ACCESS.OBJ
C:\SOFTWARE\TRANSIMS60\ROUTER_SERVICE\WIN32\BIN\DRIVE_TRANSIT.OBJ
C:\SOFTWARE\TRANSIMS60\ROUTER_SERVICE\WIN32\BIN\DRIVE_PLAN.OBJ
C:\SOFTWARE\TRANSIMS60\ROUTER_SERVICE\WIN32\BIN\DRIVE_PATH.OBJ
C:\SOFTWARE\TRANSIMS60\ROUTER_SERVICE\WIN32\BIN\BUILD_PATH.OBJ
C:\SOFTWARE\TRANSIMS60\ROUTER_SERVICE\WIN32\BIN\BEST_LANE_USE.OBJ
C:\SOFTWARE\TRANSIMS60\ROUTER_SERVICE\WIN32\BIN\BEST_DESTINATION.OBJ
C:\SOFTWARE\TRANSIMS60\ROUTER_SERVICE\WIN32\BIN\ARRAY_PROCESSING.OBJ
C:\SOFTWARE\TRANSIMS60\ROUTER_SERVICE\WIN32\BIN\SKIM_PROCESSOR.OBJ
C:\SOFTWARE\TRANSIMS60\ROUTER_SERVICE\WIN32\BIN\SET_PARAMETERS.OBJ
C:\SOFTWARE\TRANSIMS60\ROUTER_SERVICE\WIN32\BIN\ROUTER_SERVICE.OBJ
C:\SOFTWARE\TRANSIMS60\ROUTER_SERVICE\WIN32\BIN\PLAN_PROCESSOR.OBJ
C:\SOFTWARE\TRANSIMS60\ROUTER_SERVICE\WIN32\BIN\GET_HOUSEHOLD_DATA.OBJ
C:\SOFTWARE\TRANSIMS60\ROUTER_SERVICE\WIN32\BIN\EXECUTE.OBJ
C:\SOFTWARE\TRANSIMS60\ROUTER_SERVICE\WIN32\BIN\CONTROL.OBJ
C:\SOFTWARE\TRANSIMS60\ROUTER_SERVICE\WIN32\BIN\WALK_ACCESS.OBJ
C:\SOFTWARE\TRANSIMS60\ROUTER_SERVICE\WIN32\BIN\TRANSIT_PLAN.OBJ
C:\SOFTWARE\TRANSIMS60\ROUTER_SERVICE\WIN32\BIN\TRANSIT_PATH.OBJ
C:\SOFTWARE\TRANSIMS60\ROUTER_SERVICE\WIN32\BIN\TRANSIT_PARKING.OBJ
C:\SOFTWARE\TRANSIMS60\ROUTER_SERVICE\WIN32\BIN\TRANSIT_ACCESS.OBJ
C:\SOFTWARE\TRANSIMS60\ROUTER_SERVICE\WIN32\BIN\TRACE_PATH.OBJ
C:\SOFTWARE\TRANSIMS60\ROUTER_SERVICE\WIN32\BIN\STOP_BOARD.OBJ
C:\SOFTWARE\TRANSIMS60\ROUTER_SERVICE\WIN32\BIN\STOP_ALIGHT.OBJ
C:\SOFTWARE\TRANSIMS60\ROUTER_SERVICE\WIN32\BIN\VC110.PDB
C:\SOFTWARE\TRANSIMS60\ROUTER_SERVICE\WIN32\BIN\ROUTER_SERVICE.LIB
C:\Software\Transims60\Router_Service\Win32\Bin\Router_Service.vcxprojResolveAssemblyReference.cache
C:\Software\Transims60\Router_Service\Win32\Bin\cl.command.1.tlog
C:\Software\Transims60\Router_Service\Win32\Bin\CL.read.1.tlog
C:\Software\Transims60\Router_Service\Win32\Bin\CL.write.1.tlog
C:\Software\Transims60\Router_Service\Win32\Bin\Lib-link.read.1.tlog
C:\Software\Transims60\Router_Service\Win32\Bin\Lib-link.write.1.tlog
C:\Software\Transims60\Router_Service\Win32\Bin\lib.command.1.tlog
