C:\SOFTWARE\TRANSIMS60\FRATAR\WIN32\BIN\VC110.PDB
C:\SOFTWARE\TRANSIMS60\WIN32\BIN\FRATAR.EXE
C:\Software\Transims60\Fratar\Win32\Bin\Fratar.vcxprojResolveAssemblyReference.cache
C:\Software\Transims60\Fratar\Win32\Bin\Control.obj
C:\Software\Transims60\Fratar\Win32\Bin\Execute.obj
C:\Software\Transims60\Fratar\Win32\Bin\Fratar.obj
C:\Software\Transims60\Fratar\Win32\Bin\Processing.obj
C:\Software\Transims60\Fratar\Win32\Bin\Read_Margins.obj
C:\Software\Transims60\Fratar\Win32\Bin\Read_Table.obj
C:\Software\Transims60\Fratar\Win32\Bin\Write_Table.obj
C:\Software\Transims60\Fratar\Win32\Bin\CL.2168.read.1.tlog
C:\Software\Transims60\Fratar\Win32\Bin\CL.2168.write.1.tlog
C:\Software\Transims60\Fratar\Win32\Bin\CL.2636.read.1.tlog
C:\Software\Transims60\Fratar\Win32\Bin\CL.2636.write.1.tlog
C:\Software\Transims60\Fratar\Win32\Bin\CL.4328.read.1.tlog
C:\Software\Transims60\Fratar\Win32\Bin\CL.4328.write.1.tlog
C:\Software\Transims60\Fratar\Win32\Bin\CL.5920.read.1.tlog
C:\Software\Transims60\Fratar\Win32\Bin\CL.5920.write.1.tlog
C:\Software\Transims60\Fratar\Win32\Bin\cl.command.1.tlog
C:\Software\Transims60\Fratar\Win32\Bin\CL.read.1.tlog
C:\Software\Transims60\Fratar\Win32\Bin\cl.write.1.tlog
C:\Software\Transims60\Fratar\Win32\Bin\link-cvtres.read.1.tlog
C:\Software\Transims60\Fratar\Win32\Bin\link-cvtres.write.1.tlog
C:\Software\Transims60\Fratar\Win32\Bin\link-rc.read.1.tlog
C:\Software\Transims60\Fratar\Win32\Bin\link-rc.write.1.tlog
C:\Software\Transims60\Fratar\Win32\Bin\link.command.1.tlog
C:\Software\Transims60\Fratar\Win32\Bin\link.read.1.tlog
C:\Software\Transims60\Fratar\Win32\Bin\link.write.1.tlog
