C:\TRANSIMS\TRANSIMS51\RANDOMSELECT\DEBUG\CONTROL.OBJ
C:\TRANSIMS\TRANSIMS51\RANDOMSELECT\DEBUG\EXECUTE.OBJ
C:\TRANSIMS\TRANSIMS51\RANDOMSELECT\DEBUG\GET_HOUSEHOLD_DATA.OBJ
C:\TRANSIMS\TRANSIMS51\RANDOMSELECT\DEBUG\GET_TRIP_DATA.OBJ
C:\TRANSIMS\TRANSIMS51\RANDOMSELECT\DEBUG\RANDOMSELECT.OBJ
C:\TRANSIMS\TRANSIMS51\RANDOMSELECT\DEBUG\VC110.PDB
C:\TRANSIMS\TRANSIMS51\DEBUG\RANDOMSELECT.ILK
C:\TRANSIMS\TRANSIMS51\DEBUG\RANDOMSELECT.EXE
C:\TRANSIMS\TRANSIMS51\DEBUG\RANDOMSELECT.PDB
C:\TRANSIMS\Transims51\RandomSelect\Debug\RandomSelect.vcxprojResolveAssemblyReference.cache
C:\TRANSIMS\Transims51\RandomSelect\Debug\Control.obj
C:\TRANSIMS\Transims51\RandomSelect\Debug\Execute.obj
C:\TRANSIMS\Transims51\RandomSelect\Debug\Get_Household_Data.obj
C:\TRANSIMS\Transims51\RandomSelect\Debug\Get_Trip_Data.obj
C:\TRANSIMS\Transims51\RandomSelect\Debug\RandomSelect.obj
C:\TRANSIMS\Transims51\RandomSelect\Debug\cl.command.1.tlog
C:\TRANSIMS\Transims51\RandomSelect\Debug\CL.read.1.tlog
C:\TRANSIMS\Transims51\RandomSelect\Debug\CL.write.1.tlog
C:\TRANSIMS\Transims51\RandomSelect\Debug\link-cvtres.read.1.tlog
C:\TRANSIMS\Transims51\RandomSelect\Debug\link-cvtres.write.1.tlog
C:\TRANSIMS\Transims51\RandomSelect\Debug\link-rc.read.1.tlog
C:\TRANSIMS\Transims51\RandomSelect\Debug\link-rc.write.1.tlog
C:\TRANSIMS\Transims51\RandomSelect\Debug\link.command.1.tlog
C:\TRANSIMS\Transims51\RandomSelect\Debug\link.read.1.tlog
C:\TRANSIMS\Transims51\RandomSelect\Debug\link.write.1.tlog
C:\TRANSIMS\Transims51\RandomSelect\Debug\vc110.idb
C:\TRANSIMS\Transims51\RandomSelect\Debug\vc110.pdb
C:\TRANSIMS\Transims51\Debug\RandomSelect.pdb
C:\TRANSIMS\Transims51\Debug\RandomSelect.exe
C:\TRANSIMS\Transims51\Debug\RandomSelect.ilk
