C:\SOFTWARE\TRANSIMS60\EVENTSUM\WIN32\BIN\VC110.PDB
C:\SOFTWARE\TRANSIMS60\WIN32\BIN\EVENTSUM.EXE
C:\Software\Transims60\EventSum\Win32\Bin\EventSum.vcxprojResolveAssemblyReference.cache
C:\Software\Transims60\EventSum\Win32\Bin\Control.obj
C:\Software\Transims60\EventSum\Win32\Bin\EventSum.obj
C:\Software\Transims60\EventSum\Win32\Bin\Execute.obj
C:\Software\Transims60\EventSum\Win32\Bin\Read_Events.obj
C:\Software\Transims60\EventSum\Win32\Bin\Read_Times.obj
C:\Software\Transims60\EventSum\Win32\Bin\Read_Trips.obj
C:\Software\Transims60\EventSum\Win32\Bin\Select_Travelers.obj
C:\Software\Transims60\EventSum\Win32\Bin\Update_Plans.obj
C:\Software\Transims60\EventSum\Win32\Bin\Write_Links.obj
C:\Software\Transims60\EventSum\Win32\Bin\Write_Times.obj
C:\Software\Transims60\EventSum\Win32\Bin\Write_Time_Sum.obj
C:\Software\Transims60\EventSum\Win32\Bin\CL.2100.read.1.tlog
C:\Software\Transims60\EventSum\Win32\Bin\CL.2100.write.1.tlog
C:\Software\Transims60\EventSum\Win32\Bin\CL.2144.read.1.tlog
C:\Software\Transims60\EventSum\Win32\Bin\CL.2144.write.1.tlog
C:\Software\Transims60\EventSum\Win32\Bin\CL.5228.read.1.tlog
C:\Software\Transims60\EventSum\Win32\Bin\CL.5228.write.1.tlog
C:\Software\Transims60\EventSum\Win32\Bin\CL.5732.read.1.tlog
C:\Software\Transims60\EventSum\Win32\Bin\CL.5732.write.1.tlog
C:\Software\Transims60\EventSum\Win32\Bin\cl.command.1.tlog
C:\Software\Transims60\EventSum\Win32\Bin\CL.read.1.tlog
C:\Software\Transims60\EventSum\Win32\Bin\cl.write.1.tlog
C:\Software\Transims60\EventSum\Win32\Bin\link-cvtres.read.1.tlog
C:\Software\Transims60\EventSum\Win32\Bin\link-cvtres.write.1.tlog
C:\Software\Transims60\EventSum\Win32\Bin\link-rc.read.1.tlog
C:\Software\Transims60\EventSum\Win32\Bin\link-rc.write.1.tlog
C:\Software\Transims60\EventSum\Win32\Bin\link.command.1.tlog
C:\Software\Transims60\EventSum\Win32\Bin\link.read.1.tlog
C:\Software\Transims60\EventSum\Win32\Bin\link.write.1.tlog
