C:\SOFTWARE\TRANSIMS60\LINKDELAY\X64\BINTHREADS\VC110.PDB
C:\SOFTWARE\TRANSIMS60\X64\BINTHREADS\LINKDELAY.EXE
C:\Software\Transims60\LinkDelay\x64\BinThreads\LinkDelay.vcxprojResolveAssemblyReference.cache
C:\Software\Transims60\LinkDelay\x64\BinThreads\Control.obj
C:\Software\Transims60\LinkDelay\x64\BinThreads\Execute.obj
C:\Software\Transims60\LinkDelay\x64\BinThreads\LinkDelay.obj
C:\Software\Transims60\LinkDelay\x64\BinThreads\Load_Transit_Data.obj
C:\Software\Transims60\LinkDelay\x64\BinThreads\Merge_Delay.obj
C:\Software\Transims60\LinkDelay\x64\BinThreads\Set_Min_Time.obj
C:\Software\Transims60\LinkDelay\x64\BinThreads\Smooth_Delay.obj
C:\Software\Transims60\LinkDelay\x64\BinThreads\CL.3100.read.1.tlog
C:\Software\Transims60\LinkDelay\x64\BinThreads\CL.3100.write.1.tlog
C:\Software\Transims60\LinkDelay\x64\BinThreads\CL.3180.read.1.tlog
C:\Software\Transims60\LinkDelay\x64\BinThreads\CL.3180.write.1.tlog
C:\Software\Transims60\LinkDelay\x64\BinThreads\CL.4124.read.1.tlog
C:\Software\Transims60\LinkDelay\x64\BinThreads\CL.4124.write.1.tlog
C:\Software\Transims60\LinkDelay\x64\BinThreads\CL.5012.read.1.tlog
C:\Software\Transims60\LinkDelay\x64\BinThreads\CL.5012.write.1.tlog
C:\Software\Transims60\LinkDelay\x64\BinThreads\cl.command.1.tlog
C:\Software\Transims60\LinkDelay\x64\BinThreads\CL.read.1.tlog
C:\Software\Transims60\LinkDelay\x64\BinThreads\cl.write.1.tlog
C:\Software\Transims60\LinkDelay\x64\BinThreads\link-cvtres.read.1.tlog
C:\Software\Transims60\LinkDelay\x64\BinThreads\link-cvtres.write.1.tlog
C:\Software\Transims60\LinkDelay\x64\BinThreads\link-rc.read.1.tlog
C:\Software\Transims60\LinkDelay\x64\BinThreads\link-rc.write.1.tlog
C:\Software\Transims60\LinkDelay\x64\BinThreads\link.command.1.tlog
C:\Software\Transims60\LinkDelay\x64\BinThreads\link.read.1.tlog
C:\Software\Transims60\LinkDelay\x64\BinThreads\link.write.1.tlog
C:\Software\Transims60\LinkDelay\x64\BinThreads\vc110.pdb
C:\Software\Transims60\x64\BinThreads\LinkDelay.exe
