C:\SOFTWARE\TRANSIMS60\TRANSITNET\X64\BINTHREADS\VC110.PDB
C:\SOFTWARE\TRANSIMS60\X64\BINTHREADS\TRANSITNET.EXE
C:\Software\Transims60\TransitNet\x64\BinThreads\TransitNet.vcxprojResolveAssemblyReference.cache
C:\Software\Transims60\TransitNet\x64\BinThreads\Add_Link.obj
C:\Software\Transims60\TransitNet\x64\BinThreads\Build_Routes.obj
C:\Software\Transims60\TransitNet\x64\BinThreads\Control.obj
C:\Software\Transims60\TransitNet\x64\BinThreads\Coordinate.obj
C:\Software\Transims60\TransitNet\x64\BinThreads\Data_Setup.obj
C:\Software\Transims60\TransitNet\x64\BinThreads\Execute.obj
C:\Software\Transims60\TransitNet\x64\BinThreads\Node_Path.obj
C:\Software\Transims60\TransitNet\x64\BinThreads\Put_Line_Data.obj
C:\Software\Transims60\TransitNet\x64\BinThreads\Read_ParkRide.obj
C:\Software\Transims60\TransitNet\x64\BinThreads\Read_Route_Data.obj
C:\Software\Transims60\TransitNet\x64\BinThreads\Station_Access.obj
C:\Software\Transims60\TransitNet\x64\BinThreads\TransitNet.obj
C:\Software\Transims60\TransitNet\x64\BinThreads\CL.1912.read.1.tlog
C:\Software\Transims60\TransitNet\x64\BinThreads\CL.1912.write.1.tlog
C:\Software\Transims60\TransitNet\x64\BinThreads\CL.3188.read.1.tlog
C:\Software\Transims60\TransitNet\x64\BinThreads\CL.3188.write.1.tlog
C:\Software\Transims60\TransitNet\x64\BinThreads\CL.3896.read.1.tlog
C:\Software\Transims60\TransitNet\x64\BinThreads\CL.3896.write.1.tlog
C:\Software\Transims60\TransitNet\x64\BinThreads\CL.4552.read.1.tlog
C:\Software\Transims60\TransitNet\x64\BinThreads\CL.4552.write.1.tlog
C:\Software\Transims60\TransitNet\x64\BinThreads\cl.command.1.tlog
C:\Software\Transims60\TransitNet\x64\BinThreads\CL.read.1.tlog
C:\Software\Transims60\TransitNet\x64\BinThreads\cl.write.1.tlog
C:\Software\Transims60\TransitNet\x64\BinThreads\link-cvtres.read.1.tlog
C:\Software\Transims60\TransitNet\x64\BinThreads\link-cvtres.write.1.tlog
C:\Software\Transims60\TransitNet\x64\BinThreads\link-rc.read.1.tlog
C:\Software\Transims60\TransitNet\x64\BinThreads\link-rc.write.1.tlog
C:\Software\Transims60\TransitNet\x64\BinThreads\link.command.1.tlog
C:\Software\Transims60\TransitNet\x64\BinThreads\link.read.1.tlog
C:\Software\Transims60\TransitNet\x64\BinThreads\link.write.1.tlog
C:\Software\Transims60\TransitNet\x64\BinThreads\vc110.pdb
C:\Software\Transims60\x64\BinThreads\TransitNet.exe
