C:\TRANSIMS\TRANSIMS51\PLANCOMPARE\DEBUG\CONTROL.OBJ
C:\TRANSIMS\TRANSIMS51\PLANCOMPARE\DEBUG\EXECUTE.OBJ
C:\TRANSIMS\TRANSIMS51\PLANCOMPARE\DEBUG\MERGE_PLANS.OBJ
C:\TRANSIMS\TRANSIMS51\PLANCOMPARE\DEBUG\MPI_CLOSE.OBJ
C:\TRANSIMS\TRANSIMS51\PLANCOMPARE\DEBUG\MPI_PROCESSING.OBJ
C:\TRANSIMS\TRANSIMS51\PLANCOMPARE\DEBUG\MPI_SETUP.OBJ
C:\TRANSIMS\TRANSIMS51\PLANCOMPARE\DEBUG\MPI_WRITE.OBJ
C:\TRANSIMS\TRANSIMS51\PLANCOMPARE\DEBUG\PLAN_OUTPUT.OBJ
C:\TRANSIMS\TRANSIMS51\PLANCOMPARE\DEBUG\PLAN_PROCESSING.OBJ
C:\TRANSIMS\TRANSIMS51\PLANCOMPARE\DEBUG\PLANCOMPARE.OBJ
C:\TRANSIMS\TRANSIMS51\PLANCOMPARE\DEBUG\READ_PLANS.OBJ
C:\TRANSIMS\TRANSIMS51\PLANCOMPARE\DEBUG\SELECT_PLANS.OBJ
C:\TRANSIMS\TRANSIMS51\PLANCOMPARE\DEBUG\WRITE_MATCH.OBJ
C:\TRANSIMS\TRANSIMS51\PLANCOMPARE\DEBUG\WRITE_PLANS.OBJ
C:\TRANSIMS\TRANSIMS51\PLANCOMPARE\DEBUG\VC110.PDB
C:\TRANSIMS\TRANSIMS51\DEBUG\PLANCOMPARE.ILK
C:\TRANSIMS\TRANSIMS51\DEBUG\PLANCOMPARE.EXE
C:\TRANSIMS\TRANSIMS51\DEBUG\PLANCOMPARE.PDB
C:\TRANSIMS\Transims51\PlanCompare\Debug\PlanCompare.vcxprojResolveAssemblyReference.cache
C:\TRANSIMS\Transims51\PlanCompare\Debug\Control.obj
C:\TRANSIMS\Transims51\PlanCompare\Debug\Execute.obj
C:\TRANSIMS\Transims51\PlanCompare\Debug\Merge_Plans.obj
C:\TRANSIMS\Transims51\PlanCompare\Debug\MPI_Close.obj
C:\TRANSIMS\Transims51\PlanCompare\Debug\MPI_Processing.obj
C:\TRANSIMS\Transims51\PlanCompare\Debug\MPI_Setup.obj
C:\TRANSIMS\Transims51\PlanCompare\Debug\MPI_Write.obj
C:\TRANSIMS\Transims51\PlanCompare\Debug\PlanCompare.obj
C:\TRANSIMS\Transims51\PlanCompare\Debug\Plan_Output.obj
C:\TRANSIMS\Transims51\PlanCompare\Debug\Plan_Processing.obj
C:\TRANSIMS\Transims51\PlanCompare\Debug\Read_Plans.obj
C:\TRANSIMS\Transims51\PlanCompare\Debug\Select_Plans.obj
C:\TRANSIMS\Transims51\PlanCompare\Debug\Write_Match.obj
C:\TRANSIMS\Transims51\PlanCompare\Debug\Write_Plans.obj
C:\TRANSIMS\Transims51\PlanCompare\Debug\cl.command.1.tlog
C:\TRANSIMS\Transims51\PlanCompare\Debug\CL.read.1.tlog
C:\TRANSIMS\Transims51\PlanCompare\Debug\CL.write.1.tlog
C:\TRANSIMS\Transims51\PlanCompare\Debug\link-cvtres.read.1.tlog
C:\TRANSIMS\Transims51\PlanCompare\Debug\link-cvtres.write.1.tlog
C:\TRANSIMS\Transims51\PlanCompare\Debug\link-rc.read.1.tlog
C:\TRANSIMS\Transims51\PlanCompare\Debug\link-rc.write.1.tlog
C:\TRANSIMS\Transims51\PlanCompare\Debug\link.command.1.tlog
C:\TRANSIMS\Transims51\PlanCompare\Debug\link.read.1.tlog
C:\TRANSIMS\Transims51\PlanCompare\Debug\link.write.1.tlog
C:\TRANSIMS\Transims51\PlanCompare\Debug\vc110.idb
C:\TRANSIMS\Transims51\PlanCompare\Debug\vc110.pdb
C:\TRANSIMS\Transims51\Debug\PlanCompare.pdb
C:\TRANSIMS\Transims51\Debug\PlanCompare.exe
C:\TRANSIMS\Transims51\Debug\PlanCompare.ilk
