C:\SOFTWARE\TRANSIMS60\LINKDELAY\WIN32\BIN\VC110.PDB
C:\SOFTWARE\TRANSIMS60\WIN32\BIN\LINKDELAY.EXE
C:\Software\Transims60\LinkDelay\Win32\Bin\LinkDelay.vcxprojResolveAssemblyReference.cache
C:\Software\Transims60\LinkDelay\Win32\Bin\Control.obj
C:\Software\Transims60\LinkDelay\Win32\Bin\Execute.obj
C:\Software\Transims60\LinkDelay\Win32\Bin\LinkDelay.obj
C:\Software\Transims60\LinkDelay\Win32\Bin\Load_Transit_Data.obj
C:\Software\Transims60\LinkDelay\Win32\Bin\Merge_Delay.obj
C:\Software\Transims60\LinkDelay\Win32\Bin\Set_Min_Time.obj
C:\Software\Transims60\LinkDelay\Win32\Bin\Smooth_Delay.obj
C:\Software\Transims60\LinkDelay\Win32\Bin\CL.4136.read.1.tlog
C:\Software\Transims60\LinkDelay\Win32\Bin\CL.4136.write.1.tlog
C:\Software\Transims60\LinkDelay\Win32\Bin\CL.4188.read.1.tlog
C:\Software\Transims60\LinkDelay\Win32\Bin\CL.4188.write.1.tlog
C:\Software\Transims60\LinkDelay\Win32\Bin\CL.5328.read.1.tlog
C:\Software\Transims60\LinkDelay\Win32\Bin\CL.5328.write.1.tlog
C:\Software\Transims60\LinkDelay\Win32\Bin\CL.5588.read.1.tlog
C:\Software\Transims60\LinkDelay\Win32\Bin\CL.5588.write.1.tlog
C:\Software\Transims60\LinkDelay\Win32\Bin\cl.command.1.tlog
C:\Software\Transims60\LinkDelay\Win32\Bin\CL.read.1.tlog
C:\Software\Transims60\LinkDelay\Win32\Bin\cl.write.1.tlog
C:\Software\Transims60\LinkDelay\Win32\Bin\link-cvtres.read.1.tlog
C:\Software\Transims60\LinkDelay\Win32\Bin\link-cvtres.write.1.tlog
C:\Software\Transims60\LinkDelay\Win32\Bin\link-rc.read.1.tlog
C:\Software\Transims60\LinkDelay\Win32\Bin\link-rc.write.1.tlog
C:\Software\Transims60\LinkDelay\Win32\Bin\link.command.1.tlog
C:\Software\Transims60\LinkDelay\Win32\Bin\link.read.1.tlog
C:\Software\Transims60\LinkDelay\Win32\Bin\link.write.1.tlog
