C:\TRANSIMS\TRANSIMS60\PLANSUM\X64\BIN\VC110.PDB
C:\TRANSIMS\TRANSIMS60\X64\BIN\PLANSUM.EXE
C:\TRANSIMS\Transims60\PlanSum\x64\Bin\Access_Details.obj
C:\TRANSIMS\Transims60\PlanSum\x64\Bin\Control.obj
C:\TRANSIMS\Transims60\PlanSum\x64\Bin\Execute.obj
C:\TRANSIMS\Transims60\PlanSum\x64\Bin\Line_Group.obj
C:\TRANSIMS\Transims60\PlanSum\x64\Bin\Line_Grp_Detail.obj
C:\TRANSIMS\Transims60\PlanSum\x64\Bin\Line_Transfers.obj
C:\TRANSIMS\Transims60\PlanSum\x64\Bin\Link_Group.obj
C:\TRANSIMS\Transims60\PlanSum\x64\Bin\MPI_Processing.obj
C:\TRANSIMS\Transims60\PlanSum\x64\Bin\MPI_Setup.obj
C:\TRANSIMS\Transims60\PlanSum\x64\Bin\PlanSum.obj
C:\TRANSIMS\Transims60\PlanSum\x64\Bin\Plan_Processing.obj
C:\TRANSIMS\Transims60\PlanSum\x64\Bin\Read_Plans.obj
C:\TRANSIMS\Transims60\PlanSum\x64\Bin\Rider_Group.obj
C:\TRANSIMS\Transims60\PlanSum\x64\Bin\Stop_Group.obj
C:\TRANSIMS\Transims60\PlanSum\x64\Bin\Stop_Grp_Detail.obj
C:\TRANSIMS\Transims60\PlanSum\x64\Bin\Stop_Report.obj
C:\TRANSIMS\Transims60\PlanSum\x64\Bin\Top_100.obj
C:\TRANSIMS\Transims60\PlanSum\x64\Bin\Transfer_Report.obj
C:\TRANSIMS\Transims60\PlanSum\x64\Bin\Transit_Report.obj
C:\TRANSIMS\Transims60\PlanSum\x64\Bin\Trip_Time.obj
C:\TRANSIMS\Transims60\PlanSum\x64\Bin\VC_Ratio.obj
C:\TRANSIMS\Transims60\PlanSum\x64\Bin\Write_Boardings.obj
C:\TRANSIMS\Transims60\PlanSum\x64\Bin\Write_Details.obj
C:\TRANSIMS\Transims60\PlanSum\x64\Bin\Write_Diurnals.obj
C:\TRANSIMS\Transims60\PlanSum\x64\Bin\Write_Groups.obj
C:\TRANSIMS\Transims60\PlanSum\x64\Bin\Write_Line_On_Off.obj
C:\TRANSIMS\Transims60\PlanSum\x64\Bin\Write_Times.obj
C:\TRANSIMS\Transims60\PlanSum\x64\Bin\Write_Volumes.obj
C:\TRANSIMS\Transims60\PlanSum\x64\Bin\CL.5104.read.1.tlog
C:\TRANSIMS\Transims60\PlanSum\x64\Bin\CL.5104.write.1.tlog
C:\TRANSIMS\Transims60\PlanSum\x64\Bin\CL.5484.read.1.tlog
C:\TRANSIMS\Transims60\PlanSum\x64\Bin\CL.5484.write.1.tlog
C:\TRANSIMS\Transims60\PlanSum\x64\Bin\CL.5656.read.1.tlog
C:\TRANSIMS\Transims60\PlanSum\x64\Bin\CL.5656.write.1.tlog
C:\TRANSIMS\Transims60\PlanSum\x64\Bin\CL.6928.read.1.tlog
C:\TRANSIMS\Transims60\PlanSum\x64\Bin\CL.6928.write.1.tlog
C:\TRANSIMS\Transims60\PlanSum\x64\Bin\cl.command.1.tlog
C:\TRANSIMS\Transims60\PlanSum\x64\Bin\CL.read.1.tlog
C:\TRANSIMS\Transims60\PlanSum\x64\Bin\cl.write.1.tlog
C:\TRANSIMS\Transims60\PlanSum\x64\Bin\link-cvtres.read.1.tlog
C:\TRANSIMS\Transims60\PlanSum\x64\Bin\link-cvtres.write.1.tlog
C:\TRANSIMS\Transims60\PlanSum\x64\Bin\link-rc.read.1.tlog
C:\TRANSIMS\Transims60\PlanSum\x64\Bin\link-rc.write.1.tlog
C:\TRANSIMS\Transims60\PlanSum\x64\Bin\link.command.1.tlog
C:\TRANSIMS\Transims60\PlanSum\x64\Bin\link.read.1.tlog
C:\TRANSIMS\Transims60\PlanSum\x64\Bin\link.write.1.tlog
C:\TRANSIMS\Transims60\PlanSum\x64\Bin\vc110.pdb
C:\TRANSIMS\Transims60\x64\Bin\PlanSum.exe
