C:\SOFTWARE\TRANSIMS60\TRIPDATA\X64\BINTHREADS\VC110.PDB
C:\SOFTWARE\TRANSIMS60\X64\BINTHREADS\TRIPDATA.EXE
C:\Software\Transims60\TripData\x64\BinThreads\TripData.vcxprojResolveAssemblyReference.cache
C:\Software\Transims60\TripData\x64\BinThreads\Control.obj
C:\Software\Transims60\TripData\x64\BinThreads\Execute.obj
C:\Software\Transims60\TripData\x64\BinThreads\Get_Zone_Data.obj
C:\Software\Transims60\TripData\x64\BinThreads\Read_Data.obj
C:\Software\Transims60\TripData\x64\BinThreads\Set_Files.obj
C:\Software\Transims60\TripData\x64\BinThreads\TripData.obj
C:\Software\Transims60\TripData\x64\BinThreads\Write_Trip.obj
C:\Software\Transims60\TripData\x64\BinThreads\CL.1204.read.1.tlog
C:\Software\Transims60\TripData\x64\BinThreads\CL.1204.write.1.tlog
C:\Software\Transims60\TripData\x64\BinThreads\CL.2904.read.1.tlog
C:\Software\Transims60\TripData\x64\BinThreads\CL.2904.write.1.tlog
C:\Software\Transims60\TripData\x64\BinThreads\CL.3552.read.1.tlog
C:\Software\Transims60\TripData\x64\BinThreads\CL.3552.write.1.tlog
C:\Software\Transims60\TripData\x64\BinThreads\CL.3884.read.1.tlog
C:\Software\Transims60\TripData\x64\BinThreads\CL.3884.write.1.tlog
C:\Software\Transims60\TripData\x64\BinThreads\cl.command.1.tlog
C:\Software\Transims60\TripData\x64\BinThreads\CL.read.1.tlog
C:\Software\Transims60\TripData\x64\BinThreads\cl.write.1.tlog
C:\Software\Transims60\TripData\x64\BinThreads\link-cvtres.read.1.tlog
C:\Software\Transims60\TripData\x64\BinThreads\link-cvtres.write.1.tlog
C:\Software\Transims60\TripData\x64\BinThreads\link-rc.read.1.tlog
C:\Software\Transims60\TripData\x64\BinThreads\link-rc.write.1.tlog
C:\Software\Transims60\TripData\x64\BinThreads\link.command.1.tlog
C:\Software\Transims60\TripData\x64\BinThreads\link.read.1.tlog
C:\Software\Transims60\TripData\x64\BinThreads\link.write.1.tlog
C:\Software\Transims60\TripData\x64\BinThreads\vc110.pdb
C:\Software\Transims60\x64\BinThreads\TripData.exe
