C:\TRANSIMS\TRANSIMS51\LINKDELAY\DEBUG\CONTROL.OBJ
C:\TRANSIMS\TRANSIMS51\LINKDELAY\DEBUG\EXECUTE.OBJ
C:\TRANSIMS\TRANSIMS51\LINKDELAY\DEBUG\LINKDELAY.OBJ
C:\TRANSIMS\TRANSIMS51\LINKDELAY\DEBUG\MERGE_DELAY.OBJ
C:\TRANSIMS\TRANSIMS51\LINKDELAY\DEBUG\SET_MIN_TIME.OBJ
C:\TRANSIMS\TRANSIMS51\LINKDELAY\DEBUG\SMOOTH_DELAY.OBJ
C:\TRANSIMS\TRANSIMS51\LINKDELAY\DEBUG\VC110.PDB
C:\TRANSIMS\TRANSIMS51\DEBUG\LINKDELAY.ILK
C:\TRANSIMS\TRANSIMS51\DEBUG\LINKDELAY.EXE
C:\TRANSIMS\TRANSIMS51\DEBUG\LINKDELAY.PDB
C:\TRANSIMS\Transims51\LinkDelay\Debug\LinkDelay.vcxprojResolveAssemblyReference.cache
C:\TRANSIMS\Transims51\LinkDelay\Debug\Control.obj
C:\TRANSIMS\Transims51\LinkDelay\Debug\Execute.obj
C:\TRANSIMS\Transims51\LinkDelay\Debug\LinkDelay.obj
C:\TRANSIMS\Transims51\LinkDelay\Debug\Merge_Delay.obj
C:\TRANSIMS\Transims51\LinkDelay\Debug\Set_Min_Time.obj
C:\TRANSIMS\Transims51\LinkDelay\Debug\Smooth_Delay.obj
C:\TRANSIMS\Transims51\LinkDelay\Debug\cl.command.1.tlog
C:\TRANSIMS\Transims51\LinkDelay\Debug\CL.read.1.tlog
C:\TRANSIMS\Transims51\LinkDelay\Debug\CL.write.1.tlog
C:\TRANSIMS\Transims51\LinkDelay\Debug\link-cvtres.read.1.tlog
C:\TRANSIMS\Transims51\LinkDelay\Debug\link-cvtres.write.1.tlog
C:\TRANSIMS\Transims51\LinkDelay\Debug\link-rc.read.1.tlog
C:\TRANSIMS\Transims51\LinkDelay\Debug\link-rc.write.1.tlog
C:\TRANSIMS\Transims51\LinkDelay\Debug\link.command.1.tlog
C:\TRANSIMS\Transims51\LinkDelay\Debug\link.read.1.tlog
C:\TRANSIMS\Transims51\LinkDelay\Debug\link.write.1.tlog
C:\TRANSIMS\Transims51\LinkDelay\Debug\vc110.idb
C:\TRANSIMS\Transims51\LinkDelay\Debug\vc110.pdb
C:\TRANSIMS\Transims51\Debug\LinkDelay.pdb
C:\TRANSIMS\Transims51\Debug\LinkDelay.exe
C:\TRANSIMS\Transims51\Debug\LinkDelay.ilk
