C:\TRANSIMS\TRANSIMS60\PLANSELECT\X64\BIN\VC110.PDB
C:\TRANSIMS\TRANSIMS60\X64\BIN\PLANSELECT.EXE
C:\TRANSIMS\Transims60\PlanSelect\x64\Bin\Control.obj
C:\TRANSIMS\Transims60\PlanSelect\x64\Bin\Execute.obj
C:\TRANSIMS\Transims60\PlanSelect\x64\Bin\MPI_Close.obj
C:\TRANSIMS\Transims60\PlanSelect\x64\Bin\MPI_Processing.obj
C:\TRANSIMS\Transims60\PlanSelect\x64\Bin\MPI_Setup.obj
C:\TRANSIMS\Transims60\PlanSelect\x64\Bin\MPI_Write.obj
C:\TRANSIMS\Transims60\PlanSelect\x64\Bin\PlanSelect.obj
C:\TRANSIMS\Transims60\PlanSelect\x64\Bin\Plan_Output.obj
C:\TRANSIMS\Transims60\PlanSelect\x64\Bin\Plan_Processing.obj
C:\TRANSIMS\Transims60\PlanSelect\x64\Bin\Read_Plans.obj
C:\TRANSIMS\Transims60\PlanSelect\x64\Bin\Select_Plans.obj
C:\TRANSIMS\Transims60\PlanSelect\x64\Bin\Write_Plans.obj
C:\TRANSIMS\Transims60\PlanSelect\x64\Bin\CL.1432.read.1.tlog
C:\TRANSIMS\Transims60\PlanSelect\x64\Bin\CL.1432.write.1.tlog
C:\TRANSIMS\Transims60\PlanSelect\x64\Bin\CL.4064.read.1.tlog
C:\TRANSIMS\Transims60\PlanSelect\x64\Bin\CL.4064.write.1.tlog
C:\TRANSIMS\Transims60\PlanSelect\x64\Bin\CL.6396.read.1.tlog
C:\TRANSIMS\Transims60\PlanSelect\x64\Bin\CL.6396.write.1.tlog
C:\TRANSIMS\Transims60\PlanSelect\x64\Bin\CL.6924.read.1.tlog
C:\TRANSIMS\Transims60\PlanSelect\x64\Bin\CL.6924.write.1.tlog
C:\TRANSIMS\Transims60\PlanSelect\x64\Bin\cl.command.1.tlog
C:\TRANSIMS\Transims60\PlanSelect\x64\Bin\CL.read.1.tlog
C:\TRANSIMS\Transims60\PlanSelect\x64\Bin\cl.write.1.tlog
C:\TRANSIMS\Transims60\PlanSelect\x64\Bin\link-cvtres.read.1.tlog
C:\TRANSIMS\Transims60\PlanSelect\x64\Bin\link-cvtres.write.1.tlog
C:\TRANSIMS\Transims60\PlanSelect\x64\Bin\link-rc.read.1.tlog
C:\TRANSIMS\Transims60\PlanSelect\x64\Bin\link-rc.write.1.tlog
C:\TRANSIMS\Transims60\PlanSelect\x64\Bin\link.command.1.tlog
C:\TRANSIMS\Transims60\PlanSelect\x64\Bin\link.read.1.tlog
C:\TRANSIMS\Transims60\PlanSelect\x64\Bin\link.write.1.tlog
C:\TRANSIMS\Transims60\PlanSelect\x64\Bin\vc110.pdb
C:\TRANSIMS\Transims60\x64\Bin\PlanSelect.exe
