C:\TRANSIMS\TRANSIMS51\TRANSIMSNET\DEBUG\CONNECTIONS.OBJ
C:\TRANSIMS\TRANSIMS51\TRANSIMSNET\DEBUG\CONTROL.OBJ
C:\TRANSIMS\TRANSIMS51\TRANSIMSNET\DEBUG\EXECUTE.OBJ
C:\TRANSIMS\TRANSIMS51\TRANSIMSNET\DEBUG\LANE_RANGES.OBJ
C:\TRANSIMS\TRANSIMS51\TRANSIMSNET\DEBUG\LANE_USE.OBJ
C:\TRANSIMS\TRANSIMS51\TRANSIMSNET\DEBUG\LINK_ACCESS.OBJ
C:\TRANSIMS\TRANSIMS51\TRANSIMSNET\DEBUG\OPERATORS.OBJ
C:\TRANSIMS\TRANSIMS51\TRANSIMSNET\DEBUG\POCKET_LANES.OBJ
C:\TRANSIMS\TRANSIMS51\TRANSIMSNET\DEBUG\READ_BOUNDARY.OBJ
C:\TRANSIMS\TRANSIMS51\TRANSIMSNET\DEBUG\READ_DETAILS.OBJ
C:\TRANSIMS\TRANSIMS51\TRANSIMSNET\DEBUG\TRAFFIC_CONTROLS.OBJ
C:\TRANSIMS\TRANSIMS51\TRANSIMSNET\DEBUG\TRANSIMSNET.OBJ
C:\TRANSIMS\TRANSIMS51\TRANSIMSNET\DEBUG\VC110.PDB
C:\TRANSIMS\TRANSIMS51\DEBUG\TRANSIMSNET.ILK
C:\TRANSIMS\TRANSIMS51\DEBUG\TRANSIMSNET.EXE
C:\TRANSIMS\TRANSIMS51\DEBUG\TRANSIMSNET.PDB
C:\TRANSIMS\Transims51\TransimsNet\Debug\TransimsNet.vcxprojResolveAssemblyReference.cache
C:\TRANSIMS\Transims51\TransimsNet\Debug\Connections.obj
C:\TRANSIMS\Transims51\TransimsNet\Debug\Control.obj
C:\TRANSIMS\Transims51\TransimsNet\Debug\Execute.obj
C:\TRANSIMS\Transims51\TransimsNet\Debug\Lane_Ranges.obj
C:\TRANSIMS\Transims51\TransimsNet\Debug\Lane_Use.obj
C:\TRANSIMS\Transims51\TransimsNet\Debug\Link_Access.obj
C:\TRANSIMS\Transims51\TransimsNet\Debug\Operators.obj
C:\TRANSIMS\Transims51\TransimsNet\Debug\Pocket_Lanes.obj
C:\TRANSIMS\Transims51\TransimsNet\Debug\Read_Boundary.obj
C:\TRANSIMS\Transims51\TransimsNet\Debug\Read_Details.obj
C:\TRANSIMS\Transims51\TransimsNet\Debug\Traffic_Controls.obj
C:\TRANSIMS\Transims51\TransimsNet\Debug\TransimsNet.obj
C:\TRANSIMS\Transims51\TransimsNet\Debug\cl.command.1.tlog
C:\TRANSIMS\Transims51\TransimsNet\Debug\CL.read.1.tlog
C:\TRANSIMS\Transims51\TransimsNet\Debug\CL.write.1.tlog
C:\TRANSIMS\Transims51\TransimsNet\Debug\link-cvtres.read.1.tlog
C:\TRANSIMS\Transims51\TransimsNet\Debug\link-cvtres.write.1.tlog
C:\TRANSIMS\Transims51\TransimsNet\Debug\link-rc.read.1.tlog
C:\TRANSIMS\Transims51\TransimsNet\Debug\link-rc.write.1.tlog
C:\TRANSIMS\Transims51\TransimsNet\Debug\link.command.1.tlog
C:\TRANSIMS\Transims51\TransimsNet\Debug\link.read.1.tlog
C:\TRANSIMS\Transims51\TransimsNet\Debug\link.write.1.tlog
C:\TRANSIMS\Transims51\TransimsNet\Debug\vc110.idb
C:\TRANSIMS\Transims51\TransimsNet\Debug\vc110.pdb
C:\TRANSIMS\Transims51\Debug\TransimsNet.pdb
C:\TRANSIMS\Transims51\Debug\TransimsNet.exe
C:\TRANSIMS\Transims51\Debug\TransimsNet.ilk
