C:\SOFTWARE\TRANSIMS60\RIDERSUM\WIN32\BIN\VC110.PDB
C:\SOFTWARE\TRANSIMS60\WIN32\BIN\RIDERSUM.EXE
C:\Software\Transims60\RiderSum\Win32\Bin\RiderSum.vcxprojResolveAssemblyReference.cache
C:\Software\Transims60\RiderSum\Win32\Bin\Control.obj
C:\Software\Transims60\RiderSum\Win32\Bin\Execute.obj
C:\Software\Transims60\RiderSum\Win32\Bin\Group_Rider_Report.obj
C:\Software\Transims60\RiderSum\Win32\Bin\Line_Group_Report.obj
C:\Software\Transims60\RiderSum\Win32\Bin\Line_Rider_Report.obj
C:\Software\Transims60\RiderSum\Win32\Bin\Line_Sum_Report.obj
C:\Software\Transims60\RiderSum\Win32\Bin\Link_Selection.obj
C:\Software\Transims60\RiderSum\Win32\Bin\RiderSum.obj
C:\Software\Transims60\RiderSum\Win32\Bin\Run_Selection.obj
C:\Software\Transims60\RiderSum\Win32\Bin\Setup_Riders.obj
C:\Software\Transims60\RiderSum\Win32\Bin\Stop_Group_Report.obj
C:\Software\Transims60\RiderSum\Win32\Bin\Stop_Route_Report.obj
C:\Software\Transims60\RiderSum\Win32\Bin\Stop_Run_Report.obj
C:\Software\Transims60\RiderSum\Win32\Bin\Stop_Sum_Report.obj
C:\Software\Transims60\RiderSum\Win32\Bin\Sum_Riders.obj
C:\Software\Transims60\RiderSum\Win32\Bin\Write_Group_Rider.obj
C:\Software\Transims60\RiderSum\Win32\Bin\Write_Line_Rider.obj
C:\Software\Transims60\RiderSum\Win32\Bin\Write_Stop_Details.obj
C:\Software\Transims60\RiderSum\Win32\Bin\Write_Stop_Profile.obj
C:\Software\Transims60\RiderSum\Win32\Bin\Write_Stop_Route.obj
C:\Software\Transims60\RiderSum\Win32\Bin\CL.3984.read.1.tlog
C:\Software\Transims60\RiderSum\Win32\Bin\CL.3984.write.1.tlog
C:\Software\Transims60\RiderSum\Win32\Bin\CL.4324.read.1.tlog
C:\Software\Transims60\RiderSum\Win32\Bin\CL.4324.write.1.tlog
C:\Software\Transims60\RiderSum\Win32\Bin\CL.4888.read.1.tlog
C:\Software\Transims60\RiderSum\Win32\Bin\CL.4888.write.1.tlog
C:\Software\Transims60\RiderSum\Win32\Bin\CL.5636.read.1.tlog
C:\Software\Transims60\RiderSum\Win32\Bin\CL.5636.write.1.tlog
C:\Software\Transims60\RiderSum\Win32\Bin\cl.command.1.tlog
C:\Software\Transims60\RiderSum\Win32\Bin\CL.read.1.tlog
C:\Software\Transims60\RiderSum\Win32\Bin\cl.write.1.tlog
C:\Software\Transims60\RiderSum\Win32\Bin\link-cvtres.read.1.tlog
C:\Software\Transims60\RiderSum\Win32\Bin\link-cvtres.write.1.tlog
C:\Software\Transims60\RiderSum\Win32\Bin\link-rc.read.1.tlog
C:\Software\Transims60\RiderSum\Win32\Bin\link-rc.write.1.tlog
C:\Software\Transims60\RiderSum\Win32\Bin\link.command.1.tlog
C:\Software\Transims60\RiderSum\Win32\Bin\link.read.1.tlog
C:\Software\Transims60\RiderSum\Win32\Bin\link.write.1.tlog
