C:\SOFTWARE\TRANSIMS60\PROBLEMSELECT\X64\BINTHREADS\VC110.PDB
C:\SOFTWARE\TRANSIMS60\X64\BINTHREADS\PROBLEMSELECT.EXE
C:\Software\Transims60\ProblemSelect\x64\BinThreads\ProblemSelect.vcxprojResolveAssemblyReference.cache
C:\Software\Transims60\ProblemSelect\x64\BinThreads\Control.obj
C:\Software\Transims60\ProblemSelect\x64\BinThreads\Execute.obj
C:\Software\Transims60\ProblemSelect\x64\BinThreads\Get_Problem_Data.obj
C:\Software\Transims60\ProblemSelect\x64\BinThreads\ProblemSelect.obj
C:\Software\Transims60\ProblemSelect\x64\BinThreads\CL.4732.read.1.tlog
C:\Software\Transims60\ProblemSelect\x64\BinThreads\CL.4732.write.1.tlog
C:\Software\Transims60\ProblemSelect\x64\BinThreads\CL.5308.read.1.tlog
C:\Software\Transims60\ProblemSelect\x64\BinThreads\CL.5308.write.1.tlog
C:\Software\Transims60\ProblemSelect\x64\BinThreads\CL.5560.read.1.tlog
C:\Software\Transims60\ProblemSelect\x64\BinThreads\CL.5560.write.1.tlog
C:\Software\Transims60\ProblemSelect\x64\BinThreads\CL.5888.read.1.tlog
C:\Software\Transims60\ProblemSelect\x64\BinThreads\CL.5888.write.1.tlog
C:\Software\Transims60\ProblemSelect\x64\BinThreads\cl.command.1.tlog
C:\Software\Transims60\ProblemSelect\x64\BinThreads\CL.read.1.tlog
C:\Software\Transims60\ProblemSelect\x64\BinThreads\cl.write.1.tlog
C:\Software\Transims60\ProblemSelect\x64\BinThreads\link-cvtres.read.1.tlog
C:\Software\Transims60\ProblemSelect\x64\BinThreads\link-cvtres.write.1.tlog
C:\Software\Transims60\ProblemSelect\x64\BinThreads\link-rc.read.1.tlog
C:\Software\Transims60\ProblemSelect\x64\BinThreads\link-rc.write.1.tlog
C:\Software\Transims60\ProblemSelect\x64\BinThreads\link.command.1.tlog
C:\Software\Transims60\ProblemSelect\x64\BinThreads\link.read.1.tlog
C:\Software\Transims60\ProblemSelect\x64\BinThreads\link.write.1.tlog
C:\Software\Transims60\ProblemSelect\x64\BinThreads\vc110.pdb
C:\Software\Transims60\x64\BinThreads\ProblemSelect.exe
