C:\SOFTWARE\TRANSIMS60\ARCPLAN\WIN32\BIN\VC110.PDB
C:\SOFTWARE\TRANSIMS60\WIN32\BIN\ARCPLAN.EXE
C:\Software\Transims60\ArcPlan\Win32\Bin\ArcPlan.vcxprojResolveAssemblyReference.cache
C:\Software\Transims60\ArcPlan\Win32\Bin\ArcPlan.obj
C:\Software\Transims60\ArcPlan\Win32\Bin\Control.obj
C:\Software\Transims60\ArcPlan\Win32\Bin\Execute.obj
C:\Software\Transims60\ArcPlan\Win32\Bin\Get_Location_Data.obj
C:\Software\Transims60\ArcPlan\Win32\Bin\Get_Parking_Data.obj
C:\Software\Transims60\ArcPlan\Win32\Bin\Get_Problem_Data.obj
C:\Software\Transims60\ArcPlan\Win32\Bin\Get_Stop_Data.obj
C:\Software\Transims60\ArcPlan\Win32\Bin\Read_Plan.obj
C:\Software\Transims60\ArcPlan\Win32\Bin\Write_Bandwidth.obj
C:\Software\Transims60\ArcPlan\Win32\Bin\Write_Contour.obj
C:\Software\Transims60\ArcPlan\Win32\Bin\Write_Group.obj
C:\Software\Transims60\ArcPlan\Win32\Bin\Write_Parking.obj
C:\Software\Transims60\ArcPlan\Win32\Bin\Write_Route.obj
C:\Software\Transims60\ArcPlan\Win32\Bin\Write_Stops.obj
C:\Software\Transims60\ArcPlan\Win32\Bin\CL.2144.read.1.tlog
C:\Software\Transims60\ArcPlan\Win32\Bin\CL.2144.write.1.tlog
C:\Software\Transims60\ArcPlan\Win32\Bin\CL.4560.read.1.tlog
C:\Software\Transims60\ArcPlan\Win32\Bin\CL.4560.write.1.tlog
C:\Software\Transims60\ArcPlan\Win32\Bin\CL.5428.read.1.tlog
C:\Software\Transims60\ArcPlan\Win32\Bin\CL.5428.write.1.tlog
C:\Software\Transims60\ArcPlan\Win32\Bin\CL.5564.read.1.tlog
C:\Software\Transims60\ArcPlan\Win32\Bin\CL.5564.write.1.tlog
C:\Software\Transims60\ArcPlan\Win32\Bin\cl.command.1.tlog
C:\Software\Transims60\ArcPlan\Win32\Bin\CL.read.1.tlog
C:\Software\Transims60\ArcPlan\Win32\Bin\cl.write.1.tlog
C:\Software\Transims60\ArcPlan\Win32\Bin\link-cvtres.read.1.tlog
C:\Software\Transims60\ArcPlan\Win32\Bin\link-cvtres.write.1.tlog
C:\Software\Transims60\ArcPlan\Win32\Bin\link-rc.read.1.tlog
C:\Software\Transims60\ArcPlan\Win32\Bin\link-rc.write.1.tlog
C:\Software\Transims60\ArcPlan\Win32\Bin\link.command.1.tlog
C:\Software\Transims60\ArcPlan\Win32\Bin\link.read.1.tlog
C:\Software\Transims60\ArcPlan\Win32\Bin\link.write.1.tlog
