Build started 3/7/2014 8:02:21 AM.
     1>Project "C:\Software\Transims60\GridData\GridData.vcxproj" on node 4 (Build target(s)).
     1>ClCompile:
         C:\Program Files (x86)\Microsoft Visual Studio 11.0\VC\bin\x86_amd64\CL.exe /c /I..\Include /Zi /nologo /W4 /WX /MP /O2 /Oi /D WIN32 /D NDEBUG /D _CONSOLE /D THREADS /Gm- /EHsc /MT /GS /Gy- /Qpar /fp:precise /Zc:wchar_t /Zc:forScope /Fo"x64\BinThreads\\" /Fd"x64\BinThreads\vc110.pdb" /Gd /TP /errorReport:prompt Build_Grid.cpp Control.cpp Execute.cpp GridData.cpp Point_Grid.cpp Read_Boundary.cpp Read_Data.cpp Read_Points.cpp Read_Polygons.cpp Set_Files.cpp Sum_Grid.cpp Write_Grid.cpp Write_Summary.cpp Zone_Grids.cpp
         Build_Grid.cpp
         Control.cpp
         Execute.cpp
         GridData.cpp
         Point_Grid.cpp
         Read_Boundary.cpp
         Read_Data.cpp
         Read_Points.cpp
         Read_Polygons.cpp
         Set_Files.cpp
         Sum_Grid.cpp
         Write_Grid.cpp
         Write_Summary.cpp
         Zone_Grids.cpp
       Link:
         C:\Program Files (x86)\Microsoft Visual Studio 11.0\VC\bin\x86_amd64\link.exe /ERRORREPORT:PROMPT /OUT:"C:\Software\Transims60\x64\BinThreads\GridData.exe" /INCREMENTAL:NO /NOLOGO kernel32.lib user32.lib gdi32.lib winspool.lib comdlg32.lib advapi32.lib shell32.lib ole32.lib oleaut32.lib uuid.lib odbc32.lib odbccp32.lib /MANIFEST /MANIFESTUAC:"level='asInvoker' uiAccess='false'" /manifest:embed /PDB:"C:\Software\Transims60\x64\BinThreads\GridData.pdb" /SUBSYSTEM:CONSOLE,"5.02" /OPT:REF /OPT:ICF /TLBID:1 /DYNAMICBASE /NXCOMPAT /IMPLIB:"C:\Software\Transims60\x64\BinThreads\GridData.lib" /MACHINE:X64 x64\BinThreads\Build_Grid.obj
         x64\BinThreads\Control.obj
         x64\BinThreads\Execute.obj
         x64\BinThreads\GridData.obj
         x64\BinThreads\Point_Grid.obj
         x64\BinThreads\Read_Boundary.obj
         x64\BinThreads\Read_Data.obj
         x64\BinThreads\Read_Points.obj
         x64\BinThreads\Read_Polygons.obj
         x64\BinThreads\Set_Files.obj
         x64\BinThreads\Sum_Grid.obj
         x64\BinThreads\Write_Grid.obj
         x64\BinThreads\Write_Summary.obj
         x64\BinThreads\Zone_Grids.obj
         C:\Software\Transims60\SysLib\x64\BinThreads\SysLib.lib
         C:\Software\Transims60\File_Data_Service\x64\BinThreads\File_Data_Service.lib
         GridData.vcxproj -> C:\Software\Transims60\x64\BinThreads\GridData.exe
     1>Done Building Project "C:\Software\Transims60\GridData\GridData.vcxproj" (Build target(s)).

Build succeeded.

Time Elapsed 00:01:18.73
