C:\SOFTWARE\TRANSIMS60\GRIDDATA\WIN32\BIN\VC110.PDB
C:\SOFTWARE\TRANSIMS60\WIN32\BIN\GRIDDATA.EXE
C:\Software\Transims60\GridData\Win32\Bin\GridData.vcxprojResolveAssemblyReference.cache
C:\Software\Transims60\GridData\Win32\Bin\Build_Grid.obj
C:\Software\Transims60\GridData\Win32\Bin\Control.obj
C:\Software\Transims60\GridData\Win32\Bin\Execute.obj
C:\Software\Transims60\GridData\Win32\Bin\GridData.obj
C:\Software\Transims60\GridData\Win32\Bin\Point_Grid.obj
C:\Software\Transims60\GridData\Win32\Bin\Read_Boundary.obj
C:\Software\Transims60\GridData\Win32\Bin\Read_Data.obj
C:\Software\Transims60\GridData\Win32\Bin\Read_Points.obj
C:\Software\Transims60\GridData\Win32\Bin\Read_Polygons.obj
C:\Software\Transims60\GridData\Win32\Bin\Set_Files.obj
C:\Software\Transims60\GridData\Win32\Bin\Sum_Grid.obj
C:\Software\Transims60\GridData\Win32\Bin\Write_Grid.obj
C:\Software\Transims60\GridData\Win32\Bin\Write_Summary.obj
C:\Software\Transims60\GridData\Win32\Bin\Zone_Grids.obj
C:\Software\Transims60\GridData\Win32\Bin\CL.1404.read.1.tlog
C:\Software\Transims60\GridData\Win32\Bin\CL.1404.write.1.tlog
C:\Software\Transims60\GridData\Win32\Bin\CL.2576.read.1.tlog
C:\Software\Transims60\GridData\Win32\Bin\CL.2576.write.1.tlog
C:\Software\Transims60\GridData\Win32\Bin\CL.2920.read.1.tlog
C:\Software\Transims60\GridData\Win32\Bin\CL.2920.write.1.tlog
C:\Software\Transims60\GridData\Win32\Bin\CL.4792.read.1.tlog
C:\Software\Transims60\GridData\Win32\Bin\CL.4792.write.1.tlog
C:\Software\Transims60\GridData\Win32\Bin\cl.command.1.tlog
C:\Software\Transims60\GridData\Win32\Bin\CL.read.1.tlog
C:\Software\Transims60\GridData\Win32\Bin\cl.write.1.tlog
C:\Software\Transims60\GridData\Win32\Bin\link-cvtres.read.1.tlog
C:\Software\Transims60\GridData\Win32\Bin\link-cvtres.write.1.tlog
C:\Software\Transims60\GridData\Win32\Bin\link-rc.read.1.tlog
C:\Software\Transims60\GridData\Win32\Bin\link-rc.write.1.tlog
C:\Software\Transims60\GridData\Win32\Bin\link.command.1.tlog
C:\Software\Transims60\GridData\Win32\Bin\link.read.1.tlog
C:\Software\Transims60\GridData\Win32\Bin\link.write.1.tlog
