C:\TRANSIMS\TRANSIMS51\FRATAR\DEBUG\CONTROL.OBJ
C:\TRANSIMS\TRANSIMS51\FRATAR\DEBUG\EXECUTE.OBJ
C:\TRANSIMS\TRANSIMS51\FRATAR\DEBUG\FRATAR.OBJ
C:\TRANSIMS\TRANSIMS51\FRATAR\DEBUG\PROCESSING.OBJ
C:\TRANSIMS\TRANSIMS51\FRATAR\DEBUG\READ_MARGINS.OBJ
C:\TRANSIMS\TRANSIMS51\FRATAR\DEBUG\READ_TABLE.OBJ
C:\TRANSIMS\TRANSIMS51\FRATAR\DEBUG\WRITE_TABLE.OBJ
C:\TRANSIMS\TRANSIMS51\FRATAR\DEBUG\VC110.PDB
C:\TRANSIMS\TRANSIMS51\DEBUG\FRATAR.ILK
C:\TRANSIMS\TRANSIMS51\DEBUG\FRATAR.EXE
C:\TRANSIMS\TRANSIMS51\DEBUG\FRATAR.PDB
C:\TRANSIMS\Transims51\Fratar\Debug\Fratar.vcxprojResolveAssemblyReference.cache
C:\TRANSIMS\Transims51\Fratar\Debug\Control.obj
C:\TRANSIMS\Transims51\Fratar\Debug\Execute.obj
C:\TRANSIMS\Transims51\Fratar\Debug\Fratar.obj
C:\TRANSIMS\Transims51\Fratar\Debug\Processing.obj
C:\TRANSIMS\Transims51\Fratar\Debug\Read_Margins.obj
C:\TRANSIMS\Transims51\Fratar\Debug\Read_Table.obj
C:\TRANSIMS\Transims51\Fratar\Debug\Write_Table.obj
C:\TRANSIMS\Transims51\Fratar\Debug\cl.command.1.tlog
C:\TRANSIMS\Transims51\Fratar\Debug\CL.read.1.tlog
C:\TRANSIMS\Transims51\Fratar\Debug\CL.write.1.tlog
C:\TRANSIMS\Transims51\Fratar\Debug\link-cvtres.read.1.tlog
C:\TRANSIMS\Transims51\Fratar\Debug\link-cvtres.write.1.tlog
C:\TRANSIMS\Transims51\Fratar\Debug\link-rc.read.1.tlog
C:\TRANSIMS\Transims51\Fratar\Debug\link-rc.write.1.tlog
C:\TRANSIMS\Transims51\Fratar\Debug\link.command.1.tlog
C:\TRANSIMS\Transims51\Fratar\Debug\link.read.1.tlog
C:\TRANSIMS\Transims51\Fratar\Debug\link.write.1.tlog
C:\TRANSIMS\Transims51\Fratar\Debug\vc110.idb
C:\TRANSIMS\Transims51\Fratar\Debug\vc110.pdb
C:\TRANSIMS\Transims51\Debug\Fratar.pdb
C:\TRANSIMS\Transims51\Debug\Fratar.exe
C:\TRANSIMS\Transims51\Debug\Fratar.ilk
