C:\SOFTWARE\TRANSIMS60\ARCNET\X64\BINTHREADS\VC110.PDB
C:\SOFTWARE\TRANSIMS60\X64\BINTHREADS\ARCNET.EXE
C:\Software\Transims60\ArcNet\x64\BinThreads\ArcNet.vcxprojResolveAssemblyReference.cache
C:\Software\Transims60\ArcNet\x64\BinThreads\ArcNet.obj
C:\Software\Transims60\ArcNet\x64\BinThreads\Control.obj
C:\Software\Transims60\ArcNet\x64\BinThreads\Draw_Driver.obj
C:\Software\Transims60\ArcNet\x64\BinThreads\Draw_Links.obj
C:\Software\Transims60\ArcNet\x64\BinThreads\Draw_Pockets.obj
C:\Software\Transims60\ArcNet\x64\BinThreads\Draw_Route.obj
C:\Software\Transims60\ArcNet\x64\BinThreads\Draw_Service.obj
C:\Software\Transims60\ArcNet\x64\BinThreads\Draw_Timings.obj
C:\Software\Transims60\ArcNet\x64\BinThreads\Execute.obj
C:\Software\Transims60\ArcNet\x64\BinThreads\Get_Access_Data.obj
C:\Software\Transims60\ArcNet\x64\BinThreads\Get_Connect_Data.obj
C:\Software\Transims60\ArcNet\x64\BinThreads\Get_Detector_Data.obj
C:\Software\Transims60\ArcNet\x64\BinThreads\Get_Lane_Use_Data.obj
C:\Software\Transims60\ArcNet\x64\BinThreads\Get_Line_Data.obj
C:\Software\Transims60\ArcNet\x64\BinThreads\Get_Link_Data.obj
C:\Software\Transims60\ArcNet\x64\BinThreads\Get_Location_Data.obj
C:\Software\Transims60\ArcNet\x64\BinThreads\Get_Node_Data.obj
C:\Software\Transims60\ArcNet\x64\BinThreads\Get_Parking_Data.obj
C:\Software\Transims60\ArcNet\x64\BinThreads\Get_Phasing_Data.obj
C:\Software\Transims60\ArcNet\x64\BinThreads\Get_Pocket_Data.obj
C:\Software\Transims60\ArcNet\x64\BinThreads\Get_Route_Nodes.obj
C:\Software\Transims60\ArcNet\x64\BinThreads\Get_Signal_Data.obj
C:\Software\Transims60\ArcNet\x64\BinThreads\Get_Sign_Data.obj
C:\Software\Transims60\ArcNet\x64\BinThreads\Get_Stop_Data.obj
C:\Software\Transims60\ArcNet\x64\BinThreads\Get_Timing_Data.obj
C:\Software\Transims60\ArcNet\x64\BinThreads\Get_Turn_Pen_Data.obj
C:\Software\Transims60\ArcNet\x64\BinThreads\Get_Zone_Data.obj
C:\Software\Transims60\ArcNet\x64\BinThreads\Write_Subzone.obj
C:\Software\Transims60\ArcNet\x64\BinThreads\CL.1104.read.1.tlog
C:\Software\Transims60\ArcNet\x64\BinThreads\CL.1104.write.1.tlog
C:\Software\Transims60\ArcNet\x64\BinThreads\CL.1788.read.1.tlog
C:\Software\Transims60\ArcNet\x64\BinThreads\CL.1788.write.1.tlog
C:\Software\Transims60\ArcNet\x64\BinThreads\CL.3404.read.1.tlog
C:\Software\Transims60\ArcNet\x64\BinThreads\CL.3404.write.1.tlog
C:\Software\Transims60\ArcNet\x64\BinThreads\CL.5704.read.1.tlog
C:\Software\Transims60\ArcNet\x64\BinThreads\CL.5704.write.1.tlog
C:\Software\Transims60\ArcNet\x64\BinThreads\cl.command.1.tlog
C:\Software\Transims60\ArcNet\x64\BinThreads\CL.read.1.tlog
C:\Software\Transims60\ArcNet\x64\BinThreads\cl.write.1.tlog
C:\Software\Transims60\ArcNet\x64\BinThreads\link-cvtres.read.1.tlog
C:\Software\Transims60\ArcNet\x64\BinThreads\link-cvtres.write.1.tlog
C:\Software\Transims60\ArcNet\x64\BinThreads\link-rc.read.1.tlog
C:\Software\Transims60\ArcNet\x64\BinThreads\link-rc.write.1.tlog
C:\Software\Transims60\ArcNet\x64\BinThreads\link.command.1.tlog
C:\Software\Transims60\ArcNet\x64\BinThreads\link.read.1.tlog
C:\Software\Transims60\ArcNet\x64\BinThreads\link.write.1.tlog
C:\Software\Transims60\ArcNet\x64\BinThreads\vc110.pdb
C:\Software\Transims60\x64\BinThreads\ArcNet.exe
