C:\TRANSIMS\TRANSIMS60\ROUTEPREP\X64\BIN\VC110.PDB
C:\TRANSIMS\TRANSIMS60\X64\BIN\ROUTEPREP.EXE
C:\TRANSIMS\TRANSIMS60\X64\BIN\ROUTEPREP.PDB
C:\TRANSIMS\Transims60\RoutePrep\x64\Bin\Control.obj
C:\TRANSIMS\Transims60\RoutePrep\x64\Bin\Endline_Station.obj
C:\TRANSIMS\Transims60\RoutePrep\x64\Bin\Execute.obj
C:\TRANSIMS\Transims60\RoutePrep\x64\Bin\Inline_Station.obj
C:\TRANSIMS\Transims60\RoutePrep\x64\Bin\Input_Routes.obj
C:\TRANSIMS\Transims60\RoutePrep\x64\Bin\Insert_Link.obj
C:\TRANSIMS\Transims60\RoutePrep\x64\Bin\Insert_Stations.obj
C:\TRANSIMS\Transims60\RoutePrep\x64\Bin\Link_Order.obj
C:\TRANSIMS\Transims60\RoutePrep\x64\Bin\Platform_Link.obj
C:\TRANSIMS\Transims60\RoutePrep\x64\Bin\Read_Factors.obj
C:\TRANSIMS\Transims60\RoutePrep\x64\Bin\Read_Node_File.obj
C:\TRANSIMS\Transims60\RoutePrep\x64\Bin\Read_Node_Map.obj
C:\TRANSIMS\Transims60\RoutePrep\x64\Bin\Read_Routes.obj
C:\TRANSIMS\Transims60\RoutePrep\x64\Bin\Read_Route_Stops.obj
C:\TRANSIMS\Transims60\RoutePrep\x64\Bin\Read_Scripts.obj
C:\TRANSIMS\Transims60\RoutePrep\x64\Bin\Read_Speeds.obj
C:\TRANSIMS\Transims60\RoutePrep\x64\Bin\Read_Stations.obj
C:\TRANSIMS\Transims60\RoutePrep\x64\Bin\RoutePrep.obj
C:\TRANSIMS\Transims60\RoutePrep\x64\Bin\Route_Segments.obj
C:\TRANSIMS\Transims60\RoutePrep\x64\Bin\Save_Route.obj
C:\TRANSIMS\Transims60\RoutePrep\x64\Bin\Transifer_Link.obj
C:\TRANSIMS\Transims60\RoutePrep\x64\Bin\Update_Routes.obj
C:\TRANSIMS\Transims60\RoutePrep\x64\Bin\Write_Node_Map.obj
C:\TRANSIMS\Transims60\RoutePrep\x64\Bin\Write_Route.obj
C:\TRANSIMS\Transims60\RoutePrep\x64\Bin\CL.1544.read.1.tlog
C:\TRANSIMS\Transims60\RoutePrep\x64\Bin\CL.1544.write.1.tlog
C:\TRANSIMS\Transims60\RoutePrep\x64\Bin\CL.2616.read.1.tlog
C:\TRANSIMS\Transims60\RoutePrep\x64\Bin\CL.2616.write.1.tlog
C:\TRANSIMS\Transims60\RoutePrep\x64\Bin\CL.3080.read.1.tlog
C:\TRANSIMS\Transims60\RoutePrep\x64\Bin\CL.3080.write.1.tlog
C:\TRANSIMS\Transims60\RoutePrep\x64\Bin\CL.5924.read.1.tlog
C:\TRANSIMS\Transims60\RoutePrep\x64\Bin\CL.5924.write.1.tlog
C:\TRANSIMS\Transims60\RoutePrep\x64\Bin\cl.command.1.tlog
C:\TRANSIMS\Transims60\RoutePrep\x64\Bin\CL.read.1.tlog
C:\TRANSIMS\Transims60\RoutePrep\x64\Bin\cl.write.1.tlog
C:\TRANSIMS\Transims60\RoutePrep\x64\Bin\link-cvtres.read.1.tlog
C:\TRANSIMS\Transims60\RoutePrep\x64\Bin\link-cvtres.write.1.tlog
C:\TRANSIMS\Transims60\RoutePrep\x64\Bin\link-rc.read.1.tlog
C:\TRANSIMS\Transims60\RoutePrep\x64\Bin\link-rc.write.1.tlog
C:\TRANSIMS\Transims60\RoutePrep\x64\Bin\link.command.1.tlog
C:\TRANSIMS\Transims60\RoutePrep\x64\Bin\link.read.1.tlog
C:\TRANSIMS\Transims60\RoutePrep\x64\Bin\link.write.1.tlog
C:\TRANSIMS\Transims60\RoutePrep\x64\Bin\vc110.pdb
C:\TRANSIMS\Transims60\x64\Bin\RoutePrep.pdb
C:\TRANSIMS\Transims60\x64\Bin\RoutePrep.exe
