C:\TRANSIMS\TRANSIMS60\TRIPPREP\X64\BIN\VC110.PDB
C:\TRANSIMS\TRANSIMS60\X64\BIN\TRIPPREP.EXE
C:\TRANSIMS\TRANSIMS60\X64\BIN\TRIPPREP.PDB
C:\TRANSIMS\Transims60\TripPrep\x64\Bin\Check_Trips.obj
C:\TRANSIMS\Transims60\TripPrep\x64\Bin\Combine_Trips.obj
C:\TRANSIMS\Transims60\TripPrep\x64\Bin\Control.obj
C:\TRANSIMS\Transims60\TripPrep\x64\Bin\Execute.obj
C:\TRANSIMS\Transims60\TripPrep\x64\Bin\MPI_Processing.obj
C:\TRANSIMS\Transims60\TripPrep\x64\Bin\MPI_Setup.obj
C:\TRANSIMS\Transims60\TripPrep\x64\Bin\Read_Trips.obj
C:\TRANSIMS\Transims60\TripPrep\x64\Bin\Sort_Tours.obj
C:\TRANSIMS\Transims60\TripPrep\x64\Bin\Temp_Time_Write.obj
C:\TRANSIMS\Transims60\TripPrep\x64\Bin\Temp_Trip_Write.obj
C:\TRANSIMS\Transims60\TripPrep\x64\Bin\Time_Combine.obj
C:\TRANSIMS\Transims60\TripPrep\x64\Bin\Time_Write.obj
C:\TRANSIMS\Transims60\TripPrep\x64\Bin\TripPrep.obj
C:\TRANSIMS\Transims60\TripPrep\x64\Bin\Trip_Combine.obj
C:\TRANSIMS\Transims60\TripPrep\x64\Bin\Trip_Processing.obj
C:\TRANSIMS\Transims60\TripPrep\x64\Bin\Trip_Write.obj
C:\TRANSIMS\Transims60\TripPrep\x64\Bin\Write_Temp.obj
C:\TRANSIMS\Transims60\TripPrep\x64\Bin\CL.304.read.1.tlog
C:\TRANSIMS\Transims60\TripPrep\x64\Bin\CL.304.write.1.tlog
C:\TRANSIMS\Transims60\TripPrep\x64\Bin\CL.4768.read.1.tlog
C:\TRANSIMS\Transims60\TripPrep\x64\Bin\CL.4768.write.1.tlog
C:\TRANSIMS\Transims60\TripPrep\x64\Bin\CL.5276.read.1.tlog
C:\TRANSIMS\Transims60\TripPrep\x64\Bin\CL.5276.write.1.tlog
C:\TRANSIMS\Transims60\TripPrep\x64\Bin\CL.5524.read.1.tlog
C:\TRANSIMS\Transims60\TripPrep\x64\Bin\CL.5524.write.1.tlog
C:\TRANSIMS\Transims60\TripPrep\x64\Bin\cl.command.1.tlog
C:\TRANSIMS\Transims60\TripPrep\x64\Bin\CL.read.1.tlog
C:\TRANSIMS\Transims60\TripPrep\x64\Bin\cl.write.1.tlog
C:\TRANSIMS\Transims60\TripPrep\x64\Bin\link-cvtres.read.1.tlog
C:\TRANSIMS\Transims60\TripPrep\x64\Bin\link-cvtres.write.1.tlog
C:\TRANSIMS\Transims60\TripPrep\x64\Bin\link-rc.read.1.tlog
C:\TRANSIMS\Transims60\TripPrep\x64\Bin\link-rc.write.1.tlog
C:\TRANSIMS\Transims60\TripPrep\x64\Bin\link.command.1.tlog
C:\TRANSIMS\Transims60\TripPrep\x64\Bin\link.read.1.tlog
C:\TRANSIMS\Transims60\TripPrep\x64\Bin\link.write.1.tlog
C:\TRANSIMS\Transims60\TripPrep\x64\Bin\vc110.pdb
C:\TRANSIMS\Transims60\x64\Bin\TripPrep.pdb
C:\TRANSIMS\Transims60\x64\Bin\TripPrep.exe
