C:\TRANSIMS\TRANSIMS60\TRIPDATA\X64\BIN\VC110.PDB
C:\TRANSIMS\TRANSIMS60\X64\BIN\TRIPDATA.EXE
C:\TRANSIMS\Transims60\TripData\x64\Bin\Control.obj
C:\TRANSIMS\Transims60\TripData\x64\Bin\Execute.obj
C:\TRANSIMS\Transims60\TripData\x64\Bin\Get_Zone_Data.obj
C:\TRANSIMS\Transims60\TripData\x64\Bin\Read_Data.obj
C:\TRANSIMS\Transims60\TripData\x64\Bin\Set_Files.obj
C:\TRANSIMS\Transims60\TripData\x64\Bin\TripData.obj
C:\TRANSIMS\Transims60\TripData\x64\Bin\Write_Trip.obj
C:\TRANSIMS\Transims60\TripData\x64\Bin\CL.3260.read.1.tlog
C:\TRANSIMS\Transims60\TripData\x64\Bin\CL.3260.write.1.tlog
C:\TRANSIMS\Transims60\TripData\x64\Bin\CL.4420.read.1.tlog
C:\TRANSIMS\Transims60\TripData\x64\Bin\CL.4420.write.1.tlog
C:\TRANSIMS\Transims60\TripData\x64\Bin\CL.452.read.1.tlog
C:\TRANSIMS\Transims60\TripData\x64\Bin\CL.452.write.1.tlog
C:\TRANSIMS\Transims60\TripData\x64\Bin\CL.760.read.1.tlog
C:\TRANSIMS\Transims60\TripData\x64\Bin\CL.760.write.1.tlog
C:\TRANSIMS\Transims60\TripData\x64\Bin\cl.command.1.tlog
C:\TRANSIMS\Transims60\TripData\x64\Bin\CL.read.1.tlog
C:\TRANSIMS\Transims60\TripData\x64\Bin\cl.write.1.tlog
C:\TRANSIMS\Transims60\TripData\x64\Bin\link-cvtres.read.1.tlog
C:\TRANSIMS\Transims60\TripData\x64\Bin\link-cvtres.write.1.tlog
C:\TRANSIMS\Transims60\TripData\x64\Bin\link-rc.read.1.tlog
C:\TRANSIMS\Transims60\TripData\x64\Bin\link-rc.write.1.tlog
C:\TRANSIMS\Transims60\TripData\x64\Bin\link.command.1.tlog
C:\TRANSIMS\Transims60\TripData\x64\Bin\link.read.1.tlog
C:\TRANSIMS\Transims60\TripData\x64\Bin\link.write.1.tlog
C:\TRANSIMS\Transims60\TripData\x64\Bin\vc110.pdb
C:\TRANSIMS\Transims60\x64\Bin\TripData.exe
