C:\TRANSIMS\TRANSIMS60\TRANSITACCESS\X64\BIN\VC110.PDB
C:\TRANSIMS\TRANSIMS60\X64\BIN\TRANSITACCESS.EXE
C:\TRANSIMS\Transims60\TransitAccess\x64\Bin\Control.obj
C:\TRANSIMS\Transims60\TransitAccess\x64\Bin\Execute.obj
C:\TRANSIMS\Transims60\TransitAccess\x64\Bin\Process_Origin.obj
C:\TRANSIMS\Transims60\TransitAccess\x64\Bin\Read_Extra.obj
C:\TRANSIMS\Transims60\TransitAccess\x64\Bin\Read_Link.obj
C:\TRANSIMS\Transims60\TransitAccess\x64\Bin\Read_Node.obj
C:\TRANSIMS\Transims60\TransitAccess\x64\Bin\Read_Skims.obj
C:\TRANSIMS\Transims60\TransitAccess\x64\Bin\Read_Slug.obj
C:\TRANSIMS\Transims60\TransitAccess\x64\Bin\Read_Station.obj
C:\TRANSIMS\Transims60\TransitAccess\x64\Bin\Read_Zone.obj
C:\TRANSIMS\Transims60\TransitAccess\x64\Bin\Station_Report.obj
C:\TRANSIMS\Transims60\TransitAccess\x64\Bin\TransitAccess.obj
C:\TRANSIMS\Transims60\TransitAccess\x64\Bin\Walk_Access.obj
C:\TRANSIMS\Transims60\TransitAccess\x64\Bin\Zone_Report.obj
C:\TRANSIMS\Transims60\TransitAccess\x64\Bin\CL.4680.read.1.tlog
C:\TRANSIMS\Transims60\TransitAccess\x64\Bin\CL.4680.write.1.tlog
C:\TRANSIMS\Transims60\TransitAccess\x64\Bin\CL.4764.read.1.tlog
C:\TRANSIMS\Transims60\TransitAccess\x64\Bin\CL.4764.write.1.tlog
C:\TRANSIMS\Transims60\TransitAccess\x64\Bin\CL.484.read.1.tlog
C:\TRANSIMS\Transims60\TransitAccess\x64\Bin\CL.484.write.1.tlog
C:\TRANSIMS\Transims60\TransitAccess\x64\Bin\CL.5208.read.1.tlog
C:\TRANSIMS\Transims60\TransitAccess\x64\Bin\CL.5208.write.1.tlog
C:\TRANSIMS\Transims60\TransitAccess\x64\Bin\cl.command.1.tlog
C:\TRANSIMS\Transims60\TransitAccess\x64\Bin\CL.read.1.tlog
C:\TRANSIMS\Transims60\TransitAccess\x64\Bin\cl.write.1.tlog
C:\TRANSIMS\Transims60\TransitAccess\x64\Bin\link-cvtres.read.1.tlog
C:\TRANSIMS\Transims60\TransitAccess\x64\Bin\link-cvtres.write.1.tlog
C:\TRANSIMS\Transims60\TransitAccess\x64\Bin\link-rc.read.1.tlog
C:\TRANSIMS\Transims60\TransitAccess\x64\Bin\link-rc.write.1.tlog
C:\TRANSIMS\Transims60\TransitAccess\x64\Bin\link.command.1.tlog
C:\TRANSIMS\Transims60\TransitAccess\x64\Bin\link.read.1.tlog
C:\TRANSIMS\Transims60\TransitAccess\x64\Bin\link.write.1.tlog
C:\TRANSIMS\Transims60\TransitAccess\x64\Bin\vc110.pdb
C:\TRANSIMS\Transims60\x64\Bin\TransitAccess.exe
