C:\TRANSIMS\TRANSIMS51\PROBLEMSELECT\DEBUG\CONTROL.OBJ
C:\TRANSIMS\TRANSIMS51\PROBLEMSELECT\DEBUG\EXECUTE.OBJ
C:\TRANSIMS\TRANSIMS51\PROBLEMSELECT\DEBUG\GET_PROBLEM_DATA.OBJ
C:\TRANSIMS\TRANSIMS51\PROBLEMSELECT\DEBUG\PROBLEMSELECT.OBJ
C:\TRANSIMS\TRANSIMS51\PROBLEMSELECT\DEBUG\VC110.PDB
C:\TRANSIMS\TRANSIMS51\DEBUG\PROBLEMSELECT.ILK
C:\TRANSIMS\TRANSIMS51\DEBUG\PROBLEMSELECT.EXE
C:\TRANSIMS\TRANSIMS51\DEBUG\PROBLEMSELECT.PDB
C:\TRANSIMS\Transims51\ProblemSelect\Debug\ProblemSelect.vcxprojResolveAssemblyReference.cache
C:\TRANSIMS\Transims51\ProblemSelect\Debug\Control.obj
C:\TRANSIMS\Transims51\ProblemSelect\Debug\Execute.obj
C:\TRANSIMS\Transims51\ProblemSelect\Debug\Get_Problem_Data.obj
C:\TRANSIMS\Transims51\ProblemSelect\Debug\ProblemSelect.obj
C:\TRANSIMS\Transims51\ProblemSelect\Debug\cl.command.1.tlog
C:\TRANSIMS\Transims51\ProblemSelect\Debug\CL.read.1.tlog
C:\TRANSIMS\Transims51\ProblemSelect\Debug\CL.write.1.tlog
C:\TRANSIMS\Transims51\ProblemSelect\Debug\link-cvtres.read.1.tlog
C:\TRANSIMS\Transims51\ProblemSelect\Debug\link-cvtres.write.1.tlog
C:\TRANSIMS\Transims51\ProblemSelect\Debug\link-rc.read.1.tlog
C:\TRANSIMS\Transims51\ProblemSelect\Debug\link-rc.write.1.tlog
C:\TRANSIMS\Transims51\ProblemSelect\Debug\link.command.1.tlog
C:\TRANSIMS\Transims51\ProblemSelect\Debug\link.read.1.tlog
C:\TRANSIMS\Transims51\ProblemSelect\Debug\link.write.1.tlog
C:\TRANSIMS\Transims51\ProblemSelect\Debug\vc110.idb
C:\TRANSIMS\Transims51\ProblemSelect\Debug\vc110.pdb
C:\TRANSIMS\Transims51\Debug\ProblemSelect.pdb
C:\TRANSIMS\Transims51\Debug\ProblemSelect.exe
C:\TRANSIMS\Transims51\Debug\ProblemSelect.ilk
