C:\TRANSIMS\TRANSIMS51\LINKDATA\DEBUG\CONTROL.OBJ
C:\TRANSIMS\TRANSIMS51\LINKDATA\DEBUG\EXECUTE.OBJ
C:\TRANSIMS\TRANSIMS51\LINKDATA\DEBUG\LINKDATA.OBJ
C:\TRANSIMS\TRANSIMS51\LINKDATA\DEBUG\READ_DIR_DATA.OBJ
C:\TRANSIMS\TRANSIMS51\LINKDATA\DEBUG\READ_LINK_NODES.OBJ
C:\TRANSIMS\TRANSIMS51\LINKDATA\DEBUG\WRITE_DIR_DATA.OBJ
C:\TRANSIMS\TRANSIMS51\LINKDATA\DEBUG\VC110.PDB
C:\TRANSIMS\TRANSIMS51\DEBUG\LINKDATA.ILK
C:\TRANSIMS\TRANSIMS51\DEBUG\LINKDATA.EXE
C:\TRANSIMS\TRANSIMS51\DEBUG\LINKDATA.PDB
C:\TRANSIMS\Transims51\LinkData\Debug\LinkData.vcxprojResolveAssemblyReference.cache
C:\TRANSIMS\Transims51\LinkData\Debug\Control.obj
C:\TRANSIMS\Transims51\LinkData\Debug\Execute.obj
C:\TRANSIMS\Transims51\LinkData\Debug\LinkData.obj
C:\TRANSIMS\Transims51\LinkData\Debug\Read_Dir_Data.obj
C:\TRANSIMS\Transims51\LinkData\Debug\Read_Link_Nodes.obj
C:\TRANSIMS\Transims51\LinkData\Debug\Write_Dir_Data.obj
C:\TRANSIMS\Transims51\LinkData\Debug\cl.command.1.tlog
C:\TRANSIMS\Transims51\LinkData\Debug\CL.read.1.tlog
C:\TRANSIMS\Transims51\LinkData\Debug\CL.write.1.tlog
C:\TRANSIMS\Transims51\LinkData\Debug\link-cvtres.read.1.tlog
C:\TRANSIMS\Transims51\LinkData\Debug\link-cvtres.write.1.tlog
C:\TRANSIMS\Transims51\LinkData\Debug\link-rc.read.1.tlog
C:\TRANSIMS\Transims51\LinkData\Debug\link-rc.write.1.tlog
C:\TRANSIMS\Transims51\LinkData\Debug\link.command.1.tlog
C:\TRANSIMS\Transims51\LinkData\Debug\link.read.1.tlog
C:\TRANSIMS\Transims51\LinkData\Debug\link.write.1.tlog
C:\TRANSIMS\Transims51\LinkData\Debug\vc110.idb
C:\TRANSIMS\Transims51\LinkData\Debug\vc110.pdb
C:\TRANSIMS\Transims51\Debug\LinkData.pdb
C:\TRANSIMS\Transims51\Debug\LinkData.exe
C:\TRANSIMS\Transims51\Debug\LinkData.ilk
