C:\SOFTWARE\TRANSIMS60\ARCNET\WIN32\BIN\DRAW_LINKS.OBJ
C:\SOFTWARE\TRANSIMS60\ARCNET\WIN32\BIN\DRAW_ROUTE.OBJ
C:\SOFTWARE\TRANSIMS60\ARCNET\WIN32\BIN\GET_CONNECT_DATA.OBJ
C:\SOFTWARE\TRANSIMS60\ARCNET\WIN32\BIN\GET_LOCATION_DATA.OBJ
C:\SOFTWARE\TRANSIMS60\ARCNET\WIN32\BIN\GET_POCKET_DATA.OBJ
C:\SOFTWARE\TRANSIMS60\ARCNET\WIN32\BIN\GET_STOP_DATA.OBJ
C:\SOFTWARE\TRANSIMS60\ARCNET\WIN32\BIN\WRITE_SUBZONE.OBJ
C:\SOFTWARE\TRANSIMS60\ARCNET\WIN32\BIN\ARCNET.OBJ
C:\SOFTWARE\TRANSIMS60\ARCNET\WIN32\BIN\DRAW_TIMINGS.OBJ
C:\SOFTWARE\TRANSIMS60\ARCNET\WIN32\BIN\GET_DETECTOR_DATA.OBJ
C:\SOFTWARE\TRANSIMS60\ARCNET\WIN32\BIN\GET_LINK_DATA.OBJ
C:\SOFTWARE\TRANSIMS60\ARCNET\WIN32\BIN\GET_PHASING_DATA.OBJ
C:\SOFTWARE\TRANSIMS60\ARCNET\WIN32\BIN\GET_SIGNAL_DATA.OBJ
C:\SOFTWARE\TRANSIMS60\ARCNET\WIN32\BIN\GET_ZONE_DATA.OBJ
C:\SOFTWARE\TRANSIMS60\ARCNET\WIN32\BIN\DRAW_DRIVER.OBJ
C:\SOFTWARE\TRANSIMS60\ARCNET\WIN32\BIN\DRAW_POCKETS.OBJ
C:\SOFTWARE\TRANSIMS60\ARCNET\WIN32\BIN\EXECUTE.OBJ
C:\SOFTWARE\TRANSIMS60\ARCNET\WIN32\BIN\GET_LANE_USE_DATA.OBJ
C:\SOFTWARE\TRANSIMS60\ARCNET\WIN32\BIN\GET_NODE_DATA.OBJ
C:\SOFTWARE\TRANSIMS60\ARCNET\WIN32\BIN\GET_ROUTE_NODES.OBJ
C:\SOFTWARE\TRANSIMS60\ARCNET\WIN32\BIN\GET_TIMING_DATA.OBJ
C:\SOFTWARE\TRANSIMS60\ARCNET\WIN32\BIN\CONTROL.OBJ
C:\SOFTWARE\TRANSIMS60\ARCNET\WIN32\BIN\DRAW_SERVICE.OBJ
C:\SOFTWARE\TRANSIMS60\ARCNET\WIN32\BIN\GET_ACCESS_DATA.OBJ
C:\SOFTWARE\TRANSIMS60\ARCNET\WIN32\BIN\GET_LINE_DATA.OBJ
C:\SOFTWARE\TRANSIMS60\ARCNET\WIN32\BIN\GET_PARKING_DATA.OBJ
C:\SOFTWARE\TRANSIMS60\ARCNET\WIN32\BIN\GET_SIGN_DATA.OBJ
C:\SOFTWARE\TRANSIMS60\ARCNET\WIN32\BIN\GET_TURN_PEN_DATA.OBJ
C:\SOFTWARE\TRANSIMS60\ARCNET\WIN32\BIN\VC110.PDB
C:\SOFTWARE\TRANSIMS60\WIN32\BIN\ARCNET.EXE
C:\SOFTWARE\TRANSIMS60\WIN32\BIN\ARCNET.PDB
C:\Software\Transims60\ArcNet\Win32\Bin\ArcNet.vcxprojResolveAssemblyReference.cache
C:\Software\Transims60\ArcNet\Win32\Bin\ArcNet.obj
C:\Software\Transims60\ArcNet\Win32\Bin\Control.obj
C:\Software\Transims60\ArcNet\Win32\Bin\Draw_Driver.obj
C:\Software\Transims60\ArcNet\Win32\Bin\Draw_Links.obj
C:\Software\Transims60\ArcNet\Win32\Bin\Draw_Pockets.obj
C:\Software\Transims60\ArcNet\Win32\Bin\Draw_Route.obj
C:\Software\Transims60\ArcNet\Win32\Bin\Draw_Service.obj
C:\Software\Transims60\ArcNet\Win32\Bin\Draw_Timings.obj
C:\Software\Transims60\ArcNet\Win32\Bin\Execute.obj
C:\Software\Transims60\ArcNet\Win32\Bin\Get_Access_Data.obj
C:\Software\Transims60\ArcNet\Win32\Bin\Get_Connect_Data.obj
C:\Software\Transims60\ArcNet\Win32\Bin\Get_Detector_Data.obj
C:\Software\Transims60\ArcNet\Win32\Bin\Get_Lane_Use_Data.obj
C:\Software\Transims60\ArcNet\Win32\Bin\Get_Line_Data.obj
C:\Software\Transims60\ArcNet\Win32\Bin\Get_Link_Data.obj
C:\Software\Transims60\ArcNet\Win32\Bin\Get_Location_Data.obj
C:\Software\Transims60\ArcNet\Win32\Bin\Get_Node_Data.obj
C:\Software\Transims60\ArcNet\Win32\Bin\Get_Parking_Data.obj
C:\Software\Transims60\ArcNet\Win32\Bin\Get_Phasing_Data.obj
C:\Software\Transims60\ArcNet\Win32\Bin\Get_Pocket_Data.obj
C:\Software\Transims60\ArcNet\Win32\Bin\Get_Route_Nodes.obj
C:\Software\Transims60\ArcNet\Win32\Bin\Get_Signal_Data.obj
C:\Software\Transims60\ArcNet\Win32\Bin\Get_Sign_Data.obj
C:\Software\Transims60\ArcNet\Win32\Bin\Get_Stop_Data.obj
C:\Software\Transims60\ArcNet\Win32\Bin\Get_Timing_Data.obj
C:\Software\Transims60\ArcNet\Win32\Bin\Get_Turn_Pen_Data.obj
C:\Software\Transims60\ArcNet\Win32\Bin\Get_Zone_Data.obj
C:\Software\Transims60\ArcNet\Win32\Bin\Write_Subzone.obj
C:\Software\Transims60\ArcNet\Win32\Bin\CL.1064.read.1.tlog
C:\Software\Transims60\ArcNet\Win32\Bin\CL.1064.write.1.tlog
C:\Software\Transims60\ArcNet\Win32\Bin\CL.1212.read.1.tlog
C:\Software\Transims60\ArcNet\Win32\Bin\CL.1212.write.1.tlog
C:\Software\Transims60\ArcNet\Win32\Bin\CL.4676.read.1.tlog
C:\Software\Transims60\ArcNet\Win32\Bin\CL.4676.write.1.tlog
C:\Software\Transims60\ArcNet\Win32\Bin\CL.500.read.1.tlog
C:\Software\Transims60\ArcNet\Win32\Bin\CL.500.write.1.tlog
C:\Software\Transims60\ArcNet\Win32\Bin\CL.5040.read.1.tlog
C:\Software\Transims60\ArcNet\Win32\Bin\CL.5040.write.1.tlog
C:\Software\Transims60\ArcNet\Win32\Bin\CL.5208.read.1.tlog
C:\Software\Transims60\ArcNet\Win32\Bin\CL.5208.write.1.tlog
C:\Software\Transims60\ArcNet\Win32\Bin\CL.6080.read.1.tlog
C:\Software\Transims60\ArcNet\Win32\Bin\CL.6080.write.1.tlog
C:\Software\Transims60\ArcNet\Win32\Bin\CL.7148.read.1.tlog
C:\Software\Transims60\ArcNet\Win32\Bin\CL.7148.write.1.tlog
C:\Software\Transims60\ArcNet\Win32\Bin\cl.command.1.tlog
C:\Software\Transims60\ArcNet\Win32\Bin\CL.read.1.tlog
C:\Software\Transims60\ArcNet\Win32\Bin\cl.write.1.tlog
C:\Software\Transims60\ArcNet\Win32\Bin\link-cvtres.read.1.tlog
C:\Software\Transims60\ArcNet\Win32\Bin\link-cvtres.write.1.tlog
C:\Software\Transims60\ArcNet\Win32\Bin\link-rc.read.1.tlog
C:\Software\Transims60\ArcNet\Win32\Bin\link-rc.write.1.tlog
C:\Software\Transims60\ArcNet\Win32\Bin\link.command.1.tlog
C:\Software\Transims60\ArcNet\Win32\Bin\link.read.1.tlog
C:\Software\Transims60\ArcNet\Win32\Bin\link.write.1.tlog
C:\Software\Transims60\ArcNet\Win32\Bin\vc110.pdb
C:\Software\Transims60\Win32\Bin\ArcNet.pdb
C:\Software\Transims60\Win32\Bin\ArcNet.exe
