C:\SOFTWARE\TRANSIMS60\RANDOMSELECT\WIN32\BIN\VC110.PDB
C:\SOFTWARE\TRANSIMS60\WIN32\BIN\RANDOMSELECT.EXE
C:\Software\Transims60\RandomSelect\Win32\Bin\RandomSelect.vcxprojResolveAssemblyReference.cache
C:\Software\Transims60\RandomSelect\Win32\Bin\Control.obj
C:\Software\Transims60\RandomSelect\Win32\Bin\Execute.obj
C:\Software\Transims60\RandomSelect\Win32\Bin\Get_Household_Data.obj
C:\Software\Transims60\RandomSelect\Win32\Bin\Get_Trip_Data.obj
C:\Software\Transims60\RandomSelect\Win32\Bin\RandomSelect.obj
C:\Software\Transims60\RandomSelect\Win32\Bin\CL.1600.read.1.tlog
C:\Software\Transims60\RandomSelect\Win32\Bin\CL.1600.write.1.tlog
C:\Software\Transims60\RandomSelect\Win32\Bin\CL.3336.read.1.tlog
C:\Software\Transims60\RandomSelect\Win32\Bin\CL.3336.write.1.tlog
C:\Software\Transims60\RandomSelect\Win32\Bin\CL.3712.read.1.tlog
C:\Software\Transims60\RandomSelect\Win32\Bin\CL.3712.write.1.tlog
C:\Software\Transims60\RandomSelect\Win32\Bin\CL.5600.read.1.tlog
C:\Software\Transims60\RandomSelect\Win32\Bin\CL.5600.write.1.tlog
C:\Software\Transims60\RandomSelect\Win32\Bin\cl.command.1.tlog
C:\Software\Transims60\RandomSelect\Win32\Bin\CL.read.1.tlog
C:\Software\Transims60\RandomSelect\Win32\Bin\cl.write.1.tlog
C:\Software\Transims60\RandomSelect\Win32\Bin\link-cvtres.read.1.tlog
C:\Software\Transims60\RandomSelect\Win32\Bin\link-cvtres.write.1.tlog
C:\Software\Transims60\RandomSelect\Win32\Bin\link-rc.read.1.tlog
C:\Software\Transims60\RandomSelect\Win32\Bin\link-rc.write.1.tlog
C:\Software\Transims60\RandomSelect\Win32\Bin\link.command.1.tlog
C:\Software\Transims60\RandomSelect\Win32\Bin\link.read.1.tlog
C:\Software\Transims60\RandomSelect\Win32\Bin\link.write.1.tlog
