C:\TRANSIMS\TRANSIMS51\ARCPLAN\DEBUG\ARCPLAN.OBJ
C:\TRANSIMS\TRANSIMS51\ARCPLAN\DEBUG\CONTROL.OBJ
C:\TRANSIMS\TRANSIMS51\ARCPLAN\DEBUG\EXECUTE.OBJ
C:\TRANSIMS\TRANSIMS51\ARCPLAN\DEBUG\GET_LOCATION_DATA.OBJ
C:\TRANSIMS\TRANSIMS51\ARCPLAN\DEBUG\GET_PARKING_DATA.OBJ
C:\TRANSIMS\TRANSIMS51\ARCPLAN\DEBUG\GET_PROBLEM_DATA.OBJ
C:\TRANSIMS\TRANSIMS51\ARCPLAN\DEBUG\GET_STOP_DATA.OBJ
C:\TRANSIMS\TRANSIMS51\ARCPLAN\DEBUG\READ_PLAN.OBJ
C:\TRANSIMS\TRANSIMS51\ARCPLAN\DEBUG\WRITE_BANDWIDTH.OBJ
C:\TRANSIMS\TRANSIMS51\ARCPLAN\DEBUG\WRITE_GROUP.OBJ
C:\TRANSIMS\TRANSIMS51\ARCPLAN\DEBUG\WRITE_PARKING.OBJ
C:\TRANSIMS\TRANSIMS51\ARCPLAN\DEBUG\WRITE_ROUTE.OBJ
C:\TRANSIMS\TRANSIMS51\ARCPLAN\DEBUG\WRITE_STOPS.OBJ
C:\TRANSIMS\TRANSIMS51\ARCPLAN\DEBUG\VC110.PDB
C:\TRANSIMS\TRANSIMS51\DEBUG\ARCPLAN.ILK
C:\TRANSIMS\TRANSIMS51\DEBUG\ARCPLAN.EXE
C:\TRANSIMS\TRANSIMS51\DEBUG\ARCPLAN.PDB
C:\TRANSIMS\Transims51\ArcPlan\Debug\ArcPlan.vcxprojResolveAssemblyReference.cache
C:\TRANSIMS\Transims51\ArcPlan\Debug\ArcPlan.obj
C:\TRANSIMS\Transims51\ArcPlan\Debug\Control.obj
C:\TRANSIMS\Transims51\ArcPlan\Debug\Execute.obj
C:\TRANSIMS\Transims51\ArcPlan\Debug\Get_Location_Data.obj
C:\TRANSIMS\Transims51\ArcPlan\Debug\Get_Parking_Data.obj
C:\TRANSIMS\Transims51\ArcPlan\Debug\Get_Problem_Data.obj
C:\TRANSIMS\Transims51\ArcPlan\Debug\Get_Stop_Data.obj
C:\TRANSIMS\Transims51\ArcPlan\Debug\Read_Plan.obj
C:\TRANSIMS\Transims51\ArcPlan\Debug\Write_Bandwidth.obj
C:\TRANSIMS\Transims51\ArcPlan\Debug\Write_Group.obj
C:\TRANSIMS\Transims51\ArcPlan\Debug\Write_Parking.obj
C:\TRANSIMS\Transims51\ArcPlan\Debug\Write_Route.obj
C:\TRANSIMS\Transims51\ArcPlan\Debug\Write_Stops.obj
C:\TRANSIMS\Transims51\ArcPlan\Debug\cl.command.1.tlog
C:\TRANSIMS\Transims51\ArcPlan\Debug\CL.read.1.tlog
C:\TRANSIMS\Transims51\ArcPlan\Debug\CL.write.1.tlog
C:\TRANSIMS\Transims51\ArcPlan\Debug\link-cvtres.read.1.tlog
C:\TRANSIMS\Transims51\ArcPlan\Debug\link-cvtres.write.1.tlog
C:\TRANSIMS\Transims51\ArcPlan\Debug\link-rc.read.1.tlog
C:\TRANSIMS\Transims51\ArcPlan\Debug\link-rc.write.1.tlog
C:\TRANSIMS\Transims51\ArcPlan\Debug\link.command.1.tlog
C:\TRANSIMS\Transims51\ArcPlan\Debug\link.read.1.tlog
C:\TRANSIMS\Transims51\ArcPlan\Debug\link.write.1.tlog
C:\TRANSIMS\Transims51\ArcPlan\Debug\vc110.idb
C:\TRANSIMS\Transims51\ArcPlan\Debug\vc110.pdb
C:\TRANSIMS\Transims51\Debug\ArcPlan.pdb
C:\TRANSIMS\Transims51\Debug\ArcPlan.exe
C:\TRANSIMS\Transims51\Debug\ArcPlan.ilk
