C:\SOFTWARE\TRANSIMS60\FILEFORMAT\WIN32\BIN\VC110.PDB
C:\SOFTWARE\TRANSIMS60\WIN32\BIN\FILEFORMAT.EXE
C:\Software\Transims60\FileFormat\Win32\Bin\FileFormat.vcxprojResolveAssemblyReference.cache
C:\Software\Transims60\FileFormat\Win32\Bin\Control.obj
C:\Software\Transims60\FileFormat\Win32\Bin\Execute.obj
C:\Software\Transims60\FileFormat\Win32\Bin\FileFormat.obj
C:\Software\Transims60\FileFormat\Win32\Bin\Format_Data.obj
C:\Software\Transims60\FileFormat\Win32\Bin\Format_Matrix.obj
C:\Software\Transims60\FileFormat\Win32\Bin\Stats_Report.obj
C:\Software\Transims60\FileFormat\Win32\Bin\CL.1108.read.1.tlog
C:\Software\Transims60\FileFormat\Win32\Bin\CL.1108.write.1.tlog
C:\Software\Transims60\FileFormat\Win32\Bin\CL.2988.read.1.tlog
C:\Software\Transims60\FileFormat\Win32\Bin\CL.2988.write.1.tlog
C:\Software\Transims60\FileFormat\Win32\Bin\CL.3232.read.1.tlog
C:\Software\Transims60\FileFormat\Win32\Bin\CL.3232.write.1.tlog
C:\Software\Transims60\FileFormat\Win32\Bin\CL.5016.read.1.tlog
C:\Software\Transims60\FileFormat\Win32\Bin\CL.5016.write.1.tlog
C:\Software\Transims60\FileFormat\Win32\Bin\cl.command.1.tlog
C:\Software\Transims60\FileFormat\Win32\Bin\CL.read.1.tlog
C:\Software\Transims60\FileFormat\Win32\Bin\cl.write.1.tlog
C:\Software\Transims60\FileFormat\Win32\Bin\link-cvtres.read.1.tlog
C:\Software\Transims60\FileFormat\Win32\Bin\link-cvtres.write.1.tlog
C:\Software\Transims60\FileFormat\Win32\Bin\link-rc.read.1.tlog
C:\Software\Transims60\FileFormat\Win32\Bin\link-rc.write.1.tlog
C:\Software\Transims60\FileFormat\Win32\Bin\link.command.1.tlog
C:\Software\Transims60\FileFormat\Win32\Bin\link.read.1.tlog
C:\Software\Transims60\FileFormat\Win32\Bin\link.write.1.tlog
