C:\TRANSIMS\TRANSIMS60\SIMULATOR_SERVICE\X64\BIN\VC110.PDB
C:\TRANSIMS\TRANSIMS60\SIMULATOR_SERVICE\X64\BIN\SIMULATOR_SERVICE.LIB
C:\TRANSIMS\Transims60\Simulator_Service\x64\Bin\Best_Lanes.obj
C:\TRANSIMS\Transims60\Simulator_Service\x64\Bin\Cell_Use.obj
C:\TRANSIMS\Transims60\Simulator_Service\x64\Bin\Check_Behind.obj
C:\TRANSIMS\Transims60\Simulator_Service\x64\Bin\Control.obj
C:\TRANSIMS\Transims60\Simulator_Service\x64\Bin\Event_Output.obj
C:\TRANSIMS\Transims60\Simulator_Service\x64\Bin\Execute.obj
C:\TRANSIMS\Transims60\Simulator_Service\x64\Bin\First_Plan.obj
C:\TRANSIMS\Transims60\Simulator_Service\x64\Bin\Global_Data.obj
C:\TRANSIMS\Transims60\Simulator_Service\x64\Bin\Lane_Change.obj
C:\TRANSIMS\Transims60\Simulator_Service\x64\Bin\Link_Delay_Output.obj
C:\TRANSIMS\Transims60\Simulator_Service\x64\Bin\Load_Vehicle.obj
C:\TRANSIMS\Transims60\Simulator_Service\x64\Bin\Move_Vehicle.obj
C:\TRANSIMS\Transims60\Simulator_Service\x64\Bin\Node_Processing.obj
C:\TRANSIMS\Transims60\Simulator_Service\x64\Bin\Occupancy_Output.obj
C:\TRANSIMS\Transims60\Simulator_Service\x64\Bin\Output_Step.obj
C:\TRANSIMS\Transims60\Simulator_Service\x64\Bin\Performance_Output.obj
C:\TRANSIMS\Transims60\Simulator_Service\x64\Bin\Plan_Processing.obj
C:\TRANSIMS\Transims60\Simulator_Service\x64\Bin\Problem_Output.obj
C:\TRANSIMS\Transims60\Simulator_Service\x64\Bin\Read_Plans.obj
C:\TRANSIMS\Transims60\Simulator_Service\x64\Bin\Ridership_Output.obj
C:\TRANSIMS\Transims60\Simulator_Service\x64\Bin\Set_Lane_Use.obj
C:\TRANSIMS\Transims60\Simulator_Service\x64\Bin\Set_Turn_Flag.obj
C:\TRANSIMS\Transims60\Simulator_Service\x64\Bin\Simulator_Service.obj
C:\TRANSIMS\Transims60\Simulator_Service\x64\Bin\Sim_Node_Process.obj
C:\TRANSIMS\Transims60\Simulator_Service\x64\Bin\Sim_Node_Step.obj
C:\TRANSIMS\Transims60\Simulator_Service\x64\Bin\Sim_Output_Data.obj
C:\TRANSIMS\Transims60\Simulator_Service\x64\Bin\Sim_Output_Step.obj
C:\TRANSIMS\Transims60\Simulator_Service\x64\Bin\Sim_Parameters.obj
C:\TRANSIMS\Transims60\Simulator_Service\x64\Bin\Sim_Plan_Process.obj
C:\TRANSIMS\Transims60\Simulator_Service\x64\Bin\Sim_Plan_Result.obj
C:\TRANSIMS\Transims60\Simulator_Service\x64\Bin\Sim_Plan_Step.obj
C:\TRANSIMS\Transims60\Simulator_Service\x64\Bin\Sim_Statistics.obj
C:\TRANSIMS\Transims60\Simulator_Service\x64\Bin\Sim_Travel_Process.obj
C:\TRANSIMS\Transims60\Simulator_Service\x64\Bin\Sim_Travel_Step.obj
C:\TRANSIMS\Transims60\Simulator_Service\x64\Bin\Snapshot_Output.obj
C:\TRANSIMS\Transims60\Simulator_Service\x64\Bin\Traffic_Controls.obj
C:\TRANSIMS\Transims60\Simulator_Service\x64\Bin\Transit_Plans.obj
C:\TRANSIMS\Transims60\Simulator_Service\x64\Bin\Transit_Vehicles.obj
C:\TRANSIMS\Transims60\Simulator_Service\x64\Bin\Traveler_Output.obj
C:\TRANSIMS\Transims60\Simulator_Service\x64\Bin\Travel_Processing.obj
C:\TRANSIMS\Transims60\Simulator_Service\x64\Bin\Travel_Update.obj
C:\TRANSIMS\Transims60\Simulator_Service\x64\Bin\Turn_Vol_Output.obj
C:\TRANSIMS\Transims60\Simulator_Service\x64\Bin\CL.3668.read.1.tlog
C:\TRANSIMS\Transims60\Simulator_Service\x64\Bin\CL.3668.write.1.tlog
C:\TRANSIMS\Transims60\Simulator_Service\x64\Bin\CL.5204.read.1.tlog
C:\TRANSIMS\Transims60\Simulator_Service\x64\Bin\CL.5204.write.1.tlog
C:\TRANSIMS\Transims60\Simulator_Service\x64\Bin\CL.5896.read.1.tlog
C:\TRANSIMS\Transims60\Simulator_Service\x64\Bin\CL.5896.write.1.tlog
C:\TRANSIMS\Transims60\Simulator_Service\x64\Bin\CL.6856.read.1.tlog
C:\TRANSIMS\Transims60\Simulator_Service\x64\Bin\CL.6856.write.1.tlog
C:\TRANSIMS\Transims60\Simulator_Service\x64\Bin\cl.command.1.tlog
C:\TRANSIMS\Transims60\Simulator_Service\x64\Bin\CL.read.1.tlog
C:\TRANSIMS\Transims60\Simulator_Service\x64\Bin\cl.write.1.tlog
C:\TRANSIMS\Transims60\Simulator_Service\x64\Bin\Lib-link.read.1.tlog
C:\TRANSIMS\Transims60\Simulator_Service\x64\Bin\Lib-link.write.1.tlog
C:\TRANSIMS\Transims60\Simulator_Service\x64\Bin\lib.command.1.tlog
C:\TRANSIMS\Transims60\Simulator_Service\x64\Bin\vc110.pdb
C:\TRANSIMS\Transims60\Simulator_Service\x64\Bin\Simulator_Service.lib
