C:\SOFTWARE\TRANSIMS60\COUNTSUM\WIN32\BIN\VC110.PDB
C:\SOFTWARE\TRANSIMS60\WIN32\BIN\COUNTSUM.EXE
C:\Software\Transims60\CountSum\Win32\Bin\CountSum.vcxprojResolveAssemblyReference.cache
C:\Software\Transims60\CountSum\Win32\Bin\Combine_Data.obj
C:\Software\Transims60\CountSum\Win32\Bin\Control.obj
C:\Software\Transims60\CountSum\Win32\Bin\CountSum.obj
C:\Software\Transims60\CountSum\Win32\Bin\Execute.obj
C:\Software\Transims60\CountSum\Win32\Bin\Link_Extents.obj
C:\Software\Transims60\CountSum\Win32\Bin\Node_List.obj
C:\Software\Transims60\CountSum\Win32\Bin\Read_Data.obj
C:\Software\Transims60\CountSum\Win32\Bin\Read_Detectors.obj
C:\Software\Transims60\CountSum\Win32\Bin\Read_Link_Map.obj
C:\Software\Transims60\CountSum\Win32\Bin\Read_Link_Points.obj
C:\Software\Transims60\CountSum\Win32\Bin\Read_Points.obj
C:\Software\Transims60\CountSum\Win32\Bin\Read_Signal_Map.obj
C:\Software\Transims60\CountSum\Win32\Bin\Write_Link_Data.obj
C:\Software\Transims60\CountSum\Win32\Bin\Write_Link_Map.obj
C:\Software\Transims60\CountSum\Win32\Bin\CL.1108.read.1.tlog
C:\Software\Transims60\CountSum\Win32\Bin\CL.1108.write.1.tlog
C:\Software\Transims60\CountSum\Win32\Bin\CL.4000.read.1.tlog
C:\Software\Transims60\CountSum\Win32\Bin\CL.4000.write.1.tlog
C:\Software\Transims60\CountSum\Win32\Bin\CL.4264.read.1.tlog
C:\Software\Transims60\CountSum\Win32\Bin\CL.4264.write.1.tlog
C:\Software\Transims60\CountSum\Win32\Bin\CL.6024.read.1.tlog
C:\Software\Transims60\CountSum\Win32\Bin\CL.6024.write.1.tlog
C:\Software\Transims60\CountSum\Win32\Bin\cl.command.1.tlog
C:\Software\Transims60\CountSum\Win32\Bin\CL.read.1.tlog
C:\Software\Transims60\CountSum\Win32\Bin\cl.write.1.tlog
C:\Software\Transims60\CountSum\Win32\Bin\link-cvtres.read.1.tlog
C:\Software\Transims60\CountSum\Win32\Bin\link-cvtres.write.1.tlog
C:\Software\Transims60\CountSum\Win32\Bin\link-rc.read.1.tlog
C:\Software\Transims60\CountSum\Win32\Bin\link-rc.write.1.tlog
C:\Software\Transims60\CountSum\Win32\Bin\link.command.1.tlog
C:\Software\Transims60\CountSum\Win32\Bin\link.read.1.tlog
C:\Software\Transims60\CountSum\Win32\Bin\link.write.1.tlog
