C:\TRANSIMS\TRANSIMS60\MATRIXDATA\X64\BIN\VC110.PDB
C:\TRANSIMS\TRANSIMS60\X64\BIN\MATRIXDATA.EXE
C:\TRANSIMS\TRANSIMS60\X64\BIN\MATRIXDATA.PDB
C:\TRANSIMS\Transims60\MatrixData\x64\Bin\Control.obj
C:\TRANSIMS\Transims60\MatrixData\x64\Bin\Execute.obj
C:\TRANSIMS\Transims60\MatrixData\x64\Bin\Expand_Matrix.obj
C:\TRANSIMS\Transims60\MatrixData\x64\Bin\Margin_Totals.obj
C:\TRANSIMS\Transims60\MatrixData\x64\Bin\MatrixData.obj
C:\TRANSIMS\Transims60\MatrixData\x64\Bin\Matrix_Ratios.obj
C:\TRANSIMS\Transims60\MatrixData\x64\Bin\Read_Data.obj
C:\TRANSIMS\Transims60\MatrixData\x64\Bin\Read_Factors.obj
C:\TRANSIMS\Transims60\MatrixData\x64\Bin\Read_Matrix.obj
C:\TRANSIMS\Transims60\MatrixData\x64\Bin\Read_Square.obj
C:\TRANSIMS\Transims60\MatrixData\x64\Bin\Stats_Report.obj
C:\TRANSIMS\Transims60\MatrixData\x64\Bin\Write_Ends.obj
C:\TRANSIMS\Transims60\MatrixData\x64\Bin\Write_Margin.obj
C:\TRANSIMS\Transims60\MatrixData\x64\Bin\Write_Square.obj
C:\TRANSIMS\Transims60\MatrixData\x64\Bin\Write_Starts.obj
C:\TRANSIMS\Transims60\MatrixData\x64\Bin\CL.3968.read.1.tlog
C:\TRANSIMS\Transims60\MatrixData\x64\Bin\CL.3968.write.1.tlog
C:\TRANSIMS\Transims60\MatrixData\x64\Bin\CL.4448.read.1.tlog
C:\TRANSIMS\Transims60\MatrixData\x64\Bin\CL.4448.write.1.tlog
C:\TRANSIMS\Transims60\MatrixData\x64\Bin\CL.6840.read.1.tlog
C:\TRANSIMS\Transims60\MatrixData\x64\Bin\CL.6840.write.1.tlog
C:\TRANSIMS\Transims60\MatrixData\x64\Bin\CL.6944.read.1.tlog
C:\TRANSIMS\Transims60\MatrixData\x64\Bin\CL.6944.write.1.tlog
C:\TRANSIMS\Transims60\MatrixData\x64\Bin\cl.command.1.tlog
C:\TRANSIMS\Transims60\MatrixData\x64\Bin\CL.read.1.tlog
C:\TRANSIMS\Transims60\MatrixData\x64\Bin\cl.write.1.tlog
C:\TRANSIMS\Transims60\MatrixData\x64\Bin\link-cvtres.read.1.tlog
C:\TRANSIMS\Transims60\MatrixData\x64\Bin\link-cvtres.write.1.tlog
C:\TRANSIMS\Transims60\MatrixData\x64\Bin\link-rc.read.1.tlog
C:\TRANSIMS\Transims60\MatrixData\x64\Bin\link-rc.write.1.tlog
C:\TRANSIMS\Transims60\MatrixData\x64\Bin\link.command.1.tlog
C:\TRANSIMS\Transims60\MatrixData\x64\Bin\link.read.1.tlog
C:\TRANSIMS\Transims60\MatrixData\x64\Bin\link.write.1.tlog
C:\TRANSIMS\Transims60\MatrixData\x64\Bin\vc110.pdb
C:\TRANSIMS\Transims60\x64\Bin\MatrixData.pdb
C:\TRANSIMS\Transims60\x64\Bin\MatrixData.exe
