C:\TRANSIMS\TRANSIMS51\LINKSUM\DEBUG\LINKSUM.OBJ
C:\TRANSIMS\TRANSIMS51\LINKSUM\DEBUG\PERF_DETAIL.OBJ
C:\TRANSIMS\TRANSIMS51\LINKSUM\DEBUG\PERF_FILE.OBJ
C:\TRANSIMS\TRANSIMS51\LINKSUM\DEBUG\PERF_REPORT.OBJ
C:\TRANSIMS\TRANSIMS51\LINKSUM\DEBUG\SELECT_LINKS.OBJ
C:\TRANSIMS\TRANSIMS51\LINKSUM\DEBUG\SET_LINK_DATA.OBJ
C:\TRANSIMS\TRANSIMS51\LINKSUM\DEBUG\SET_LINK_DIR.OBJ
C:\TRANSIMS\TRANSIMS51\LINKSUM\DEBUG\TIME_CHANGE.OBJ
C:\TRANSIMS\TRANSIMS51\LINKSUM\DEBUG\TIME_REPORT.OBJ
C:\TRANSIMS\TRANSIMS51\LINKSUM\DEBUG\TOP_100.OBJ
C:\TRANSIMS\TRANSIMS51\LINKSUM\DEBUG\TOP_RATIOS.OBJ
C:\TRANSIMS\TRANSIMS51\LINKSUM\DEBUG\VC_REPORT.OBJ
C:\TRANSIMS\TRANSIMS51\LINKSUM\DEBUG\VOL_CHANGE.OBJ
C:\TRANSIMS\TRANSIMS51\LINKSUM\DEBUG\WRITE_ACTIVITY.OBJ
C:\TRANSIMS\TRANSIMS51\LINKSUM\DEBUG\WRITE_GROUP.OBJ
C:\TRANSIMS\TRANSIMS51\LINKSUM\DEBUG\WRITE_LINK_DATA.OBJ
C:\TRANSIMS\TRANSIMS51\LINKSUM\DEBUG\WRITE_LINK_DIR.OBJ
C:\TRANSIMS\TRANSIMS51\LINKSUM\DEBUG\WRITE_TURN_VOL.OBJ
C:\TRANSIMS\TRANSIMS51\LINKSUM\DEBUG\WRITE_ZONE.OBJ
C:\TRANSIMS\TRANSIMS51\LINKSUM\DEBUG\ZONE_SUMMARY.OBJ
C:\TRANSIMS\TRANSIMS51\LINKSUM\DEBUG\CONTROL.OBJ
C:\TRANSIMS\TRANSIMS51\LINKSUM\DEBUG\EXECUTE.OBJ
C:\TRANSIMS\TRANSIMS51\LINKSUM\DEBUG\GAP_REPORT.OBJ
C:\TRANSIMS\TRANSIMS51\LINKSUM\DEBUG\GET_LOCATION_DATA.OBJ
C:\TRANSIMS\TRANSIMS51\LINKSUM\DEBUG\GROUP_TIME.OBJ
C:\TRANSIMS\TRANSIMS51\LINKSUM\DEBUG\LINK_GROUP.OBJ
C:\TRANSIMS\TRANSIMS51\LINKSUM\DEBUG\LINK_REPORT.OBJ
C:\TRANSIMS\TRANSIMS51\LINKSUM\DEBUG\VC110.PDB
C:\TRANSIMS\TRANSIMS51\DEBUG\LINKSUM.ILK
C:\TRANSIMS\TRANSIMS51\DEBUG\LINKSUM.EXE
C:\TRANSIMS\TRANSIMS51\DEBUG\LINKSUM.PDB
C:\TRANSIMS\Transims51\LinkSum\Debug\LinkSum.vcxprojResolveAssemblyReference.cache
C:\TRANSIMS\Transims51\LinkSum\Debug\Control.obj
C:\TRANSIMS\Transims51\LinkSum\Debug\Execute.obj
C:\TRANSIMS\Transims51\LinkSum\Debug\Gap_Report.obj
C:\TRANSIMS\Transims51\LinkSum\Debug\Get_Location_Data.obj
C:\TRANSIMS\Transims51\LinkSum\Debug\Group_Time.obj
C:\TRANSIMS\Transims51\LinkSum\Debug\LinkSum.obj
C:\TRANSIMS\Transims51\LinkSum\Debug\Link_Group.obj
C:\TRANSIMS\Transims51\LinkSum\Debug\Link_Report.obj
C:\TRANSIMS\Transims51\LinkSum\Debug\Perf_Detail.obj
C:\TRANSIMS\Transims51\LinkSum\Debug\Perf_File.obj
C:\TRANSIMS\Transims51\LinkSum\Debug\Perf_Report.obj
C:\TRANSIMS\Transims51\LinkSum\Debug\Select_Links.obj
C:\TRANSIMS\Transims51\LinkSum\Debug\Set_Link_Data.obj
C:\TRANSIMS\Transims51\LinkSum\Debug\Set_Link_Dir.obj
C:\TRANSIMS\Transims51\LinkSum\Debug\Time_Change.obj
C:\TRANSIMS\Transims51\LinkSum\Debug\Time_Report.obj
C:\TRANSIMS\Transims51\LinkSum\Debug\Top_100.obj
C:\TRANSIMS\Transims51\LinkSum\Debug\Top_Ratios.obj
C:\TRANSIMS\Transims51\LinkSum\Debug\VC_Report.obj
C:\TRANSIMS\Transims51\LinkSum\Debug\Vol_Change.obj
C:\TRANSIMS\Transims51\LinkSum\Debug\Write_Activity.obj
C:\TRANSIMS\Transims51\LinkSum\Debug\Write_Group.obj
C:\TRANSIMS\Transims51\LinkSum\Debug\Write_Link_Data.obj
C:\TRANSIMS\Transims51\LinkSum\Debug\Write_Link_Dir.obj
C:\TRANSIMS\Transims51\LinkSum\Debug\Write_Turn_Vol.obj
C:\TRANSIMS\Transims51\LinkSum\Debug\Write_Zone.obj
C:\TRANSIMS\Transims51\LinkSum\Debug\Zone_Summary.obj
C:\TRANSIMS\Transims51\LinkSum\Debug\cl.command.1.tlog
C:\TRANSIMS\Transims51\LinkSum\Debug\CL.read.1.tlog
C:\TRANSIMS\Transims51\LinkSum\Debug\CL.write.1.tlog
C:\TRANSIMS\Transims51\LinkSum\Debug\link-cvtres.read.1.tlog
C:\TRANSIMS\Transims51\LinkSum\Debug\link-cvtres.write.1.tlog
C:\TRANSIMS\Transims51\LinkSum\Debug\link-rc.read.1.tlog
C:\TRANSIMS\Transims51\LinkSum\Debug\link-rc.write.1.tlog
C:\TRANSIMS\Transims51\LinkSum\Debug\link.command.1.tlog
C:\TRANSIMS\Transims51\LinkSum\Debug\link.read.1.tlog
C:\TRANSIMS\Transims51\LinkSum\Debug\link.write.1.tlog
C:\TRANSIMS\Transims51\LinkSum\Debug\vc110.idb
C:\TRANSIMS\Transims51\LinkSum\Debug\vc110.pdb
C:\TRANSIMS\Transims51\Debug\LinkSum.pdb
C:\TRANSIMS\Transims51\Debug\LinkSum.exe
C:\TRANSIMS\Transims51\Debug\LinkSum.ilk
