Build started 3/7/2014 8:00:11 AM.
     1>Project "C:\Software\Transims60\LinkSum\LinkSum.vcxproj" on node 3 (Build target(s)).
     1>ClCompile:
         C:\Program Files (x86)\Microsoft Visual Studio 11.0\VC\bin\x86_amd64\CL.exe /c /I..\Include /Zi /nologo /W4 /WX /MP /O2 /D WIN32 /D NDEBUG /D _CONSOLE /D THREADS /Gm- /EHsc /MT /GS /Qpar /fp:precise /Zc:wchar_t /Zc:forScope /Fo"x64\BinThreads\\" /Fd"x64\BinThreads\vc110.pdb" /Gd /TP /analyze- /errorReport:prompt Control.cpp Execute.cpp Gap_Report.cpp Get_Location_Data.cpp Group_Detail.cpp Group_Perf_File.cpp Group_Report.cpp Group_Time.cpp Link_Group.cpp Link_Report.cpp LinkSum.cpp Perf_Detail.cpp Perf_File.cpp Perf_Report.cpp Select_Links.cpp Set_Link_Data.cpp Set_Link_Dir.cpp Time_Change.cpp Time_Report.cpp Top_100.cpp Top_Ratios.cpp VC_Report.cpp Vol_Change.cpp Write_Activity.cpp Write_Group.cpp Write_Link_Data.cpp Write_Link_Dir.cpp Write_Turn_Vol.cpp Write_Zone.cpp Zone_Summary.cpp
         Control.cpp
         Execute.cpp
         Gap_Report.cpp
         Get_Location_Data.cpp
         Group_Detail.cpp
         Group_Perf_File.cpp
         Group_Report.cpp
         Group_Time.cpp
         Link_Group.cpp
         Link_Report.cpp
         LinkSum.cpp
         Perf_Detail.cpp
         Perf_File.cpp
         Perf_Report.cpp
         Select_Links.cpp
         Set_Link_Data.cpp
         Set_Link_Dir.cpp
         Time_Change.cpp
         Time_Report.cpp
         Top_100.cpp
         Top_Ratios.cpp
         VC_Report.cpp
         Vol_Change.cpp
         Write_Activity.cpp
         Write_Group.cpp
         Write_Link_Data.cpp
         Write_Link_Dir.cpp
         Write_Turn_Vol.cpp
         Write_Zone.cpp
         Zone_Summary.cpp
       Link:
         C:\Program Files (x86)\Microsoft Visual Studio 11.0\VC\bin\x86_amd64\link.exe /ERRORREPORT:PROMPT /OUT:"C:\Software\Transims60\x64\BinThreads\LinkSum.exe" /INCREMENTAL:NO /NOLOGO kernel32.lib user32.lib gdi32.lib winspool.lib comdlg32.lib advapi32.lib shell32.lib ole32.lib oleaut32.lib uuid.lib odbc32.lib odbccp32.lib /MANIFEST /MANIFESTUAC:"level='asInvoker' uiAccess='false'" /manifest:embed /PDB:"C:\Software\Transims60\x64\BinThreads\LinkSum.pdb" /SUBSYSTEM:CONSOLE,"5.02" /OPT:REF /OPT:ICF /TLBID:1 /DYNAMICBASE /NXCOMPAT /IMPLIB:"C:\Software\Transims60\x64\BinThreads\LinkSum.lib" /MACHINE:X64 x64\BinThreads\Control.obj
         x64\BinThreads\Execute.obj
         x64\BinThreads\Gap_Report.obj
         x64\BinThreads\Get_Location_Data.obj
         x64\BinThreads\Group_Detail.obj
         x64\BinThreads\Group_Perf_File.obj
         x64\BinThreads\Group_Report.obj
         x64\BinThreads\Group_Time.obj
         x64\BinThreads\Link_Group.obj
         x64\BinThreads\Link_Report.obj
         x64\BinThreads\LinkSum.obj
         x64\BinThreads\Perf_Detail.obj
         x64\BinThreads\Perf_File.obj
         x64\BinThreads\Perf_Report.obj
         x64\BinThreads\Select_Links.obj
         x64\BinThreads\Set_Link_Data.obj
         x64\BinThreads\Set_Link_Dir.obj
         x64\BinThreads\Time_Change.obj
         x64\BinThreads\Time_Report.obj
         x64\BinThreads\Top_100.obj
         x64\BinThreads\Top_Ratios.obj
         x64\BinThreads\VC_Report.obj
         x64\BinThreads\Vol_Change.obj
         x64\BinThreads\Write_Activity.obj
         x64\BinThreads\Write_Group.obj
         x64\BinThreads\Write_Link_Data.obj
         x64\BinThreads\Write_Link_Dir.obj
         x64\BinThreads\Write_Turn_Vol.obj
         x64\BinThreads\Write_Zone.obj
         x64\BinThreads\Zone_Summary.obj
         C:\Software\Transims60\SysLib\x64\BinThreads\SysLib.lib
         C:\Software\Transims60\File_Data_Service\x64\BinThreads\File_Data_Service.lib
         LinkSum.vcxproj -> C:\Software\Transims60\x64\BinThreads\LinkSum.exe
     1>Done Building Project "C:\Software\Transims60\LinkSum\LinkSum.vcxproj" (Build target(s)).

Build succeeded.

Time Elapsed 00:01:58.89
