C:\SOFTWARE\TRANSIMS60\LINKSUM\X64\BINTHREADS\GET_LOCATION_DATA.OBJ
C:\SOFTWARE\TRANSIMS60\LINKSUM\X64\BINTHREADS\GROUP_PERF_FILE.OBJ
C:\SOFTWARE\TRANSIMS60\LINKSUM\X64\BINTHREADS\LINK_GROUP.OBJ
C:\SOFTWARE\TRANSIMS60\LINKSUM\X64\BINTHREADS\PERF_REPORT.OBJ
C:\SOFTWARE\TRANSIMS60\LINKSUM\X64\BINTHREADS\SET_LINK_DIR.OBJ
C:\SOFTWARE\TRANSIMS60\LINKSUM\X64\BINTHREADS\TOP_100.OBJ
C:\SOFTWARE\TRANSIMS60\LINKSUM\X64\BINTHREADS\WRITE_ACTIVITY.OBJ
C:\SOFTWARE\TRANSIMS60\LINKSUM\X64\BINTHREADS\WRITE_ZONE.OBJ
C:\SOFTWARE\TRANSIMS60\LINKSUM\X64\BINTHREADS\CONTROL.OBJ
C:\SOFTWARE\TRANSIMS60\LINKSUM\X64\BINTHREADS\GROUP_REPORT.OBJ
C:\SOFTWARE\TRANSIMS60\LINKSUM\X64\BINTHREADS\LINK_REPORT.OBJ
C:\SOFTWARE\TRANSIMS60\LINKSUM\X64\BINTHREADS\PERF_FILE.OBJ
C:\SOFTWARE\TRANSIMS60\LINKSUM\X64\BINTHREADS\TIME_CHANGE.OBJ
C:\SOFTWARE\TRANSIMS60\LINKSUM\X64\BINTHREADS\VC_REPORT.OBJ
C:\SOFTWARE\TRANSIMS60\LINKSUM\X64\BINTHREADS\WRITE_LINK_DATA.OBJ
C:\SOFTWARE\TRANSIMS60\LINKSUM\X64\BINTHREADS\ZONE_SUMMARY.OBJ
C:\SOFTWARE\TRANSIMS60\LINKSUM\X64\BINTHREADS\EXECUTE.OBJ
C:\SOFTWARE\TRANSIMS60\LINKSUM\X64\BINTHREADS\GROUP_DETAIL.OBJ
C:\SOFTWARE\TRANSIMS60\LINKSUM\X64\BINTHREADS\LINKSUM.OBJ
C:\SOFTWARE\TRANSIMS60\LINKSUM\X64\BINTHREADS\SELECT_LINKS.OBJ
C:\SOFTWARE\TRANSIMS60\LINKSUM\X64\BINTHREADS\TIME_REPORT.OBJ
C:\SOFTWARE\TRANSIMS60\LINKSUM\X64\BINTHREADS\VOL_CHANGE.OBJ
C:\SOFTWARE\TRANSIMS60\LINKSUM\X64\BINTHREADS\WRITE_GROUP.OBJ
C:\SOFTWARE\TRANSIMS60\LINKSUM\X64\BINTHREADS\WRITE_TURN_VOL.OBJ
C:\SOFTWARE\TRANSIMS60\LINKSUM\X64\BINTHREADS\GAP_REPORT.OBJ
C:\SOFTWARE\TRANSIMS60\LINKSUM\X64\BINTHREADS\GROUP_TIME.OBJ
C:\SOFTWARE\TRANSIMS60\LINKSUM\X64\BINTHREADS\PERF_DETAIL.OBJ
C:\SOFTWARE\TRANSIMS60\LINKSUM\X64\BINTHREADS\SET_LINK_DATA.OBJ
C:\SOFTWARE\TRANSIMS60\LINKSUM\X64\BINTHREADS\TOP_RATIOS.OBJ
C:\SOFTWARE\TRANSIMS60\LINKSUM\X64\BINTHREADS\WRITE_LINK_DIR.OBJ
C:\SOFTWARE\TRANSIMS60\LINKSUM\X64\BINTHREADS\VC110.PDB
C:\SOFTWARE\TRANSIMS60\X64\BINTHREADS\LINKSUM.EXE
C:\Software\Transims60\LinkSum\x64\BinThreads\LinkSum.vcxprojResolveAssemblyReference.cache
C:\Software\Transims60\LinkSum\x64\BinThreads\Control.obj
C:\Software\Transims60\LinkSum\x64\BinThreads\Execute.obj
C:\Software\Transims60\LinkSum\x64\BinThreads\Gap_Report.obj
C:\Software\Transims60\LinkSum\x64\BinThreads\Get_Location_Data.obj
C:\Software\Transims60\LinkSum\x64\BinThreads\Group_Detail.obj
C:\Software\Transims60\LinkSum\x64\BinThreads\Group_Perf_File.obj
C:\Software\Transims60\LinkSum\x64\BinThreads\Group_Report.obj
C:\Software\Transims60\LinkSum\x64\BinThreads\Group_Time.obj
C:\Software\Transims60\LinkSum\x64\BinThreads\LinkSum.obj
C:\Software\Transims60\LinkSum\x64\BinThreads\Link_Group.obj
C:\Software\Transims60\LinkSum\x64\BinThreads\Link_Report.obj
C:\Software\Transims60\LinkSum\x64\BinThreads\Perf_Detail.obj
C:\Software\Transims60\LinkSum\x64\BinThreads\Perf_File.obj
C:\Software\Transims60\LinkSum\x64\BinThreads\Perf_Report.obj
C:\Software\Transims60\LinkSum\x64\BinThreads\Select_Links.obj
C:\Software\Transims60\LinkSum\x64\BinThreads\Set_Link_Data.obj
C:\Software\Transims60\LinkSum\x64\BinThreads\Set_Link_Dir.obj
C:\Software\Transims60\LinkSum\x64\BinThreads\Time_Change.obj
C:\Software\Transims60\LinkSum\x64\BinThreads\Time_Report.obj
C:\Software\Transims60\LinkSum\x64\BinThreads\Top_100.obj
C:\Software\Transims60\LinkSum\x64\BinThreads\Top_Ratios.obj
C:\Software\Transims60\LinkSum\x64\BinThreads\VC_Report.obj
C:\Software\Transims60\LinkSum\x64\BinThreads\Vol_Change.obj
C:\Software\Transims60\LinkSum\x64\BinThreads\Write_Activity.obj
C:\Software\Transims60\LinkSum\x64\BinThreads\Write_Group.obj
C:\Software\Transims60\LinkSum\x64\BinThreads\Write_Link_Data.obj
C:\Software\Transims60\LinkSum\x64\BinThreads\Write_Link_Dir.obj
C:\Software\Transims60\LinkSum\x64\BinThreads\Write_Turn_Vol.obj
C:\Software\Transims60\LinkSum\x64\BinThreads\Write_Zone.obj
C:\Software\Transims60\LinkSum\x64\BinThreads\Zone_Summary.obj
C:\Software\Transims60\LinkSum\x64\BinThreads\CL.2336.read.1.tlog
C:\Software\Transims60\LinkSum\x64\BinThreads\CL.2336.write.1.tlog
C:\Software\Transims60\LinkSum\x64\BinThreads\CL.2992.read.1.tlog
C:\Software\Transims60\LinkSum\x64\BinThreads\CL.2992.write.1.tlog
C:\Software\Transims60\LinkSum\x64\BinThreads\CL.3896.read.1.tlog
C:\Software\Transims60\LinkSum\x64\BinThreads\CL.3896.write.1.tlog
C:\Software\Transims60\LinkSum\x64\BinThreads\CL.4168.read.1.tlog
C:\Software\Transims60\LinkSum\x64\BinThreads\CL.4168.write.1.tlog
C:\Software\Transims60\LinkSum\x64\BinThreads\CL.4880.read.1.tlog
C:\Software\Transims60\LinkSum\x64\BinThreads\CL.4880.write.1.tlog
C:\Software\Transims60\LinkSum\x64\BinThreads\CL.5220.read.1.tlog
C:\Software\Transims60\LinkSum\x64\BinThreads\CL.5220.write.1.tlog
C:\Software\Transims60\LinkSum\x64\BinThreads\CL.5352.read.1.tlog
C:\Software\Transims60\LinkSum\x64\BinThreads\CL.5352.write.1.tlog
C:\Software\Transims60\LinkSum\x64\BinThreads\CL.748.read.1.tlog
C:\Software\Transims60\LinkSum\x64\BinThreads\CL.748.write.1.tlog
C:\Software\Transims60\LinkSum\x64\BinThreads\cl.command.1.tlog
C:\Software\Transims60\LinkSum\x64\BinThreads\CL.read.1.tlog
C:\Software\Transims60\LinkSum\x64\BinThreads\cl.write.1.tlog
C:\Software\Transims60\LinkSum\x64\BinThreads\link-cvtres.read.1.tlog
C:\Software\Transims60\LinkSum\x64\BinThreads\link-cvtres.write.1.tlog
C:\Software\Transims60\LinkSum\x64\BinThreads\link-rc.read.1.tlog
C:\Software\Transims60\LinkSum\x64\BinThreads\link-rc.write.1.tlog
C:\Software\Transims60\LinkSum\x64\BinThreads\link.command.1.tlog
C:\Software\Transims60\LinkSum\x64\BinThreads\link.read.1.tlog
C:\Software\Transims60\LinkSum\x64\BinThreads\link.write.1.tlog
C:\Software\Transims60\LinkSum\x64\BinThreads\vc110.pdb
C:\Software\Transims60\x64\BinThreads\LinkSum.exe
