C:\SOFTWARE\TRANSIMS60\PLANTRIPS\WIN32\BIN\VC110.PDB
C:\SOFTWARE\TRANSIMS60\WIN32\BIN\PLANTRIPS.EXE
C:\Software\Transims60\PlanTrips\Win32\Bin\PlanTrips.vcxprojResolveAssemblyReference.cache
C:\Software\Transims60\PlanTrips\Win32\Bin\Control.obj
C:\Software\Transims60\PlanTrips\Win32\Bin\Execute.obj
C:\Software\Transims60\PlanTrips\Win32\Bin\Get_Trip_Data.obj
C:\Software\Transims60\PlanTrips\Win32\Bin\PlanTrips.obj
C:\Software\Transims60\PlanTrips\Win32\Bin\Put_Trip_Data.obj
C:\Software\Transims60\PlanTrips\Win32\Bin\Read_Plan.obj
C:\Software\Transims60\PlanTrips\Win32\Bin\CL.4680.read.1.tlog
C:\Software\Transims60\PlanTrips\Win32\Bin\CL.4680.write.1.tlog
C:\Software\Transims60\PlanTrips\Win32\Bin\CL.5004.read.1.tlog
C:\Software\Transims60\PlanTrips\Win32\Bin\CL.5004.write.1.tlog
C:\Software\Transims60\PlanTrips\Win32\Bin\CL.5620.read.1.tlog
C:\Software\Transims60\PlanTrips\Win32\Bin\CL.5620.write.1.tlog
C:\Software\Transims60\PlanTrips\Win32\Bin\CL.5672.read.1.tlog
C:\Software\Transims60\PlanTrips\Win32\Bin\CL.5672.write.1.tlog
C:\Software\Transims60\PlanTrips\Win32\Bin\cl.command.1.tlog
C:\Software\Transims60\PlanTrips\Win32\Bin\CL.read.1.tlog
C:\Software\Transims60\PlanTrips\Win32\Bin\cl.write.1.tlog
C:\Software\Transims60\PlanTrips\Win32\Bin\link-cvtres.read.1.tlog
C:\Software\Transims60\PlanTrips\Win32\Bin\link-cvtres.write.1.tlog
C:\Software\Transims60\PlanTrips\Win32\Bin\link-rc.read.1.tlog
C:\Software\Transims60\PlanTrips\Win32\Bin\link-rc.write.1.tlog
C:\Software\Transims60\PlanTrips\Win32\Bin\link.command.1.tlog
C:\Software\Transims60\PlanTrips\Win32\Bin\link.read.1.tlog
C:\Software\Transims60\PlanTrips\Win32\Bin\link.write.1.tlog
