C:\SOFTWARE\TRANSIMS60\SIMSUBAREAS\WIN32\BIN\VC110.PDB
C:\SOFTWARE\TRANSIMS60\WIN32\BIN\SIMSUBAREAS.EXE
C:\Software\Transims60\SimSubareas\Win32\Bin\SimSubareas.vcxprojResolveAssemblyReference.cache
C:\Software\Transims60\SimSubareas\Win32\Bin\Boundary_Nodes.obj
C:\Software\Transims60\SimSubareas\Win32\Bin\Control.obj
C:\Software\Transims60\SimSubareas\Win32\Bin\Distribute_Nodes.obj
C:\Software\Transims60\SimSubareas\Win32\Bin\Execute.obj
C:\Software\Transims60\SimSubareas\Win32\Bin\SimSubareas.obj
C:\Software\Transims60\SimSubareas\Win32\Bin\CL.1792.read.1.tlog
C:\Software\Transims60\SimSubareas\Win32\Bin\CL.1792.write.1.tlog
C:\Software\Transims60\SimSubareas\Win32\Bin\CL.4616.read.1.tlog
C:\Software\Transims60\SimSubareas\Win32\Bin\CL.4616.write.1.tlog
C:\Software\Transims60\SimSubareas\Win32\Bin\CL.4888.read.1.tlog
C:\Software\Transims60\SimSubareas\Win32\Bin\CL.4888.write.1.tlog
C:\Software\Transims60\SimSubareas\Win32\Bin\CL.5508.read.1.tlog
C:\Software\Transims60\SimSubareas\Win32\Bin\CL.5508.write.1.tlog
C:\Software\Transims60\SimSubareas\Win32\Bin\cl.command.1.tlog
C:\Software\Transims60\SimSubareas\Win32\Bin\CL.read.1.tlog
C:\Software\Transims60\SimSubareas\Win32\Bin\cl.write.1.tlog
C:\Software\Transims60\SimSubareas\Win32\Bin\link-cvtres.read.1.tlog
C:\Software\Transims60\SimSubareas\Win32\Bin\link-cvtres.write.1.tlog
C:\Software\Transims60\SimSubareas\Win32\Bin\link-rc.read.1.tlog
C:\Software\Transims60\SimSubareas\Win32\Bin\link-rc.write.1.tlog
C:\Software\Transims60\SimSubareas\Win32\Bin\link.command.1.tlog
C:\Software\Transims60\SimSubareas\Win32\Bin\link.read.1.tlog
C:\Software\Transims60\SimSubareas\Win32\Bin\link.write.1.tlog
