Build started 3/7/2014 8:02:28 AM.
     1>Project "C:\Software\Transims60\RoutePrep\RoutePrep.vcxproj" on node 5 (Build target(s)).
     1>ClCompile:
         C:\Program Files (x86)\Microsoft Visual Studio 11.0\VC\bin\x86_amd64\CL.exe /c /I..\Include /Zi /nologo /W4 /WX /MP /O2 /Oi /D WIN32 /D NDEBUG /D _CONSOLE /D THREADS /Gm- /EHsc /MT /GS /Gy- /Qpar /fp:precise /Zc:wchar_t /Zc:forScope /Fo"x64\BinThreads\\" /Fd"x64\BinThreads\vc110.pdb" /Gd /TP /errorReport:prompt Control.cpp Endline_Station.cpp Execute.cpp Inline_Station.cpp Input_Routes.cpp Insert_Link.cpp Insert_Stations.cpp Link_Order.cpp Platform_Link.cpp Read_Factors.cpp Read_Node_File.cpp Read_Node_Map.cpp Read_Routes.cpp Read_Route_Stops.cpp Read_Scripts.cpp Read_Speeds.cpp Read_Stations.cpp RoutePrep.cpp Route_Segments.cpp Save_Route.cpp Transifer_Link.cpp Update_Routes.cpp Write_Node_Map.cpp Write_Route.cpp
         Control.cpp
         Endline_Station.cpp
         Execute.cpp
         Inline_Station.cpp
         Input_Routes.cpp
         Insert_Link.cpp
         Insert_Stations.cpp
         Link_Order.cpp
         Platform_Link.cpp
         Read_Factors.cpp
         Read_Node_File.cpp
         Read_Node_Map.cpp
         Read_Routes.cpp
         Read_Route_Stops.cpp
         Read_Scripts.cpp
         Read_Speeds.cpp
         Read_Stations.cpp
         RoutePrep.cpp
         Route_Segments.cpp
         Save_Route.cpp
         Transifer_Link.cpp
         Update_Routes.cpp
         Write_Node_Map.cpp
         Write_Route.cpp
       Link:
         C:\Program Files (x86)\Microsoft Visual Studio 11.0\VC\bin\x86_amd64\link.exe /ERRORREPORT:PROMPT /OUT:"C:\Software\Transims60\x64\BinThreads\RoutePrep.exe" /INCREMENTAL:NO /NOLOGO kernel32.lib user32.lib gdi32.lib winspool.lib comdlg32.lib advapi32.lib shell32.lib ole32.lib oleaut32.lib uuid.lib odbc32.lib odbccp32.lib /MANIFEST /MANIFESTUAC:"level='asInvoker' uiAccess='false'" /manifest:embed /PDB:"C:\Software\Transims60\x64\BinThreads\RoutePrep.pdb" /SUBSYSTEM:CONSOLE,"5.02" /OPT:REF /OPT:ICF /TLBID:1 /DYNAMICBASE /NXCOMPAT /IMPLIB:"C:\Software\Transims60\x64\BinThreads\RoutePrep.lib" /MACHINE:X64 x64\BinThreads\Control.obj
         x64\BinThreads\Endline_Station.obj
         x64\BinThreads\Execute.obj
         x64\BinThreads\Inline_Station.obj
         x64\BinThreads\Input_Routes.obj
         x64\BinThreads\Insert_Link.obj
         x64\BinThreads\Insert_Stations.obj
         x64\BinThreads\Link_Order.obj
         x64\BinThreads\Platform_Link.obj
         x64\BinThreads\Read_Factors.obj
         x64\BinThreads\Read_Node_File.obj
         x64\BinThreads\Read_Node_Map.obj
         x64\BinThreads\Read_Routes.obj
         x64\BinThreads\Read_Route_Stops.obj
         x64\BinThreads\Read_Scripts.obj
         x64\BinThreads\Read_Speeds.obj
         x64\BinThreads\Read_Stations.obj
         x64\BinThreads\RoutePrep.obj
         x64\BinThreads\Route_Segments.obj
         x64\BinThreads\Save_Route.obj
         x64\BinThreads\Transifer_Link.obj
         x64\BinThreads\Update_Routes.obj
         x64\BinThreads\Write_Node_Map.obj
         x64\BinThreads\Write_Route.obj
         C:\Software\Transims60\SysLib\x64\BinThreads\SysLib.lib
         C:\Software\Transims60\File_Data_Service\x64\BinThreads\File_Data_Service.lib
         RoutePrep.vcxproj -> C:\Software\Transims60\x64\BinThreads\RoutePrep.exe
     1>Done Building Project "C:\Software\Transims60\RoutePrep\RoutePrep.vcxproj" (Build target(s)).

Build succeeded.

Time Elapsed 00:01:40.40
