C:\TRANSIMS\TRANSIMS60\FILEFORMAT\X64\BIN\VC110.PDB
C:\TRANSIMS\TRANSIMS60\X64\BIN\FILEFORMAT.EXE
C:\TRANSIMS\Transims60\FileFormat\x64\Bin\Control.obj
C:\TRANSIMS\Transims60\FileFormat\x64\Bin\Execute.obj
C:\TRANSIMS\Transims60\FileFormat\x64\Bin\FileFormat.obj
C:\TRANSIMS\Transims60\FileFormat\x64\Bin\Format_Data.obj
C:\TRANSIMS\Transims60\FileFormat\x64\Bin\Format_Matrix.obj
C:\TRANSIMS\Transims60\FileFormat\x64\Bin\Stats_Report.obj
C:\TRANSIMS\Transims60\FileFormat\x64\Bin\CL.2224.read.1.tlog
C:\TRANSIMS\Transims60\FileFormat\x64\Bin\CL.2224.write.1.tlog
C:\TRANSIMS\Transims60\FileFormat\x64\Bin\CL.6488.read.1.tlog
C:\TRANSIMS\Transims60\FileFormat\x64\Bin\CL.6488.write.1.tlog
C:\TRANSIMS\Transims60\FileFormat\x64\Bin\CL.6712.read.1.tlog
C:\TRANSIMS\Transims60\FileFormat\x64\Bin\CL.6712.write.1.tlog
C:\TRANSIMS\Transims60\FileFormat\x64\Bin\CL.7068.read.1.tlog
C:\TRANSIMS\Transims60\FileFormat\x64\Bin\CL.7068.write.1.tlog
C:\TRANSIMS\Transims60\FileFormat\x64\Bin\cl.command.1.tlog
C:\TRANSIMS\Transims60\FileFormat\x64\Bin\CL.read.1.tlog
C:\TRANSIMS\Transims60\FileFormat\x64\Bin\cl.write.1.tlog
C:\TRANSIMS\Transims60\FileFormat\x64\Bin\link-cvtres.read.1.tlog
C:\TRANSIMS\Transims60\FileFormat\x64\Bin\link-cvtres.write.1.tlog
C:\TRANSIMS\Transims60\FileFormat\x64\Bin\link-rc.read.1.tlog
C:\TRANSIMS\Transims60\FileFormat\x64\Bin\link-rc.write.1.tlog
C:\TRANSIMS\Transims60\FileFormat\x64\Bin\link.command.1.tlog
C:\TRANSIMS\Transims60\FileFormat\x64\Bin\link.read.1.tlog
C:\TRANSIMS\Transims60\FileFormat\x64\Bin\link.write.1.tlog
C:\TRANSIMS\Transims60\FileFormat\x64\Bin\vc110.pdb
C:\TRANSIMS\Transims60\x64\Bin\FileFormat.exe
