C:\SOFTWARE\TRANSIMS60\SUBAREAPLANS\X64\BINTHREADS\VC110.PDB
C:\SOFTWARE\TRANSIMS60\X64\BINTHREADS\SUBAREAPLANS.EXE
C:\Software\Transims60\SubareaPlans\x64\BinThreads\SubareaPlans.vcxprojResolveAssemblyReference.cache
C:\Software\Transims60\SubareaPlans\x64\BinThreads\Control.obj
C:\Software\Transims60\SubareaPlans\x64\BinThreads\Convert_Plan.obj
C:\Software\Transims60\SubareaPlans\x64\BinThreads\Execute.obj
C:\Software\Transims60\SubareaPlans\x64\BinThreads\Plan_Output.obj
C:\Software\Transims60\SubareaPlans\x64\BinThreads\Plan_Processing.obj
C:\Software\Transims60\SubareaPlans\x64\BinThreads\Read_Plans.obj
C:\Software\Transims60\SubareaPlans\x64\BinThreads\SubareaPlans.obj
C:\Software\Transims60\SubareaPlans\x64\BinThreads\Sublink_Data.obj
C:\Software\Transims60\SubareaPlans\x64\BinThreads\Trip_Report.obj
C:\Software\Transims60\SubareaPlans\x64\BinThreads\Write_Plans.obj
C:\Software\Transims60\SubareaPlans\x64\BinThreads\CL.1064.read.1.tlog
C:\Software\Transims60\SubareaPlans\x64\BinThreads\CL.1064.write.1.tlog
C:\Software\Transims60\SubareaPlans\x64\BinThreads\CL.1204.read.1.tlog
C:\Software\Transims60\SubareaPlans\x64\BinThreads\CL.1204.write.1.tlog
C:\Software\Transims60\SubareaPlans\x64\BinThreads\CL.5496.read.1.tlog
C:\Software\Transims60\SubareaPlans\x64\BinThreads\CL.5496.write.1.tlog
C:\Software\Transims60\SubareaPlans\x64\BinThreads\CL.5652.read.1.tlog
C:\Software\Transims60\SubareaPlans\x64\BinThreads\CL.5652.write.1.tlog
C:\Software\Transims60\SubareaPlans\x64\BinThreads\cl.command.1.tlog
C:\Software\Transims60\SubareaPlans\x64\BinThreads\CL.read.1.tlog
C:\Software\Transims60\SubareaPlans\x64\BinThreads\cl.write.1.tlog
C:\Software\Transims60\SubareaPlans\x64\BinThreads\link-cvtres.read.1.tlog
C:\Software\Transims60\SubareaPlans\x64\BinThreads\link-cvtres.write.1.tlog
C:\Software\Transims60\SubareaPlans\x64\BinThreads\link-rc.read.1.tlog
C:\Software\Transims60\SubareaPlans\x64\BinThreads\link-rc.write.1.tlog
C:\Software\Transims60\SubareaPlans\x64\BinThreads\link.command.1.tlog
C:\Software\Transims60\SubareaPlans\x64\BinThreads\link.read.1.tlog
C:\Software\Transims60\SubareaPlans\x64\BinThreads\link.write.1.tlog
C:\Software\Transims60\SubareaPlans\x64\BinThreads\vc110.pdb
C:\Software\Transims60\x64\BinThreads\SubareaPlans.exe
