C:\SOFTWARE\TRANSIMS60\SIMULATOR\WIN32\BIN\SIMULATOR.OBJ
C:\SOFTWARE\TRANSIMS60\SIMULATOR\WIN32\BIN\MPI_TRANSFER.OBJ
C:\SOFTWARE\TRANSIMS60\SIMULATOR\WIN32\BIN\MPI_SETUP.OBJ
C:\SOFTWARE\TRANSIMS60\SIMULATOR\WIN32\BIN\MPI_DISTRIBUTE.OBJ
C:\SOFTWARE\TRANSIMS60\SIMULATOR\WIN32\BIN\MPI_CLOSE.OBJ
C:\SOFTWARE\TRANSIMS60\SIMULATOR\WIN32\BIN\EXECUTE.OBJ
C:\SOFTWARE\TRANSIMS60\SIMULATOR\WIN32\BIN\CONTROL.OBJ
C:\SOFTWARE\TRANSIMS60\SIMULATOR\WIN32\BIN\VC110.PDB
C:\SOFTWARE\TRANSIMS60\WIN32\BIN\SIMULATOR.ILK
C:\SOFTWARE\TRANSIMS60\WIN32\BIN\SIMULATOR.EXE
C:\SOFTWARE\TRANSIMS60\WIN32\BIN\SIMULATOR.PDB
C:\Software\Transims60\Simulator\Win32\Bin\Simulator.vcxprojResolveAssemblyReference.cache
C:\Software\Transims60\Simulator\Win32\Bin\cl.command.1.tlog
C:\Software\Transims60\Simulator\Win32\Bin\CL.read.1.tlog
C:\Software\Transims60\Simulator\Win32\Bin\CL.write.1.tlog
C:\Software\Transims60\Simulator\Win32\Bin\link-cvtres.read.1.tlog
C:\Software\Transims60\Simulator\Win32\Bin\link-cvtres.write.1.tlog
C:\Software\Transims60\Simulator\Win32\Bin\link-rc.read.1.tlog
C:\Software\Transims60\Simulator\Win32\Bin\link-rc.write.1.tlog
C:\Software\Transims60\Simulator\Win32\Bin\link.command.1.tlog
C:\Software\Transims60\Simulator\Win32\Bin\link.read.1.tlog
C:\Software\Transims60\Simulator\Win32\Bin\link.write.1.tlog
