Build started 3/7/2014 7:52:31 AM.
     1>Project "C:\Software\Transims60\TourSkim\TourSkim.vcxproj" on node 5 (Build target(s)).
     1>ClCompile:
         C:\Program Files (x86)\Microsoft Visual Studio 11.0\VC\bin\x86_amd64\CL.exe /c /I..\Include /Zi /nologo /W4 /WX /MP /O2 /Oi /D WIN32 /D NDEBUG /D _CONSOLE /D TCADLIB /D THREADS /Gm- /EHsc /MT /GS /Gy- /Qpar /fp:precise /Zc:wchar_t /Zc:forScope /Fo"x64\BinThreads\\" /Fd"x64\BinThreads\vc110.pdb" /Gr /TP /errorReport:prompt Control.cpp Execute.cpp Group_Process.cpp Process.cpp Read_Data.cpp Read_Process.cpp TourSkim.cpp
         Control.cpp
         Execute.cpp
         Group_Process.cpp
         Process.cpp
         Read_Data.cpp
         Read_Process.cpp
         TourSkim.cpp
       Link:
         C:\Program Files (x86)\Microsoft Visual Studio 11.0\VC\bin\x86_amd64\link.exe /ERRORREPORT:PROMPT /OUT:"C:\Software\Transims60\x64\BinThreads\TourSkim.exe" /INCREMENTAL:NO /NOLOGO ..\TcadLib\x64\CaliperMTX.lib /MANIFEST /MANIFESTUAC:"level='asInvoker' uiAccess='false'" /manifest:embed /PDB:"C:\Software\Transims60\x64\BinThreads\TourSkim.pdb" /SUBSYSTEM:CONSOLE,"5.02" /OPT:REF /OPT:ICF /TLBID:1 /DYNAMICBASE /NXCOMPAT /IMPLIB:"C:\Software\Transims60\x64\BinThreads\TourSkim.lib" /MACHINE:X64 x64\BinThreads\Control.obj
         x64\BinThreads\Execute.obj
         x64\BinThreads\Group_Process.obj
         x64\BinThreads\Process.obj
         x64\BinThreads\Read_Data.obj
         x64\BinThreads\Read_Process.obj
         x64\BinThreads\TourSkim.obj
         C:\Software\Transims60\SysLib\x64\BinThreads\SysLib.lib
         TourSkim.vcxproj -> C:\Software\Transims60\x64\BinThreads\TourSkim.exe
     1>Done Building Project "C:\Software\Transims60\TourSkim\TourSkim.vcxproj" (Build target(s)).

Build succeeded.

Time Elapsed 00:00:15.44
