C:\SOFTWARE\TRANSIMS60\LINESUM\X64\BINTHREADS\VC110.PDB
C:\SOFTWARE\TRANSIMS60\X64\BINTHREADS\LINESUM.EXE
C:\Software\Transims60\LineSum\x64\BinThreads\LineSum.vcxprojResolveAssemblyReference.cache
C:\Software\Transims60\LineSum\x64\BinThreads\Access_Report.obj
C:\Software\Transims60\LineSum\x64\BinThreads\Combine.obj
C:\Software\Transims60\LineSum\x64\BinThreads\Compare.obj
C:\Software\Transims60\LineSum\x64\BinThreads\Control.obj
C:\Software\Transims60\LineSum\x64\BinThreads\Execute.obj
C:\Software\Transims60\LineSum\x64\BinThreads\LineSum.obj
C:\Software\Transims60\LineSum\x64\BinThreads\Line_Report.obj
C:\Software\Transims60\LineSum\x64\BinThreads\Link_Report.obj
C:\Software\Transims60\LineSum\x64\BinThreads\Link_Rider.obj
C:\Software\Transims60\LineSum\x64\BinThreads\On_Off_Report.obj
C:\Software\Transims60\LineSum\x64\BinThreads\Read_Service.obj
C:\Software\Transims60\LineSum\x64\BinThreads\Read_Shapes.obj
C:\Software\Transims60\LineSum\x64\BinThreads\Stop_Names.obj
C:\Software\Transims60\LineSum\x64\BinThreads\Stop_Report.obj
C:\Software\Transims60\LineSum\x64\BinThreads\Total_Report.obj
C:\Software\Transims60\LineSum\x64\BinThreads\CL.2260.read.1.tlog
C:\Software\Transims60\LineSum\x64\BinThreads\CL.2260.write.1.tlog
C:\Software\Transims60\LineSum\x64\BinThreads\CL.332.read.1.tlog
C:\Software\Transims60\LineSum\x64\BinThreads\CL.332.write.1.tlog
C:\Software\Transims60\LineSum\x64\BinThreads\CL.4832.read.1.tlog
C:\Software\Transims60\LineSum\x64\BinThreads\CL.4832.write.1.tlog
C:\Software\Transims60\LineSum\x64\BinThreads\CL.4976.read.1.tlog
C:\Software\Transims60\LineSum\x64\BinThreads\CL.4976.write.1.tlog
C:\Software\Transims60\LineSum\x64\BinThreads\cl.command.1.tlog
C:\Software\Transims60\LineSum\x64\BinThreads\CL.read.1.tlog
C:\Software\Transims60\LineSum\x64\BinThreads\cl.write.1.tlog
C:\Software\Transims60\LineSum\x64\BinThreads\link-cvtres.read.1.tlog
C:\Software\Transims60\LineSum\x64\BinThreads\link-cvtres.write.1.tlog
C:\Software\Transims60\LineSum\x64\BinThreads\link-rc.read.1.tlog
C:\Software\Transims60\LineSum\x64\BinThreads\link-rc.write.1.tlog
C:\Software\Transims60\LineSum\x64\BinThreads\link.command.1.tlog
C:\Software\Transims60\LineSum\x64\BinThreads\link.read.1.tlog
C:\Software\Transims60\LineSum\x64\BinThreads\link.write.1.tlog
C:\Software\Transims60\LineSum\x64\BinThreads\vc110.pdb
C:\Software\Transims60\x64\BinThreads\LineSum.exe
