Build started 3/7/2014 7:52:31 AM.
     1>Project "C:\Software\Transims60\LineSum\LineSum.vcxproj" on node 4 (Build target(s)).
     1>ClCompile:
         C:\Program Files (x86)\Microsoft Visual Studio 11.0\VC\bin\x86_amd64\CL.exe /c /I..\Include /Zi /nologo /W4 /WX /MP /O2 /Oi /D WIN32 /D NDEBUG /D _CONSOLE /D THREADS /Gm- /EHsc /MT /GS /Gy- /Qpar /fp:precise /Zc:wchar_t /Zc:forScope /Fo"x64\BinThreads\\" /Fd"x64\BinThreads\vc110.pdb" /Gd /TP /errorReport:prompt Access_Report.cpp Combine.cpp Compare.cpp Control.cpp Execute.cpp LineSum.cpp Line_Report.cpp Link_Report.cpp Link_Rider.cpp On_Off_Report.cpp Read_Service.cpp Read_Shapes.cpp Stop_Names.cpp Stop_Report.cpp Total_Report.cpp
         Access_Report.cpp
         Combine.cpp
         Compare.cpp
         Control.cpp
         Execute.cpp
         LineSum.cpp
         Line_Report.cpp
         Link_Report.cpp
         Link_Rider.cpp
         On_Off_Report.cpp
         Read_Service.cpp
         Read_Shapes.cpp
         Stop_Names.cpp
         Stop_Report.cpp
         Total_Report.cpp
       Link:
         C:\Program Files (x86)\Microsoft Visual Studio 11.0\VC\bin\x86_amd64\link.exe /ERRORREPORT:PROMPT /OUT:"C:\Software\Transims60\x64\BinThreads\LineSum.exe" /INCREMENTAL:NO /NOLOGO kernel32.lib user32.lib gdi32.lib winspool.lib comdlg32.lib advapi32.lib shell32.lib ole32.lib oleaut32.lib uuid.lib odbc32.lib odbccp32.lib /MANIFEST /MANIFESTUAC:"level='asInvoker' uiAccess='false'" /manifest:embed /PDB:"C:\Software\Transims60\x64\BinThreads\LineSum.pdb" /SUBSYSTEM:CONSOLE,"5.02" /OPT:REF /OPT:ICF /TLBID:1 /DYNAMICBASE /NXCOMPAT /IMPLIB:"C:\Software\Transims60\x64\BinThreads\LineSum.lib" /MACHINE:X64 x64\BinThreads\Access_Report.obj
         x64\BinThreads\Combine.obj
         x64\BinThreads\Compare.obj
         x64\BinThreads\Control.obj
         x64\BinThreads\Execute.obj
         x64\BinThreads\LineSum.obj
         x64\BinThreads\Line_Report.obj
         x64\BinThreads\Link_Report.obj
         x64\BinThreads\Link_Rider.obj
         x64\BinThreads\On_Off_Report.obj
         x64\BinThreads\Read_Service.obj
         x64\BinThreads\Read_Shapes.obj
         x64\BinThreads\Stop_Names.obj
         x64\BinThreads\Stop_Report.obj
         x64\BinThreads\Total_Report.obj
         C:\Software\Transims60\SysLib\x64\BinThreads\SysLib.lib
         LineSum.vcxproj -> C:\Software\Transims60\x64\BinThreads\LineSum.exe
     1>Done Building Project "C:\Software\Transims60\LineSum\LineSum.vcxproj" (Build target(s)).

Build succeeded.

Time Elapsed 00:00:28.77
