C:\TRANSIMS\TRANSIMS60\FILE_DATA_SERVICE\X64\BIN\VC110.PDB
C:\TRANSIMS\TRANSIMS60\FILE_DATA_SERVICE\X64\BIN\FILE_DATA_SERVICE.LIB
C:\TRANSIMS\Transims60\File_Data_Service\x64\Bin\Access_File.obj
C:\TRANSIMS\Transims60\File_Data_Service\x64\Bin\Activity_File.obj
C:\TRANSIMS\Transims60\File_Data_Service\x64\Bin\Approach_Link_File.obj
C:\TRANSIMS\Transims60\File_Data_Service\x64\Bin\Attribute_Data.obj
C:\TRANSIMS\Transims60\File_Data_Service\x64\Bin\Connect_File.obj
C:\TRANSIMS\Transims60\File_Data_Service\x64\Bin\Data_Service.obj
C:\TRANSIMS\Transims60\File_Data_Service\x64\Bin\Data_Shapes.obj
C:\TRANSIMS\Transims60\File_Data_Service\x64\Bin\Detector_File.obj
C:\TRANSIMS\Transims60\File_Data_Service\x64\Bin\Diurnal_File.obj
C:\TRANSIMS\Transims60\File_Data_Service\x64\Bin\Draw_Service.obj
C:\TRANSIMS\Transims60\File_Data_Service\x64\Bin\Driver_File.obj
C:\TRANSIMS\Transims60\File_Data_Service\x64\Bin\Event_Data.obj
C:\TRANSIMS\Transims60\File_Data_Service\x64\Bin\Event_File.obj
C:\TRANSIMS\Transims60\File_Data_Service\x64\Bin\Factor_File.obj
C:\TRANSIMS\Transims60\File_Data_Service\x64\Bin\Fare_File.obj
C:\TRANSIMS\Transims60\File_Data_Service\x64\Bin\File_Service.obj
C:\TRANSIMS\Transims60\File_Data_Service\x64\Bin\Flow_Time_Data.obj
C:\TRANSIMS\Transims60\File_Data_Service\x64\Bin\Flow_Time_Service.obj
C:\TRANSIMS\Transims60\File_Data_Service\x64\Bin\Household_File.obj
C:\TRANSIMS\Transims60\File_Data_Service\x64\Bin\Lane_Use_File.obj
C:\TRANSIMS\Transims60\File_Data_Service\x64\Bin\Line_Data.obj
C:\TRANSIMS\Transims60\File_Data_Service\x64\Bin\Line_File.obj
C:\TRANSIMS\Transims60\File_Data_Service\x64\Bin\Link_Data_File.obj
C:\TRANSIMS\Transims60\File_Data_Service\x64\Bin\Link_Delay_File.obj
C:\TRANSIMS\Transims60\File_Data_Service\x64\Bin\Link_Dir_File.obj
C:\TRANSIMS\Transims60\File_Data_Service\x64\Bin\Link_File.obj
C:\TRANSIMS\Transims60\File_Data_Service\x64\Bin\Link_Use_File.obj
C:\TRANSIMS\Transims60\File_Data_Service\x64\Bin\Location_File.obj
C:\TRANSIMS\Transims60\File_Data_Service\x64\Bin\Matrix_File.obj
C:\TRANSIMS\Transims60\File_Data_Service\x64\Bin\Node_File.obj
C:\TRANSIMS\Transims60\File_Data_Service\x64\Bin\Occupancy_File.obj
C:\TRANSIMS\Transims60\File_Data_Service\x64\Bin\Old_Plan_File.obj
C:\TRANSIMS\Transims60\File_Data_Service\x64\Bin\Parking_File.obj
C:\TRANSIMS\Transims60\File_Data_Service\x64\Bin\Performance_Data.obj
C:\TRANSIMS\Transims60\File_Data_Service\x64\Bin\Performance_File.obj
C:\TRANSIMS\Transims60\File_Data_Service\x64\Bin\Person_File.obj
C:\TRANSIMS\Transims60\File_Data_Service\x64\Bin\Phasing_File.obj
C:\TRANSIMS\Transims60\File_Data_Service\x64\Bin\Plan_File.obj
C:\TRANSIMS\Transims60\File_Data_Service\x64\Bin\Pocket_File.obj
C:\TRANSIMS\Transims60\File_Data_Service\x64\Bin\Problem_File.obj
C:\TRANSIMS\Transims60\File_Data_Service\x64\Bin\Read_Access_Links.obj
C:\TRANSIMS\Transims60\File_Data_Service\x64\Bin\Read_Connections.obj
C:\TRANSIMS\Transims60\File_Data_Service\x64\Bin\Read_Detectors.obj
C:\TRANSIMS\Transims60\File_Data_Service\x64\Bin\Read_Drivers.obj
C:\TRANSIMS\Transims60\File_Data_Service\x64\Bin\Read_Events.obj
C:\TRANSIMS\Transims60\File_Data_Service\x64\Bin\Read_Fares.obj
C:\TRANSIMS\Transims60\File_Data_Service\x64\Bin\Read_Households.obj
C:\TRANSIMS\Transims60\File_Data_Service\x64\Bin\Read_Lane_Uses.obj
C:\TRANSIMS\Transims60\File_Data_Service\x64\Bin\Read_Lines.obj
C:\TRANSIMS\Transims60\File_Data_Service\x64\Bin\Read_Links.obj
C:\TRANSIMS\Transims60\File_Data_Service\x64\Bin\Read_Link_Delays.obj
C:\TRANSIMS\Transims60\File_Data_Service\x64\Bin\Read_Locations.obj
C:\TRANSIMS\Transims60\File_Data_Service\x64\Bin\Read_Nodes.obj
C:\TRANSIMS\Transims60\File_Data_Service\x64\Bin\Read_Parking_Lots.obj
C:\TRANSIMS\Transims60\File_Data_Service\x64\Bin\Read_Performance.obj
C:\TRANSIMS\Transims60\File_Data_Service\x64\Bin\Read_Phasing_Plans.obj
C:\TRANSIMS\Transims60\File_Data_Service\x64\Bin\Read_Plans.obj
C:\TRANSIMS\Transims60\File_Data_Service\x64\Bin\Read_Pockets.obj
C:\TRANSIMS\Transims60\File_Data_Service\x64\Bin\Read_Problems.obj
C:\TRANSIMS\Transims60\File_Data_Service\x64\Bin\Read_Ridership.obj
C:\TRANSIMS\Transims60\File_Data_Service\x64\Bin\Read_Route_Nodes.obj
C:\TRANSIMS\Transims60\File_Data_Service\x64\Bin\Read_Schedules.obj
C:\TRANSIMS\Transims60\File_Data_Service\x64\Bin\Read_Selections.obj
C:\TRANSIMS\Transims60\File_Data_Service\x64\Bin\Read_Shapes.obj
C:\TRANSIMS\Transims60\File_Data_Service\x64\Bin\Read_Signals.obj
C:\TRANSIMS\Transims60\File_Data_Service\x64\Bin\Read_Signs.obj
C:\TRANSIMS\Transims60\File_Data_Service\x64\Bin\Read_Skims.obj
C:\TRANSIMS\Transims60\File_Data_Service\x64\Bin\Read_Stops.obj
C:\TRANSIMS\Transims60\File_Data_Service\x64\Bin\Read_Timing_Plans.obj
C:\TRANSIMS\Transims60\File_Data_Service\x64\Bin\Read_Travelers.obj
C:\TRANSIMS\Transims60\File_Data_Service\x64\Bin\Read_Trips.obj
C:\TRANSIMS\Transims60\File_Data_Service\x64\Bin\Read_Turn_Pens.obj
C:\TRANSIMS\Transims60\File_Data_Service\x64\Bin\Read_Veh_Types.obj
C:\TRANSIMS\Transims60\File_Data_Service\x64\Bin\Read_Zones.obj
C:\TRANSIMS\Transims60\File_Data_Service\x64\Bin\Ridership_File.obj
C:\TRANSIMS\Transims60\File_Data_Service\x64\Bin\Route_Nodes_File.obj
C:\TRANSIMS\Transims60\File_Data_Service\x64\Bin\Schedule_File.obj
C:\TRANSIMS\Transims60\File_Data_Service\x64\Bin\Selection_Data.obj
C:\TRANSIMS\Transims60\File_Data_Service\x64\Bin\Selection_File.obj
C:\TRANSIMS\Transims60\File_Data_Service\x64\Bin\Select_Service.obj
C:\TRANSIMS\Transims60\File_Data_Service\x64\Bin\Shape_File.obj
C:\TRANSIMS\Transims60\File_Data_Service\x64\Bin\Signal_File.obj
C:\TRANSIMS\Transims60\File_Data_Service\x64\Bin\Sign_File.obj
C:\TRANSIMS\Transims60\File_Data_Service\x64\Bin\Skim_Data.obj
C:\TRANSIMS\Transims60\File_Data_Service\x64\Bin\Skim_File.obj
C:\TRANSIMS\Transims60\File_Data_Service\x64\Bin\Snapshot_File.obj
C:\TRANSIMS\Transims60\File_Data_Service\x64\Bin\Stop_File.obj
C:\TRANSIMS\Transims60\File_Data_Service\x64\Bin\Subzone_File.obj
C:\TRANSIMS\Transims60\File_Data_Service\x64\Bin\Time_Index.obj
C:\TRANSIMS\Transims60\File_Data_Service\x64\Bin\Time_Sum_File.obj
C:\TRANSIMS\Transims60\File_Data_Service\x64\Bin\Timing_File.obj
C:\TRANSIMS\Transims60\File_Data_Service\x64\Bin\Toll_File.obj
C:\TRANSIMS\Transims60\File_Data_Service\x64\Bin\Tour_Sort.obj
C:\TRANSIMS\Transims60\File_Data_Service\x64\Bin\Transfer_Data.obj
C:\TRANSIMS\Transims60\File_Data_Service\x64\Bin\Traveler_Data.obj
C:\TRANSIMS\Transims60\File_Data_Service\x64\Bin\Traveler_File.obj
C:\TRANSIMS\Transims60\File_Data_Service\x64\Bin\Travel_Time_File.obj
C:\TRANSIMS\Transims60\File_Data_Service\x64\Bin\Trip_File.obj
C:\TRANSIMS\Transims60\File_Data_Service\x64\Bin\Trip_Index.obj
C:\TRANSIMS\Transims60\File_Data_Service\x64\Bin\Turn_Pen_File.obj
C:\TRANSIMS\Transims60\File_Data_Service\x64\Bin\Turn_Vol_File.obj
C:\TRANSIMS\Transims60\File_Data_Service\x64\Bin\Vehicle_File.obj
C:\TRANSIMS\Transims60\File_Data_Service\x64\Bin\Veh_Type_File.obj
C:\TRANSIMS\Transims60\File_Data_Service\x64\Bin\Write_Access_Links.obj
C:\TRANSIMS\Transims60\File_Data_Service\x64\Bin\Write_Connections.obj
C:\TRANSIMS\Transims60\File_Data_Service\x64\Bin\Write_Detectors.obj
C:\TRANSIMS\Transims60\File_Data_Service\x64\Bin\Write_Drivers.obj
C:\TRANSIMS\Transims60\File_Data_Service\x64\Bin\Write_Events.obj
C:\TRANSIMS\Transims60\File_Data_Service\x64\Bin\Write_Fares.obj
C:\TRANSIMS\Transims60\File_Data_Service\x64\Bin\Write_Households.obj
C:\TRANSIMS\Transims60\File_Data_Service\x64\Bin\Write_Lane_Uses.obj
C:\TRANSIMS\Transims60\File_Data_Service\x64\Bin\Write_Lines.obj
C:\TRANSIMS\Transims60\File_Data_Service\x64\Bin\Write_Links.obj
C:\TRANSIMS\Transims60\File_Data_Service\x64\Bin\Write_Link_Delays.obj
C:\TRANSIMS\Transims60\File_Data_Service\x64\Bin\Write_Locations.obj
C:\TRANSIMS\Transims60\File_Data_Service\x64\Bin\Write_Nodes.obj
C:\TRANSIMS\Transims60\File_Data_Service\x64\Bin\Write_Parking_Lots.obj
C:\TRANSIMS\Transims60\File_Data_Service\x64\Bin\Write_Performance.obj
C:\TRANSIMS\Transims60\File_Data_Service\x64\Bin\Write_Phasing_Plans.obj
C:\TRANSIMS\Transims60\File_Data_Service\x64\Bin\Write_Plans.obj
C:\TRANSIMS\Transims60\File_Data_Service\x64\Bin\Write_Pockets.obj
C:\TRANSIMS\Transims60\File_Data_Service\x64\Bin\Write_Problems.obj
C:\TRANSIMS\Transims60\File_Data_Service\x64\Bin\Write_Ridership.obj
C:\TRANSIMS\Transims60\File_Data_Service\x64\Bin\Write_Route_Nodes.obj
C:\TRANSIMS\Transims60\File_Data_Service\x64\Bin\Write_Schedules.obj
C:\TRANSIMS\Transims60\File_Data_Service\x64\Bin\Write_Selections.obj
C:\TRANSIMS\Transims60\File_Data_Service\x64\Bin\Write_Shapes.obj
C:\TRANSIMS\Transims60\File_Data_Service\x64\Bin\Write_Signals.obj
C:\TRANSIMS\Transims60\File_Data_Service\x64\Bin\Write_Signs.obj
C:\TRANSIMS\Transims60\File_Data_Service\x64\Bin\Write_Skims.obj
C:\TRANSIMS\Transims60\File_Data_Service\x64\Bin\Write_Stops.obj
C:\TRANSIMS\Transims60\File_Data_Service\x64\Bin\Write_Timing_Plans.obj
C:\TRANSIMS\Transims60\File_Data_Service\x64\Bin\Write_Travelers.obj
C:\TRANSIMS\Transims60\File_Data_Service\x64\Bin\Write_Trips.obj
C:\TRANSIMS\Transims60\File_Data_Service\x64\Bin\Write_Turn_Pens.obj
C:\TRANSIMS\Transims60\File_Data_Service\x64\Bin\Write_Veh_Types.obj
C:\TRANSIMS\Transims60\File_Data_Service\x64\Bin\Write_Zones.obj
C:\TRANSIMS\Transims60\File_Data_Service\x64\Bin\Zone_File.obj
C:\TRANSIMS\Transims60\File_Data_Service\x64\Bin\Zone_Location.obj
C:\TRANSIMS\Transims60\File_Data_Service\x64\Bin\CL.3344.read.1.tlog
C:\TRANSIMS\Transims60\File_Data_Service\x64\Bin\CL.3344.write.1.tlog
C:\TRANSIMS\Transims60\File_Data_Service\x64\Bin\CL.3908.read.1.tlog
C:\TRANSIMS\Transims60\File_Data_Service\x64\Bin\CL.3908.write.1.tlog
C:\TRANSIMS\Transims60\File_Data_Service\x64\Bin\CL.5284.read.1.tlog
C:\TRANSIMS\Transims60\File_Data_Service\x64\Bin\CL.5284.write.1.tlog
C:\TRANSIMS\Transims60\File_Data_Service\x64\Bin\CL.5920.read.1.tlog
C:\TRANSIMS\Transims60\File_Data_Service\x64\Bin\CL.5920.write.1.tlog
C:\TRANSIMS\Transims60\File_Data_Service\x64\Bin\cl.command.1.tlog
C:\TRANSIMS\Transims60\File_Data_Service\x64\Bin\CL.read.1.tlog
C:\TRANSIMS\Transims60\File_Data_Service\x64\Bin\cl.write.1.tlog
C:\TRANSIMS\Transims60\File_Data_Service\x64\Bin\Lib-link.read.1.tlog
C:\TRANSIMS\Transims60\File_Data_Service\x64\Bin\Lib-link.write.1.tlog
C:\TRANSIMS\Transims60\File_Data_Service\x64\Bin\lib.command.1.tlog
C:\TRANSIMS\Transims60\File_Data_Service\x64\Bin\vc110.pdb
C:\TRANSIMS\Transims60\File_Data_Service\x64\Bin\File_Data_Service.lib
