C:\SOFTWARE\TRANSIMS60\TRANSIMSNET\WIN32\BIN\VC110.PDB
C:\SOFTWARE\TRANSIMS60\WIN32\BIN\TRANSIMSNET.EXE
C:\Software\Transims60\TransimsNet\Win32\Bin\TransimsNet.vcxprojResolveAssemblyReference.cache
C:\Software\Transims60\TransimsNet\Win32\Bin\Connections.obj
C:\Software\Transims60\TransimsNet\Win32\Bin\Control.obj
C:\Software\Transims60\TransimsNet\Win32\Bin\Execute.obj
C:\Software\Transims60\TransimsNet\Win32\Bin\Lane_Ranges.obj
C:\Software\Transims60\TransimsNet\Win32\Bin\Lane_Use.obj
C:\Software\Transims60\TransimsNet\Win32\Bin\Link_Access.obj
C:\Software\Transims60\TransimsNet\Win32\Bin\Operators.obj
C:\Software\Transims60\TransimsNet\Win32\Bin\Pocket_Lanes.obj
C:\Software\Transims60\TransimsNet\Win32\Bin\Read_Approach.obj
C:\Software\Transims60\TransimsNet\Win32\Bin\Read_Boundary.obj
C:\Software\Transims60\TransimsNet\Win32\Bin\Read_Link_Use.obj
C:\Software\Transims60\TransimsNet\Win32\Bin\Traffic_Controls.obj
C:\Software\Transims60\TransimsNet\Win32\Bin\TransimsNet.obj
C:\Software\Transims60\TransimsNet\Win32\Bin\Zone_Access.obj
C:\Software\Transims60\TransimsNet\Win32\Bin\CL.1584.read.1.tlog
C:\Software\Transims60\TransimsNet\Win32\Bin\CL.1584.write.1.tlog
C:\Software\Transims60\TransimsNet\Win32\Bin\CL.2300.read.1.tlog
C:\Software\Transims60\TransimsNet\Win32\Bin\CL.2300.write.1.tlog
C:\Software\Transims60\TransimsNet\Win32\Bin\CL.3504.read.1.tlog
C:\Software\Transims60\TransimsNet\Win32\Bin\CL.3504.write.1.tlog
C:\Software\Transims60\TransimsNet\Win32\Bin\CL.4988.read.1.tlog
C:\Software\Transims60\TransimsNet\Win32\Bin\CL.4988.write.1.tlog
C:\Software\Transims60\TransimsNet\Win32\Bin\cl.command.1.tlog
C:\Software\Transims60\TransimsNet\Win32\Bin\CL.read.1.tlog
C:\Software\Transims60\TransimsNet\Win32\Bin\cl.write.1.tlog
C:\Software\Transims60\TransimsNet\Win32\Bin\link-cvtres.read.1.tlog
C:\Software\Transims60\TransimsNet\Win32\Bin\link-cvtres.write.1.tlog
C:\Software\Transims60\TransimsNet\Win32\Bin\link-rc.read.1.tlog
C:\Software\Transims60\TransimsNet\Win32\Bin\link-rc.write.1.tlog
C:\Software\Transims60\TransimsNet\Win32\Bin\link.command.1.tlog
C:\Software\Transims60\TransimsNet\Win32\Bin\link.read.1.tlog
C:\Software\Transims60\TransimsNet\Win32\Bin\link.write.1.tlog
