C:\TRANSIMS\TRANSIMS60\INTCONTROL\X64\BIN\VC110.PDB
C:\TRANSIMS\TRANSIMS60\X64\BIN\INTCONTROL.EXE
C:\TRANSIMS\Transims60\IntControl\x64\Bin\Control.obj
C:\TRANSIMS\Transims60\IntControl\x64\Bin\Create_Signals.obj
C:\TRANSIMS\Transims60\IntControl\x64\Bin\Execute.obj
C:\TRANSIMS\Transims60\IntControl\x64\Bin\IntControl.obj
C:\TRANSIMS\Transims60\IntControl\x64\Bin\Node_Links.obj
C:\TRANSIMS\Transims60\IntControl\x64\Bin\Read_Deletes.obj
C:\TRANSIMS\Transims60\IntControl\x64\Bin\Read_Sign.obj
C:\TRANSIMS\Transims60\IntControl\x64\Bin\Read_Signal.obj
C:\TRANSIMS\Transims60\IntControl\x64\Bin\Read_Turn.obj
C:\TRANSIMS\Transims60\IntControl\x64\Bin\Update_Signals.obj
C:\TRANSIMS\Transims60\IntControl\x64\Bin\CL.1816.read.1.tlog
C:\TRANSIMS\Transims60\IntControl\x64\Bin\CL.1816.write.1.tlog
C:\TRANSIMS\Transims60\IntControl\x64\Bin\CL.2324.read.1.tlog
C:\TRANSIMS\Transims60\IntControl\x64\Bin\CL.2324.write.1.tlog
C:\TRANSIMS\Transims60\IntControl\x64\Bin\CL.4700.read.1.tlog
C:\TRANSIMS\Transims60\IntControl\x64\Bin\CL.4700.write.1.tlog
C:\TRANSIMS\Transims60\IntControl\x64\Bin\CL.6136.read.1.tlog
C:\TRANSIMS\Transims60\IntControl\x64\Bin\CL.6136.write.1.tlog
C:\TRANSIMS\Transims60\IntControl\x64\Bin\cl.command.1.tlog
C:\TRANSIMS\Transims60\IntControl\x64\Bin\CL.read.1.tlog
C:\TRANSIMS\Transims60\IntControl\x64\Bin\cl.write.1.tlog
C:\TRANSIMS\Transims60\IntControl\x64\Bin\link-cvtres.read.1.tlog
C:\TRANSIMS\Transims60\IntControl\x64\Bin\link-cvtres.write.1.tlog
C:\TRANSIMS\Transims60\IntControl\x64\Bin\link-rc.read.1.tlog
C:\TRANSIMS\Transims60\IntControl\x64\Bin\link-rc.write.1.tlog
C:\TRANSIMS\Transims60\IntControl\x64\Bin\link.command.1.tlog
C:\TRANSIMS\Transims60\IntControl\x64\Bin\link.read.1.tlog
C:\TRANSIMS\Transims60\IntControl\x64\Bin\link.write.1.tlog
C:\TRANSIMS\Transims60\IntControl\x64\Bin\vc110.pdb
C:\TRANSIMS\Transims60\x64\Bin\IntControl.exe
