C:\TRANSIMS\TRANSIMS51\NETPREP\DEBUG\INPUT_ROUTES.OBJ
C:\TRANSIMS\TRANSIMS51\NETPREP\DEBUG\INPUT_SPDCAP.OBJ
C:\TRANSIMS\TRANSIMS51\NETPREP\DEBUG\INPUT_ZONES.OBJ
C:\TRANSIMS\TRANSIMS51\NETPREP\DEBUG\LOCAL_SPACING.OBJ
C:\TRANSIMS\TRANSIMS51\NETPREP\DEBUG\LOCAL_THRU_LINKS.OBJ
C:\TRANSIMS\TRANSIMS51\NETPREP\DEBUG\NETPREP.OBJ
C:\TRANSIMS\TRANSIMS51\NETPREP\DEBUG\NODE_LIST.OBJ
C:\TRANSIMS\TRANSIMS51\NETPREP\DEBUG\NODE_TYPES.OBJ
C:\TRANSIMS\TRANSIMS51\NETPREP\DEBUG\PUT_LINK_DATA.OBJ
C:\TRANSIMS\TRANSIMS51\NETPREP\DEBUG\PUT_NODE_DATA.OBJ
C:\TRANSIMS\TRANSIMS51\NETPREP\DEBUG\PUT_SHAPE_DATA.OBJ
C:\TRANSIMS\TRANSIMS51\NETPREP\DEBUG\READ_SCRIPTS.OBJ
C:\TRANSIMS\TRANSIMS51\NETPREP\DEBUG\SAVE_ROUTE.OBJ
C:\TRANSIMS\TRANSIMS51\NETPREP\DEBUG\SELECT_BEST.OBJ
C:\TRANSIMS\TRANSIMS51\NETPREP\DEBUG\SHORT_LINKS.OBJ
C:\TRANSIMS\TRANSIMS51\NETPREP\DEBUG\SPACE_PROCESSING.OBJ
C:\TRANSIMS\TRANSIMS51\NETPREP\DEBUG\SPLIT_LOOPS.OBJ
C:\TRANSIMS\TRANSIMS51\NETPREP\DEBUG\THRU_LINKS.OBJ
C:\TRANSIMS\TRANSIMS51\NETPREP\DEBUG\TRACE_LINKS.OBJ
C:\TRANSIMS\TRANSIMS51\NETPREP\DEBUG\WRITE_LINK_NODES.OBJ
C:\TRANSIMS\TRANSIMS51\NETPREP\DEBUG\BEARING_UPDATE.OBJ
C:\TRANSIMS\TRANSIMS51\NETPREP\DEBUG\CHECK_INTERSECTIONS.OBJ
C:\TRANSIMS\TRANSIMS51\NETPREP\DEBUG\CLOSEST_ZONE.OBJ
C:\TRANSIMS\TRANSIMS51\NETPREP\DEBUG\COLLAPSE_NODES.OBJ
C:\TRANSIMS\TRANSIMS51\NETPREP\DEBUG\COMPARE_LINKS.OBJ
C:\TRANSIMS\TRANSIMS51\NETPREP\DEBUG\CONTROL.OBJ
C:\TRANSIMS\TRANSIMS51\NETPREP\DEBUG\DELETE_LINK.OBJ
C:\TRANSIMS\TRANSIMS51\NETPREP\DEBUG\DROP_LINKS.OBJ
C:\TRANSIMS\TRANSIMS51\NETPREP\DEBUG\EXECUTE.OBJ
C:\TRANSIMS\TRANSIMS51\NETPREP\DEBUG\GET_LINK_DATA.OBJ
C:\TRANSIMS\TRANSIMS51\NETPREP\DEBUG\GET_NODE_DATA.OBJ
C:\TRANSIMS\TRANSIMS51\NETPREP\DEBUG\INPUT_LINKS.OBJ
C:\TRANSIMS\TRANSIMS51\NETPREP\DEBUG\INPUT_NODES.OBJ
C:\TRANSIMS\TRANSIMS51\NETPREP\DEBUG\VC110.PDB
C:\TRANSIMS\TRANSIMS51\NETPREP\DEBUG\BEARING_UPDATE.CPP.NATIVECODEANALYSIS.XML
C:\TRANSIMS\TRANSIMS51\NETPREP\DEBUG\CHECK_INTERSECTIONS.CPP.NATIVECODEANALYSIS.XML
C:\TRANSIMS\TRANSIMS51\NETPREP\DEBUG\CLOSEST_ZONE.CPP.NATIVECODEANALYSIS.XML
C:\TRANSIMS\TRANSIMS51\NETPREP\DEBUG\COLLAPSE_NODES.CPP.NATIVECODEANALYSIS.XML
C:\TRANSIMS\TRANSIMS51\NETPREP\DEBUG\COMPARE_LINKS.CPP.NATIVECODEANALYSIS.XML
C:\TRANSIMS\TRANSIMS51\NETPREP\DEBUG\CONTROL.CPP.NATIVECODEANALYSIS.XML
C:\TRANSIMS\TRANSIMS51\NETPREP\DEBUG\DELETE_LINK.CPP.NATIVECODEANALYSIS.XML
C:\TRANSIMS\TRANSIMS51\NETPREP\DEBUG\DROP_LINKS.CPP.NATIVECODEANALYSIS.XML
C:\TRANSIMS\TRANSIMS51\NETPREP\DEBUG\EXECUTE.CPP.NATIVECODEANALYSIS.XML
C:\TRANSIMS\TRANSIMS51\NETPREP\DEBUG\GET_LINK_DATA.CPP.NATIVECODEANALYSIS.XML
C:\TRANSIMS\TRANSIMS51\NETPREP\DEBUG\GET_NODE_DATA.CPP.NATIVECODEANALYSIS.XML
C:\TRANSIMS\TRANSIMS51\NETPREP\DEBUG\INPUT_LINKS.CPP.NATIVECODEANALYSIS.XML
C:\TRANSIMS\TRANSIMS51\NETPREP\DEBUG\INPUT_NODES.CPP.NATIVECODEANALYSIS.XML
C:\TRANSIMS\TRANSIMS51\NETPREP\DEBUG\INPUT_ROUTES.CPP.NATIVECODEANALYSIS.XML
C:\TRANSIMS\TRANSIMS51\NETPREP\DEBUG\INPUT_SPDCAP.CPP.NATIVECODEANALYSIS.XML
C:\TRANSIMS\TRANSIMS51\NETPREP\DEBUG\INPUT_ZONES.CPP.NATIVECODEANALYSIS.XML
C:\TRANSIMS\TRANSIMS51\NETPREP\DEBUG\LOCAL_SPACING.CPP.NATIVECODEANALYSIS.XML
C:\TRANSIMS\TRANSIMS51\NETPREP\DEBUG\LOCAL_THRU_LINKS.CPP.NATIVECODEANALYSIS.XML
C:\TRANSIMS\TRANSIMS51\NETPREP\DEBUG\NETPREP.CPP.NATIVECODEANALYSIS.XML
C:\TRANSIMS\TRANSIMS51\NETPREP\DEBUG\NODE_LIST.CPP.NATIVECODEANALYSIS.XML
C:\TRANSIMS\TRANSIMS51\NETPREP\DEBUG\NODE_TYPES.CPP.NATIVECODEANALYSIS.XML
C:\TRANSIMS\TRANSIMS51\NETPREP\DEBUG\PUT_LINK_DATA.CPP.NATIVECODEANALYSIS.XML
C:\TRANSIMS\TRANSIMS51\NETPREP\DEBUG\PUT_NODE_DATA.CPP.NATIVECODEANALYSIS.XML
C:\TRANSIMS\TRANSIMS51\NETPREP\DEBUG\PUT_SHAPE_DATA.CPP.NATIVECODEANALYSIS.XML
C:\TRANSIMS\TRANSIMS51\NETPREP\DEBUG\READ_SCRIPTS.CPP.NATIVECODEANALYSIS.XML
C:\TRANSIMS\TRANSIMS51\NETPREP\DEBUG\SAVE_ROUTE.CPP.NATIVECODEANALYSIS.XML
C:\TRANSIMS\TRANSIMS51\NETPREP\DEBUG\SELECT_BEST.CPP.NATIVECODEANALYSIS.XML
C:\TRANSIMS\TRANSIMS51\NETPREP\DEBUG\SHORT_LINKS.CPP.NATIVECODEANALYSIS.XML
C:\TRANSIMS\TRANSIMS51\NETPREP\DEBUG\SPACE_PROCESSING.CPP.NATIVECODEANALYSIS.XML
C:\TRANSIMS\TRANSIMS51\NETPREP\DEBUG\SPLIT_LOOPS.CPP.NATIVECODEANALYSIS.XML
C:\TRANSIMS\TRANSIMS51\NETPREP\DEBUG\THRU_LINKS.CPP.NATIVECODEANALYSIS.XML
C:\TRANSIMS\TRANSIMS51\NETPREP\DEBUG\TRACE_LINKS.CPP.NATIVECODEANALYSIS.XML
C:\TRANSIMS\TRANSIMS51\NETPREP\DEBUG\WRITE_LINK_NODES.CPP.NATIVECODEANALYSIS.XML
C:\TRANSIMS\TRANSIMS51\DEBUG\NETPREP.ILK
C:\TRANSIMS\TRANSIMS51\DEBUG\NETPREP.EXE
C:\TRANSIMS\TRANSIMS51\DEBUG\NETPREP.PDB
C:\TRANSIMS\Transims51\NetPrep\Debug\NetPrep.vcxprojResolveAssemblyReference.cache
C:\TRANSIMS\Transims51\NetPrep\Debug\Bearing_Update.obj
C:\TRANSIMS\Transims51\NetPrep\Debug\Check_Intersections.obj
C:\TRANSIMS\Transims51\NetPrep\Debug\Closest_Zone.obj
C:\TRANSIMS\Transims51\NetPrep\Debug\Collapse_Nodes.obj
C:\TRANSIMS\Transims51\NetPrep\Debug\Compare_Links.obj
C:\TRANSIMS\Transims51\NetPrep\Debug\Control.obj
C:\TRANSIMS\Transims51\NetPrep\Debug\Delete_Link.obj
C:\TRANSIMS\Transims51\NetPrep\Debug\Drop_Links.obj
C:\TRANSIMS\Transims51\NetPrep\Debug\Execute.obj
C:\TRANSIMS\Transims51\NetPrep\Debug\Get_Link_Data.obj
C:\TRANSIMS\Transims51\NetPrep\Debug\Get_Node_Data.obj
C:\TRANSIMS\Transims51\NetPrep\Debug\Input_Links.obj
C:\TRANSIMS\Transims51\NetPrep\Debug\Input_Nodes.obj
C:\TRANSIMS\Transims51\NetPrep\Debug\Input_Routes.obj
C:\TRANSIMS\Transims51\NetPrep\Debug\Input_SpdCap.obj
C:\TRANSIMS\Transims51\NetPrep\Debug\Input_Zones.obj
C:\TRANSIMS\Transims51\NetPrep\Debug\Local_Spacing.obj
C:\TRANSIMS\Transims51\NetPrep\Debug\Local_Thru_Links.obj
C:\TRANSIMS\Transims51\NetPrep\Debug\NetPrep.obj
C:\TRANSIMS\Transims51\NetPrep\Debug\Node_List.obj
C:\TRANSIMS\Transims51\NetPrep\Debug\Node_Types.obj
C:\TRANSIMS\Transims51\NetPrep\Debug\Put_Link_Data.obj
C:\TRANSIMS\Transims51\NetPrep\Debug\Put_Node_Data.obj
C:\TRANSIMS\Transims51\NetPrep\Debug\Put_Shape_Data.obj
C:\TRANSIMS\Transims51\NetPrep\Debug\Read_Scripts.obj
C:\TRANSIMS\Transims51\NetPrep\Debug\Save_Route.obj
C:\TRANSIMS\Transims51\NetPrep\Debug\Select_Best.obj
C:\TRANSIMS\Transims51\NetPrep\Debug\Short_Links.obj
C:\TRANSIMS\Transims51\NetPrep\Debug\Space_Processing.obj
C:\TRANSIMS\Transims51\NetPrep\Debug\Split_Loops.obj
C:\TRANSIMS\Transims51\NetPrep\Debug\Thru_Links.obj
C:\TRANSIMS\Transims51\NetPrep\Debug\Trace_Links.obj
C:\TRANSIMS\Transims51\NetPrep\Debug\Write_Link_Nodes.obj
C:\TRANSIMS\Transims51\NetPrep\Debug\cl.command.1.tlog
C:\TRANSIMS\Transims51\NetPrep\Debug\CL.read.1.tlog
C:\TRANSIMS\Transims51\NetPrep\Debug\CL.write.1.tlog
C:\TRANSIMS\Transims51\NetPrep\Debug\link-cvtres.read.1.tlog
C:\TRANSIMS\Transims51\NetPrep\Debug\link-cvtres.write.1.tlog
C:\TRANSIMS\Transims51\NetPrep\Debug\link-rc.read.1.tlog
C:\TRANSIMS\Transims51\NetPrep\Debug\link-rc.write.1.tlog
C:\TRANSIMS\Transims51\NetPrep\Debug\link.2832-cvtres.read.1.tlog
C:\TRANSIMS\Transims51\NetPrep\Debug\link.2832-cvtres.write.1.tlog
C:\TRANSIMS\Transims51\NetPrep\Debug\link.2832-rc.read.1.tlog
C:\TRANSIMS\Transims51\NetPrep\Debug\link.2832-rc.write.1.tlog
C:\TRANSIMS\Transims51\NetPrep\Debug\link.2832.read.1.tlog
C:\TRANSIMS\Transims51\NetPrep\Debug\link.2832.write.1.tlog
C:\TRANSIMS\Transims51\NetPrep\Debug\link.4416-cvtres.read.1.tlog
C:\TRANSIMS\Transims51\NetPrep\Debug\link.4416-cvtres.write.1.tlog
C:\TRANSIMS\Transims51\NetPrep\Debug\link.4416-rc.read.1.tlog
C:\TRANSIMS\Transims51\NetPrep\Debug\link.4416-rc.write.1.tlog
C:\TRANSIMS\Transims51\NetPrep\Debug\link.4416.read.1.tlog
C:\TRANSIMS\Transims51\NetPrep\Debug\link.4416.write.1.tlog
C:\TRANSIMS\Transims51\NetPrep\Debug\link.840-cvtres.read.1.tlog
C:\TRANSIMS\Transims51\NetPrep\Debug\link.840-cvtres.write.1.tlog
C:\TRANSIMS\Transims51\NetPrep\Debug\link.840-rc.read.1.tlog
C:\TRANSIMS\Transims51\NetPrep\Debug\link.840-rc.write.1.tlog
C:\TRANSIMS\Transims51\NetPrep\Debug\link.840.read.1.tlog
C:\TRANSIMS\Transims51\NetPrep\Debug\link.840.write.1.tlog
C:\TRANSIMS\Transims51\NetPrep\Debug\link.command.1.tlog
C:\TRANSIMS\Transims51\NetPrep\Debug\link.read.1.tlog
C:\TRANSIMS\Transims51\NetPrep\Debug\link.write.1.tlog
C:\TRANSIMS\Transims51\NetPrep\Debug\NativeCodeAnalysis.read.1.tlog
C:\TRANSIMS\Transims51\NetPrep\Debug\vc110.idb
C:\TRANSIMS\Transims51\NetPrep\Debug\vc110.pdb
C:\TRANSIMS\Transims51\NetPrep\Debug\Bearing_Update.cpp.nativecodeanalysis.xml
C:\TRANSIMS\Transims51\NetPrep\Debug\Check_Intersections.cpp.nativecodeanalysis.xml
C:\TRANSIMS\Transims51\NetPrep\Debug\Closest_Zone.cpp.nativecodeanalysis.xml
C:\TRANSIMS\Transims51\NetPrep\Debug\Collapse_Nodes.cpp.nativecodeanalysis.xml
C:\TRANSIMS\Transims51\NetPrep\Debug\Compare_Links.cpp.nativecodeanalysis.xml
C:\TRANSIMS\Transims51\NetPrep\Debug\Control.cpp.nativecodeanalysis.xml
C:\TRANSIMS\Transims51\NetPrep\Debug\Delete_Link.cpp.nativecodeanalysis.xml
C:\TRANSIMS\Transims51\NetPrep\Debug\Drop_Links.cpp.nativecodeanalysis.xml
C:\TRANSIMS\Transims51\NetPrep\Debug\Execute.cpp.nativecodeanalysis.xml
C:\TRANSIMS\Transims51\NetPrep\Debug\Get_Link_Data.cpp.nativecodeanalysis.xml
C:\TRANSIMS\Transims51\NetPrep\Debug\Get_Node_Data.cpp.nativecodeanalysis.xml
C:\TRANSIMS\Transims51\NetPrep\Debug\Input_Links.cpp.nativecodeanalysis.xml
C:\TRANSIMS\Transims51\NetPrep\Debug\Input_Nodes.cpp.nativecodeanalysis.xml
C:\TRANSIMS\Transims51\NetPrep\Debug\Input_Routes.cpp.nativecodeanalysis.xml
C:\TRANSIMS\Transims51\NetPrep\Debug\Input_SpdCap.cpp.nativecodeanalysis.xml
C:\TRANSIMS\Transims51\NetPrep\Debug\Input_Zones.cpp.nativecodeanalysis.xml
C:\TRANSIMS\Transims51\NetPrep\Debug\Local_Spacing.cpp.nativecodeanalysis.xml
C:\TRANSIMS\Transims51\NetPrep\Debug\Local_Thru_Links.cpp.nativecodeanalysis.xml
C:\TRANSIMS\Transims51\NetPrep\Debug\NetPrep.cpp.nativecodeanalysis.xml
C:\TRANSIMS\Transims51\NetPrep\Debug\Node_List.cpp.nativecodeanalysis.xml
C:\TRANSIMS\Transims51\NetPrep\Debug\Node_Types.cpp.nativecodeanalysis.xml
C:\TRANSIMS\Transims51\NetPrep\Debug\Put_Link_Data.cpp.nativecodeanalysis.xml
C:\TRANSIMS\Transims51\NetPrep\Debug\Put_Node_Data.cpp.nativecodeanalysis.xml
C:\TRANSIMS\Transims51\NetPrep\Debug\Put_Shape_Data.cpp.nativecodeanalysis.xml
C:\TRANSIMS\Transims51\NetPrep\Debug\Read_Scripts.cpp.nativecodeanalysis.xml
C:\TRANSIMS\Transims51\NetPrep\Debug\Save_Route.cpp.nativecodeanalysis.xml
C:\TRANSIMS\Transims51\NetPrep\Debug\Select_Best.cpp.nativecodeanalysis.xml
C:\TRANSIMS\Transims51\NetPrep\Debug\Short_Links.cpp.nativecodeanalysis.xml
C:\TRANSIMS\Transims51\NetPrep\Debug\Space_Processing.cpp.nativecodeanalysis.xml
C:\TRANSIMS\Transims51\NetPrep\Debug\Split_Loops.cpp.nativecodeanalysis.xml
C:\TRANSIMS\Transims51\NetPrep\Debug\Thru_Links.cpp.nativecodeanalysis.xml
C:\TRANSIMS\Transims51\NetPrep\Debug\Trace_Links.cpp.nativecodeanalysis.xml
C:\TRANSIMS\Transims51\NetPrep\Debug\vc.nativecodeanalysis.all.xml
C:\TRANSIMS\Transims51\NetPrep\Debug\Write_Link_Nodes.cpp.nativecodeanalysis.xml
C:\TRANSIMS\Transims51\Debug\NetPrep.pdb
C:\TRANSIMS\Transims51\Debug\NetPrep.exe
C:\TRANSIMS\Transims51\Debug\NetPrep.ilk
C:\TRANSIMS\Transims51\Debug\NetPrep.exe.lastcodeanalysissucceeded
