C:\TRANSIMS\TRANSIMS60\LOCATIONDATA\X64\BIN\VC110.PDB
C:\TRANSIMS\TRANSIMS60\X64\BIN\LOCATIONDATA.EXE
C:\TRANSIMS\Transims60\LocationData\x64\Bin\Check_Zones.obj
C:\TRANSIMS\Transims60\LocationData\x64\Bin\Control.obj
C:\TRANSIMS\Transims60\LocationData\x64\Bin\Execute.obj
C:\TRANSIMS\Transims60\LocationData\x64\Bin\Get_Location_Data.obj
C:\TRANSIMS\Transims60\LocationData\x64\Bin\Get_Zone_Data.obj
C:\TRANSIMS\Transims60\LocationData\x64\Bin\LocationData.obj
C:\TRANSIMS\Transims60\LocationData\x64\Bin\Read_Boundary.obj
C:\TRANSIMS\Transims60\LocationData\x64\Bin\Read_Data.obj
C:\TRANSIMS\Transims60\LocationData\x64\Bin\Read_Polygons.obj
C:\TRANSIMS\Transims60\LocationData\x64\Bin\Read_Subzone.obj
C:\TRANSIMS\Transims60\LocationData\x64\Bin\Read_Subzone_Map.obj
C:\TRANSIMS\Transims60\LocationData\x64\Bin\Set_Files.obj
C:\TRANSIMS\Transims60\LocationData\x64\Bin\Subzone_Weights.obj
C:\TRANSIMS\Transims60\LocationData\x64\Bin\Sub_Map_Weights.obj
C:\TRANSIMS\Transims60\LocationData\x64\Bin\Walk_Access.obj
C:\TRANSIMS\Transims60\LocationData\x64\Bin\Write_Location.obj
C:\TRANSIMS\Transims60\LocationData\x64\Bin\Zone_Locations.obj
C:\TRANSIMS\Transims60\LocationData\x64\Bin\CL.4200.read.1.tlog
C:\TRANSIMS\Transims60\LocationData\x64\Bin\CL.4200.write.1.tlog
C:\TRANSIMS\Transims60\LocationData\x64\Bin\CL.4404.read.1.tlog
C:\TRANSIMS\Transims60\LocationData\x64\Bin\CL.4404.write.1.tlog
C:\TRANSIMS\Transims60\LocationData\x64\Bin\CL.6096.read.1.tlog
C:\TRANSIMS\Transims60\LocationData\x64\Bin\CL.6096.write.1.tlog
C:\TRANSIMS\Transims60\LocationData\x64\Bin\CL.6712.read.1.tlog
C:\TRANSIMS\Transims60\LocationData\x64\Bin\CL.6712.write.1.tlog
C:\TRANSIMS\Transims60\LocationData\x64\Bin\cl.command.1.tlog
C:\TRANSIMS\Transims60\LocationData\x64\Bin\CL.read.1.tlog
C:\TRANSIMS\Transims60\LocationData\x64\Bin\cl.write.1.tlog
C:\TRANSIMS\Transims60\LocationData\x64\Bin\link-cvtres.read.1.tlog
C:\TRANSIMS\Transims60\LocationData\x64\Bin\link-cvtres.write.1.tlog
C:\TRANSIMS\Transims60\LocationData\x64\Bin\link-rc.read.1.tlog
C:\TRANSIMS\Transims60\LocationData\x64\Bin\link-rc.write.1.tlog
C:\TRANSIMS\Transims60\LocationData\x64\Bin\link.command.1.tlog
C:\TRANSIMS\Transims60\LocationData\x64\Bin\link.read.1.tlog
C:\TRANSIMS\Transims60\LocationData\x64\Bin\link.write.1.tlog
C:\TRANSIMS\Transims60\LocationData\x64\Bin\vc110.pdb
C:\TRANSIMS\Transims60\x64\Bin\LocationData.exe
