C:\SOFTWARE\TRANSIMS60\MATRIXDATA\X64\BINTHREADS\VC110.PDB
C:\SOFTWARE\TRANSIMS60\MATRIXDATA\X64\BINTHREADS\WRITE_SQUARE.OBJ
C:\SOFTWARE\TRANSIMS60\MATRIXDATA\X64\BINTHREADS\MATRIXDATA.OBJ
C:\SOFTWARE\TRANSIMS60\X64\BINTHREADS\MATRIXDATA.EXE
C:\Software\Transims60\MatrixData\x64\BinThreads\MatrixData.vcxprojResolveAssemblyReference.cache
C:\Software\Transims60\MatrixData\x64\BinThreads\Control.obj
C:\Software\Transims60\MatrixData\x64\BinThreads\Execute.obj
C:\Software\Transims60\MatrixData\x64\BinThreads\Expand_Matrix.obj
C:\Software\Transims60\MatrixData\x64\BinThreads\Margin_Totals.obj
C:\Software\Transims60\MatrixData\x64\BinThreads\MatrixData.obj
C:\Software\Transims60\MatrixData\x64\BinThreads\Matrix_Ratios.obj
C:\Software\Transims60\MatrixData\x64\BinThreads\Read_Data.obj
C:\Software\Transims60\MatrixData\x64\BinThreads\Read_Factors.obj
C:\Software\Transims60\MatrixData\x64\BinThreads\Read_Matrix.obj
C:\Software\Transims60\MatrixData\x64\BinThreads\Read_Square.obj
C:\Software\Transims60\MatrixData\x64\BinThreads\Stats_Report.obj
C:\Software\Transims60\MatrixData\x64\BinThreads\Write_Ends.obj
C:\Software\Transims60\MatrixData\x64\BinThreads\Write_Margin.obj
C:\Software\Transims60\MatrixData\x64\BinThreads\Write_Square.obj
C:\Software\Transims60\MatrixData\x64\BinThreads\Write_Starts.obj
C:\Software\Transims60\MatrixData\x64\BinThreads\CL.1040.read.1.tlog
C:\Software\Transims60\MatrixData\x64\BinThreads\CL.1040.write.1.tlog
C:\Software\Transims60\MatrixData\x64\BinThreads\CL.3536.read.1.tlog
C:\Software\Transims60\MatrixData\x64\BinThreads\CL.3536.write.1.tlog
C:\Software\Transims60\MatrixData\x64\BinThreads\CL.4368.read.1.tlog
C:\Software\Transims60\MatrixData\x64\BinThreads\CL.4368.write.1.tlog
C:\Software\Transims60\MatrixData\x64\BinThreads\CL.5344.read.1.tlog
C:\Software\Transims60\MatrixData\x64\BinThreads\CL.5344.write.1.tlog
C:\Software\Transims60\MatrixData\x64\BinThreads\CL.5404.read.1.tlog
C:\Software\Transims60\MatrixData\x64\BinThreads\CL.5404.write.1.tlog
C:\Software\Transims60\MatrixData\x64\BinThreads\CL.5476.read.1.tlog
C:\Software\Transims60\MatrixData\x64\BinThreads\CL.5476.write.1.tlog
C:\Software\Transims60\MatrixData\x64\BinThreads\cl.command.1.tlog
C:\Software\Transims60\MatrixData\x64\BinThreads\CL.read.1.tlog
C:\Software\Transims60\MatrixData\x64\BinThreads\cl.write.1.tlog
C:\Software\Transims60\MatrixData\x64\BinThreads\link-cvtres.read.1.tlog
C:\Software\Transims60\MatrixData\x64\BinThreads\link-cvtres.write.1.tlog
C:\Software\Transims60\MatrixData\x64\BinThreads\link-rc.read.1.tlog
C:\Software\Transims60\MatrixData\x64\BinThreads\link-rc.write.1.tlog
C:\Software\Transims60\MatrixData\x64\BinThreads\link.command.1.tlog
C:\Software\Transims60\MatrixData\x64\BinThreads\link.read.1.tlog
C:\Software\Transims60\MatrixData\x64\BinThreads\link.write.1.tlog
C:\Software\Transims60\MatrixData\x64\BinThreads\vc110.pdb
C:\Software\Transims60\x64\BinThreads\MatrixData.exe
