C:\SOFTWARE\TRANSIMS60\RIDERSUM\X64\BINTHREADS\VC110.PDB
C:\SOFTWARE\TRANSIMS60\X64\BINTHREADS\RIDERSUM.EXE
C:\Software\Transims60\RiderSum\x64\BinThreads\RiderSum.vcxprojResolveAssemblyReference.cache
C:\Software\Transims60\RiderSum\x64\BinThreads\Control.obj
C:\Software\Transims60\RiderSum\x64\BinThreads\Execute.obj
C:\Software\Transims60\RiderSum\x64\BinThreads\Group_Rider_Report.obj
C:\Software\Transims60\RiderSum\x64\BinThreads\Line_Group_Report.obj
C:\Software\Transims60\RiderSum\x64\BinThreads\Line_Rider_Report.obj
C:\Software\Transims60\RiderSum\x64\BinThreads\Line_Sum_Report.obj
C:\Software\Transims60\RiderSum\x64\BinThreads\Link_Selection.obj
C:\Software\Transims60\RiderSum\x64\BinThreads\RiderSum.obj
C:\Software\Transims60\RiderSum\x64\BinThreads\Run_Selection.obj
C:\Software\Transims60\RiderSum\x64\BinThreads\Setup_Riders.obj
C:\Software\Transims60\RiderSum\x64\BinThreads\Stop_Group_Report.obj
C:\Software\Transims60\RiderSum\x64\BinThreads\Stop_Route_Report.obj
C:\Software\Transims60\RiderSum\x64\BinThreads\Stop_Run_Report.obj
C:\Software\Transims60\RiderSum\x64\BinThreads\Stop_Sum_Report.obj
C:\Software\Transims60\RiderSum\x64\BinThreads\Sum_Riders.obj
C:\Software\Transims60\RiderSum\x64\BinThreads\Write_Group_Rider.obj
C:\Software\Transims60\RiderSum\x64\BinThreads\Write_Line_Rider.obj
C:\Software\Transims60\RiderSum\x64\BinThreads\Write_Stop_Details.obj
C:\Software\Transims60\RiderSum\x64\BinThreads\Write_Stop_Profile.obj
C:\Software\Transims60\RiderSum\x64\BinThreads\Write_Stop_Route.obj
C:\Software\Transims60\RiderSum\x64\BinThreads\CL.1188.read.1.tlog
C:\Software\Transims60\RiderSum\x64\BinThreads\CL.1188.write.1.tlog
C:\Software\Transims60\RiderSum\x64\BinThreads\CL.2180.read.1.tlog
C:\Software\Transims60\RiderSum\x64\BinThreads\CL.2180.write.1.tlog
C:\Software\Transims60\RiderSum\x64\BinThreads\CL.3260.read.1.tlog
C:\Software\Transims60\RiderSum\x64\BinThreads\CL.3260.write.1.tlog
C:\Software\Transims60\RiderSum\x64\BinThreads\CL.3284.read.1.tlog
C:\Software\Transims60\RiderSum\x64\BinThreads\CL.3284.write.1.tlog
C:\Software\Transims60\RiderSum\x64\BinThreads\cl.command.1.tlog
C:\Software\Transims60\RiderSum\x64\BinThreads\CL.read.1.tlog
C:\Software\Transims60\RiderSum\x64\BinThreads\cl.write.1.tlog
C:\Software\Transims60\RiderSum\x64\BinThreads\link-cvtres.read.1.tlog
C:\Software\Transims60\RiderSum\x64\BinThreads\link-cvtres.write.1.tlog
C:\Software\Transims60\RiderSum\x64\BinThreads\link-rc.read.1.tlog
C:\Software\Transims60\RiderSum\x64\BinThreads\link-rc.write.1.tlog
C:\Software\Transims60\RiderSum\x64\BinThreads\link.command.1.tlog
C:\Software\Transims60\RiderSum\x64\BinThreads\link.read.1.tlog
C:\Software\Transims60\RiderSum\x64\BinThreads\link.write.1.tlog
C:\Software\Transims60\RiderSum\x64\BinThreads\vc110.pdb
C:\Software\Transims60\x64\BinThreads\RiderSum.exe
