C:\SOFTWARE\TRANSIMS60\ROUTEPREP\X64\BINTHREADS\VC110.PDB
C:\SOFTWARE\TRANSIMS60\X64\BINTHREADS\ROUTEPREP.EXE
C:\Software\Transims60\RoutePrep\x64\BinThreads\RoutePrep.vcxprojResolveAssemblyReference.cache
C:\Software\Transims60\RoutePrep\x64\BinThreads\Control.obj
C:\Software\Transims60\RoutePrep\x64\BinThreads\Endline_Station.obj
C:\Software\Transims60\RoutePrep\x64\BinThreads\Execute.obj
C:\Software\Transims60\RoutePrep\x64\BinThreads\Inline_Station.obj
C:\Software\Transims60\RoutePrep\x64\BinThreads\Input_Routes.obj
C:\Software\Transims60\RoutePrep\x64\BinThreads\Insert_Link.obj
C:\Software\Transims60\RoutePrep\x64\BinThreads\Insert_Stations.obj
C:\Software\Transims60\RoutePrep\x64\BinThreads\Link_Order.obj
C:\Software\Transims60\RoutePrep\x64\BinThreads\Platform_Link.obj
C:\Software\Transims60\RoutePrep\x64\BinThreads\Read_Factors.obj
C:\Software\Transims60\RoutePrep\x64\BinThreads\Read_Node_File.obj
C:\Software\Transims60\RoutePrep\x64\BinThreads\Read_Node_Map.obj
C:\Software\Transims60\RoutePrep\x64\BinThreads\Read_Routes.obj
C:\Software\Transims60\RoutePrep\x64\BinThreads\Read_Route_Stops.obj
C:\Software\Transims60\RoutePrep\x64\BinThreads\Read_Scripts.obj
C:\Software\Transims60\RoutePrep\x64\BinThreads\Read_Speeds.obj
C:\Software\Transims60\RoutePrep\x64\BinThreads\Read_Stations.obj
C:\Software\Transims60\RoutePrep\x64\BinThreads\RoutePrep.obj
C:\Software\Transims60\RoutePrep\x64\BinThreads\Route_Segments.obj
C:\Software\Transims60\RoutePrep\x64\BinThreads\Save_Route.obj
C:\Software\Transims60\RoutePrep\x64\BinThreads\Transifer_Link.obj
C:\Software\Transims60\RoutePrep\x64\BinThreads\Update_Routes.obj
C:\Software\Transims60\RoutePrep\x64\BinThreads\Write_Node_Map.obj
C:\Software\Transims60\RoutePrep\x64\BinThreads\Write_Route.obj
C:\Software\Transims60\RoutePrep\x64\BinThreads\CL.1728.read.1.tlog
C:\Software\Transims60\RoutePrep\x64\BinThreads\CL.1728.write.1.tlog
C:\Software\Transims60\RoutePrep\x64\BinThreads\CL.5344.read.1.tlog
C:\Software\Transims60\RoutePrep\x64\BinThreads\CL.5344.write.1.tlog
C:\Software\Transims60\RoutePrep\x64\BinThreads\CL.5668.read.1.tlog
C:\Software\Transims60\RoutePrep\x64\BinThreads\CL.5668.write.1.tlog
C:\Software\Transims60\RoutePrep\x64\BinThreads\CL.5740.read.1.tlog
C:\Software\Transims60\RoutePrep\x64\BinThreads\CL.5740.write.1.tlog
C:\Software\Transims60\RoutePrep\x64\BinThreads\cl.command.1.tlog
C:\Software\Transims60\RoutePrep\x64\BinThreads\CL.read.1.tlog
C:\Software\Transims60\RoutePrep\x64\BinThreads\cl.write.1.tlog
C:\Software\Transims60\RoutePrep\x64\BinThreads\link-cvtres.read.1.tlog
C:\Software\Transims60\RoutePrep\x64\BinThreads\link-cvtres.write.1.tlog
C:\Software\Transims60\RoutePrep\x64\BinThreads\link-rc.read.1.tlog
C:\Software\Transims60\RoutePrep\x64\BinThreads\link-rc.write.1.tlog
C:\Software\Transims60\RoutePrep\x64\BinThreads\link.command.1.tlog
C:\Software\Transims60\RoutePrep\x64\BinThreads\link.read.1.tlog
C:\Software\Transims60\RoutePrep\x64\BinThreads\link.write.1.tlog
C:\Software\Transims60\RoutePrep\x64\BinThreads\vc110.pdb
C:\Software\Transims60\x64\BinThreads\RoutePrep.exe
