C:\TRANSIMS\TRANSIMS51\TRIPDATA\DEBUG\CONTROL.OBJ
C:\TRANSIMS\TRANSIMS51\TRIPDATA\DEBUG\EXECUTE.OBJ
C:\TRANSIMS\TRANSIMS51\TRIPDATA\DEBUG\GET_ZONE_DATA.OBJ
C:\TRANSIMS\TRANSIMS51\TRIPDATA\DEBUG\READ_DATA.OBJ
C:\TRANSIMS\TRANSIMS51\TRIPDATA\DEBUG\SET_FILES.OBJ
C:\TRANSIMS\TRANSIMS51\TRIPDATA\DEBUG\TRIPDATA.OBJ
C:\TRANSIMS\TRANSIMS51\TRIPDATA\DEBUG\WRITE_TRIP.OBJ
C:\TRANSIMS\TRANSIMS51\TRIPDATA\DEBUG\VC110.PDB
C:\TRANSIMS\TRANSIMS51\DEBUG\TRIPDATA.ILK
C:\TRANSIMS\TRANSIMS51\DEBUG\TRIPDATA.EXE
C:\TRANSIMS\TRANSIMS51\DEBUG\TRIPDATA.PDB
C:\TRANSIMS\Transims51\TripData\Debug\TripData.vcxprojResolveAssemblyReference.cache
C:\TRANSIMS\Transims51\TripData\Debug\Control.obj
C:\TRANSIMS\Transims51\TripData\Debug\Execute.obj
C:\TRANSIMS\Transims51\TripData\Debug\Get_Zone_Data.obj
C:\TRANSIMS\Transims51\TripData\Debug\Read_Data.obj
C:\TRANSIMS\Transims51\TripData\Debug\Set_Files.obj
C:\TRANSIMS\Transims51\TripData\Debug\TripData.obj
C:\TRANSIMS\Transims51\TripData\Debug\Write_Trip.obj
C:\TRANSIMS\Transims51\TripData\Debug\cl.command.1.tlog
C:\TRANSIMS\Transims51\TripData\Debug\CL.read.1.tlog
C:\TRANSIMS\Transims51\TripData\Debug\CL.write.1.tlog
C:\TRANSIMS\Transims51\TripData\Debug\link-cvtres.read.1.tlog
C:\TRANSIMS\Transims51\TripData\Debug\link-cvtres.write.1.tlog
C:\TRANSIMS\Transims51\TripData\Debug\link-rc.read.1.tlog
C:\TRANSIMS\Transims51\TripData\Debug\link-rc.write.1.tlog
C:\TRANSIMS\Transims51\TripData\Debug\link.command.1.tlog
C:\TRANSIMS\Transims51\TripData\Debug\link.read.1.tlog
C:\TRANSIMS\Transims51\TripData\Debug\link.write.1.tlog
C:\TRANSIMS\Transims51\TripData\Debug\vc110.idb
C:\TRANSIMS\Transims51\TripData\Debug\vc110.pdb
C:\TRANSIMS\Transims51\Debug\TripData.pdb
C:\TRANSIMS\Transims51\Debug\TripData.exe
C:\TRANSIMS\Transims51\Debug\TripData.ilk
