C:\SOFTWARE\TRANSIMS60\FRATAR\X64\BINTHREADS\VC110.PDB
C:\SOFTWARE\TRANSIMS60\X64\BINTHREADS\FRATAR.EXE
C:\Software\Transims60\Fratar\x64\BinThreads\Fratar.vcxprojResolveAssemblyReference.cache
C:\Software\Transims60\Fratar\x64\BinThreads\Control.obj
C:\Software\Transims60\Fratar\x64\BinThreads\Execute.obj
C:\Software\Transims60\Fratar\x64\BinThreads\Fratar.obj
C:\Software\Transims60\Fratar\x64\BinThreads\Processing.obj
C:\Software\Transims60\Fratar\x64\BinThreads\Read_Margins.obj
C:\Software\Transims60\Fratar\x64\BinThreads\Read_Table.obj
C:\Software\Transims60\Fratar\x64\BinThreads\Write_Table.obj
C:\Software\Transims60\Fratar\x64\BinThreads\CL.1248.read.1.tlog
C:\Software\Transims60\Fratar\x64\BinThreads\CL.1248.write.1.tlog
C:\Software\Transims60\Fratar\x64\BinThreads\CL.1636.read.1.tlog
C:\Software\Transims60\Fratar\x64\BinThreads\CL.1636.write.1.tlog
C:\Software\Transims60\Fratar\x64\BinThreads\CL.2564.read.1.tlog
C:\Software\Transims60\Fratar\x64\BinThreads\CL.2564.write.1.tlog
C:\Software\Transims60\Fratar\x64\BinThreads\CL.5140.read.1.tlog
C:\Software\Transims60\Fratar\x64\BinThreads\CL.5140.write.1.tlog
C:\Software\Transims60\Fratar\x64\BinThreads\cl.command.1.tlog
C:\Software\Transims60\Fratar\x64\BinThreads\CL.read.1.tlog
C:\Software\Transims60\Fratar\x64\BinThreads\cl.write.1.tlog
C:\Software\Transims60\Fratar\x64\BinThreads\link-cvtres.read.1.tlog
C:\Software\Transims60\Fratar\x64\BinThreads\link-cvtres.write.1.tlog
C:\Software\Transims60\Fratar\x64\BinThreads\link-rc.read.1.tlog
C:\Software\Transims60\Fratar\x64\BinThreads\link-rc.write.1.tlog
C:\Software\Transims60\Fratar\x64\BinThreads\link.command.1.tlog
C:\Software\Transims60\Fratar\x64\BinThreads\link.read.1.tlog
C:\Software\Transims60\Fratar\x64\BinThreads\link.write.1.tlog
C:\Software\Transims60\Fratar\x64\BinThreads\vc110.pdb
C:\Software\Transims60\x64\BinThreads\Fratar.exe
