C:\SOFTWARE\TRANSIMS60\TOURDATA\WIN32\BIN\VC110.PDB
C:\SOFTWARE\TRANSIMS60\WIN32\BIN\TOURDATA.EXE
C:\Software\Transims60\TourData\Win32\Bin\TourData.vcxprojResolveAssemblyReference.cache
C:\Software\Transims60\TourData\Win32\Bin\Control.obj
C:\Software\Transims60\TourData\Win32\Bin\Execute.obj
C:\Software\Transims60\TourData\Win32\Bin\Get_Zone_Data.obj
C:\Software\Transims60\TourData\Win32\Bin\Normalize.obj
C:\Software\Transims60\TourData\Win32\Bin\Process.obj
C:\Software\Transims60\TourData\Win32\Bin\Read_Tour.obj
C:\Software\Transims60\TourData\Win32\Bin\Stats_Report.obj
C:\Software\Transims60\TourData\Win32\Bin\TourData.obj
C:\Software\Transims60\TourData\Win32\Bin\Write_Attractions.obj
C:\Software\Transims60\TourData\Win32\Bin\Write_Tour.obj
C:\Software\Transims60\TourData\Win32\Bin\Zone_Distance.obj
C:\Software\Transims60\TourData\Win32\Bin\Zone_Groups.obj
C:\Software\Transims60\TourData\Win32\Bin\Zone_Report.obj
C:\Software\Transims60\TourData\Win32\Bin\CL.1276.read.1.tlog
C:\Software\Transims60\TourData\Win32\Bin\CL.1276.write.1.tlog
C:\Software\Transims60\TourData\Win32\Bin\CL.3160.read.1.tlog
C:\Software\Transims60\TourData\Win32\Bin\CL.3160.write.1.tlog
C:\Software\Transims60\TourData\Win32\Bin\CL.3308.read.1.tlog
C:\Software\Transims60\TourData\Win32\Bin\CL.3308.write.1.tlog
C:\Software\Transims60\TourData\Win32\Bin\CL.5776.read.1.tlog
C:\Software\Transims60\TourData\Win32\Bin\CL.5776.write.1.tlog
C:\Software\Transims60\TourData\Win32\Bin\cl.command.1.tlog
C:\Software\Transims60\TourData\Win32\Bin\CL.read.1.tlog
C:\Software\Transims60\TourData\Win32\Bin\cl.write.1.tlog
C:\Software\Transims60\TourData\Win32\Bin\link-cvtres.read.1.tlog
C:\Software\Transims60\TourData\Win32\Bin\link-cvtres.write.1.tlog
C:\Software\Transims60\TourData\Win32\Bin\link-rc.read.1.tlog
C:\Software\Transims60\TourData\Win32\Bin\link-rc.write.1.tlog
C:\Software\Transims60\TourData\Win32\Bin\link.command.1.tlog
C:\Software\Transims60\TourData\Win32\Bin\link.read.1.tlog
C:\Software\Transims60\TourData\Win32\Bin\link.write.1.tlog
