C:\TRANSIMS\TRANSIMS60\SIMSUBAREAS\X64\BIN\VC110.PDB
C:\TRANSIMS\TRANSIMS60\X64\BIN\SIMSUBAREAS.EXE
C:\TRANSIMS\Transims60\SimSubareas\x64\Bin\Boundary_Nodes.obj
C:\TRANSIMS\Transims60\SimSubareas\x64\Bin\Control.obj
C:\TRANSIMS\Transims60\SimSubareas\x64\Bin\Distribute_Nodes.obj
C:\TRANSIMS\Transims60\SimSubareas\x64\Bin\Execute.obj
C:\TRANSIMS\Transims60\SimSubareas\x64\Bin\SimSubareas.obj
C:\TRANSIMS\Transims60\SimSubareas\x64\Bin\CL.1300.read.1.tlog
C:\TRANSIMS\Transims60\SimSubareas\x64\Bin\CL.1300.write.1.tlog
C:\TRANSIMS\Transims60\SimSubareas\x64\Bin\CL.4160.read.1.tlog
C:\TRANSIMS\Transims60\SimSubareas\x64\Bin\CL.4160.write.1.tlog
C:\TRANSIMS\Transims60\SimSubareas\x64\Bin\CL.5116.read.1.tlog
C:\TRANSIMS\Transims60\SimSubareas\x64\Bin\CL.5116.write.1.tlog
C:\TRANSIMS\Transims60\SimSubareas\x64\Bin\CL.5440.read.1.tlog
C:\TRANSIMS\Transims60\SimSubareas\x64\Bin\CL.5440.write.1.tlog
C:\TRANSIMS\Transims60\SimSubareas\x64\Bin\cl.command.1.tlog
C:\TRANSIMS\Transims60\SimSubareas\x64\Bin\CL.read.1.tlog
C:\TRANSIMS\Transims60\SimSubareas\x64\Bin\cl.write.1.tlog
C:\TRANSIMS\Transims60\SimSubareas\x64\Bin\link-cvtres.read.1.tlog
C:\TRANSIMS\Transims60\SimSubareas\x64\Bin\link-cvtres.write.1.tlog
C:\TRANSIMS\Transims60\SimSubareas\x64\Bin\link-rc.read.1.tlog
C:\TRANSIMS\Transims60\SimSubareas\x64\Bin\link-rc.write.1.tlog
C:\TRANSIMS\Transims60\SimSubareas\x64\Bin\link.command.1.tlog
C:\TRANSIMS\Transims60\SimSubareas\x64\Bin\link.read.1.tlog
C:\TRANSIMS\Transims60\SimSubareas\x64\Bin\link.write.1.tlog
C:\TRANSIMS\Transims60\SimSubareas\x64\Bin\vc110.pdb
C:\TRANSIMS\Transims60\x64\Bin\SimSubareas.exe
