Build started 3/7/2014 7:52:31 AM.
     1>Project "C:\Software\Transims60\FileFormat\FileFormat.vcxproj" on node 3 (Build target(s)).
     1>ClCompile:
         C:\Program Files (x86)\Microsoft Visual Studio 11.0\VC\bin\x86_amd64\CL.exe /c /I..\Include /Zi /nologo /W4 /WX /MP /O2 /D WIN32 /D NDEBUG /D _CONSOLE /D TPPLIB /D TCADLIB /D THREADS /Gm- /EHsc /MT /GS /Gy- /Qpar /fp:precise /Zc:wchar_t /Zc:forScope /Fo"x64\BinThreads\\" /Fd"x64\BinThreads\vc110.pdb" /Gd /TP /analyze- /errorReport:prompt Control.cpp Execute.cpp FileFormat.cpp Format_Data.cpp Format_Matrix.cpp Stats_Report.cpp
         Control.cpp
         Execute.cpp
         FileFormat.cpp
         Format_Data.cpp
         Format_Matrix.cpp
         Stats_Report.cpp
       Link:
         C:\Program Files (x86)\Microsoft Visual Studio 11.0\VC\bin\x86_amd64\link.exe /ERRORREPORT:PROMPT /OUT:"C:\Software\Transims60\x64\BinThreads\FileFormat.exe" /INCREMENTAL:NO /NOLOGO kernel32.lib user32.lib gdi32.lib winspool.lib comdlg32.lib advapi32.lib shell32.lib ole32.lib oleaut32.lib uuid.lib odbc32.lib odbccp32.lib /MANIFEST /MANIFESTUAC:"level='asInvoker' uiAccess='false'" /manifest:embed /PDB:"C:\Software\Transims60\x64\BinThreads\FileFormat.pdb" /SUBSYSTEM:CONSOLE,"5.02" /OPT:REF /OPT:ICF /TLBID:1 /DYNAMICBASE /NXCOMPAT /IMPLIB:"C:\Software\Transims60\x64\BinThreads\FileFormat.lib" /MACHINE:X64 x64\BinThreads\Control.obj
         x64\BinThreads\Execute.obj
         x64\BinThreads\FileFormat.obj
         x64\BinThreads\Format_Data.obj
         x64\BinThreads\Format_Matrix.obj
         x64\BinThreads\Stats_Report.obj
         C:\Software\Transims60\SysLib\x64\BinThreads\SysLib.lib
         C:\Software\Transims60\TcadLib\x64\BinThreads\TcadLib.lib
         C:\Software\Transims60\TppLib\x64\BinThreads\TppLib.lib
         FileFormat.vcxproj -> C:\Software\Transims60\x64\BinThreads\FileFormat.exe
     1>Done Building Project "C:\Software\Transims60\FileFormat\FileFormat.vcxproj" (Build target(s)).

Build succeeded.

Time Elapsed 00:00:20.28
