C:\SOFTWARE\TRANSIMS60\FILEFORMAT\X64\BINTHREADS\VC110.PDB
C:\SOFTWARE\TRANSIMS60\X64\BINTHREADS\FILEFORMAT.EXE
C:\Software\Transims60\FileFormat\x64\BinThreads\FileFormat.vcxprojResolveAssemblyReference.cache
C:\Software\Transims60\FileFormat\x64\BinThreads\Control.obj
C:\Software\Transims60\FileFormat\x64\BinThreads\Execute.obj
C:\Software\Transims60\FileFormat\x64\BinThreads\FileFormat.obj
C:\Software\Transims60\FileFormat\x64\BinThreads\Format_Data.obj
C:\Software\Transims60\FileFormat\x64\BinThreads\Format_Matrix.obj
C:\Software\Transims60\FileFormat\x64\BinThreads\Stats_Report.obj
C:\Software\Transims60\FileFormat\x64\BinThreads\CL.2556.read.1.tlog
C:\Software\Transims60\FileFormat\x64\BinThreads\CL.2556.write.1.tlog
C:\Software\Transims60\FileFormat\x64\BinThreads\CL.4320.read.1.tlog
C:\Software\Transims60\FileFormat\x64\BinThreads\CL.4320.write.1.tlog
C:\Software\Transims60\FileFormat\x64\BinThreads\CL.5496.read.1.tlog
C:\Software\Transims60\FileFormat\x64\BinThreads\CL.5496.write.1.tlog
C:\Software\Transims60\FileFormat\x64\BinThreads\CL.5768.read.1.tlog
C:\Software\Transims60\FileFormat\x64\BinThreads\CL.5768.write.1.tlog
C:\Software\Transims60\FileFormat\x64\BinThreads\cl.command.1.tlog
C:\Software\Transims60\FileFormat\x64\BinThreads\CL.read.1.tlog
C:\Software\Transims60\FileFormat\x64\BinThreads\cl.write.1.tlog
C:\Software\Transims60\FileFormat\x64\BinThreads\link-cvtres.read.1.tlog
C:\Software\Transims60\FileFormat\x64\BinThreads\link-cvtres.write.1.tlog
C:\Software\Transims60\FileFormat\x64\BinThreads\link-rc.read.1.tlog
C:\Software\Transims60\FileFormat\x64\BinThreads\link-rc.write.1.tlog
C:\Software\Transims60\FileFormat\x64\BinThreads\link.command.1.tlog
C:\Software\Transims60\FileFormat\x64\BinThreads\link.read.1.tlog
C:\Software\Transims60\FileFormat\x64\BinThreads\link.write.1.tlog
C:\Software\Transims60\FileFormat\x64\BinThreads\vc110.pdb
C:\Software\Transims60\x64\BinThreads\FileFormat.exe
