C:\SOFTWARE\TRANSIMS60\PNRSPLIT\WIN32\BIN\VC110.PDB
C:\SOFTWARE\TRANSIMS60\WIN32\BIN\PNRSPLIT.EXE
C:\Software\Transims60\PNRSplit\Win32\Bin\PNRSplit.vcxprojResolveAssemblyReference.cache
C:\Software\Transims60\PNRSplit\Win32\Bin\Control.obj
C:\Software\Transims60\PNRSplit\Win32\Bin\Execute.obj
C:\Software\Transims60\PNRSplit\Win32\Bin\PNRSplit.obj
C:\Software\Transims60\PNRSplit\Win32\Bin\Process.obj
C:\Software\Transims60\PNRSplit\Win32\Bin\CL.1168.read.1.tlog
C:\Software\Transims60\PNRSplit\Win32\Bin\CL.1168.write.1.tlog
C:\Software\Transims60\PNRSplit\Win32\Bin\CL.5284.read.1.tlog
C:\Software\Transims60\PNRSplit\Win32\Bin\CL.5284.write.1.tlog
C:\Software\Transims60\PNRSplit\Win32\Bin\CL.6060.read.1.tlog
C:\Software\Transims60\PNRSplit\Win32\Bin\CL.6060.write.1.tlog
C:\Software\Transims60\PNRSplit\Win32\Bin\CL.6124.read.1.tlog
C:\Software\Transims60\PNRSplit\Win32\Bin\CL.6124.write.1.tlog
C:\Software\Transims60\PNRSplit\Win32\Bin\cl.command.1.tlog
C:\Software\Transims60\PNRSplit\Win32\Bin\CL.read.1.tlog
C:\Software\Transims60\PNRSplit\Win32\Bin\cl.write.1.tlog
C:\Software\Transims60\PNRSplit\Win32\Bin\link-cvtres.read.1.tlog
C:\Software\Transims60\PNRSplit\Win32\Bin\link-cvtres.write.1.tlog
C:\Software\Transims60\PNRSplit\Win32\Bin\link-rc.read.1.tlog
C:\Software\Transims60\PNRSplit\Win32\Bin\link-rc.write.1.tlog
C:\Software\Transims60\PNRSplit\Win32\Bin\link.command.1.tlog
C:\Software\Transims60\PNRSplit\Win32\Bin\link.read.1.tlog
C:\Software\Transims60\PNRSplit\Win32\Bin\link.write.1.tlog
