C:\TRANSIMS\TRANSIMS51\CONVERTTRIPS\DEBUG\CONVERTTRIPS.OBJ
C:\TRANSIMS\TRANSIMS51\CONVERTTRIPS\DEBUG\CONVERTTRIP_DATA.OBJ
C:\TRANSIMS\TRANSIMS51\CONVERTTRIPS\DEBUG\DIURNAL_RESULTS.OBJ
C:\TRANSIMS\TRANSIMS51\CONVERTTRIPS\DEBUG\EXECUTE.OBJ
C:\TRANSIMS\TRANSIMS51\CONVERTTRIPS\DEBUG\GET_ACCESS_DATA.OBJ
C:\TRANSIMS\TRANSIMS51\CONVERTTRIPS\DEBUG\GET_HOUSEHOLD_DATA.OBJ
C:\TRANSIMS\TRANSIMS51\CONVERTTRIPS\DEBUG\GET_LOCATION_DATA.OBJ
C:\TRANSIMS\TRANSIMS51\CONVERTTRIPS\DEBUG\GET_TRIP_DATA.OBJ
C:\TRANSIMS\TRANSIMS51\CONVERTTRIPS\DEBUG\GET_VEHICLE_DATA.OBJ
C:\TRANSIMS\TRANSIMS51\CONVERTTRIPS\DEBUG\LOCATE_OD.OBJ
C:\TRANSIMS\TRANSIMS51\CONVERTTRIPS\DEBUG\PARKING_CHECK.OBJ
C:\TRANSIMS\TRANSIMS51\CONVERTTRIPS\DEBUG\READ_DIURNAL.OBJ
C:\TRANSIMS\TRANSIMS51\CONVERTTRIPS\DEBUG\READ_FACTORS.OBJ
C:\TRANSIMS\TRANSIMS51\CONVERTTRIPS\DEBUG\READ_TRIP_TABLE.OBJ
C:\TRANSIMS\TRANSIMS51\CONVERTTRIPS\DEBUG\SET_TIME.OBJ
C:\TRANSIMS\TRANSIMS51\CONVERTTRIPS\DEBUG\SET_TRIP.OBJ
C:\TRANSIMS\TRANSIMS51\CONVERTTRIPS\DEBUG\TOUR_FILE.OBJ
C:\TRANSIMS\TRANSIMS51\CONVERTTRIPS\DEBUG\TOUR_MAP.OBJ
C:\TRANSIMS\TRANSIMS51\CONVERTTRIPS\DEBUG\TOUR_PROCESS.OBJ
C:\TRANSIMS\TRANSIMS51\CONVERTTRIPS\DEBUG\ZONE_LOCATION.OBJ
C:\TRANSIMS\TRANSIMS51\CONVERTTRIPS\DEBUG\ADJUST_TRIPS.OBJ
C:\TRANSIMS\TRANSIMS51\CONVERTTRIPS\DEBUG\COMPILE_SCRIPTS.OBJ
C:\TRANSIMS\TRANSIMS51\CONVERTTRIPS\DEBUG\CONTROL.OBJ
C:\TRANSIMS\TRANSIMS51\CONVERTTRIPS\DEBUG\VC110.PDB
C:\TRANSIMS\TRANSIMS51\DEBUG\CONVERTTRIPS.ILK
C:\TRANSIMS\TRANSIMS51\DEBUG\CONVERTTRIPS.EXE
C:\TRANSIMS\TRANSIMS51\DEBUG\CONVERTTRIPS.PDB
C:\TRANSIMS\Transims51\ConvertTrips\Debug\ConvertTrips.vcxprojResolveAssemblyReference.cache
C:\TRANSIMS\Transims51\ConvertTrips\Debug\Adjust_Trips.obj
C:\TRANSIMS\Transims51\ConvertTrips\Debug\Compile_Scripts.obj
C:\TRANSIMS\Transims51\ConvertTrips\Debug\Control.obj
C:\TRANSIMS\Transims51\ConvertTrips\Debug\ConvertTrips.obj
C:\TRANSIMS\Transims51\ConvertTrips\Debug\ConvertTrip_Data.obj
C:\TRANSIMS\Transims51\ConvertTrips\Debug\Diurnal_Results.obj
C:\TRANSIMS\Transims51\ConvertTrips\Debug\Execute.obj
C:\TRANSIMS\Transims51\ConvertTrips\Debug\Get_Access_Data.obj
C:\TRANSIMS\Transims51\ConvertTrips\Debug\Get_Household_Data.obj
C:\TRANSIMS\Transims51\ConvertTrips\Debug\Get_Location_Data.obj
C:\TRANSIMS\Transims51\ConvertTrips\Debug\Get_Trip_Data.obj
C:\TRANSIMS\Transims51\ConvertTrips\Debug\Get_Vehicle_Data.obj
C:\TRANSIMS\Transims51\ConvertTrips\Debug\Locate_OD.obj
C:\TRANSIMS\Transims51\ConvertTrips\Debug\Parking_Check.obj
C:\TRANSIMS\Transims51\ConvertTrips\Debug\Read_Diurnal.obj
C:\TRANSIMS\Transims51\ConvertTrips\Debug\Read_Factors.obj
C:\TRANSIMS\Transims51\ConvertTrips\Debug\Read_Trip_Table.obj
C:\TRANSIMS\Transims51\ConvertTrips\Debug\Set_Time.obj
C:\TRANSIMS\Transims51\ConvertTrips\Debug\Set_Trip.obj
C:\TRANSIMS\Transims51\ConvertTrips\Debug\Tour_File.obj
C:\TRANSIMS\Transims51\ConvertTrips\Debug\Tour_Map.obj
C:\TRANSIMS\Transims51\ConvertTrips\Debug\Tour_Process.obj
C:\TRANSIMS\Transims51\ConvertTrips\Debug\Zone_Location.obj
C:\TRANSIMS\Transims51\ConvertTrips\Debug\cl.command.1.tlog
C:\TRANSIMS\Transims51\ConvertTrips\Debug\CL.read.1.tlog
C:\TRANSIMS\Transims51\ConvertTrips\Debug\CL.write.1.tlog
C:\TRANSIMS\Transims51\ConvertTrips\Debug\link-cvtres.read.1.tlog
C:\TRANSIMS\Transims51\ConvertTrips\Debug\link-cvtres.write.1.tlog
C:\TRANSIMS\Transims51\ConvertTrips\Debug\link-rc.read.1.tlog
C:\TRANSIMS\Transims51\ConvertTrips\Debug\link-rc.write.1.tlog
C:\TRANSIMS\Transims51\ConvertTrips\Debug\link.command.1.tlog
C:\TRANSIMS\Transims51\ConvertTrips\Debug\link.read.1.tlog
C:\TRANSIMS\Transims51\ConvertTrips\Debug\link.write.1.tlog
C:\TRANSIMS\Transims51\ConvertTrips\Debug\vc110.idb
C:\TRANSIMS\Transims51\ConvertTrips\Debug\vc110.pdb
C:\TRANSIMS\Transims51\Debug\ConvertTrips.pdb
C:\TRANSIMS\Transims51\Debug\ConvertTrips.exe
C:\TRANSIMS\Transims51\Debug\ConvertTrips.ilk
