C:\TRANSIMS\TRANSIMS51\PLANSELECT\DEBUG\CONTROL.OBJ
C:\TRANSIMS\TRANSIMS51\PLANSELECT\DEBUG\EXECUTE.OBJ
C:\TRANSIMS\TRANSIMS51\PLANSELECT\DEBUG\MPI_CLOSE.OBJ
C:\TRANSIMS\TRANSIMS51\PLANSELECT\DEBUG\MPI_PROCESSING.OBJ
C:\TRANSIMS\TRANSIMS51\PLANSELECT\DEBUG\MPI_SETUP.OBJ
C:\TRANSIMS\TRANSIMS51\PLANSELECT\DEBUG\MPI_WRITE.OBJ
C:\TRANSIMS\TRANSIMS51\PLANSELECT\DEBUG\PLAN_OUTPUT.OBJ
C:\TRANSIMS\TRANSIMS51\PLANSELECT\DEBUG\PLAN_PROCESSING.OBJ
C:\TRANSIMS\TRANSIMS51\PLANSELECT\DEBUG\PLANSELECT.OBJ
C:\TRANSIMS\TRANSIMS51\PLANSELECT\DEBUG\READ_PLANS.OBJ
C:\TRANSIMS\TRANSIMS51\PLANSELECT\DEBUG\SELECT_PLANS.OBJ
C:\TRANSIMS\TRANSIMS51\PLANSELECT\DEBUG\WRITE_PLANS.OBJ
C:\TRANSIMS\TRANSIMS51\PLANSELECT\DEBUG\VC110.PDB
C:\TRANSIMS\TRANSIMS51\DEBUG\PLANSELECT.ILK
C:\TRANSIMS\TRANSIMS51\DEBUG\PLANSELECT.EXE
C:\TRANSIMS\TRANSIMS51\DEBUG\PLANSELECT.PDB
C:\TRANSIMS\Transims51\PlanSelect\Debug\PlanSelect.vcxprojResolveAssemblyReference.cache
C:\TRANSIMS\Transims51\PlanSelect\Debug\Control.obj
C:\TRANSIMS\Transims51\PlanSelect\Debug\Execute.obj
C:\TRANSIMS\Transims51\PlanSelect\Debug\MPI_Close.obj
C:\TRANSIMS\Transims51\PlanSelect\Debug\MPI_Processing.obj
C:\TRANSIMS\Transims51\PlanSelect\Debug\MPI_Setup.obj
C:\TRANSIMS\Transims51\PlanSelect\Debug\MPI_Write.obj
C:\TRANSIMS\Transims51\PlanSelect\Debug\PlanSelect.obj
C:\TRANSIMS\Transims51\PlanSelect\Debug\Plan_Output.obj
C:\TRANSIMS\Transims51\PlanSelect\Debug\Plan_Processing.obj
C:\TRANSIMS\Transims51\PlanSelect\Debug\Read_Plans.obj
C:\TRANSIMS\Transims51\PlanSelect\Debug\Select_Plans.obj
C:\TRANSIMS\Transims51\PlanSelect\Debug\Write_Plans.obj
C:\TRANSIMS\Transims51\PlanSelect\Debug\cl.command.1.tlog
C:\TRANSIMS\Transims51\PlanSelect\Debug\CL.read.1.tlog
C:\TRANSIMS\Transims51\PlanSelect\Debug\CL.write.1.tlog
C:\TRANSIMS\Transims51\PlanSelect\Debug\link-cvtres.read.1.tlog
C:\TRANSIMS\Transims51\PlanSelect\Debug\link-cvtres.write.1.tlog
C:\TRANSIMS\Transims51\PlanSelect\Debug\link-rc.read.1.tlog
C:\TRANSIMS\Transims51\PlanSelect\Debug\link-rc.write.1.tlog
C:\TRANSIMS\Transims51\PlanSelect\Debug\link.command.1.tlog
C:\TRANSIMS\Transims51\PlanSelect\Debug\link.read.1.tlog
C:\TRANSIMS\Transims51\PlanSelect\Debug\link.write.1.tlog
C:\TRANSIMS\Transims51\PlanSelect\Debug\vc110.idb
C:\TRANSIMS\Transims51\PlanSelect\Debug\vc110.pdb
C:\TRANSIMS\Transims51\Debug\PlanSelect.pdb
C:\TRANSIMS\Transims51\Debug\PlanSelect.exe
C:\TRANSIMS\Transims51\Debug\PlanSelect.ilk
