C:\TRANSIMS\TRANSIMS60\SIMULATOR\X64\BIN\VC110.PDB
C:\TRANSIMS\TRANSIMS60\X64\BIN\SIMULATOR.ILK
C:\TRANSIMS\TRANSIMS60\X64\BIN\SIMULATOR.EXE
C:\TRANSIMS\TRANSIMS60\X64\BIN\SIMULATOR.PDB
C:\TRANSIMS\Transims60\Simulator\x64\Bin\Control.obj
C:\TRANSIMS\Transims60\Simulator\x64\Bin\Execute.obj
C:\TRANSIMS\Transims60\Simulator\x64\Bin\MPI_Close.obj
C:\TRANSIMS\Transims60\Simulator\x64\Bin\MPI_Distribute.obj
C:\TRANSIMS\Transims60\Simulator\x64\Bin\MPI_Setup.obj
C:\TRANSIMS\Transims60\Simulator\x64\Bin\MPI_Transfer.obj
C:\TRANSIMS\Transims60\Simulator\x64\Bin\Simulator.obj
C:\TRANSIMS\Transims60\Simulator\x64\Bin\CL.3136.read.1.tlog
C:\TRANSIMS\Transims60\Simulator\x64\Bin\CL.3136.write.1.tlog
C:\TRANSIMS\Transims60\Simulator\x64\Bin\CL.6236.read.1.tlog
C:\TRANSIMS\Transims60\Simulator\x64\Bin\CL.6236.write.1.tlog
C:\TRANSIMS\Transims60\Simulator\x64\Bin\CL.6460.read.1.tlog
C:\TRANSIMS\Transims60\Simulator\x64\Bin\CL.6460.write.1.tlog
C:\TRANSIMS\Transims60\Simulator\x64\Bin\CL.6944.read.1.tlog
C:\TRANSIMS\Transims60\Simulator\x64\Bin\CL.6944.write.1.tlog
C:\TRANSIMS\Transims60\Simulator\x64\Bin\cl.command.1.tlog
C:\TRANSIMS\Transims60\Simulator\x64\Bin\CL.read.1.tlog
C:\TRANSIMS\Transims60\Simulator\x64\Bin\cl.write.1.tlog
C:\TRANSIMS\Transims60\Simulator\x64\Bin\link-cvtres.read.1.tlog
C:\TRANSIMS\Transims60\Simulator\x64\Bin\link-cvtres.write.1.tlog
C:\TRANSIMS\Transims60\Simulator\x64\Bin\link-rc.read.1.tlog
C:\TRANSIMS\Transims60\Simulator\x64\Bin\link-rc.write.1.tlog
C:\TRANSIMS\Transims60\Simulator\x64\Bin\link.command.1.tlog
C:\TRANSIMS\Transims60\Simulator\x64\Bin\link.read.1.tlog
C:\TRANSIMS\Transims60\Simulator\x64\Bin\link.write.1.tlog
C:\TRANSIMS\Transims60\Simulator\x64\Bin\vc110.pdb
C:\TRANSIMS\Transims60\x64\Bin\Simulator.pdb
C:\TRANSIMS\Transims60\x64\Bin\Simulator.exe
C:\TRANSIMS\Transims60\x64\Bin\Simulator.ilk
