Build started 3/7/2014 8:04:41 AM.
     1>Project "C:\Software\Transims60\MatrixData\MatrixData.vcxproj" on node 3 (Build target(s)).
     1>ClCompile:
         C:\Program Files (x86)\Microsoft Visual Studio 11.0\VC\bin\x86_amd64\CL.exe /c /I..\Include /Zi /nologo /W4 /WX /MP /O2 /Oi /D WIN32 /D NDEBUG /D _CONSOLE /D TPPLIB /D TCADLIB /Gm- /EHsc /MT /GS /Gy /Qpar /fp:precise /Zc:wchar_t /Zc:forScope /Fo"x64\BinThreads\\" /Fd"x64\BinThreads\vc110.pdb" /Gd /TP /errorReport:prompt Control.cpp Execute.cpp Expand_Matrix.cpp Margin_Totals.cpp MatrixData.cpp Matrix_Ratios.cpp Read_Data.cpp Read_Factors.cpp Read_Matrix.cpp Read_Square.cpp Stats_Report.cpp Write_Ends.cpp Write_Margin.cpp Write_Square.cpp Write_Starts.cpp
         Control.cpp
         Execute.cpp
         Expand_Matrix.cpp
         Margin_Totals.cpp
         MatrixData.cpp
         Matrix_Ratios.cpp
         Read_Data.cpp
         Read_Factors.cpp
         Read_Matrix.cpp
         Read_Square.cpp
         Stats_Report.cpp
         Write_Ends.cpp
         Write_Margin.cpp
         Write_Square.cpp
         Write_Starts.cpp
       Link:
         C:\Program Files (x86)\Microsoft Visual Studio 11.0\VC\bin\x86_amd64\link.exe /ERRORREPORT:PROMPT /OUT:"C:\Software\Transims60\x64\BinThreads\MatrixData.exe" /INCREMENTAL:NO /NOLOGO kernel32.lib user32.lib gdi32.lib winspool.lib comdlg32.lib advapi32.lib shell32.lib ole32.lib oleaut32.lib uuid.lib odbc32.lib odbccp32.lib /MANIFEST /MANIFESTUAC:"level='asInvoker' uiAccess='false'" /manifest:embed /PDB:"C:\Software\Transims60\x64\BinThreads\MatrixData.pdb" /SUBSYSTEM:CONSOLE,"5.02" /OPT:REF /OPT:ICF /TLBID:1 /DYNAMICBASE /NXCOMPAT /IMPLIB:"C:\Software\Transims60\x64\BinThreads\MatrixData.lib" /MACHINE:X64 x64\BinThreads\Control.obj
         x64\BinThreads\Execute.obj
         x64\BinThreads\Expand_Matrix.obj
         x64\BinThreads\Margin_Totals.obj
         x64\BinThreads\MatrixData.obj
         x64\BinThreads\Matrix_Ratios.obj
         x64\BinThreads\Read_Data.obj
         x64\BinThreads\Read_Factors.obj
         x64\BinThreads\Read_Matrix.obj
         x64\BinThreads\Read_Square.obj
         x64\BinThreads\Stats_Report.obj
         x64\BinThreads\Write_Ends.obj
         x64\BinThreads\Write_Margin.obj
         x64\BinThreads\Write_Square.obj
         x64\BinThreads\Write_Starts.obj
         C:\Software\Transims60\SysLib\x64\BinThreads\SysLib.lib
         C:\Software\Transims60\File_Data_Service\x64\BinThreads\File_Data_Service.lib
         C:\Software\Transims60\TcadLib\x64\BinThreads\TcadLib.lib
         C:\Software\Transims60\TppLib\x64\BinThreads\TppLib.lib
         MatrixData.vcxproj -> C:\Software\Transims60\x64\BinThreads\MatrixData.exe
     1>Done Building Project "C:\Software\Transims60\MatrixData\MatrixData.vcxproj" (Build target(s)).

Build succeeded.

Time Elapsed 00:00:47.73
