C:\TRANSIMS\TRANSIMS51\MODECHOICE\DEBUG\ADJUST_CONSTANTS.OBJ
C:\TRANSIMS\TRANSIMS51\MODECHOICE\DEBUG\CHOICE_PROCESS.OBJ
C:\TRANSIMS\TRANSIMS51\MODECHOICE\DEBUG\COMPILE_SCRIPT.OBJ
C:\TRANSIMS\TRANSIMS51\MODECHOICE\DEBUG\CONTROL.OBJ
C:\TRANSIMS\TRANSIMS51\MODECHOICE\DEBUG\EXECUTE.OBJ
C:\TRANSIMS\TRANSIMS51\MODECHOICE\DEBUG\MODECHOICE.OBJ
C:\TRANSIMS\TRANSIMS51\MODECHOICE\DEBUG\MODE_SUMMARY.OBJ
C:\TRANSIMS\TRANSIMS51\MODECHOICE\DEBUG\READ_CONSTANTS.OBJ
C:\TRANSIMS\TRANSIMS51\MODECHOICE\DEBUG\READ_TARGETS.OBJ
C:\TRANSIMS\TRANSIMS51\MODECHOICE\DEBUG\READ_ZONE.OBJ
C:\TRANSIMS\TRANSIMS51\MODECHOICE\DEBUG\SEGMENT_MAP.OBJ
C:\TRANSIMS\TRANSIMS51\MODECHOICE\DEBUG\VALUE_SUMMARY.OBJ
C:\TRANSIMS\TRANSIMS51\MODECHOICE\DEBUG\WRITE_MARKET.OBJ
C:\TRANSIMS\TRANSIMS51\MODECHOICE\DEBUG\WRITE_MODE_SEG.OBJ
C:\TRANSIMS\TRANSIMS51\MODECHOICE\DEBUG\WRITE_SUMMARY.OBJ
C:\TRANSIMS\TRANSIMS51\MODECHOICE\DEBUG\WRITE_ZONES.OBJ
C:\TRANSIMS\TRANSIMS51\MODECHOICE\DEBUG\VC110.PDB
C:\TRANSIMS\Transims51\ModeChoice\Debug\ModeChoice.vcxprojResolveAssemblyReference.cache
C:\TRANSIMS\Transims51\ModeChoice\Debug\Adjust_Constants.obj
C:\TRANSIMS\Transims51\ModeChoice\Debug\Choice_Process.obj
C:\TRANSIMS\Transims51\ModeChoice\Debug\Compile_Script.obj
C:\TRANSIMS\Transims51\ModeChoice\Debug\Control.obj
C:\TRANSIMS\Transims51\ModeChoice\Debug\Execute.obj
C:\TRANSIMS\Transims51\ModeChoice\Debug\ModeChoice.obj
C:\TRANSIMS\Transims51\ModeChoice\Debug\Mode_Summary.obj
C:\TRANSIMS\Transims51\ModeChoice\Debug\Read_Constants.obj
C:\TRANSIMS\Transims51\ModeChoice\Debug\Read_Targets.obj
C:\TRANSIMS\Transims51\ModeChoice\Debug\Read_Zone.obj
C:\TRANSIMS\Transims51\ModeChoice\Debug\Segment_Map.obj
C:\TRANSIMS\Transims51\ModeChoice\Debug\Value_Summary.obj
C:\TRANSIMS\Transims51\ModeChoice\Debug\Write_Market.obj
C:\TRANSIMS\Transims51\ModeChoice\Debug\Write_Mode_Seg.obj
C:\TRANSIMS\Transims51\ModeChoice\Debug\Write_Summary.obj
C:\TRANSIMS\Transims51\ModeChoice\Debug\Write_Zones.obj
C:\TRANSIMS\Transims51\ModeChoice\Debug\cl.command.1.tlog
C:\TRANSIMS\Transims51\ModeChoice\Debug\CL.read.1.tlog
C:\TRANSIMS\Transims51\ModeChoice\Debug\CL.write.1.tlog
C:\TRANSIMS\Transims51\ModeChoice\Debug\link.command.1.tlog
C:\TRANSIMS\Transims51\ModeChoice\Debug\link.read.1.tlog
C:\TRANSIMS\Transims51\ModeChoice\Debug\link.write.1.tlog
C:\TRANSIMS\Transims51\ModeChoice\Debug\vc110.idb
C:\TRANSIMS\Transims51\ModeChoice\Debug\vc110.pdb
