C:\TRANSIMS\TRANSIMS60\GRIDDATA\X64\BIN\VC110.PDB
C:\TRANSIMS\TRANSIMS60\X64\BIN\GRIDDATA.EXE
C:\TRANSIMS\TRANSIMS60\X64\BIN\GRIDDATA.PDB
C:\TRANSIMS\Transims60\GridData\x64\Bin\Build_Grid.obj
C:\TRANSIMS\Transims60\GridData\x64\Bin\Control.obj
C:\TRANSIMS\Transims60\GridData\x64\Bin\Execute.obj
C:\TRANSIMS\Transims60\GridData\x64\Bin\GridData.obj
C:\TRANSIMS\Transims60\GridData\x64\Bin\Point_Grid.obj
C:\TRANSIMS\Transims60\GridData\x64\Bin\Read_Boundary.obj
C:\TRANSIMS\Transims60\GridData\x64\Bin\Read_Data.obj
C:\TRANSIMS\Transims60\GridData\x64\Bin\Read_Points.obj
C:\TRANSIMS\Transims60\GridData\x64\Bin\Read_Polygons.obj
C:\TRANSIMS\Transims60\GridData\x64\Bin\Set_Files.obj
C:\TRANSIMS\Transims60\GridData\x64\Bin\Sum_Grid.obj
C:\TRANSIMS\Transims60\GridData\x64\Bin\Write_Grid.obj
C:\TRANSIMS\Transims60\GridData\x64\Bin\Write_Summary.obj
C:\TRANSIMS\Transims60\GridData\x64\Bin\Zone_Grids.obj
C:\TRANSIMS\Transims60\GridData\x64\Bin\CL.5312.read.1.tlog
C:\TRANSIMS\Transims60\GridData\x64\Bin\CL.5312.write.1.tlog
C:\TRANSIMS\Transims60\GridData\x64\Bin\CL.6300.read.1.tlog
C:\TRANSIMS\Transims60\GridData\x64\Bin\CL.6300.write.1.tlog
C:\TRANSIMS\Transims60\GridData\x64\Bin\CL.6500.read.1.tlog
C:\TRANSIMS\Transims60\GridData\x64\Bin\CL.6500.write.1.tlog
C:\TRANSIMS\Transims60\GridData\x64\Bin\CL.7064.read.1.tlog
C:\TRANSIMS\Transims60\GridData\x64\Bin\CL.7064.write.1.tlog
C:\TRANSIMS\Transims60\GridData\x64\Bin\cl.command.1.tlog
C:\TRANSIMS\Transims60\GridData\x64\Bin\CL.read.1.tlog
C:\TRANSIMS\Transims60\GridData\x64\Bin\cl.write.1.tlog
C:\TRANSIMS\Transims60\GridData\x64\Bin\link-cvtres.read.1.tlog
C:\TRANSIMS\Transims60\GridData\x64\Bin\link-cvtres.write.1.tlog
C:\TRANSIMS\Transims60\GridData\x64\Bin\link-rc.read.1.tlog
C:\TRANSIMS\Transims60\GridData\x64\Bin\link-rc.write.1.tlog
C:\TRANSIMS\Transims60\GridData\x64\Bin\link.command.1.tlog
C:\TRANSIMS\Transims60\GridData\x64\Bin\link.read.1.tlog
C:\TRANSIMS\Transims60\GridData\x64\Bin\link.write.1.tlog
C:\TRANSIMS\Transims60\GridData\x64\Bin\vc110.pdb
C:\TRANSIMS\Transims60\x64\Bin\GridData.pdb
C:\TRANSIMS\Transims60\x64\Bin\GridData.exe
