C:\SOFTWARE\TRANSIMS60\TRIPPREP\WIN32\BIN\VC110.PDB
C:\SOFTWARE\TRANSIMS60\WIN32\BIN\TRIPPREP.EXE
C:\Software\Transims60\TripPrep\Win32\Bin\TripPrep.vcxprojResolveAssemblyReference.cache
C:\Software\Transims60\TripPrep\Win32\Bin\Check_Trips.obj
C:\Software\Transims60\TripPrep\Win32\Bin\Combine_Trips.obj
C:\Software\Transims60\TripPrep\Win32\Bin\Control.obj
C:\Software\Transims60\TripPrep\Win32\Bin\Execute.obj
C:\Software\Transims60\TripPrep\Win32\Bin\MPI_Processing.obj
C:\Software\Transims60\TripPrep\Win32\Bin\MPI_Setup.obj
C:\Software\Transims60\TripPrep\Win32\Bin\Read_Trips.obj
C:\Software\Transims60\TripPrep\Win32\Bin\Sort_Tours.obj
C:\Software\Transims60\TripPrep\Win32\Bin\Temp_Time_Write.obj
C:\Software\Transims60\TripPrep\Win32\Bin\Temp_Trip_Write.obj
C:\Software\Transims60\TripPrep\Win32\Bin\Time_Combine.obj
C:\Software\Transims60\TripPrep\Win32\Bin\Time_Write.obj
C:\Software\Transims60\TripPrep\Win32\Bin\TripPrep.obj
C:\Software\Transims60\TripPrep\Win32\Bin\Trip_Combine.obj
C:\Software\Transims60\TripPrep\Win32\Bin\Trip_Processing.obj
C:\Software\Transims60\TripPrep\Win32\Bin\Trip_Write.obj
C:\Software\Transims60\TripPrep\Win32\Bin\Write_Temp.obj
C:\Software\Transims60\TripPrep\Win32\Bin\CL.2260.read.1.tlog
C:\Software\Transims60\TripPrep\Win32\Bin\CL.2260.write.1.tlog
C:\Software\Transims60\TripPrep\Win32\Bin\CL.3724.read.1.tlog
C:\Software\Transims60\TripPrep\Win32\Bin\CL.3724.write.1.tlog
C:\Software\Transims60\TripPrep\Win32\Bin\CL.5464.read.1.tlog
C:\Software\Transims60\TripPrep\Win32\Bin\CL.5464.write.1.tlog
C:\Software\Transims60\TripPrep\Win32\Bin\CL.5708.read.1.tlog
C:\Software\Transims60\TripPrep\Win32\Bin\CL.5708.write.1.tlog
C:\Software\Transims60\TripPrep\Win32\Bin\cl.command.1.tlog
C:\Software\Transims60\TripPrep\Win32\Bin\CL.read.1.tlog
C:\Software\Transims60\TripPrep\Win32\Bin\cl.write.1.tlog
C:\Software\Transims60\TripPrep\Win32\Bin\link-cvtres.read.1.tlog
C:\Software\Transims60\TripPrep\Win32\Bin\link-cvtres.write.1.tlog
C:\Software\Transims60\TripPrep\Win32\Bin\link-rc.read.1.tlog
C:\Software\Transims60\TripPrep\Win32\Bin\link-rc.write.1.tlog
C:\Software\Transims60\TripPrep\Win32\Bin\link.command.1.tlog
C:\Software\Transims60\TripPrep\Win32\Bin\link.read.1.tlog
C:\Software\Transims60\TripPrep\Win32\Bin\link.write.1.tlog
