C:\SOFTWARE\TRANSIMS60\TOURDATA\X64\BINTHREADS\VC110.PDB
C:\SOFTWARE\TRANSIMS60\X64\BINTHREADS\TOURDATA.EXE
C:\Software\Transims60\TourData\x64\BinThreads\TourData.vcxprojResolveAssemblyReference.cache
C:\Software\Transims60\TourData\x64\BinThreads\Control.obj
C:\Software\Transims60\TourData\x64\BinThreads\Execute.obj
C:\Software\Transims60\TourData\x64\BinThreads\Get_Zone_Data.obj
C:\Software\Transims60\TourData\x64\BinThreads\Normalize.obj
C:\Software\Transims60\TourData\x64\BinThreads\Process.obj
C:\Software\Transims60\TourData\x64\BinThreads\Read_Tour.obj
C:\Software\Transims60\TourData\x64\BinThreads\Stats_Report.obj
C:\Software\Transims60\TourData\x64\BinThreads\TourData.obj
C:\Software\Transims60\TourData\x64\BinThreads\Write_Attractions.obj
C:\Software\Transims60\TourData\x64\BinThreads\Write_Tour.obj
C:\Software\Transims60\TourData\x64\BinThreads\Zone_Distance.obj
C:\Software\Transims60\TourData\x64\BinThreads\Zone_Groups.obj
C:\Software\Transims60\TourData\x64\BinThreads\Zone_Report.obj
C:\Software\Transims60\TourData\x64\BinThreads\CL.2332.read.1.tlog
C:\Software\Transims60\TourData\x64\BinThreads\CL.2332.write.1.tlog
C:\Software\Transims60\TourData\x64\BinThreads\CL.2916.read.1.tlog
C:\Software\Transims60\TourData\x64\BinThreads\CL.2916.write.1.tlog
C:\Software\Transims60\TourData\x64\BinThreads\CL.2972.read.1.tlog
C:\Software\Transims60\TourData\x64\BinThreads\CL.2972.write.1.tlog
C:\Software\Transims60\TourData\x64\BinThreads\CL.4820.read.1.tlog
C:\Software\Transims60\TourData\x64\BinThreads\CL.4820.write.1.tlog
C:\Software\Transims60\TourData\x64\BinThreads\cl.command.1.tlog
C:\Software\Transims60\TourData\x64\BinThreads\CL.read.1.tlog
C:\Software\Transims60\TourData\x64\BinThreads\cl.write.1.tlog
C:\Software\Transims60\TourData\x64\BinThreads\link-cvtres.read.1.tlog
C:\Software\Transims60\TourData\x64\BinThreads\link-cvtres.write.1.tlog
C:\Software\Transims60\TourData\x64\BinThreads\link-rc.read.1.tlog
C:\Software\Transims60\TourData\x64\BinThreads\link-rc.write.1.tlog
C:\Software\Transims60\TourData\x64\BinThreads\link.command.1.tlog
C:\Software\Transims60\TourData\x64\BinThreads\link.read.1.tlog
C:\Software\Transims60\TourData\x64\BinThreads\link.write.1.tlog
C:\Software\Transims60\TourData\x64\BinThreads\vc110.pdb
C:\Software\Transims60\x64\BinThreads\TourData.exe
