C:\SOFTWARE\TRANSIMS60\PATHSKIM\WIN32\BIN\VC110.PDB
C:\SOFTWARE\TRANSIMS60\WIN32\BIN\PATHSKIM.EXE
C:\Software\Transims60\PathSkim\Win32\Bin\PathSkim.vcxprojResolveAssemblyReference.cache
C:\Software\Transims60\PathSkim\Win32\Bin\Build_Paths.obj
C:\Software\Transims60\PathSkim\Win32\Bin\Control.obj
C:\Software\Transims60\PathSkim\Win32\Bin\Execute.obj
C:\Software\Transims60\PathSkim\Win32\Bin\Flow_Skims.obj
C:\Software\Transims60\PathSkim\Win32\Bin\Location_List.obj
C:\Software\Transims60\PathSkim\Win32\Bin\New_Zone_Loc.obj
C:\Software\Transims60\PathSkim\Win32\Bin\Output_Skims.obj
C:\Software\Transims60\PathSkim\Win32\Bin\PathSkim.obj
C:\Software\Transims60\PathSkim\Win32\Bin\Save_Plans.obj
C:\Software\Transims60\PathSkim\Win32\Bin\Save_Skims.obj
C:\Software\Transims60\PathSkim\Win32\Bin\Skim_Check.obj
C:\Software\Transims60\PathSkim\Win32\Bin\Skim_Paths.obj
C:\Software\Transims60\PathSkim\Win32\Bin\User_Locations.obj
C:\Software\Transims60\PathSkim\Win32\Bin\Zone_Locations.obj
C:\Software\Transims60\PathSkim\Win32\Bin\Zone_Skims.obj
C:\Software\Transims60\PathSkim\Win32\Bin\CL.4028.read.1.tlog
C:\Software\Transims60\PathSkim\Win32\Bin\CL.4028.write.1.tlog
C:\Software\Transims60\PathSkim\Win32\Bin\CL.5040.read.1.tlog
C:\Software\Transims60\PathSkim\Win32\Bin\CL.5040.write.1.tlog
C:\Software\Transims60\PathSkim\Win32\Bin\CL.5760.read.1.tlog
C:\Software\Transims60\PathSkim\Win32\Bin\CL.5760.write.1.tlog
C:\Software\Transims60\PathSkim\Win32\Bin\CL.6040.read.1.tlog
C:\Software\Transims60\PathSkim\Win32\Bin\CL.6040.write.1.tlog
C:\Software\Transims60\PathSkim\Win32\Bin\cl.command.1.tlog
C:\Software\Transims60\PathSkim\Win32\Bin\CL.read.1.tlog
C:\Software\Transims60\PathSkim\Win32\Bin\cl.write.1.tlog
C:\Software\Transims60\PathSkim\Win32\Bin\link-cvtres.read.1.tlog
C:\Software\Transims60\PathSkim\Win32\Bin\link-cvtres.write.1.tlog
C:\Software\Transims60\PathSkim\Win32\Bin\link-rc.read.1.tlog
C:\Software\Transims60\PathSkim\Win32\Bin\link-rc.write.1.tlog
C:\Software\Transims60\PathSkim\Win32\Bin\link.command.1.tlog
C:\Software\Transims60\PathSkim\Win32\Bin\link.read.1.tlog
C:\Software\Transims60\PathSkim\Win32\Bin\link.write.1.tlog
