C:\TRANSIMS\TRANSIMS51\TOURSKIM\DEBUG\CONTROL.OBJ
C:\TRANSIMS\TRANSIMS51\TOURSKIM\DEBUG\EXECUTE.OBJ
C:\TRANSIMS\TRANSIMS51\TOURSKIM\DEBUG\GROUP_PROCESS.OBJ
C:\TRANSIMS\TRANSIMS51\TOURSKIM\DEBUG\PROCESS.OBJ
C:\TRANSIMS\TRANSIMS51\TOURSKIM\DEBUG\READ_DATA.OBJ
C:\TRANSIMS\TRANSIMS51\TOURSKIM\DEBUG\READ_PROCESS.OBJ
C:\TRANSIMS\TRANSIMS51\TOURSKIM\DEBUG\TOURSKIM.OBJ
C:\TRANSIMS\TRANSIMS51\TOURSKIM\DEBUG\VC110.PDB
C:\TRANSIMS\Transims51\TourSkim\Debug\TourSkim.vcxprojResolveAssemblyReference.cache
C:\TRANSIMS\Transims51\TourSkim\Debug\Control.obj
C:\TRANSIMS\Transims51\TourSkim\Debug\Execute.obj
C:\TRANSIMS\Transims51\TourSkim\Debug\Group_Process.obj
C:\TRANSIMS\Transims51\TourSkim\Debug\Process.obj
C:\TRANSIMS\Transims51\TourSkim\Debug\Read_Data.obj
C:\TRANSIMS\Transims51\TourSkim\Debug\Read_Process.obj
C:\TRANSIMS\Transims51\TourSkim\Debug\TourSkim.obj
C:\TRANSIMS\Transims51\TourSkim\Debug\cl.command.1.tlog
C:\TRANSIMS\Transims51\TourSkim\Debug\CL.read.1.tlog
C:\TRANSIMS\Transims51\TourSkim\Debug\CL.write.1.tlog
C:\TRANSIMS\Transims51\TourSkim\Debug\link-cvtres.read.1.tlog
C:\TRANSIMS\Transims51\TourSkim\Debug\link-cvtres.write.1.tlog
C:\TRANSIMS\Transims51\TourSkim\Debug\link-rc.read.1.tlog
C:\TRANSIMS\Transims51\TourSkim\Debug\link-rc.write.1.tlog
C:\TRANSIMS\Transims51\TourSkim\Debug\link.command.1.tlog
C:\TRANSIMS\Transims51\TourSkim\Debug\link.read.1.tlog
C:\TRANSIMS\Transims51\TourSkim\Debug\link.write.1.tlog
C:\TRANSIMS\Transims51\TourSkim\Debug\vc110.idb
C:\TRANSIMS\Transims51\TourSkim\Debug\vc110.pdb
C:\TRANSIMS\Transims51\Debug\TourSkim.pdb
