C:\TRANSIMS\TRANSIMS60\ARCSNAPSHOT\X64\BIN\VC110.PDB
C:\TRANSIMS\TRANSIMS60\X64\BIN\ARCSNAPSHOT.EXE
C:\TRANSIMS\Transims60\ArcSnapshot\x64\Bin\ArcSnapshot.vcxprojResolveAssemblyReference.cache
C:\TRANSIMS\Transims60\ArcSnapshot\x64\Bin\ArcSnapshot.obj
C:\TRANSIMS\Transims60\ArcSnapshot\x64\Bin\Control.obj
C:\TRANSIMS\Transims60\ArcSnapshot\x64\Bin\Create_Cells.obj
C:\TRANSIMS\Transims60\ArcSnapshot\x64\Bin\Draw_Vehicle.obj
C:\TRANSIMS\Transims60\ArcSnapshot\x64\Bin\Execute.obj
C:\TRANSIMS\Transims60\ArcSnapshot\x64\Bin\Max_Check.obj
C:\TRANSIMS\Transims60\ArcSnapshot\x64\Bin\Read_Snapshot.obj
C:\TRANSIMS\Transims60\ArcSnapshot\x64\Bin\Set_Subarea.obj
C:\TRANSIMS\Transims60\ArcSnapshot\x64\Bin\Set_Veh_Types.obj
C:\TRANSIMS\Transims60\ArcSnapshot\x64\Bin\Sum_Snapshot.obj
C:\TRANSIMS\Transims60\ArcSnapshot\x64\Bin\Write_Snapshot.obj
C:\TRANSIMS\Transims60\ArcSnapshot\x64\Bin\Write_Summary.obj
C:\TRANSIMS\Transims60\ArcSnapshot\x64\Bin\CL.3320.read.1.tlog
C:\TRANSIMS\Transims60\ArcSnapshot\x64\Bin\CL.3320.write.1.tlog
C:\TRANSIMS\Transims60\ArcSnapshot\x64\Bin\CL.4164.read.1.tlog
C:\TRANSIMS\Transims60\ArcSnapshot\x64\Bin\CL.4164.write.1.tlog
C:\TRANSIMS\Transims60\ArcSnapshot\x64\Bin\CL.5664.read.1.tlog
C:\TRANSIMS\Transims60\ArcSnapshot\x64\Bin\CL.5664.write.1.tlog
C:\TRANSIMS\Transims60\ArcSnapshot\x64\Bin\CL.6476.read.1.tlog
C:\TRANSIMS\Transims60\ArcSnapshot\x64\Bin\CL.6476.write.1.tlog
C:\TRANSIMS\Transims60\ArcSnapshot\x64\Bin\cl.command.1.tlog
C:\TRANSIMS\Transims60\ArcSnapshot\x64\Bin\CL.read.1.tlog
C:\TRANSIMS\Transims60\ArcSnapshot\x64\Bin\cl.write.1.tlog
C:\TRANSIMS\Transims60\ArcSnapshot\x64\Bin\link-cvtres.read.1.tlog
C:\TRANSIMS\Transims60\ArcSnapshot\x64\Bin\link-cvtres.write.1.tlog
C:\TRANSIMS\Transims60\ArcSnapshot\x64\Bin\link-rc.read.1.tlog
C:\TRANSIMS\Transims60\ArcSnapshot\x64\Bin\link-rc.write.1.tlog
C:\TRANSIMS\Transims60\ArcSnapshot\x64\Bin\link.command.1.tlog
C:\TRANSIMS\Transims60\ArcSnapshot\x64\Bin\link.read.1.tlog
C:\TRANSIMS\Transims60\ArcSnapshot\x64\Bin\link.write.1.tlog
C:\TRANSIMS\Transims60\ArcSnapshot\x64\Bin\vc110.pdb
C:\TRANSIMS\Transims60\x64\Bin\ArcSnapshot.exe
