C:\SOFTWARE\TRANSIMS60\SIMULATOR_SERVICE\WIN32\BIN\SIM_OUTPUT_DATA.OBJ
C:\SOFTWARE\TRANSIMS60\SIMULATOR_SERVICE\WIN32\BIN\RIDERSHIP_OUTPUT.OBJ
C:\SOFTWARE\TRANSIMS60\SIMULATOR_SERVICE\WIN32\BIN\PROBLEM_OUTPUT.OBJ
C:\SOFTWARE\TRANSIMS60\SIMULATOR_SERVICE\WIN32\BIN\PERFORMANCE_OUTPUT.OBJ
C:\SOFTWARE\TRANSIMS60\SIMULATOR_SERVICE\WIN32\BIN\OCCUPANCY_OUTPUT.OBJ
C:\SOFTWARE\TRANSIMS60\SIMULATOR_SERVICE\WIN32\BIN\LINK_DELAY_OUTPUT.OBJ
C:\SOFTWARE\TRANSIMS60\SIMULATOR_SERVICE\WIN32\BIN\EVENT_OUTPUT.OBJ
C:\SOFTWARE\TRANSIMS60\SIMULATOR_SERVICE\WIN32\BIN\SIM_NODE_STEP.OBJ
C:\SOFTWARE\TRANSIMS60\SIMULATOR_SERVICE\WIN32\BIN\SIM_NODE_PROCESS.OBJ
C:\SOFTWARE\TRANSIMS60\SIMULATOR_SERVICE\WIN32\BIN\OUTPUT_STEP.OBJ
C:\SOFTWARE\TRANSIMS60\SIMULATOR_SERVICE\WIN32\BIN\NODE_PROCESSING.OBJ
C:\SOFTWARE\TRANSIMS60\SIMULATOR_SERVICE\WIN32\BIN\MOVE_VEHICLE.OBJ
C:\SOFTWARE\TRANSIMS60\SIMULATOR_SERVICE\WIN32\BIN\LOAD_VEHICLE.OBJ
C:\SOFTWARE\TRANSIMS60\SIMULATOR_SERVICE\WIN32\BIN\LANE_CHANGE.OBJ
C:\SOFTWARE\TRANSIMS60\SIMULATOR_SERVICE\WIN32\BIN\CHECK_BEHIND.OBJ
C:\SOFTWARE\TRANSIMS60\SIMULATOR_SERVICE\WIN32\BIN\CELL_USE.OBJ
C:\SOFTWARE\TRANSIMS60\SIMULATOR_SERVICE\WIN32\BIN\TRAFFIC_CONTROLS.OBJ
C:\SOFTWARE\TRANSIMS60\SIMULATOR_SERVICE\WIN32\BIN\SIM_PARAMETERS.OBJ
C:\SOFTWARE\TRANSIMS60\SIMULATOR_SERVICE\WIN32\BIN\SET_TURN_FLAG.OBJ
C:\SOFTWARE\TRANSIMS60\SIMULATOR_SERVICE\WIN32\BIN\SET_LANE_USE.OBJ
C:\SOFTWARE\TRANSIMS60\SIMULATOR_SERVICE\WIN32\BIN\SIM_PLAN_RESULT.OBJ
C:\SOFTWARE\TRANSIMS60\SIMULATOR_SERVICE\WIN32\BIN\SIM_PLAN_PROCESS.OBJ
C:\SOFTWARE\TRANSIMS60\SIMULATOR_SERVICE\WIN32\BIN\READ_PLANS.OBJ
C:\SOFTWARE\TRANSIMS60\SIMULATOR_SERVICE\WIN32\BIN\PLAN_PROCESSING.OBJ
C:\SOFTWARE\TRANSIMS60\SIMULATOR_SERVICE\WIN32\BIN\FIRST_PLAN.OBJ
C:\SOFTWARE\TRANSIMS60\SIMULATOR_SERVICE\WIN32\BIN\BEST_LANES.OBJ
C:\SOFTWARE\TRANSIMS60\SIMULATOR_SERVICE\WIN32\BIN\TRANSIT_VEHICLES.OBJ
C:\SOFTWARE\TRANSIMS60\SIMULATOR_SERVICE\WIN32\BIN\TRANSIT_PLANS.OBJ
C:\SOFTWARE\TRANSIMS60\SIMULATOR_SERVICE\WIN32\BIN\SIMULATOR_SERVICE.OBJ
C:\SOFTWARE\TRANSIMS60\SIMULATOR_SERVICE\WIN32\BIN\SIM_STATISTICS.OBJ
C:\SOFTWARE\TRANSIMS60\SIMULATOR_SERVICE\WIN32\BIN\GLOBAL_DATA.OBJ
C:\SOFTWARE\TRANSIMS60\SIMULATOR_SERVICE\WIN32\BIN\EXECUTE.OBJ
C:\SOFTWARE\TRANSIMS60\SIMULATOR_SERVICE\WIN32\BIN\CONTROL.OBJ
C:\SOFTWARE\TRANSIMS60\SIMULATOR_SERVICE\WIN32\BIN\TRAVEL_PROCESSING.OBJ
C:\SOFTWARE\TRANSIMS60\SIMULATOR_SERVICE\WIN32\BIN\SIM_TRAVEL_STEP.OBJ
C:\SOFTWARE\TRANSIMS60\SIMULATOR_SERVICE\WIN32\BIN\SIM_TRAVEL_PROCESS.OBJ
C:\SOFTWARE\TRANSIMS60\SIMULATOR_SERVICE\WIN32\BIN\TURN_VOL_OUTPUT.OBJ
C:\SOFTWARE\TRANSIMS60\SIMULATOR_SERVICE\WIN32\BIN\TRAVELER_OUTPUT.OBJ
C:\SOFTWARE\TRANSIMS60\SIMULATOR_SERVICE\WIN32\BIN\SNAPSHOT_OUTPUT.OBJ
C:\SOFTWARE\TRANSIMS60\SIMULATOR_SERVICE\WIN32\BIN\SIM_OUTPUT_STEP.OBJ
C:\SOFTWARE\TRANSIMS60\SIMULATOR_SERVICE\WIN32\BIN\TRAVEL_UPDATE.OBJ
C:\SOFTWARE\TRANSIMS60\SIMULATOR_SERVICE\WIN32\BIN\SIM_PLAN_STEP.OBJ
C:\SOFTWARE\TRANSIMS60\SIMULATOR_SERVICE\WIN32\BIN\VC110.PDB
C:\SOFTWARE\TRANSIMS60\SIMULATOR_SERVICE\WIN32\BIN\SIMULATOR_SERVICE.LIB
C:\Software\Transims60\Simulator_Service\Win32\Bin\Simulator_Service.vcxprojResolveAssemblyReference.cache
C:\Software\Transims60\Simulator_Service\Win32\Bin\cl.command.1.tlog
C:\Software\Transims60\Simulator_Service\Win32\Bin\CL.read.1.tlog
C:\Software\Transims60\Simulator_Service\Win32\Bin\CL.write.1.tlog
C:\Software\Transims60\Simulator_Service\Win32\Bin\Lib-link.read.1.tlog
C:\Software\Transims60\Simulator_Service\Win32\Bin\Lib-link.write.1.tlog
C:\Software\Transims60\Simulator_Service\Win32\Bin\lib.command.1.tlog
