C:\SOFTWARE\TRANSIMS60\TRANSIMSNET\X64\BINTHREADS\VC110.PDB
C:\SOFTWARE\TRANSIMS60\X64\BINTHREADS\TRANSIMSNET.EXE
C:\Software\Transims60\TransimsNet\x64\BinThreads\TransimsNet.vcxprojResolveAssemblyReference.cache
C:\Software\Transims60\TransimsNet\x64\BinThreads\Connections.obj
C:\Software\Transims60\TransimsNet\x64\BinThreads\Control.obj
C:\Software\Transims60\TransimsNet\x64\BinThreads\Execute.obj
C:\Software\Transims60\TransimsNet\x64\BinThreads\Lane_Ranges.obj
C:\Software\Transims60\TransimsNet\x64\BinThreads\Lane_Use.obj
C:\Software\Transims60\TransimsNet\x64\BinThreads\Link_Access.obj
C:\Software\Transims60\TransimsNet\x64\BinThreads\Operators.obj
C:\Software\Transims60\TransimsNet\x64\BinThreads\Pocket_Lanes.obj
C:\Software\Transims60\TransimsNet\x64\BinThreads\Read_Approach.obj
C:\Software\Transims60\TransimsNet\x64\BinThreads\Read_Boundary.obj
C:\Software\Transims60\TransimsNet\x64\BinThreads\Read_Link_Use.obj
C:\Software\Transims60\TransimsNet\x64\BinThreads\Traffic_Controls.obj
C:\Software\Transims60\TransimsNet\x64\BinThreads\TransimsNet.obj
C:\Software\Transims60\TransimsNet\x64\BinThreads\Zone_Access.obj
C:\Software\Transims60\TransimsNet\x64\BinThreads\CL.1788.read.1.tlog
C:\Software\Transims60\TransimsNet\x64\BinThreads\CL.1788.write.1.tlog
C:\Software\Transims60\TransimsNet\x64\BinThreads\CL.4324.read.1.tlog
C:\Software\Transims60\TransimsNet\x64\BinThreads\CL.4324.write.1.tlog
C:\Software\Transims60\TransimsNet\x64\BinThreads\CL.5244.read.1.tlog
C:\Software\Transims60\TransimsNet\x64\BinThreads\CL.5244.write.1.tlog
C:\Software\Transims60\TransimsNet\x64\BinThreads\CL.5404.read.1.tlog
C:\Software\Transims60\TransimsNet\x64\BinThreads\CL.5404.write.1.tlog
C:\Software\Transims60\TransimsNet\x64\BinThreads\cl.command.1.tlog
C:\Software\Transims60\TransimsNet\x64\BinThreads\CL.read.1.tlog
C:\Software\Transims60\TransimsNet\x64\BinThreads\cl.write.1.tlog
C:\Software\Transims60\TransimsNet\x64\BinThreads\link-cvtres.read.1.tlog
C:\Software\Transims60\TransimsNet\x64\BinThreads\link-cvtres.write.1.tlog
C:\Software\Transims60\TransimsNet\x64\BinThreads\link-rc.read.1.tlog
C:\Software\Transims60\TransimsNet\x64\BinThreads\link-rc.write.1.tlog
C:\Software\Transims60\TransimsNet\x64\BinThreads\link.command.1.tlog
C:\Software\Transims60\TransimsNet\x64\BinThreads\link.read.1.tlog
C:\Software\Transims60\TransimsNet\x64\BinThreads\link.write.1.tlog
C:\Software\Transims60\TransimsNet\x64\BinThreads\vc110.pdb
C:\Software\Transims60\x64\BinThreads\TransimsNet.exe
