C:\SOFTWARE\TRANSIMS60\SIMSUBAREAS\X64\BINTHREADS\VC110.PDB
C:\SOFTWARE\TRANSIMS60\X64\BINTHREADS\SIMSUBAREAS.EXE
C:\Software\Transims60\SimSubareas\x64\BinThreads\SimSubareas.vcxprojResolveAssemblyReference.cache
C:\Software\Transims60\SimSubareas\x64\BinThreads\Boundary_Nodes.obj
C:\Software\Transims60\SimSubareas\x64\BinThreads\Control.obj
C:\Software\Transims60\SimSubareas\x64\BinThreads\Distribute_Nodes.obj
C:\Software\Transims60\SimSubareas\x64\BinThreads\Execute.obj
C:\Software\Transims60\SimSubareas\x64\BinThreads\SimSubareas.obj
C:\Software\Transims60\SimSubareas\x64\BinThreads\CL.3132.read.1.tlog
C:\Software\Transims60\SimSubareas\x64\BinThreads\CL.3132.write.1.tlog
C:\Software\Transims60\SimSubareas\x64\BinThreads\CL.336.read.1.tlog
C:\Software\Transims60\SimSubareas\x64\BinThreads\CL.336.write.1.tlog
C:\Software\Transims60\SimSubareas\x64\BinThreads\CL.5400.read.1.tlog
C:\Software\Transims60\SimSubareas\x64\BinThreads\CL.5400.write.1.tlog
C:\Software\Transims60\SimSubareas\x64\BinThreads\CL.5568.read.1.tlog
C:\Software\Transims60\SimSubareas\x64\BinThreads\CL.5568.write.1.tlog
C:\Software\Transims60\SimSubareas\x64\BinThreads\cl.command.1.tlog
C:\Software\Transims60\SimSubareas\x64\BinThreads\CL.read.1.tlog
C:\Software\Transims60\SimSubareas\x64\BinThreads\cl.write.1.tlog
C:\Software\Transims60\SimSubareas\x64\BinThreads\link-cvtres.read.1.tlog
C:\Software\Transims60\SimSubareas\x64\BinThreads\link-cvtres.write.1.tlog
C:\Software\Transims60\SimSubareas\x64\BinThreads\link-rc.read.1.tlog
C:\Software\Transims60\SimSubareas\x64\BinThreads\link-rc.write.1.tlog
C:\Software\Transims60\SimSubareas\x64\BinThreads\link.command.1.tlog
C:\Software\Transims60\SimSubareas\x64\BinThreads\link.read.1.tlog
C:\Software\Transims60\SimSubareas\x64\BinThreads\link.write.1.tlog
C:\Software\Transims60\SimSubareas\x64\BinThreads\vc110.pdb
C:\Software\Transims60\x64\BinThreads\SimSubareas.exe
