C:\SOFTWARE\TRANSIMS60\SIMULATOR_SERVICE\X64\BINTHREADS\VC110.PDB
C:\SOFTWARE\TRANSIMS60\SIMULATOR_SERVICE\X64\BINTHREADS\SIMULATOR_SERVICE.LIB
C:\Software\Transims60\Simulator_Service\x64\BinThreads\Simulator_Service.vcxprojResolveAssemblyReference.cache
C:\Software\Transims60\Simulator_Service\x64\BinThreads\Best_Lanes.obj
C:\Software\Transims60\Simulator_Service\x64\BinThreads\Cell_Use.obj
C:\Software\Transims60\Simulator_Service\x64\BinThreads\Check_Behind.obj
C:\Software\Transims60\Simulator_Service\x64\BinThreads\Control.obj
C:\Software\Transims60\Simulator_Service\x64\BinThreads\Event_Output.obj
C:\Software\Transims60\Simulator_Service\x64\BinThreads\Execute.obj
C:\Software\Transims60\Simulator_Service\x64\BinThreads\First_Plan.obj
C:\Software\Transims60\Simulator_Service\x64\BinThreads\Global_Data.obj
C:\Software\Transims60\Simulator_Service\x64\BinThreads\Lane_Change.obj
C:\Software\Transims60\Simulator_Service\x64\BinThreads\Link_Delay_Output.obj
C:\Software\Transims60\Simulator_Service\x64\BinThreads\Load_Vehicle.obj
C:\Software\Transims60\Simulator_Service\x64\BinThreads\Move_Vehicle.obj
C:\Software\Transims60\Simulator_Service\x64\BinThreads\Node_Processing.obj
C:\Software\Transims60\Simulator_Service\x64\BinThreads\Occupancy_Output.obj
C:\Software\Transims60\Simulator_Service\x64\BinThreads\Output_Step.obj
C:\Software\Transims60\Simulator_Service\x64\BinThreads\Performance_Output.obj
C:\Software\Transims60\Simulator_Service\x64\BinThreads\Plan_Processing.obj
C:\Software\Transims60\Simulator_Service\x64\BinThreads\Problem_Output.obj
C:\Software\Transims60\Simulator_Service\x64\BinThreads\Read_Plans.obj
C:\Software\Transims60\Simulator_Service\x64\BinThreads\Ridership_Output.obj
C:\Software\Transims60\Simulator_Service\x64\BinThreads\Set_Lane_Use.obj
C:\Software\Transims60\Simulator_Service\x64\BinThreads\Set_Turn_Flag.obj
C:\Software\Transims60\Simulator_Service\x64\BinThreads\Simulator_Service.obj
C:\Software\Transims60\Simulator_Service\x64\BinThreads\Sim_Node_Process.obj
C:\Software\Transims60\Simulator_Service\x64\BinThreads\Sim_Node_Step.obj
C:\Software\Transims60\Simulator_Service\x64\BinThreads\Sim_Output_Data.obj
C:\Software\Transims60\Simulator_Service\x64\BinThreads\Sim_Output_Step.obj
C:\Software\Transims60\Simulator_Service\x64\BinThreads\Sim_Parameters.obj
C:\Software\Transims60\Simulator_Service\x64\BinThreads\Sim_Plan_Process.obj
C:\Software\Transims60\Simulator_Service\x64\BinThreads\Sim_Plan_Result.obj
C:\Software\Transims60\Simulator_Service\x64\BinThreads\Sim_Plan_Step.obj
C:\Software\Transims60\Simulator_Service\x64\BinThreads\Sim_Statistics.obj
C:\Software\Transims60\Simulator_Service\x64\BinThreads\Sim_Travel_Process.obj
C:\Software\Transims60\Simulator_Service\x64\BinThreads\Sim_Travel_Step.obj
C:\Software\Transims60\Simulator_Service\x64\BinThreads\Snapshot_Output.obj
C:\Software\Transims60\Simulator_Service\x64\BinThreads\Traffic_Controls.obj
C:\Software\Transims60\Simulator_Service\x64\BinThreads\Transit_Plans.obj
C:\Software\Transims60\Simulator_Service\x64\BinThreads\Transit_Vehicles.obj
C:\Software\Transims60\Simulator_Service\x64\BinThreads\Traveler_Output.obj
C:\Software\Transims60\Simulator_Service\x64\BinThreads\Travel_Processing.obj
C:\Software\Transims60\Simulator_Service\x64\BinThreads\Travel_Update.obj
C:\Software\Transims60\Simulator_Service\x64\BinThreads\Turn_Vol_Output.obj
C:\Software\Transims60\Simulator_Service\x64\BinThreads\CL.2428.read.1.tlog
C:\Software\Transims60\Simulator_Service\x64\BinThreads\CL.2428.write.1.tlog
C:\Software\Transims60\Simulator_Service\x64\BinThreads\CL.5368.read.1.tlog
C:\Software\Transims60\Simulator_Service\x64\BinThreads\CL.5368.write.1.tlog
C:\Software\Transims60\Simulator_Service\x64\BinThreads\CL.5676.read.1.tlog
C:\Software\Transims60\Simulator_Service\x64\BinThreads\CL.5676.write.1.tlog
C:\Software\Transims60\Simulator_Service\x64\BinThreads\CL.5768.read.1.tlog
C:\Software\Transims60\Simulator_Service\x64\BinThreads\CL.5768.write.1.tlog
C:\Software\Transims60\Simulator_Service\x64\BinThreads\cl.command.1.tlog
C:\Software\Transims60\Simulator_Service\x64\BinThreads\CL.read.1.tlog
C:\Software\Transims60\Simulator_Service\x64\BinThreads\cl.write.1.tlog
C:\Software\Transims60\Simulator_Service\x64\BinThreads\Lib-link.read.1.tlog
C:\Software\Transims60\Simulator_Service\x64\BinThreads\Lib-link.write.1.tlog
C:\Software\Transims60\Simulator_Service\x64\BinThreads\lib.command.1.tlog
C:\Software\Transims60\Simulator_Service\x64\BinThreads\vc110.pdb
C:\Software\Transims60\Simulator_Service\x64\BinThreads\Simulator_Service.lib
