Build started 3/7/2014 7:54:30 AM.
     1>Project "C:\Software\Transims60\Simulator_Service\Simulator_Service.vcxproj" on node 2 (Build target(s)).
     1>ClCompile:
         C:\Program Files (x86)\Microsoft Visual Studio 11.0\VC\bin\x86_amd64\CL.exe /c /I..\Include /Zi /nologo /W4 /WX /MP /O2 /D WIN32 /D NDEBUG /D _LIB /D _MSC_EXTENSIONS /D THREADS /Gm- /EHsc /MT /GS /Qpar /fp:precise /Zc:wchar_t /Zc:forScope /Fo"x64\BinThreads\\" /Fd"x64\BinThreads\vc110.pdb" /Gd /TP /analyze- /errorReport:prompt Service\Set_Lane_Use.cpp Service\Set_Turn_Flag.cpp Service\Sim_Parameters.cpp Service\Traffic_Controls.cpp Sim_Node\Cell_Use.cpp Sim_Node\Check_Behind.cpp Sim_Node\Lane_Change.cpp Sim_Node\Load_Vehicle.cpp Sim_Node\Move_Vehicle.cpp Sim_Node\Node_Processing.cpp Sim_Node\Output_Step.cpp Sim_Node\Sim_Node_Process.cpp Sim_Node\Sim_Node_Step.cpp Sim_Output\Event_Output.cpp Sim_Output\Link_Delay_Output.cpp Sim_Output\Occupancy_Output.cpp Sim_Output\Performance_Output.cpp Sim_Output\Problem_Output.cpp Sim_Output\Ridership_Output.cpp Sim_Output\Sim_Output_Data.cpp Sim_Output\Sim_Output_Step.cpp Sim_Output\Snapshot_Output.cpp Sim_Output\Traveler_Output.cpp Sim_Output\Turn_Vol_Output.cpp Sim_Travel\Sim_Travel_Process.cpp Sim_Travel\Sim_Travel_Step.cpp Sim_Travel\Travel_Processing.cpp Service\Control.cpp Service\Execute.cpp Service\Global_Data.cpp Service\Sim_Statistics.cpp Service\Simulator_Service.cpp Service\Transit_Plans.cpp Service\Transit_Vehicles.cpp Sim_Plan\Best_Lanes.cpp Sim_Plan\First_Plan.cpp Sim_Plan\Plan_Processing.cpp Sim_Plan\Read_Plans.cpp Sim_Plan\Sim_Plan_Process.cpp Sim_Plan\Sim_Plan_Result.cpp Sim_Plan\Sim_Plan_Step.cpp Sim_Travel\Travel_Update.cpp
         Set_Lane_Use.cpp
         Set_Turn_Flag.cpp
         Sim_Parameters.cpp
         Traffic_Controls.cpp
         Cell_Use.cpp
         Check_Behind.cpp
         Lane_Change.cpp
         Load_Vehicle.cpp
         Move_Vehicle.cpp
         Node_Processing.cpp
         Output_Step.cpp
         Sim_Node_Process.cpp
         Sim_Node_Step.cpp
         Event_Output.cpp
         Link_Delay_Output.cpp
         Occupancy_Output.cpp
         Performance_Output.cpp
         Problem_Output.cpp
         Ridership_Output.cpp
         Sim_Output_Data.cpp
         Sim_Output_Step.cpp
         Snapshot_Output.cpp
         Traveler_Output.cpp
         Turn_Vol_Output.cpp
         Sim_Travel_Process.cpp
         Sim_Travel_Step.cpp
         Travel_Processing.cpp
         Control.cpp
         Execute.cpp
         Global_Data.cpp
         Sim_Statistics.cpp
         Simulator_Service.cpp
         Transit_Plans.cpp
         Transit_Vehicles.cpp
         Best_Lanes.cpp
         First_Plan.cpp
         Plan_Processing.cpp
         Read_Plans.cpp
         Sim_Plan_Process.cpp
         Sim_Plan_Result.cpp
         Sim_Plan_Step.cpp
         Travel_Update.cpp
       Lib:
         C:\Program Files (x86)\Microsoft Visual Studio 11.0\VC\bin\x86_amd64\Lib.exe /OUT:"C:\Software\Transims60\Simulator_Service\x64\BinThreads\Simulator_Service.lib" /NOLOGO /MACHINE:X64 x64\BinThreads\Set_Lane_Use.obj
         x64\BinThreads\Set_Turn_Flag.obj
         x64\BinThreads\Sim_Parameters.obj
         x64\BinThreads\Traffic_Controls.obj
         x64\BinThreads\Cell_Use.obj
         x64\BinThreads\Check_Behind.obj
         x64\BinThreads\Lane_Change.obj
         x64\BinThreads\Load_Vehicle.obj
         x64\BinThreads\Move_Vehicle.obj
         x64\BinThreads\Node_Processing.obj
         x64\BinThreads\Output_Step.obj
         x64\BinThreads\Sim_Node_Process.obj
         x64\BinThreads\Sim_Node_Step.obj
         x64\BinThreads\Event_Output.obj
         x64\BinThreads\Link_Delay_Output.obj
         x64\BinThreads\Occupancy_Output.obj
         x64\BinThreads\Performance_Output.obj
         x64\BinThreads\Problem_Output.obj
         x64\BinThreads\Ridership_Output.obj
         x64\BinThreads\Sim_Output_Data.obj
         x64\BinThreads\Sim_Output_Step.obj
         x64\BinThreads\Snapshot_Output.obj
         x64\BinThreads\Traveler_Output.obj
         x64\BinThreads\Turn_Vol_Output.obj
         x64\BinThreads\Sim_Travel_Process.obj
         x64\BinThreads\Sim_Travel_Step.obj
         x64\BinThreads\Travel_Processing.obj
         x64\BinThreads\Control.obj
         x64\BinThreads\Execute.obj
         x64\BinThreads\Global_Data.obj
         x64\BinThreads\Sim_Statistics.obj
         x64\BinThreads\Simulator_Service.obj
         x64\BinThreads\Transit_Plans.obj
         x64\BinThreads\Transit_Vehicles.obj
         x64\BinThreads\Best_Lanes.obj
         x64\BinThreads\First_Plan.obj
         x64\BinThreads\Plan_Processing.obj
         x64\BinThreads\Read_Plans.obj
         x64\BinThreads\Sim_Plan_Process.obj
         x64\BinThreads\Sim_Plan_Result.obj
         x64\BinThreads\Sim_Plan_Step.obj
         x64\BinThreads\Travel_Update.obj
         Simulator_Service.vcxproj -> C:\Software\Transims60\Simulator_Service\x64\BinThreads\Simulator_Service.lib
     1>Done Building Project "C:\Software\Transims60\Simulator_Service\Simulator_Service.vcxproj" (Build target(s)).

Build succeeded.

Time Elapsed 00:03:01.81
