Build started 3/7/2014 7:59:32 AM.
     1>Project "C:\Software\Transims60\ZoneData\ZoneData.vcxproj" on node 2 (Build target(s)).
     1>ClCompile:
         C:\Program Files (x86)\Microsoft Visual Studio 11.0\VC\bin\x86_amd64\CL.exe /c /I..\Include /Zi /nologo /W4 /WX /MP /O2 /D WIN32 /D NDEBUG /D _CONSOLE /D THREADS /Gm- /EHsc /MT /GS /Qpar /fp:precise /Zc:wchar_t /Zc:forScope /Fo"x64\BinThreads\\" /Fd"x64\BinThreads\vc110.pdb" /Gd /TP /analyze- /errorReport:prompt Control.cpp Execute.cpp Get_Zone_Data.cpp Read_Data.cpp Read_Polygons.cpp Set_Files.cpp Sum_Zone.cpp Write_Zone.cpp ZoneData.cpp
         Control.cpp
         Execute.cpp
         Get_Zone_Data.cpp
         Read_Data.cpp
         Read_Polygons.cpp
         Set_Files.cpp
         Sum_Zone.cpp
         Write_Zone.cpp
         ZoneData.cpp
       Link:
         C:\Program Files (x86)\Microsoft Visual Studio 11.0\VC\bin\x86_amd64\link.exe /ERRORREPORT:PROMPT /OUT:"C:\Software\Transims60\x64\BinThreads\ZoneData.exe" /INCREMENTAL:NO /NOLOGO kernel32.lib user32.lib gdi32.lib winspool.lib comdlg32.lib advapi32.lib shell32.lib ole32.lib oleaut32.lib uuid.lib odbc32.lib odbccp32.lib /MANIFEST /MANIFESTUAC:"level='asInvoker' uiAccess='false'" /manifest:embed /PDB:"C:\Software\Transims60\x64\BinThreads\ZoneData.pdb" /SUBSYSTEM:CONSOLE,"5.02" /OPT:REF /OPT:ICF /TLBID:1 /DYNAMICBASE /NXCOMPAT /IMPLIB:"C:\Software\Transims60\x64\BinThreads\ZoneData.lib" /MACHINE:X64 x64\BinThreads\Control.obj
         x64\BinThreads\Execute.obj
         x64\BinThreads\Get_Zone_Data.obj
         x64\BinThreads\Read_Data.obj
         x64\BinThreads\Read_Polygons.obj
         x64\BinThreads\Set_Files.obj
         x64\BinThreads\Sum_Zone.obj
         x64\BinThreads\Write_Zone.obj
         x64\BinThreads\ZoneData.obj
         C:\Software\Transims60\SysLib\x64\BinThreads\SysLib.lib
         C:\Software\Transims60\File_Data_Service\x64\BinThreads\File_Data_Service.lib
         ZoneData.vcxproj -> C:\Software\Transims60\x64\BinThreads\ZoneData.exe
     1>Done Building Project "C:\Software\Transims60\ZoneData\ZoneData.vcxproj" (Build target(s)).

Build succeeded.

Time Elapsed 00:00:40.53
