C:\SOFTWARE\TRANSIMS60\NETPREP\WIN32\BIN\VC110.PDB
C:\SOFTWARE\TRANSIMS60\WIN32\BIN\NETPREP.EXE
C:\SOFTWARE\TRANSIMS60\WIN32\BIN\NETPREP.PDB
C:\Software\Transims60\NetPrep\Win32\Bin\NetPrep.vcxprojResolveAssemblyReference.cache
C:\Software\Transims60\NetPrep\Win32\Bin\Bearing_Update.obj
C:\Software\Transims60\NetPrep\Win32\Bin\Check_Intersections.obj
C:\Software\Transims60\NetPrep\Win32\Bin\Closest_Zone.obj
C:\Software\Transims60\NetPrep\Win32\Bin\Collapse_Nodes.obj
C:\Software\Transims60\NetPrep\Win32\Bin\Compare_Links.obj
C:\Software\Transims60\NetPrep\Win32\Bin\Control.obj
C:\Software\Transims60\NetPrep\Win32\Bin\Correct_Shapes.obj
C:\Software\Transims60\NetPrep\Win32\Bin\Delete_Link.obj
C:\Software\Transims60\NetPrep\Win32\Bin\Drop_Links.obj
C:\Software\Transims60\NetPrep\Win32\Bin\Execute.obj
C:\Software\Transims60\NetPrep\Win32\Bin\Get_Link_Data.obj
C:\Software\Transims60\NetPrep\Win32\Bin\Get_Node_Data.obj
C:\Software\Transims60\NetPrep\Win32\Bin\Input_Links.obj
C:\Software\Transims60\NetPrep\Win32\Bin\Input_Nodes.obj
C:\Software\Transims60\NetPrep\Win32\Bin\Input_Routes.obj
C:\Software\Transims60\NetPrep\Win32\Bin\Input_SpdCap.obj
C:\Software\Transims60\NetPrep\Win32\Bin\Input_Zones.obj
C:\Software\Transims60\NetPrep\Win32\Bin\Local_Spacing.obj
C:\Software\Transims60\NetPrep\Win32\Bin\Local_Thru_Links.obj
C:\Software\Transims60\NetPrep\Win32\Bin\NetPrep.obj
C:\Software\Transims60\NetPrep\Win32\Bin\Node_List.obj
C:\Software\Transims60\NetPrep\Win32\Bin\Node_Types.obj
C:\Software\Transims60\NetPrep\Win32\Bin\Put_Link_Data.obj
C:\Software\Transims60\NetPrep\Win32\Bin\Put_Node_Data.obj
C:\Software\Transims60\NetPrep\Win32\Bin\Put_Shape_Data.obj
C:\Software\Transims60\NetPrep\Win32\Bin\Read_Scripts.obj
C:\Software\Transims60\NetPrep\Win32\Bin\Save_Route.obj
C:\Software\Transims60\NetPrep\Win32\Bin\Select_Best.obj
C:\Software\Transims60\NetPrep\Win32\Bin\Short_Links.obj
C:\Software\Transims60\NetPrep\Win32\Bin\Space_Processing.obj
C:\Software\Transims60\NetPrep\Win32\Bin\Split_Loops.obj
C:\Software\Transims60\NetPrep\Win32\Bin\Thru_Links.obj
C:\Software\Transims60\NetPrep\Win32\Bin\Trace_Links.obj
C:\Software\Transims60\NetPrep\Win32\Bin\Write_Link_Nodes.obj
C:\Software\Transims60\NetPrep\Win32\Bin\CL.3188.read.1.tlog
C:\Software\Transims60\NetPrep\Win32\Bin\CL.3188.write.1.tlog
C:\Software\Transims60\NetPrep\Win32\Bin\CL.5236.read.1.tlog
C:\Software\Transims60\NetPrep\Win32\Bin\CL.5236.write.1.tlog
C:\Software\Transims60\NetPrep\Win32\Bin\CL.5424.read.1.tlog
C:\Software\Transims60\NetPrep\Win32\Bin\CL.5424.write.1.tlog
C:\Software\Transims60\NetPrep\Win32\Bin\CL.740.read.1.tlog
C:\Software\Transims60\NetPrep\Win32\Bin\CL.740.write.1.tlog
C:\Software\Transims60\NetPrep\Win32\Bin\cl.command.1.tlog
C:\Software\Transims60\NetPrep\Win32\Bin\CL.read.1.tlog
C:\Software\Transims60\NetPrep\Win32\Bin\cl.write.1.tlog
C:\Software\Transims60\NetPrep\Win32\Bin\link-cvtres.read.1.tlog
C:\Software\Transims60\NetPrep\Win32\Bin\link-cvtres.write.1.tlog
C:\Software\Transims60\NetPrep\Win32\Bin\link-rc.read.1.tlog
C:\Software\Transims60\NetPrep\Win32\Bin\link-rc.write.1.tlog
C:\Software\Transims60\NetPrep\Win32\Bin\link.command.1.tlog
C:\Software\Transims60\NetPrep\Win32\Bin\link.read.1.tlog
C:\Software\Transims60\NetPrep\Win32\Bin\link.write.1.tlog
