C:\SOFTWARE\TRANSIMS60\TRIPDATA\WIN32\BIN\VC110.PDB
C:\SOFTWARE\TRANSIMS60\WIN32\BIN\TRIPDATA.EXE
C:\Software\Transims60\TripData\Win32\Bin\TripData.vcxprojResolveAssemblyReference.cache
C:\Software\Transims60\TripData\Win32\Bin\Control.obj
C:\Software\Transims60\TripData\Win32\Bin\Execute.obj
C:\Software\Transims60\TripData\Win32\Bin\Get_Zone_Data.obj
C:\Software\Transims60\TripData\Win32\Bin\Read_Data.obj
C:\Software\Transims60\TripData\Win32\Bin\Set_Files.obj
C:\Software\Transims60\TripData\Win32\Bin\TripData.obj
C:\Software\Transims60\TripData\Win32\Bin\Write_Trip.obj
C:\Software\Transims60\TripData\Win32\Bin\CL.4436.read.1.tlog
C:\Software\Transims60\TripData\Win32\Bin\CL.4436.write.1.tlog
C:\Software\Transims60\TripData\Win32\Bin\CL.4708.read.1.tlog
C:\Software\Transims60\TripData\Win32\Bin\CL.4708.write.1.tlog
C:\Software\Transims60\TripData\Win32\Bin\CL.5096.read.1.tlog
C:\Software\Transims60\TripData\Win32\Bin\CL.5096.write.1.tlog
C:\Software\Transims60\TripData\Win32\Bin\CL.5984.read.1.tlog
C:\Software\Transims60\TripData\Win32\Bin\CL.5984.write.1.tlog
C:\Software\Transims60\TripData\Win32\Bin\cl.command.1.tlog
C:\Software\Transims60\TripData\Win32\Bin\CL.read.1.tlog
C:\Software\Transims60\TripData\Win32\Bin\cl.write.1.tlog
C:\Software\Transims60\TripData\Win32\Bin\link-cvtres.read.1.tlog
C:\Software\Transims60\TripData\Win32\Bin\link-cvtres.write.1.tlog
C:\Software\Transims60\TripData\Win32\Bin\link-rc.read.1.tlog
C:\Software\Transims60\TripData\Win32\Bin\link-rc.write.1.tlog
C:\Software\Transims60\TripData\Win32\Bin\link.command.1.tlog
C:\Software\Transims60\TripData\Win32\Bin\link.read.1.tlog
C:\Software\Transims60\TripData\Win32\Bin\link.write.1.tlog
