Build started 3/7/2014 7:52:31 AM.
     1>Project "C:\Software\Transims60\File_Data_Service\File_Data_Service.vcxproj" on node 2 (Build target(s)).
     1>ClCompile:
         C:\Program Files (x86)\Microsoft Visual Studio 11.0\VC\bin\x86_amd64\CL.exe /c /I..\Include /Zi /nologo /W4 /WX /MP /O2 /Oi /D WIN32 /D NDEBUG /D _LIB /D _MSC_EXTENSIONS /D THREADS /Gm- /EHsc /MT /GS /Gy- /Qpar /fp:precise /Zc:wchar_t /Zc:forScope /Fo"x64\BinThreads\\" /Fd"x64\BinThreads\vc110.pdb" /Gd /TP /errorReport:prompt Data\Attribute_Data.cpp Data\Event_Data.cpp Data\Flow_Time_Data.cpp Data\Line_Data.cpp Data\Performance_Data.cpp Data\Selection_Data.cpp Data\Skim_Data.cpp Data\Time_Index.cpp Data\Tour_Sort.cpp Data\Transfer_Data.cpp Data\Traveler_Data.cpp Data\Trip_Index.cpp Data\Zone_Location.cpp Files\Access_File.cpp Files\Activity_File.cpp Files\Approach_Link_File.cpp Files\Connect_File.cpp Files\Detector_File.cpp Files\Diurnal_File.cpp Files\Driver_File.cpp Files\Event_File.cpp Files\Factor_File.cpp Files\Fare_File.cpp Files\Household_File.cpp Files\Lane_Use_File.cpp Files\Line_File.cpp Files\Link_Data_File.cpp Files\Link_Delay_File.cpp Files\Link_Dir_File.cpp Files\Link_File.cpp Files\Link_Use_File.cpp Files\Location_File.cpp Files\Matrix_File.cpp Files\Node_File.cpp Files\Occupancy_File.cpp Files\Old_Plan_File.cpp Files\Parking_File.cpp Files\Performance_File.cpp Files\Person_File.cpp Files\Phasing_File.cpp Files\Plan_File.cpp Files\Pocket_File.cpp Files\Problem_File.cpp Files\Ridership_File.cpp Files\Route_Nodes_File.cpp Files\Schedule_File.cpp Files\Selection_File.cpp Files\Shape_File.cpp Files\Signal_File.cpp Files\Sign_File.cpp Files\Skim_File.cpp Files\Snapshot_File.cpp Files\Stop_File.cpp Files\Subzone_File.cpp Files\Time_Sum_File.cpp Files\Timing_File.cpp Files\Toll_File.cpp Files\Traveler_File.cpp Files\Travel_Time_File.cpp Files\Trip_File.cpp Files\Turn_Pen_File.cpp Files\Turn_Vol_File.cpp Files\Vehicle_File.cpp Files\Veh_Type_File.cpp Files\Zone_File.cpp Read\Read_Access_Links.cpp Read\Read_Connections.cpp Read\Read_Detectors.cpp Read\Read_Drivers.cpp Read\Read_Events.cpp Read\Read_Fares.cpp Read\Read_Households.cpp Read\Read_Lane_Uses.cpp Read\Read_Lines.cpp Read\Read_Links.cpp Read\Read_Link_Delays.cpp Read\Read_Locations.cpp Read\Read_Nodes.cpp Read\Read_Parking_Lots.cpp Read\Read_Performance.cpp Read\Read_Phasing_Plans.cpp Read\Read_Plans.cpp Read\Read_Pockets.cpp Read\Read_Problems.cpp Read\Read_Ridership.cpp Read\Read_Route_Nodes.cpp Read\Read_Schedules.cpp Read\Read_Selections.cpp Read\Read_Shapes.cpp Read\Read_Signals.cpp Read\Read_Signs.cpp Read\Read_Skims.cpp Read\Read_Stops.cpp Read\Read_Timing_Plans.cpp Read\Read_Travelers.cpp Read\Read_Trips.cpp Read\Read_Turn_Pens.cpp Read\Read_Veh_Types.cpp Read\Read_Zones.cpp Service\Data_Service.cpp Service\Data_Shapes.cpp Service\Draw_Service.cpp Service\File_Service.cpp Service\Flow_Time_Service.cpp Service\Select_Service.cpp Write\Write_Access_Links.cpp Write\Write_Connections.cpp Write\Write_Detectors.cpp Write\Write_Drivers.cpp Write\Write_Events.cpp Write\Write_Fares.cpp Write\Write_Households.cpp Write\Write_Lane_Uses.cpp Write\Write_Lines.cpp Write\Write_Links.cpp Write\Write_Link_Delays.cpp Write\Write_Locations.cpp Write\Write_Nodes.cpp Write\Write_Parking_Lots.cpp Write\Write_Performance.cpp Write\Write_Phasing_Plans.cpp Write\Write_Plans.cpp Write\Write_Pockets.cpp Write\Write_Problems.cpp Write\Write_Ridership.cpp Write\Write_Route_Nodes.cpp Write\Write_Schedules.cpp Write\Write_Selections.cpp Write\Write_Shapes.cpp Write\Write_Signals.cpp Write\Write_Signs.cpp Write\Write_Skims.cpp Write\Write_Stops.cpp Write\Write_Timing_Plans.cpp Write\Write_Travelers.cpp Write\Write_Trips.cpp Write\Write_Turn_Pens.cpp Write\Write_Veh_Types.cpp Write\Write_Zones.cpp
         Attribute_Data.cpp
         Event_Data.cpp
         Flow_Time_Data.cpp
         Line_Data.cpp
         Performance_Data.cpp
         Selection_Data.cpp
         Skim_Data.cpp
         Time_Index.cpp
         Tour_Sort.cpp
         Transfer_Data.cpp
         Traveler_Data.cpp
         Trip_Index.cpp
         Zone_Location.cpp
         Access_File.cpp
         Activity_File.cpp
         Approach_Link_File.cpp
         Connect_File.cpp
         Detector_File.cpp
         Diurnal_File.cpp
         Driver_File.cpp
         Event_File.cpp
         Factor_File.cpp
         Fare_File.cpp
         Household_File.cpp
         Lane_Use_File.cpp
         Line_File.cpp
         Link_Data_File.cpp
         Link_Delay_File.cpp
         Link_Dir_File.cpp
         Link_File.cpp
         Link_Use_File.cpp
         Location_File.cpp
         Matrix_File.cpp
         Node_File.cpp
         Occupancy_File.cpp
         Old_Plan_File.cpp
         Parking_File.cpp
         Performance_File.cpp
         Person_File.cpp
         Phasing_File.cpp
         Plan_File.cpp
         Pocket_File.cpp
         Problem_File.cpp
         Ridership_File.cpp
         Route_Nodes_File.cpp
         Schedule_File.cpp
         Selection_File.cpp
         Shape_File.cpp
         Signal_File.cpp
         Sign_File.cpp
         Skim_File.cpp
         Snapshot_File.cpp
         Stop_File.cpp
         Subzone_File.cpp
         Time_Sum_File.cpp
         Timing_File.cpp
         Toll_File.cpp
         Traveler_File.cpp
         Travel_Time_File.cpp
         Trip_File.cpp
         Turn_Pen_File.cpp
         Turn_Vol_File.cpp
         Vehicle_File.cpp
         Veh_Type_File.cpp
         Zone_File.cpp
         Read_Access_Links.cpp
         Read_Connections.cpp
         Read_Detectors.cpp
         Read_Drivers.cpp
         Read_Events.cpp
         Read_Fares.cpp
         Read_Households.cpp
         Read_Lane_Uses.cpp
         Read_Lines.cpp
         Read_Links.cpp
         Read_Link_Delays.cpp
         Read_Locations.cpp
         Read_Nodes.cpp
         Read_Parking_Lots.cpp
         Read_Performance.cpp
         Read_Phasing_Plans.cpp
         Read_Plans.cpp
         Read_Pockets.cpp
         Read_Problems.cpp
         Read_Ridership.cpp
         Read_Route_Nodes.cpp
         Read_Schedules.cpp
         Read_Selections.cpp
         Read_Shapes.cpp
         Read_Signals.cpp
         Read_Signs.cpp
         Read_Skims.cpp
         Read_Stops.cpp
         Read_Timing_Plans.cpp
         Read_Travelers.cpp
         Read_Trips.cpp
         Read_Turn_Pens.cpp
         Read_Veh_Types.cpp
         Read_Zones.cpp
         Data_Service.cpp
         Data_Shapes.cpp
         Draw_Service.cpp
         File_Service.cpp
         Flow_Time_Service.cpp
         Select_Service.cpp
         Write_Access_Links.cpp
         Write_Connections.cpp
         Write_Detectors.cpp
         Write_Drivers.cpp
         Write_Events.cpp
         Write_Fares.cpp
         Write_Households.cpp
         Write_Lane_Uses.cpp
         Write_Lines.cpp
         Write_Links.cpp
         Write_Link_Delays.cpp
         Write_Locations.cpp
         Write_Nodes.cpp
         Write_Parking_Lots.cpp
         Write_Performance.cpp
         Write_Phasing_Plans.cpp
         Write_Plans.cpp
         Write_Pockets.cpp
         Write_Problems.cpp
         Write_Ridership.cpp
         Write_Route_Nodes.cpp
         Write_Schedules.cpp
         Write_Selections.cpp
         Write_Shapes.cpp
         Write_Signals.cpp
         Write_Signs.cpp
         Write_Skims.cpp
         Write_Stops.cpp
         Write_Timing_Plans.cpp
         Write_Travelers.cpp
         Write_Trips.cpp
         Write_Turn_Pens.cpp
         Write_Veh_Types.cpp
         Write_Zones.cpp
       Lib:
         C:\Program Files (x86)\Microsoft Visual Studio 11.0\VC\bin\x86_amd64\Lib.exe /OUT:"C:\Software\Transims60\File_Data_Service\x64\BinThreads\File_Data_Service.lib" /NOLOGO /MACHINE:X64 x64\BinThreads\Attribute_Data.obj
         x64\BinThreads\Event_Data.obj
         x64\BinThreads\Flow_Time_Data.obj
         x64\BinThreads\Line_Data.obj
         x64\BinThreads\Performance_Data.obj
         x64\BinThreads\Selection_Data.obj
         x64\BinThreads\Skim_Data.obj
         x64\BinThreads\Time_Index.obj
         x64\BinThreads\Tour_Sort.obj
         x64\BinThreads\Transfer_Data.obj
         x64\BinThreads\Traveler_Data.obj
         x64\BinThreads\Trip_Index.obj
         x64\BinThreads\Zone_Location.obj
         x64\BinThreads\Access_File.obj
         x64\BinThreads\Activity_File.obj
         x64\BinThreads\Approach_Link_File.obj
         x64\BinThreads\Connect_File.obj
         x64\BinThreads\Detector_File.obj
         x64\BinThreads\Diurnal_File.obj
         x64\BinThreads\Driver_File.obj
         x64\BinThreads\Event_File.obj
         x64\BinThreads\Factor_File.obj
         x64\BinThreads\Fare_File.obj
         x64\BinThreads\Household_File.obj
         x64\BinThreads\Lane_Use_File.obj
         x64\BinThreads\Line_File.obj
         x64\BinThreads\Link_Data_File.obj
         x64\BinThreads\Link_Delay_File.obj
         x64\BinThreads\Link_Dir_File.obj
         x64\BinThreads\Link_File.obj
         x64\BinThreads\Link_Use_File.obj
         x64\BinThreads\Location_File.obj
         x64\BinThreads\Matrix_File.obj
         x64\BinThreads\Node_File.obj
         x64\BinThreads\Occupancy_File.obj
         x64\BinThreads\Old_Plan_File.obj
         x64\BinThreads\Parking_File.obj
         x64\BinThreads\Performance_File.obj
         x64\BinThreads\Person_File.obj
         x64\BinThreads\Phasing_File.obj
         x64\BinThreads\Plan_File.obj
         x64\BinThreads\Pocket_File.obj
         x64\BinThreads\Problem_File.obj
         x64\BinThreads\Ridership_File.obj
         x64\BinThreads\Route_Nodes_File.obj
         x64\BinThreads\Schedule_File.obj
         x64\BinThreads\Selection_File.obj
         x64\BinThreads\Shape_File.obj
         x64\BinThreads\Signal_File.obj
         x64\BinThreads\Sign_File.obj
         x64\BinThreads\Skim_File.obj
         x64\BinThreads\Snapshot_File.obj
         x64\BinThreads\Stop_File.obj
         x64\BinThreads\Subzone_File.obj
         x64\BinThreads\Time_Sum_File.obj
         x64\BinThreads\Timing_File.obj
         x64\BinThreads\Toll_File.obj
         x64\BinThreads\Traveler_File.obj
         x64\BinThreads\Travel_Time_File.obj
         x64\BinThreads\Trip_File.obj
         x64\BinThreads\Turn_Pen_File.obj
         x64\BinThreads\Turn_Vol_File.obj
         x64\BinThreads\Vehicle_File.obj
         x64\BinThreads\Veh_Type_File.obj
         x64\BinThreads\Zone_File.obj
         x64\BinThreads\Read_Access_Links.obj
         x64\BinThreads\Read_Connections.obj
         x64\BinThreads\Read_Detectors.obj
         x64\BinThreads\Read_Drivers.obj
         x64\BinThreads\Read_Events.obj
         x64\BinThreads\Read_Fares.obj
         x64\BinThreads\Read_Households.obj
         x64\BinThreads\Read_Lane_Uses.obj
         x64\BinThreads\Read_Lines.obj
         x64\BinThreads\Read_Links.obj
         x64\BinThreads\Read_Link_Delays.obj
         x64\BinThreads\Read_Locations.obj
         x64\BinThreads\Read_Nodes.obj
         x64\BinThreads\Read_Parking_Lots.obj
         x64\BinThreads\Read_Performance.obj
         x64\BinThreads\Read_Phasing_Plans.obj
         x64\BinThreads\Read_Plans.obj
         x64\BinThreads\Read_Pockets.obj
         x64\BinThreads\Read_Problems.obj
         x64\BinThreads\Read_Ridership.obj
         x64\BinThreads\Read_Route_Nodes.obj
         x64\BinThreads\Read_Schedules.obj
         x64\BinThreads\Read_Selections.obj
         x64\BinThreads\Read_Shapes.obj
         x64\BinThreads\Read_Signals.obj
         x64\BinThreads\Read_Signs.obj
         x64\BinThreads\Read_Skims.obj
         x64\BinThreads\Read_Stops.obj
         x64\BinThreads\Read_Timing_Plans.obj
         x64\BinThreads\Read_Travelers.obj
         x64\BinThreads\Read_Trips.obj
         x64\BinThreads\Read_Turn_Pens.obj
         x64\BinThreads\Read_Veh_Types.obj
         x64\BinThreads\Read_Zones.obj
         x64\BinThreads\Data_Service.obj
         x64\BinThreads\Data_Shapes.obj
         x64\BinThreads\Draw_Service.obj
         x64\BinThreads\File_Service.obj
         x64\BinThreads\Flow_Time_Service.obj
         x64\BinThreads\Select_Service.obj
         x64\BinThreads\Write_Access_Links.obj
         x64\BinThreads\Write_Connections.obj
         x64\BinThreads\Write_Detectors.obj
         x64\BinThreads\Write_Drivers.obj
         x64\BinThreads\Write_Events.obj
         x64\BinThreads\Write_Fares.obj
         x64\BinThreads\Write_Households.obj
         x64\BinThreads\Write_Lane_Uses.obj
         x64\BinThreads\Write_Lines.obj
         x64\BinThreads\Write_Links.obj
         x64\BinThreads\Write_Link_Delays.obj
         x64\BinThreads\Write_Locations.obj
         x64\BinThreads\Write_Nodes.obj
         x64\BinThreads\Write_Parking_Lots.obj
         x64\BinThreads\Write_Performance.obj
         x64\BinThreads\Write_Phasing_Plans.obj
         x64\BinThreads\Write_Plans.obj
         x64\BinThreads\Write_Pockets.obj
         x64\BinThreads\Write_Problems.obj
         x64\BinThreads\Write_Ridership.obj
         x64\BinThreads\Write_Route_Nodes.obj
         x64\BinThreads\Write_Schedules.obj
         x64\BinThreads\Write_Selections.obj
         x64\BinThreads\Write_Shapes.obj
         x64\BinThreads\Write_Signals.obj
         x64\BinThreads\Write_Signs.obj
         x64\BinThreads\Write_Skims.obj
         x64\BinThreads\Write_Stops.obj
         x64\BinThreads\Write_Timing_Plans.obj
         x64\BinThreads\Write_Travelers.obj
         x64\BinThreads\Write_Trips.obj
         x64\BinThreads\Write_Turn_Pens.obj
         x64\BinThreads\Write_Veh_Types.obj
         x64\BinThreads\Write_Zones.obj
         File_Data_Service.vcxproj -> C:\Software\Transims60\File_Data_Service\x64\BinThreads\File_Data_Service.lib
     1>Done Building Project "C:\Software\Transims60\File_Data_Service\File_Data_Service.vcxproj" (Build target(s)).

Build succeeded.

Time Elapsed 00:01:58.99
