C:\SOFTWARE\TRANSIMS60\PLANPREP\X64\BINTHREADS\VC110.PDB
C:\SOFTWARE\TRANSIMS60\X64\BINTHREADS\PLANPREP.EXE
C:\Software\Transims60\PlanPrep\x64\BinThreads\PlanPrep.vcxprojResolveAssemblyReference.cache
C:\Software\Transims60\PlanPrep\x64\BinThreads\Combine_Plans.obj
C:\Software\Transims60\PlanPrep\x64\BinThreads\Control.obj
C:\Software\Transims60\PlanPrep\x64\BinThreads\Execute.obj
C:\Software\Transims60\PlanPrep\x64\BinThreads\MPI_Processing.obj
C:\Software\Transims60\PlanPrep\x64\BinThreads\MPI_Setup.obj
C:\Software\Transims60\PlanPrep\x64\BinThreads\PlanPrep.obj
C:\Software\Transims60\PlanPrep\x64\BinThreads\Plan_Processing.obj
C:\Software\Transims60\PlanPrep\x64\BinThreads\Read_Plans.obj
C:\Software\Transims60\PlanPrep\x64\BinThreads\Temp_Time_Write.obj
C:\Software\Transims60\PlanPrep\x64\BinThreads\Temp_Trip_Write.obj
C:\Software\Transims60\PlanPrep\x64\BinThreads\Time_Combine.obj
C:\Software\Transims60\PlanPrep\x64\BinThreads\Time_Write.obj
C:\Software\Transims60\PlanPrep\x64\BinThreads\Trip_Combine.obj
C:\Software\Transims60\PlanPrep\x64\BinThreads\Trip_Write.obj
C:\Software\Transims60\PlanPrep\x64\BinThreads\Write_Temp.obj
C:\Software\Transims60\PlanPrep\x64\BinThreads\CL.1056.read.1.tlog
C:\Software\Transims60\PlanPrep\x64\BinThreads\CL.1056.write.1.tlog
C:\Software\Transims60\PlanPrep\x64\BinThreads\CL.5052.read.1.tlog
C:\Software\Transims60\PlanPrep\x64\BinThreads\CL.5052.write.1.tlog
C:\Software\Transims60\PlanPrep\x64\BinThreads\CL.5452.read.1.tlog
C:\Software\Transims60\PlanPrep\x64\BinThreads\CL.5452.write.1.tlog
C:\Software\Transims60\PlanPrep\x64\BinThreads\CL.5704.read.1.tlog
C:\Software\Transims60\PlanPrep\x64\BinThreads\CL.5704.write.1.tlog
C:\Software\Transims60\PlanPrep\x64\BinThreads\cl.command.1.tlog
C:\Software\Transims60\PlanPrep\x64\BinThreads\CL.read.1.tlog
C:\Software\Transims60\PlanPrep\x64\BinThreads\cl.write.1.tlog
C:\Software\Transims60\PlanPrep\x64\BinThreads\link-cvtres.read.1.tlog
C:\Software\Transims60\PlanPrep\x64\BinThreads\link-cvtres.write.1.tlog
C:\Software\Transims60\PlanPrep\x64\BinThreads\link-rc.read.1.tlog
C:\Software\Transims60\PlanPrep\x64\BinThreads\link-rc.write.1.tlog
C:\Software\Transims60\PlanPrep\x64\BinThreads\link.command.1.tlog
C:\Software\Transims60\PlanPrep\x64\BinThreads\link.read.1.tlog
C:\Software\Transims60\PlanPrep\x64\BinThreads\link.write.1.tlog
C:\Software\Transims60\PlanPrep\x64\BinThreads\vc110.pdb
C:\Software\Transims60\x64\BinThreads\PlanPrep.exe
