C:\SOFTWARE\TRANSIMS60\MODECHOICE\WIN32\BIN\VC110.PDB
C:\SOFTWARE\TRANSIMS60\WIN32\BIN\MODECHOICE.EXE
C:\Software\Transims60\ModeChoice\Win32\Bin\ModeChoice.vcxprojResolveAssemblyReference.cache
C:\Software\Transims60\ModeChoice\Win32\Bin\Access_Summary.obj
C:\Software\Transims60\ModeChoice\Win32\Bin\Adjust_Constants.obj
C:\Software\Transims60\ModeChoice\Win32\Bin\Choice_Process.obj
C:\Software\Transims60\ModeChoice\Win32\Bin\Compile_Script.obj
C:\Software\Transims60\ModeChoice\Win32\Bin\Control.obj
C:\Software\Transims60\ModeChoice\Win32\Bin\Execute.obj
C:\Software\Transims60\ModeChoice\Win32\Bin\ModeChoice.obj
C:\Software\Transims60\ModeChoice\Win32\Bin\Mode_Summary.obj
C:\Software\Transims60\ModeChoice\Win32\Bin\Read_Constants.obj
C:\Software\Transims60\ModeChoice\Win32\Bin\Read_Targets.obj
C:\Software\Transims60\ModeChoice\Win32\Bin\Read_Zone.obj
C:\Software\Transims60\ModeChoice\Win32\Bin\Segment_Map.obj
C:\Software\Transims60\ModeChoice\Win32\Bin\Value_Summary.obj
C:\Software\Transims60\ModeChoice\Win32\Bin\Write_Market.obj
C:\Software\Transims60\ModeChoice\Win32\Bin\Write_Mode_Seg.obj
C:\Software\Transims60\ModeChoice\Win32\Bin\Write_Summary.obj
C:\Software\Transims60\ModeChoice\Win32\Bin\Write_Zones.obj
C:\Software\Transims60\ModeChoice\Win32\Bin\CL.1184.read.1.tlog
C:\Software\Transims60\ModeChoice\Win32\Bin\CL.1184.write.1.tlog
C:\Software\Transims60\ModeChoice\Win32\Bin\CL.4620.read.1.tlog
C:\Software\Transims60\ModeChoice\Win32\Bin\CL.4620.write.1.tlog
C:\Software\Transims60\ModeChoice\Win32\Bin\CL.4808.read.1.tlog
C:\Software\Transims60\ModeChoice\Win32\Bin\CL.4808.write.1.tlog
C:\Software\Transims60\ModeChoice\Win32\Bin\CL.5168.read.1.tlog
C:\Software\Transims60\ModeChoice\Win32\Bin\CL.5168.write.1.tlog
C:\Software\Transims60\ModeChoice\Win32\Bin\cl.command.1.tlog
C:\Software\Transims60\ModeChoice\Win32\Bin\CL.read.1.tlog
C:\Software\Transims60\ModeChoice\Win32\Bin\cl.write.1.tlog
C:\Software\Transims60\ModeChoice\Win32\Bin\link-cvtres.read.1.tlog
C:\Software\Transims60\ModeChoice\Win32\Bin\link-cvtres.write.1.tlog
C:\Software\Transims60\ModeChoice\Win32\Bin\link-rc.read.1.tlog
C:\Software\Transims60\ModeChoice\Win32\Bin\link-rc.write.1.tlog
C:\Software\Transims60\ModeChoice\Win32\Bin\link.command.1.tlog
C:\Software\Transims60\ModeChoice\Win32\Bin\link.read.1.tlog
C:\Software\Transims60\ModeChoice\Win32\Bin\link.write.1.tlog
