C:\SOFTWARE\TRANSIMS60\ARCDELAY\WIN32\BIN\VC110.PDB
C:\SOFTWARE\TRANSIMS60\WIN32\BIN\ARCDELAY.EXE
C:\Software\Transims60\ArcDelay\Win32\Bin\ArcDelay.vcxprojResolveAssemblyReference.cache
C:\Software\Transims60\ArcDelay\Win32\Bin\ArcDelay.obj
C:\Software\Transims60\ArcDelay\Win32\Bin\Control.obj
C:\Software\Transims60\ArcDelay\Win32\Bin\Draw_Link.obj
C:\Software\Transims60\ArcDelay\Win32\Bin\Execute.obj
C:\Software\Transims60\ArcDelay\Win32\Bin\Max_Delay.obj
C:\Software\Transims60\ArcDelay\Win32\Bin\Read_Link_Data.obj
C:\Software\Transims60\ArcDelay\Win32\Bin\Read_Link_Dir.obj
C:\Software\Transims60\ArcDelay\Win32\Bin\Select_Links.obj
C:\Software\Transims60\ArcDelay\Win32\Bin\Write_Delay.obj
C:\Software\Transims60\ArcDelay\Win32\Bin\Write_Image.obj
C:\Software\Transims60\ArcDelay\Win32\Bin\Write_Intersection.obj
C:\Software\Transims60\ArcDelay\Win32\Bin\Write_Turn.obj
C:\Software\Transims60\ArcDelay\Win32\Bin\CL.2300.read.1.tlog
C:\Software\Transims60\ArcDelay\Win32\Bin\CL.2300.write.1.tlog
C:\Software\Transims60\ArcDelay\Win32\Bin\CL.3724.read.1.tlog
C:\Software\Transims60\ArcDelay\Win32\Bin\CL.3724.write.1.tlog
C:\Software\Transims60\ArcDelay\Win32\Bin\CL.5188.read.1.tlog
C:\Software\Transims60\ArcDelay\Win32\Bin\CL.5188.write.1.tlog
C:\Software\Transims60\ArcDelay\Win32\Bin\CL.5416.read.1.tlog
C:\Software\Transims60\ArcDelay\Win32\Bin\CL.5416.write.1.tlog
C:\Software\Transims60\ArcDelay\Win32\Bin\cl.command.1.tlog
C:\Software\Transims60\ArcDelay\Win32\Bin\CL.read.1.tlog
C:\Software\Transims60\ArcDelay\Win32\Bin\cl.write.1.tlog
C:\Software\Transims60\ArcDelay\Win32\Bin\link-cvtres.read.1.tlog
C:\Software\Transims60\ArcDelay\Win32\Bin\link-cvtres.write.1.tlog
C:\Software\Transims60\ArcDelay\Win32\Bin\link-rc.read.1.tlog
C:\Software\Transims60\ArcDelay\Win32\Bin\link-rc.write.1.tlog
C:\Software\Transims60\ArcDelay\Win32\Bin\link.command.1.tlog
C:\Software\Transims60\ArcDelay\Win32\Bin\link.read.1.tlog
C:\Software\Transims60\ArcDelay\Win32\Bin\link.write.1.tlog
