Build started 3/7/2014 7:59:20 AM.
     1>Project "C:\Software\Transims60\LocationData\LocationData.vcxproj" on node 5 (Build target(s)).
     1>ClCompile:
         C:\Program Files (x86)\Microsoft Visual Studio 11.0\VC\bin\x86_amd64\CL.exe /c /I..\Include /Zi /nologo /W4 /WX /MP /O2 /D WIN32 /D NDEBUG /D _CONSOLE /D THREADS /Gm- /EHsc /MT /GS /Qpar /fp:precise /Zc:wchar_t /Zc:forScope /Fo"x64\BinThreads\\" /Fd"x64\BinThreads\vc110.pdb" /Gd /TP /analyze- /errorReport:prompt Check_Zones.cpp Control.cpp Execute.cpp Get_Location_Data.cpp Get_Zone_Data.cpp LocationData.cpp Read_Boundary.cpp Read_Data.cpp Read_Polygons.cpp Read_Subzone.cpp Read_Subzone_Map.cpp Set_Files.cpp Sub_Map_Weights.cpp Subzone_Weights.cpp Walk_Access.cpp Write_Location.cpp Zone_Locations.cpp
         Check_Zones.cpp
         Control.cpp
         Execute.cpp
         Get_Location_Data.cpp
         Get_Zone_Data.cpp
         LocationData.cpp
         Read_Boundary.cpp
         Read_Data.cpp
         Read_Polygons.cpp
         Read_Subzone.cpp
         Read_Subzone_Map.cpp
         Set_Files.cpp
         Sub_Map_Weights.cpp
         Subzone_Weights.cpp
         Walk_Access.cpp
         Write_Location.cpp
         Zone_Locations.cpp
       Link:
         C:\Program Files (x86)\Microsoft Visual Studio 11.0\VC\bin\x86_amd64\link.exe /ERRORREPORT:PROMPT /OUT:"C:\Software\Transims60\x64\BinThreads\LocationData.exe" /INCREMENTAL:NO /NOLOGO kernel32.lib user32.lib gdi32.lib winspool.lib comdlg32.lib advapi32.lib shell32.lib ole32.lib oleaut32.lib uuid.lib odbc32.lib odbccp32.lib /MANIFEST /MANIFESTUAC:"level='asInvoker' uiAccess='false'" /manifest:embed /PDB:"C:\Software\Transims60\x64\BinThreads\LocationData.pdb" /SUBSYSTEM:CONSOLE,"5.02" /OPT:REF /OPT:ICF /TLBID:1 /DYNAMICBASE /NXCOMPAT /IMPLIB:"C:\Software\Transims60\x64\BinThreads\LocationData.lib" /MACHINE:X64 x64\BinThreads\Check_Zones.obj
         x64\BinThreads\Control.obj
         x64\BinThreads\Execute.obj
         x64\BinThreads\Get_Location_Data.obj
         x64\BinThreads\Get_Zone_Data.obj
         x64\BinThreads\LocationData.obj
         x64\BinThreads\Read_Boundary.obj
         x64\BinThreads\Read_Data.obj
         x64\BinThreads\Read_Polygons.obj
         x64\BinThreads\Read_Subzone.obj
         x64\BinThreads\Read_Subzone_Map.obj
         x64\BinThreads\Set_Files.obj
         x64\BinThreads\Sub_Map_Weights.obj
         x64\BinThreads\Subzone_Weights.obj
         x64\BinThreads\Walk_Access.obj
         x64\BinThreads\Write_Location.obj
         x64\BinThreads\Zone_Locations.obj
         C:\Software\Transims60\SysLib\x64\BinThreads\SysLib.lib
         C:\Software\Transims60\File_Data_Service\x64\BinThreads\File_Data_Service.lib
         LocationData.vcxproj -> C:\Software\Transims60\x64\BinThreads\LocationData.exe
     1>Done Building Project "C:\Software\Transims60\LocationData\LocationData.vcxproj" (Build target(s)).

Build succeeded.

Time Elapsed 00:01:06.88
