C:\TRANSIMS\TRANSIMS51\PATHSKIM\DEBUG\BUILD_PATHS.OBJ
C:\TRANSIMS\TRANSIMS51\PATHSKIM\DEBUG\CONTROL.OBJ
C:\TRANSIMS\TRANSIMS51\PATHSKIM\DEBUG\EXECUTE.OBJ
C:\TRANSIMS\TRANSIMS51\PATHSKIM\DEBUG\FLOW_SKIMS.OBJ
C:\TRANSIMS\TRANSIMS51\PATHSKIM\DEBUG\LOCATION_LIST.OBJ
C:\TRANSIMS\TRANSIMS51\PATHSKIM\DEBUG\NEW_ZONE_LOC.OBJ
C:\TRANSIMS\TRANSIMS51\PATHSKIM\DEBUG\OUTPUT_SKIMS.OBJ
C:\TRANSIMS\TRANSIMS51\PATHSKIM\DEBUG\PATHSKIM.OBJ
C:\TRANSIMS\TRANSIMS51\PATHSKIM\DEBUG\SAVE_PLANS.OBJ
C:\TRANSIMS\TRANSIMS51\PATHSKIM\DEBUG\SAVE_SKIMS.OBJ
C:\TRANSIMS\TRANSIMS51\PATHSKIM\DEBUG\SKIM_PATHS.OBJ
C:\TRANSIMS\TRANSIMS51\PATHSKIM\DEBUG\USER_LOCATIONS.OBJ
C:\TRANSIMS\TRANSIMS51\PATHSKIM\DEBUG\ZONE_LOCATIONS.OBJ
C:\TRANSIMS\TRANSIMS51\PATHSKIM\DEBUG\ZONE_SKIMS.OBJ
C:\TRANSIMS\TRANSIMS51\PATHSKIM\DEBUG\VC110.PDB
C:\TRANSIMS\TRANSIMS51\DEBUG\PATHSKIM.ILK
C:\TRANSIMS\TRANSIMS51\DEBUG\PATHSKIM.EXE
C:\TRANSIMS\TRANSIMS51\DEBUG\PATHSKIM.PDB
C:\TRANSIMS\Transims51\PathSkim\Debug\PathSkim.vcxprojResolveAssemblyReference.cache
C:\TRANSIMS\Transims51\PathSkim\Debug\Build_Paths.obj
C:\TRANSIMS\Transims51\PathSkim\Debug\Control.obj
C:\TRANSIMS\Transims51\PathSkim\Debug\Execute.obj
C:\TRANSIMS\Transims51\PathSkim\Debug\Flow_Skims.obj
C:\TRANSIMS\Transims51\PathSkim\Debug\Location_List.obj
C:\TRANSIMS\Transims51\PathSkim\Debug\New_Zone_Loc.obj
C:\TRANSIMS\Transims51\PathSkim\Debug\Output_Skims.obj
C:\TRANSIMS\Transims51\PathSkim\Debug\PathSkim.obj
C:\TRANSIMS\Transims51\PathSkim\Debug\Save_Plans.obj
C:\TRANSIMS\Transims51\PathSkim\Debug\Save_Skims.obj
C:\TRANSIMS\Transims51\PathSkim\Debug\Skim_Paths.obj
C:\TRANSIMS\Transims51\PathSkim\Debug\User_Locations.obj
C:\TRANSIMS\Transims51\PathSkim\Debug\Zone_Locations.obj
C:\TRANSIMS\Transims51\PathSkim\Debug\Zone_Skims.obj
C:\TRANSIMS\Transims51\PathSkim\Debug\cl.command.1.tlog
C:\TRANSIMS\Transims51\PathSkim\Debug\CL.read.1.tlog
C:\TRANSIMS\Transims51\PathSkim\Debug\CL.write.1.tlog
C:\TRANSIMS\Transims51\PathSkim\Debug\link-cvtres.read.1.tlog
C:\TRANSIMS\Transims51\PathSkim\Debug\link-cvtres.write.1.tlog
C:\TRANSIMS\Transims51\PathSkim\Debug\link-rc.read.1.tlog
C:\TRANSIMS\Transims51\PathSkim\Debug\link-rc.write.1.tlog
C:\TRANSIMS\Transims51\PathSkim\Debug\link.command.1.tlog
C:\TRANSIMS\Transims51\PathSkim\Debug\link.read.1.tlog
C:\TRANSIMS\Transims51\PathSkim\Debug\link.write.1.tlog
C:\TRANSIMS\Transims51\PathSkim\Debug\vc110.idb
C:\TRANSIMS\Transims51\PathSkim\Debug\vc110.pdb
C:\TRANSIMS\Transims51\Debug\PathSkim.pdb
C:\TRANSIMS\Transims51\Debug\PathSkim.exe
C:\TRANSIMS\Transims51\Debug\PathSkim.ilk
