C:\TRANSIMS\TRANSIMS60\LINKDATA\X64\BIN\VC110.PDB
C:\TRANSIMS\TRANSIMS60\X64\BIN\LINKDATA.EXE
C:\TRANSIMS\Transims60\LinkData\x64\Bin\Control.obj
C:\TRANSIMS\Transims60\LinkData\x64\Bin\Create_Link_Map.obj
C:\TRANSIMS\Transims60\LinkData\x64\Bin\Execute.obj
C:\TRANSIMS\Transims60\LinkData\x64\Bin\LinkData.obj
C:\TRANSIMS\Transims60\LinkData\x64\Bin\Node_Path.obj
C:\TRANSIMS\Transims60\LinkData\x64\Bin\Read_Dir_Data.obj
C:\TRANSIMS\Transims60\LinkData\x64\Bin\Read_Link_Nodes.obj
C:\TRANSIMS\Transims60\LinkData\x64\Bin\Read_Node_File.obj
C:\TRANSIMS\Transims60\LinkData\x64\Bin\Read_Node_Map.obj
C:\TRANSIMS\Transims60\LinkData\x64\Bin\Write_Dir_Data.obj
C:\TRANSIMS\Transims60\LinkData\x64\Bin\Write_Link_Nodes.obj
C:\TRANSIMS\Transims60\LinkData\x64\Bin\Write_Node_Map.obj
C:\TRANSIMS\Transims60\LinkData\x64\Bin\CL.3624.read.1.tlog
C:\TRANSIMS\Transims60\LinkData\x64\Bin\CL.3624.write.1.tlog
C:\TRANSIMS\Transims60\LinkData\x64\Bin\CL.4992.read.1.tlog
C:\TRANSIMS\Transims60\LinkData\x64\Bin\CL.4992.write.1.tlog
C:\TRANSIMS\Transims60\LinkData\x64\Bin\CL.5596.read.1.tlog
C:\TRANSIMS\Transims60\LinkData\x64\Bin\CL.5596.write.1.tlog
C:\TRANSIMS\Transims60\LinkData\x64\Bin\CL.5784.read.1.tlog
C:\TRANSIMS\Transims60\LinkData\x64\Bin\CL.5784.write.1.tlog
C:\TRANSIMS\Transims60\LinkData\x64\Bin\cl.command.1.tlog
C:\TRANSIMS\Transims60\LinkData\x64\Bin\CL.read.1.tlog
C:\TRANSIMS\Transims60\LinkData\x64\Bin\cl.write.1.tlog
C:\TRANSIMS\Transims60\LinkData\x64\Bin\link-cvtres.read.1.tlog
C:\TRANSIMS\Transims60\LinkData\x64\Bin\link-cvtres.write.1.tlog
C:\TRANSIMS\Transims60\LinkData\x64\Bin\link-rc.read.1.tlog
C:\TRANSIMS\Transims60\LinkData\x64\Bin\link-rc.write.1.tlog
C:\TRANSIMS\Transims60\LinkData\x64\Bin\link.command.1.tlog
C:\TRANSIMS\Transims60\LinkData\x64\Bin\link.read.1.tlog
C:\TRANSIMS\Transims60\LinkData\x64\Bin\link.write.1.tlog
C:\TRANSIMS\Transims60\LinkData\x64\Bin\vc110.pdb
C:\TRANSIMS\Transims60\x64\Bin\LinkData.exe
