C:\SOFTWARE\TRANSIMS60\LOCATIONDATA\WIN32\BIN\VC110.PDB
C:\SOFTWARE\TRANSIMS60\WIN32\BIN\LOCATIONDATA.EXE
C:\Software\Transims60\LocationData\Win32\Bin\LocationData.vcxprojResolveAssemblyReference.cache
C:\Software\Transims60\LocationData\Win32\Bin\Check_Zones.obj
C:\Software\Transims60\LocationData\Win32\Bin\Control.obj
C:\Software\Transims60\LocationData\Win32\Bin\Execute.obj
C:\Software\Transims60\LocationData\Win32\Bin\Get_Location_Data.obj
C:\Software\Transims60\LocationData\Win32\Bin\Get_Zone_Data.obj
C:\Software\Transims60\LocationData\Win32\Bin\LocationData.obj
C:\Software\Transims60\LocationData\Win32\Bin\Read_Boundary.obj
C:\Software\Transims60\LocationData\Win32\Bin\Read_Data.obj
C:\Software\Transims60\LocationData\Win32\Bin\Read_Polygons.obj
C:\Software\Transims60\LocationData\Win32\Bin\Read_Subzone.obj
C:\Software\Transims60\LocationData\Win32\Bin\Read_Subzone_Map.obj
C:\Software\Transims60\LocationData\Win32\Bin\Set_Files.obj
C:\Software\Transims60\LocationData\Win32\Bin\Subzone_Weights.obj
C:\Software\Transims60\LocationData\Win32\Bin\Sub_Map_Weights.obj
C:\Software\Transims60\LocationData\Win32\Bin\Walk_Access.obj
C:\Software\Transims60\LocationData\Win32\Bin\Write_Location.obj
C:\Software\Transims60\LocationData\Win32\Bin\Zone_Locations.obj
C:\Software\Transims60\LocationData\Win32\Bin\CL.4100.read.1.tlog
C:\Software\Transims60\LocationData\Win32\Bin\CL.4100.write.1.tlog
C:\Software\Transims60\LocationData\Win32\Bin\CL.4336.read.1.tlog
C:\Software\Transims60\LocationData\Win32\Bin\CL.4336.write.1.tlog
C:\Software\Transims60\LocationData\Win32\Bin\CL.5020.read.1.tlog
C:\Software\Transims60\LocationData\Win32\Bin\CL.5020.write.1.tlog
C:\Software\Transims60\LocationData\Win32\Bin\CL.5540.read.1.tlog
C:\Software\Transims60\LocationData\Win32\Bin\CL.5540.write.1.tlog
C:\Software\Transims60\LocationData\Win32\Bin\cl.command.1.tlog
C:\Software\Transims60\LocationData\Win32\Bin\CL.read.1.tlog
C:\Software\Transims60\LocationData\Win32\Bin\cl.write.1.tlog
C:\Software\Transims60\LocationData\Win32\Bin\link-cvtres.read.1.tlog
C:\Software\Transims60\LocationData\Win32\Bin\link-cvtres.write.1.tlog
C:\Software\Transims60\LocationData\Win32\Bin\link-rc.read.1.tlog
C:\Software\Transims60\LocationData\Win32\Bin\link-rc.write.1.tlog
C:\Software\Transims60\LocationData\Win32\Bin\link.command.1.tlog
C:\Software\Transims60\LocationData\Win32\Bin\link.read.1.tlog
C:\Software\Transims60\LocationData\Win32\Bin\link.write.1.tlog
