Build started 3/7/2014 7:51:59 AM.
     1>Project "C:\Software\Transims60\SysLib\SysLib.vcxproj" on node 2 (Build target(s)).
     1>ClCompile:
         C:\Program Files (x86)\Microsoft Visual Studio 11.0\VC\bin\x86_amd64\CL.exe /c /I..\Include /Zi /nologo /W4 /WX /MP /O2 /D WIN32 /D NDEBUG /D _LIB /D _MSC_EXTENSIONS /D THREADS /Gm- /EHsc /MT /GS /Qpar /fp:precise /Zc:wchar_t /Zc:forScope /Fo"x64\BinThreads\\" /Fd"x64\BinThreads\vc110.pdb" /Gd /TP /analyze- /errorReport:prompt Dbfile\Arcview_File.cpp Dbfile\Db_Array.cpp Dbfile\Db_Base.cpp Dbfile\Db_Field.cpp Dbfile\Db_File.cpp Dbfile\Db_Header.cpp Dbfile\Db_Matrix.cpp Dbfile\Db_Record.cpp Dbfile\Db_Status.cpp Program\Assign.cpp Program\Compile.cpp Program\Convert.cpp Program\Date_Time.cpp Program\Execute.cpp Program\Function.cpp Program\Get_Token.cpp Program\Initial_Declare.cpp Program\Initial_Map.cpp Program\Initial_Table.cpp Program\Input_Output.cpp Program\Map.cpp Program\Math.cpp Program\Print_Commands.cpp Program\Process_Command.cpp Program\Process_Token.cpp Program\Program_Code.cpp Program\Read_Value.cpp Program\Relation.cpp Program\Table.cpp Program\User_Program.cpp Projection\Projection.cpp Projection\Projection_Data.cpp Projection\Projection_Service.cpp Service\Control_Service.cpp Service\Execution_Service.cpp Service\Message_Service.cpp Service\Report_Service.cpp Service\Static_Service.cpp Utility\Barrier.cpp Utility\Best_List.cpp Utility\Buffer.cpp Utility\Compass.cpp Utility\Data_Buffer.cpp Utility\Data_Range.cpp Utility\Difference_Data.cpp Utility\Dtime.cpp Utility\Equation.cpp Utility\Equiv_Data.cpp Utility\Functions.cpp Utility\IPF_Data.cpp Utility\Random.cpp Utility\Range_Data.cpp Utility\Record_Queue.cpp Utility\Shape_Tools.cpp Utility\Smooth_Data.cpp Utility\Streams.cpp Utility\String.cpp Utility\Time_Periods.cpp Utility\Trip_Gap_Data.cpp Utility\Trip_Sum_Data.cpp Utility\Work_Queue.cpp
         Arcview_File.cpp
         Db_Array.cpp
         Db_Base.cpp
         Db_Field.cpp
         Db_File.cpp
         Db_Header.cpp
         Db_Matrix.cpp
         Db_Record.cpp
         Db_Status.cpp
         Assign.cpp
         Compile.cpp
         Convert.cpp
         Date_Time.cpp
         Execute.cpp
         Function.cpp
         Get_Token.cpp
         Initial_Declare.cpp
         Initial_Map.cpp
         Initial_Table.cpp
         Input_Output.cpp
         Map.cpp
         Math.cpp
         Print_Commands.cpp
         Process_Command.cpp
         Process_Token.cpp
         Program_Code.cpp
         Read_Value.cpp
         Relation.cpp
         Table.cpp
         User_Program.cpp
         Projection.cpp
         Projection_Data.cpp
         Projection_Service.cpp
         Control_Service.cpp
         Execution_Service.cpp
         Message_Service.cpp
         Report_Service.cpp
         Static_Service.cpp
         Barrier.cpp
         Best_List.cpp
         Buffer.cpp
         Compass.cpp
         Data_Buffer.cpp
         Data_Range.cpp
         Difference_Data.cpp
         Dtime.cpp
         Equation.cpp
         Equiv_Data.cpp
         Functions.cpp
         IPF_Data.cpp
         Random.cpp
         Range_Data.cpp
         Record_Queue.cpp
         Shape_Tools.cpp
         Smooth_Data.cpp
         Streams.cpp
         String.cpp
         Time_Periods.cpp
         Trip_Gap_Data.cpp
         Trip_Sum_Data.cpp
         Work_Queue.cpp
       Lib:
         C:\Program Files (x86)\Microsoft Visual Studio 11.0\VC\bin\x86_amd64\Lib.exe /OUT:"C:\Software\Transims60\SysLib\x64\BinThreads\SysLib.lib" /NOLOGO /MACHINE:X64 x64\BinThreads\Arcview_File.obj
         x64\BinThreads\Db_Array.obj
         x64\BinThreads\Db_Base.obj
         x64\BinThreads\Db_Field.obj
         x64\BinThreads\Db_File.obj
         x64\BinThreads\Db_Header.obj
         x64\BinThreads\Db_Matrix.obj
         x64\BinThreads\Db_Record.obj
         x64\BinThreads\Db_Status.obj
         x64\BinThreads\Assign.obj
         x64\BinThreads\Compile.obj
         x64\BinThreads\Convert.obj
         x64\BinThreads\Date_Time.obj
         x64\BinThreads\Execute.obj
         x64\BinThreads\Function.obj
         x64\BinThreads\Get_Token.obj
         x64\BinThreads\Initial_Declare.obj
         x64\BinThreads\Initial_Map.obj
         x64\BinThreads\Initial_Table.obj
         x64\BinThreads\Input_Output.obj
         x64\BinThreads\Map.obj
         x64\BinThreads\Math.obj
         x64\BinThreads\Print_Commands.obj
         x64\BinThreads\Process_Command.obj
         x64\BinThreads\Process_Token.obj
         x64\BinThreads\Program_Code.obj
         x64\BinThreads\Read_Value.obj
         x64\BinThreads\Relation.obj
         x64\BinThreads\Table.obj
         x64\BinThreads\User_Program.obj
         x64\BinThreads\Projection.obj
         x64\BinThreads\Projection_Data.obj
         x64\BinThreads\Projection_Service.obj
         x64\BinThreads\Control_Service.obj
         x64\BinThreads\Execution_Service.obj
         x64\BinThreads\Message_Service.obj
         x64\BinThreads\Report_Service.obj
         x64\BinThreads\Static_Service.obj
         x64\BinThreads\Barrier.obj
         x64\BinThreads\Best_List.obj
         x64\BinThreads\Buffer.obj
         x64\BinThreads\Compass.obj
         x64\BinThreads\Data_Buffer.obj
         x64\BinThreads\Data_Range.obj
         x64\BinThreads\Difference_Data.obj
         x64\BinThreads\Dtime.obj
         x64\BinThreads\Equation.obj
         x64\BinThreads\Equiv_Data.obj
         x64\BinThreads\Functions.obj
         x64\BinThreads\IPF_Data.obj
         x64\BinThreads\Random.obj
         x64\BinThreads\Range_Data.obj
         x64\BinThreads\Record_Queue.obj
         x64\BinThreads\Shape_Tools.obj
         x64\BinThreads\Smooth_Data.obj
         x64\BinThreads\Streams.obj
         x64\BinThreads\String.obj
         x64\BinThreads\Time_Periods.obj
         x64\BinThreads\Trip_Gap_Data.obj
         x64\BinThreads\Trip_Sum_Data.obj
         x64\BinThreads\Work_Queue.obj
         SysLib.vcxproj -> C:\Software\Transims60\SysLib\x64\BinThreads\SysLib.lib
     1>Done Building Project "C:\Software\Transims60\SysLib\SysLib.vcxproj" (Build target(s)).

Build succeeded.

Time Elapsed 00:00:32.26
