C:\SOFTWARE\TRANSIMS60\SYSLIB\X64\BINTHREADS\VC110.PDB
C:\SOFTWARE\TRANSIMS60\SYSLIB\X64\BINTHREADS\MESSAGE_SERVICE.OBJ
C:\SOFTWARE\TRANSIMS60\SYSLIB\X64\BINTHREADS\STATIC_SERVICE.OBJ
C:\SOFTWARE\TRANSIMS60\SYSLIB\X64\BINTHREADS\SYSLIB.LIB
C:\Software\Transims60\SysLib\x64\BinThreads\Arcview_File.obj
C:\Software\Transims60\SysLib\x64\BinThreads\Assign.obj
C:\Software\Transims60\SysLib\x64\BinThreads\Barrier.obj
C:\Software\Transims60\SysLib\x64\BinThreads\Best_List.obj
C:\Software\Transims60\SysLib\x64\BinThreads\Buffer.obj
C:\Software\Transims60\SysLib\x64\BinThreads\Compass.obj
C:\Software\Transims60\SysLib\x64\BinThreads\Compile.obj
C:\Software\Transims60\SysLib\x64\BinThreads\Control_Service.obj
C:\Software\Transims60\SysLib\x64\BinThreads\Convert.obj
C:\Software\Transims60\SysLib\x64\BinThreads\Data_Buffer.obj
C:\Software\Transims60\SysLib\x64\BinThreads\Data_Range.obj
C:\Software\Transims60\SysLib\x64\BinThreads\Date_Time.obj
C:\Software\Transims60\SysLib\x64\BinThreads\Db_Array.obj
C:\Software\Transims60\SysLib\x64\BinThreads\Db_Base.obj
C:\Software\Transims60\SysLib\x64\BinThreads\Db_Field.obj
C:\Software\Transims60\SysLib\x64\BinThreads\Db_File.obj
C:\Software\Transims60\SysLib\x64\BinThreads\Db_Header.obj
C:\Software\Transims60\SysLib\x64\BinThreads\Db_Matrix.obj
C:\Software\Transims60\SysLib\x64\BinThreads\Db_Record.obj
C:\Software\Transims60\SysLib\x64\BinThreads\Db_Status.obj
C:\Software\Transims60\SysLib\x64\BinThreads\Difference_Data.obj
C:\Software\Transims60\SysLib\x64\BinThreads\Dtime.obj
C:\Software\Transims60\SysLib\x64\BinThreads\Equation.obj
C:\Software\Transims60\SysLib\x64\BinThreads\Equiv_Data.obj
C:\Software\Transims60\SysLib\x64\BinThreads\Execute.obj
C:\Software\Transims60\SysLib\x64\BinThreads\Execution_Service.obj
C:\Software\Transims60\SysLib\x64\BinThreads\Function.obj
C:\Software\Transims60\SysLib\x64\BinThreads\Functions.obj
C:\Software\Transims60\SysLib\x64\BinThreads\Get_Token.obj
C:\Software\Transims60\SysLib\x64\BinThreads\Initial_Declare.obj
C:\Software\Transims60\SysLib\x64\BinThreads\Initial_Map.obj
C:\Software\Transims60\SysLib\x64\BinThreads\Initial_Table.obj
C:\Software\Transims60\SysLib\x64\BinThreads\Input_Output.obj
C:\Software\Transims60\SysLib\x64\BinThreads\IPF_Data.obj
C:\Software\Transims60\SysLib\x64\BinThreads\Map.obj
C:\Software\Transims60\SysLib\x64\BinThreads\Math.obj
C:\Software\Transims60\SysLib\x64\BinThreads\Message_Service.obj
C:\Software\Transims60\SysLib\x64\BinThreads\Print_Commands.obj
C:\Software\Transims60\SysLib\x64\BinThreads\Process_Command.obj
C:\Software\Transims60\SysLib\x64\BinThreads\Process_Token.obj
C:\Software\Transims60\SysLib\x64\BinThreads\Program_Code.obj
C:\Software\Transims60\SysLib\x64\BinThreads\Projection.obj
C:\Software\Transims60\SysLib\x64\BinThreads\Projection_Data.obj
C:\Software\Transims60\SysLib\x64\BinThreads\Projection_Service.obj
C:\Software\Transims60\SysLib\x64\BinThreads\Random.obj
C:\Software\Transims60\SysLib\x64\BinThreads\Range_Data.obj
C:\Software\Transims60\SysLib\x64\BinThreads\Read_Value.obj
C:\Software\Transims60\SysLib\x64\BinThreads\Record_Queue.obj
C:\Software\Transims60\SysLib\x64\BinThreads\Relation.obj
C:\Software\Transims60\SysLib\x64\BinThreads\Report_Service.obj
C:\Software\Transims60\SysLib\x64\BinThreads\Shape_Tools.obj
C:\Software\Transims60\SysLib\x64\BinThreads\Smooth_Data.obj
C:\Software\Transims60\SysLib\x64\BinThreads\Static_Service.obj
C:\Software\Transims60\SysLib\x64\BinThreads\Streams.obj
C:\Software\Transims60\SysLib\x64\BinThreads\String.obj
C:\Software\Transims60\SysLib\x64\BinThreads\Table.obj
C:\Software\Transims60\SysLib\x64\BinThreads\Time_Periods.obj
C:\Software\Transims60\SysLib\x64\BinThreads\Trip_Gap_Data.obj
C:\Software\Transims60\SysLib\x64\BinThreads\Trip_Sum_Data.obj
C:\Software\Transims60\SysLib\x64\BinThreads\User_Program.obj
C:\Software\Transims60\SysLib\x64\BinThreads\Work_Queue.obj
C:\Software\Transims60\SysLib\x64\BinThreads\CL.3628.read.1.tlog
C:\Software\Transims60\SysLib\x64\BinThreads\CL.3628.write.1.tlog
C:\Software\Transims60\SysLib\x64\BinThreads\CL.3832.read.1.tlog
C:\Software\Transims60\SysLib\x64\BinThreads\CL.3832.write.1.tlog
C:\Software\Transims60\SysLib\x64\BinThreads\CL.4740.read.1.tlog
C:\Software\Transims60\SysLib\x64\BinThreads\CL.4740.write.1.tlog
C:\Software\Transims60\SysLib\x64\BinThreads\CL.5548.read.1.tlog
C:\Software\Transims60\SysLib\x64\BinThreads\CL.5548.write.1.tlog
C:\Software\Transims60\SysLib\x64\BinThreads\cl.command.1.tlog
C:\Software\Transims60\SysLib\x64\BinThreads\CL.read.1.tlog
C:\Software\Transims60\SysLib\x64\BinThreads\cl.write.1.tlog
C:\Software\Transims60\SysLib\x64\BinThreads\Lib-link.read.1.tlog
C:\Software\Transims60\SysLib\x64\BinThreads\Lib-link.write.1.tlog
C:\Software\Transims60\SysLib\x64\BinThreads\lib.command.1.tlog
C:\Software\Transims60\SysLib\x64\BinThreads\vc110.pdb
C:\Software\Transims60\SysLib\x64\BinThreads\SysLib.lib
