C:\SOFTWARE\TRANSIMS60\SYSLIB\DEBUG\COMPASS.OBJ
C:\SOFTWARE\TRANSIMS60\SYSLIB\DEBUG\DATA_BUFFER.OBJ
C:\SOFTWARE\TRANSIMS60\SYSLIB\DEBUG\DATA_RANGE.OBJ
C:\SOFTWARE\TRANSIMS60\SYSLIB\DEBUG\DIFFERENCE_DATA.OBJ
C:\SOFTWARE\TRANSIMS60\SYSLIB\DEBUG\DTIME.OBJ
C:\SOFTWARE\TRANSIMS60\SYSLIB\DEBUG\EQUATION.OBJ
C:\SOFTWARE\TRANSIMS60\SYSLIB\DEBUG\EQUIV_DATA.OBJ
C:\SOFTWARE\TRANSIMS60\SYSLIB\DEBUG\FUNCTIONS.OBJ
C:\SOFTWARE\TRANSIMS60\SYSLIB\DEBUG\IPF_DATA.OBJ
C:\SOFTWARE\TRANSIMS60\SYSLIB\DEBUG\RANDOM.OBJ
C:\SOFTWARE\TRANSIMS60\SYSLIB\DEBUG\RANGE_DATA.OBJ
C:\SOFTWARE\TRANSIMS60\SYSLIB\DEBUG\RECORD_QUEUE.OBJ
C:\SOFTWARE\TRANSIMS60\SYSLIB\DEBUG\SHAPE_TOOLS.OBJ
C:\SOFTWARE\TRANSIMS60\SYSLIB\DEBUG\SMOOTH_DATA.OBJ
C:\SOFTWARE\TRANSIMS60\SYSLIB\DEBUG\STREAMS.OBJ
C:\SOFTWARE\TRANSIMS60\SYSLIB\DEBUG\STRING.OBJ
C:\SOFTWARE\TRANSIMS60\SYSLIB\DEBUG\TIME_PERIODS.OBJ
C:\SOFTWARE\TRANSIMS60\SYSLIB\DEBUG\TRIP_GAP_DATA.OBJ
C:\SOFTWARE\TRANSIMS60\SYSLIB\DEBUG\TRIP_SUM_DATA.OBJ
C:\SOFTWARE\TRANSIMS60\SYSLIB\DEBUG\WORK_QUEUE.OBJ
C:\SOFTWARE\TRANSIMS60\SYSLIB\DEBUG\MATH.OBJ
C:\SOFTWARE\TRANSIMS60\SYSLIB\DEBUG\PRINT_COMMANDS.OBJ
C:\SOFTWARE\TRANSIMS60\SYSLIB\DEBUG\PROCESS_COMMAND.OBJ
C:\SOFTWARE\TRANSIMS60\SYSLIB\DEBUG\PROCESS_TOKEN.OBJ
C:\SOFTWARE\TRANSIMS60\SYSLIB\DEBUG\PROGRAM_CODE.OBJ
C:\SOFTWARE\TRANSIMS60\SYSLIB\DEBUG\READ_VALUE.OBJ
C:\SOFTWARE\TRANSIMS60\SYSLIB\DEBUG\RELATION.OBJ
C:\SOFTWARE\TRANSIMS60\SYSLIB\DEBUG\TABLE.OBJ
C:\SOFTWARE\TRANSIMS60\SYSLIB\DEBUG\USER_PROGRAM.OBJ
C:\SOFTWARE\TRANSIMS60\SYSLIB\DEBUG\PROJECTION.OBJ
C:\SOFTWARE\TRANSIMS60\SYSLIB\DEBUG\PROJECTION_DATA.OBJ
C:\SOFTWARE\TRANSIMS60\SYSLIB\DEBUG\PROJECTION_SERVICE.OBJ
C:\SOFTWARE\TRANSIMS60\SYSLIB\DEBUG\CONTROL_SERVICE.OBJ
C:\SOFTWARE\TRANSIMS60\SYSLIB\DEBUG\EXECUTION_SERVICE.OBJ
C:\SOFTWARE\TRANSIMS60\SYSLIB\DEBUG\MESSAGE_SERVICE.OBJ
C:\SOFTWARE\TRANSIMS60\SYSLIB\DEBUG\REPORT_SERVICE.OBJ
C:\SOFTWARE\TRANSIMS60\SYSLIB\DEBUG\STATIC_SERVICE.OBJ
C:\SOFTWARE\TRANSIMS60\SYSLIB\DEBUG\BARRIER.OBJ
C:\SOFTWARE\TRANSIMS60\SYSLIB\DEBUG\BEST_LIST.OBJ
C:\SOFTWARE\TRANSIMS60\SYSLIB\DEBUG\BUFFER.OBJ
C:\SOFTWARE\TRANSIMS60\SYSLIB\DEBUG\DB_ARRAY.OBJ
C:\SOFTWARE\TRANSIMS60\SYSLIB\DEBUG\DB_BASE.OBJ
C:\SOFTWARE\TRANSIMS60\SYSLIB\DEBUG\DB_FIELD.OBJ
C:\SOFTWARE\TRANSIMS60\SYSLIB\DEBUG\DB_FILE.OBJ
C:\SOFTWARE\TRANSIMS60\SYSLIB\DEBUG\DB_HEADER.OBJ
C:\SOFTWARE\TRANSIMS60\SYSLIB\DEBUG\DB_MATRIX.OBJ
C:\SOFTWARE\TRANSIMS60\SYSLIB\DEBUG\DB_RECORD.OBJ
C:\SOFTWARE\TRANSIMS60\SYSLIB\DEBUG\DB_STATUS.OBJ
C:\SOFTWARE\TRANSIMS60\SYSLIB\DEBUG\ASSIGN.OBJ
C:\SOFTWARE\TRANSIMS60\SYSLIB\DEBUG\COMPILE.OBJ
C:\SOFTWARE\TRANSIMS60\SYSLIB\DEBUG\CONVERT.OBJ
C:\SOFTWARE\TRANSIMS60\SYSLIB\DEBUG\DATE_TIME.OBJ
C:\SOFTWARE\TRANSIMS60\SYSLIB\DEBUG\EXECUTE.OBJ
C:\SOFTWARE\TRANSIMS60\SYSLIB\DEBUG\FUNCTION.OBJ
C:\SOFTWARE\TRANSIMS60\SYSLIB\DEBUG\GET_TOKEN.OBJ
C:\SOFTWARE\TRANSIMS60\SYSLIB\DEBUG\INITIAL_DECLARE.OBJ
C:\SOFTWARE\TRANSIMS60\SYSLIB\DEBUG\INITIAL_MAP.OBJ
C:\SOFTWARE\TRANSIMS60\SYSLIB\DEBUG\INITIAL_TABLE.OBJ
C:\SOFTWARE\TRANSIMS60\SYSLIB\DEBUG\INPUT_OUTPUT.OBJ
C:\SOFTWARE\TRANSIMS60\SYSLIB\DEBUG\MAP.OBJ
C:\SOFTWARE\TRANSIMS60\SYSLIB\DEBUG\ARCVIEW_FILE.OBJ
C:\SOFTWARE\TRANSIMS60\SYSLIB\DEBUG\VC110.PDB
C:\SOFTWARE\TRANSIMS60\DEBUG\SYSLIB.LIB
C:\TRANSIMS\Transims60\SysLib\Debug\Arcview_File.obj
C:\TRANSIMS\Transims60\SysLib\Debug\Assign.obj
C:\TRANSIMS\Transims60\SysLib\Debug\Barrier.obj
C:\TRANSIMS\Transims60\SysLib\Debug\Best_List.obj
C:\TRANSIMS\Transims60\SysLib\Debug\Buffer.obj
C:\TRANSIMS\Transims60\SysLib\Debug\Compass.obj
C:\TRANSIMS\Transims60\SysLib\Debug\Compile.obj
C:\TRANSIMS\Transims60\SysLib\Debug\Control_Service.obj
C:\TRANSIMS\Transims60\SysLib\Debug\Convert.obj
C:\TRANSIMS\Transims60\SysLib\Debug\Data_Buffer.obj
C:\TRANSIMS\Transims60\SysLib\Debug\Data_Range.obj
C:\TRANSIMS\Transims60\SysLib\Debug\Date_Time.obj
C:\TRANSIMS\Transims60\SysLib\Debug\Db_Array.obj
C:\TRANSIMS\Transims60\SysLib\Debug\Db_Base.obj
C:\TRANSIMS\Transims60\SysLib\Debug\Db_Field.obj
C:\TRANSIMS\Transims60\SysLib\Debug\Db_File.obj
C:\TRANSIMS\Transims60\SysLib\Debug\Db_Header.obj
C:\TRANSIMS\Transims60\SysLib\Debug\Db_Matrix.obj
C:\TRANSIMS\Transims60\SysLib\Debug\Db_Record.obj
C:\TRANSIMS\Transims60\SysLib\Debug\Db_Status.obj
C:\TRANSIMS\Transims60\SysLib\Debug\Difference_Data.obj
C:\TRANSIMS\Transims60\SysLib\Debug\Dtime.obj
C:\TRANSIMS\Transims60\SysLib\Debug\Equation.obj
C:\TRANSIMS\Transims60\SysLib\Debug\Equiv_Data.obj
C:\TRANSIMS\Transims60\SysLib\Debug\Execute.obj
C:\TRANSIMS\Transims60\SysLib\Debug\Execution_Service.obj
C:\TRANSIMS\Transims60\SysLib\Debug\Function.obj
C:\TRANSIMS\Transims60\SysLib\Debug\Functions.obj
C:\TRANSIMS\Transims60\SysLib\Debug\Get_Token.obj
C:\TRANSIMS\Transims60\SysLib\Debug\Initial_Declare.obj
C:\TRANSIMS\Transims60\SysLib\Debug\Initial_Map.obj
C:\TRANSIMS\Transims60\SysLib\Debug\Initial_Table.obj
C:\TRANSIMS\Transims60\SysLib\Debug\Input_Output.obj
C:\TRANSIMS\Transims60\SysLib\Debug\IPF_Data.obj
C:\TRANSIMS\Transims60\SysLib\Debug\Map.obj
C:\TRANSIMS\Transims60\SysLib\Debug\Math.obj
C:\TRANSIMS\Transims60\SysLib\Debug\Message_Service.obj
C:\TRANSIMS\Transims60\SysLib\Debug\Print_Commands.obj
C:\TRANSIMS\Transims60\SysLib\Debug\Process_Command.obj
C:\TRANSIMS\Transims60\SysLib\Debug\Process_Token.obj
C:\TRANSIMS\Transims60\SysLib\Debug\Program_Code.obj
C:\TRANSIMS\Transims60\SysLib\Debug\Projection.obj
C:\TRANSIMS\Transims60\SysLib\Debug\Projection_Data.obj
C:\TRANSIMS\Transims60\SysLib\Debug\Projection_Service.obj
C:\TRANSIMS\Transims60\SysLib\Debug\Random.obj
C:\TRANSIMS\Transims60\SysLib\Debug\Range_Data.obj
C:\TRANSIMS\Transims60\SysLib\Debug\Read_Value.obj
C:\TRANSIMS\Transims60\SysLib\Debug\Record_Queue.obj
C:\TRANSIMS\Transims60\SysLib\Debug\Relation.obj
C:\TRANSIMS\Transims60\SysLib\Debug\Report_Service.obj
C:\TRANSIMS\Transims60\SysLib\Debug\Shape_Tools.obj
C:\TRANSIMS\Transims60\SysLib\Debug\Smooth_Data.obj
C:\TRANSIMS\Transims60\SysLib\Debug\Static_Service.obj
C:\TRANSIMS\Transims60\SysLib\Debug\Streams.obj
C:\TRANSIMS\Transims60\SysLib\Debug\String.obj
C:\TRANSIMS\Transims60\SysLib\Debug\Table.obj
C:\TRANSIMS\Transims60\SysLib\Debug\Time_Periods.obj
C:\TRANSIMS\Transims60\SysLib\Debug\Trip_Gap_Data.obj
C:\TRANSIMS\Transims60\SysLib\Debug\Trip_Sum_Data.obj
C:\TRANSIMS\Transims60\SysLib\Debug\User_Program.obj
C:\TRANSIMS\Transims60\SysLib\Debug\Work_Queue.obj
C:\TRANSIMS\Transims60\SysLib\Debug\cl.command.1.tlog
C:\TRANSIMS\Transims60\SysLib\Debug\CL.read.1.tlog
C:\TRANSIMS\Transims60\SysLib\Debug\CL.write.1.tlog
C:\TRANSIMS\Transims60\SysLib\Debug\Lib-link.read.1.tlog
C:\TRANSIMS\Transims60\SysLib\Debug\Lib-link.write.1.tlog
C:\TRANSIMS\Transims60\SysLib\Debug\lib.command.1.tlog
C:\TRANSIMS\Transims60\SysLib\Debug\vc110.idb
C:\TRANSIMS\Transims60\SysLib\Debug\vc110.pdb
C:\TRANSIMS\Transims60\Debug\SysLib.lib
