C:\TRANSIMS\TRANSIMS51\FILEFORMAT\DEBUG\CONTROL.OBJ
C:\TRANSIMS\TRANSIMS51\FILEFORMAT\DEBUG\EXECUTE.OBJ
C:\TRANSIMS\TRANSIMS51\FILEFORMAT\DEBUG\FILEFORMAT.OBJ
C:\TRANSIMS\TRANSIMS51\FILEFORMAT\DEBUG\FORMAT_DATA.OBJ
C:\TRANSIMS\TRANSIMS51\FILEFORMAT\DEBUG\FORMAT_MATRIX.OBJ
C:\TRANSIMS\TRANSIMS51\FILEFORMAT\DEBUG\STATS_REPORT.OBJ
C:\TRANSIMS\TRANSIMS51\FILEFORMAT\DEBUG\VC110.PDB
C:\TRANSIMS\Transims51\FileFormat\Debug\FileFormat.vcxprojResolveAssemblyReference.cache
C:\TRANSIMS\Transims51\FileFormat\Debug\Control.obj
C:\TRANSIMS\Transims51\FileFormat\Debug\Execute.obj
C:\TRANSIMS\Transims51\FileFormat\Debug\FileFormat.obj
C:\TRANSIMS\Transims51\FileFormat\Debug\Format_Data.obj
C:\TRANSIMS\Transims51\FileFormat\Debug\Format_Matrix.obj
C:\TRANSIMS\Transims51\FileFormat\Debug\Stats_Report.obj
C:\TRANSIMS\Transims51\FileFormat\Debug\cl.command.1.tlog
C:\TRANSIMS\Transims51\FileFormat\Debug\CL.read.1.tlog
C:\TRANSIMS\Transims51\FileFormat\Debug\CL.write.1.tlog
C:\TRANSIMS\Transims51\FileFormat\Debug\link.command.1.tlog
C:\TRANSIMS\Transims51\FileFormat\Debug\link.read.1.tlog
C:\TRANSIMS\Transims51\FileFormat\Debug\link.write.1.tlog
C:\TRANSIMS\Transims51\FileFormat\Debug\vc110.idb
C:\TRANSIMS\Transims51\FileFormat\Debug\vc110.pdb
