C:\SOFTWARE\TRANSIMS60\SYSLIB\WIN32\BINTHREADS\VC110.PDB
C:\SOFTWARE\TRANSIMS60\SYSLIB\WIN32\BINTHREADS\SYSLIB.LIB
C:\Software\Transims60\SysLib\Win32\BinThreads\Arcview_File.obj
C:\Software\Transims60\SysLib\Win32\BinThreads\Assign.obj
C:\Software\Transims60\SysLib\Win32\BinThreads\Barrier.obj
C:\Software\Transims60\SysLib\Win32\BinThreads\Best_List.obj
C:\Software\Transims60\SysLib\Win32\BinThreads\Buffer.obj
C:\Software\Transims60\SysLib\Win32\BinThreads\Compass.obj
C:\Software\Transims60\SysLib\Win32\BinThreads\Compile.obj
C:\Software\Transims60\SysLib\Win32\BinThreads\Control_Service.obj
C:\Software\Transims60\SysLib\Win32\BinThreads\Convert.obj
C:\Software\Transims60\SysLib\Win32\BinThreads\Data_Buffer.obj
C:\Software\Transims60\SysLib\Win32\BinThreads\Data_Range.obj
C:\Software\Transims60\SysLib\Win32\BinThreads\Date_Time.obj
C:\Software\Transims60\SysLib\Win32\BinThreads\Db_Array.obj
C:\Software\Transims60\SysLib\Win32\BinThreads\Db_Base.obj
C:\Software\Transims60\SysLib\Win32\BinThreads\Db_Field.obj
C:\Software\Transims60\SysLib\Win32\BinThreads\Db_File.obj
C:\Software\Transims60\SysLib\Win32\BinThreads\Db_Header.obj
C:\Software\Transims60\SysLib\Win32\BinThreads\Db_Matrix.obj
C:\Software\Transims60\SysLib\Win32\BinThreads\Db_Record.obj
C:\Software\Transims60\SysLib\Win32\BinThreads\Db_Status.obj
C:\Software\Transims60\SysLib\Win32\BinThreads\Difference_Data.obj
C:\Software\Transims60\SysLib\Win32\BinThreads\Dtime.obj
C:\Software\Transims60\SysLib\Win32\BinThreads\Equation.obj
C:\Software\Transims60\SysLib\Win32\BinThreads\Equiv_Data.obj
C:\Software\Transims60\SysLib\Win32\BinThreads\Execute.obj
C:\Software\Transims60\SysLib\Win32\BinThreads\Execution_Service.obj
C:\Software\Transims60\SysLib\Win32\BinThreads\Function.obj
C:\Software\Transims60\SysLib\Win32\BinThreads\Functions.obj
C:\Software\Transims60\SysLib\Win32\BinThreads\Get_Token.obj
C:\Software\Transims60\SysLib\Win32\BinThreads\Initial_Declare.obj
C:\Software\Transims60\SysLib\Win32\BinThreads\Initial_Map.obj
C:\Software\Transims60\SysLib\Win32\BinThreads\Initial_Table.obj
C:\Software\Transims60\SysLib\Win32\BinThreads\Input_Output.obj
C:\Software\Transims60\SysLib\Win32\BinThreads\IPF_Data.obj
C:\Software\Transims60\SysLib\Win32\BinThreads\Map.obj
C:\Software\Transims60\SysLib\Win32\BinThreads\Math.obj
C:\Software\Transims60\SysLib\Win32\BinThreads\Message_Service.obj
C:\Software\Transims60\SysLib\Win32\BinThreads\Print_Commands.obj
C:\Software\Transims60\SysLib\Win32\BinThreads\Process_Command.obj
C:\Software\Transims60\SysLib\Win32\BinThreads\Process_Token.obj
C:\Software\Transims60\SysLib\Win32\BinThreads\Program_Code.obj
C:\Software\Transims60\SysLib\Win32\BinThreads\Projection.obj
C:\Software\Transims60\SysLib\Win32\BinThreads\Projection_Data.obj
C:\Software\Transims60\SysLib\Win32\BinThreads\Projection_Service.obj
C:\Software\Transims60\SysLib\Win32\BinThreads\Random.obj
C:\Software\Transims60\SysLib\Win32\BinThreads\Range_Data.obj
C:\Software\Transims60\SysLib\Win32\BinThreads\Read_Value.obj
C:\Software\Transims60\SysLib\Win32\BinThreads\Record_Queue.obj
C:\Software\Transims60\SysLib\Win32\BinThreads\Relation.obj
C:\Software\Transims60\SysLib\Win32\BinThreads\Report_Service.obj
C:\Software\Transims60\SysLib\Win32\BinThreads\Shape_Tools.obj
C:\Software\Transims60\SysLib\Win32\BinThreads\Smooth_Data.obj
C:\Software\Transims60\SysLib\Win32\BinThreads\Static_Service.obj
C:\Software\Transims60\SysLib\Win32\BinThreads\Streams.obj
C:\Software\Transims60\SysLib\Win32\BinThreads\String.obj
C:\Software\Transims60\SysLib\Win32\BinThreads\Table.obj
C:\Software\Transims60\SysLib\Win32\BinThreads\Time_Periods.obj
C:\Software\Transims60\SysLib\Win32\BinThreads\Trip_Gap_Data.obj
C:\Software\Transims60\SysLib\Win32\BinThreads\Trip_Sum_Data.obj
C:\Software\Transims60\SysLib\Win32\BinThreads\User_Program.obj
C:\Software\Transims60\SysLib\Win32\BinThreads\Work_Queue.obj
C:\Software\Transims60\SysLib\Win32\BinThreads\CL.2040.read.1.tlog
C:\Software\Transims60\SysLib\Win32\BinThreads\CL.2040.write.1.tlog
C:\Software\Transims60\SysLib\Win32\BinThreads\CL.3612.read.1.tlog
C:\Software\Transims60\SysLib\Win32\BinThreads\CL.3612.write.1.tlog
C:\Software\Transims60\SysLib\Win32\BinThreads\CL.3720.read.1.tlog
C:\Software\Transims60\SysLib\Win32\BinThreads\CL.3720.write.1.tlog
C:\Software\Transims60\SysLib\Win32\BinThreads\CL.4180.read.1.tlog
C:\Software\Transims60\SysLib\Win32\BinThreads\CL.4180.write.1.tlog
C:\Software\Transims60\SysLib\Win32\BinThreads\cl.command.1.tlog
C:\Software\Transims60\SysLib\Win32\BinThreads\CL.read.1.tlog
C:\Software\Transims60\SysLib\Win32\BinThreads\cl.write.1.tlog
C:\Software\Transims60\SysLib\Win32\BinThreads\Lib-link.read.1.tlog
C:\Software\Transims60\SysLib\Win32\BinThreads\Lib-link.write.1.tlog
C:\Software\Transims60\SysLib\Win32\BinThreads\lib.command.1.tlog
C:\Software\Transims60\SysLib\Win32\BinThreads\vc110.pdb
C:\Software\Transims60\SysLib\Win32\BinThreads\SysLib.lib
