C:\TRANSIMS\TRANSIMS60\PROBLEMSELECT\X64\BIN\VC110.PDB
C:\TRANSIMS\TRANSIMS60\X64\BIN\PROBLEMSELECT.EXE
C:\TRANSIMS\Transims60\ProblemSelect\x64\Bin\ProblemSelect.vcxprojResolveAssemblyReference.cache
C:\TRANSIMS\Transims60\ProblemSelect\x64\Bin\Control.obj
C:\TRANSIMS\Transims60\ProblemSelect\x64\Bin\Execute.obj
C:\TRANSIMS\Transims60\ProblemSelect\x64\Bin\Get_Problem_Data.obj
C:\TRANSIMS\Transims60\ProblemSelect\x64\Bin\ProblemSelect.obj
C:\TRANSIMS\Transims60\ProblemSelect\x64\Bin\CL.5404.read.1.tlog
C:\TRANSIMS\Transims60\ProblemSelect\x64\Bin\CL.5404.write.1.tlog
C:\TRANSIMS\Transims60\ProblemSelect\x64\Bin\CL.5504.read.1.tlog
C:\TRANSIMS\Transims60\ProblemSelect\x64\Bin\CL.5504.write.1.tlog
C:\TRANSIMS\Transims60\ProblemSelect\x64\Bin\CL.6404.read.1.tlog
C:\TRANSIMS\Transims60\ProblemSelect\x64\Bin\CL.6404.write.1.tlog
C:\TRANSIMS\Transims60\ProblemSelect\x64\Bin\CL.6548.read.1.tlog
C:\TRANSIMS\Transims60\ProblemSelect\x64\Bin\CL.6548.write.1.tlog
C:\TRANSIMS\Transims60\ProblemSelect\x64\Bin\cl.command.1.tlog
C:\TRANSIMS\Transims60\ProblemSelect\x64\Bin\CL.read.1.tlog
C:\TRANSIMS\Transims60\ProblemSelect\x64\Bin\cl.write.1.tlog
C:\TRANSIMS\Transims60\ProblemSelect\x64\Bin\link-cvtres.read.1.tlog
C:\TRANSIMS\Transims60\ProblemSelect\x64\Bin\link-cvtres.write.1.tlog
C:\TRANSIMS\Transims60\ProblemSelect\x64\Bin\link-rc.read.1.tlog
C:\TRANSIMS\Transims60\ProblemSelect\x64\Bin\link-rc.write.1.tlog
C:\TRANSIMS\Transims60\ProblemSelect\x64\Bin\link.command.1.tlog
C:\TRANSIMS\Transims60\ProblemSelect\x64\Bin\link.read.1.tlog
C:\TRANSIMS\Transims60\ProblemSelect\x64\Bin\link.write.1.tlog
C:\TRANSIMS\Transims60\ProblemSelect\x64\Bin\vc110.pdb
C:\TRANSIMS\Transims60\x64\Bin\ProblemSelect.exe
