C:\TRANSIMS\TRANSIMS60\CONVERTTRIPS\X64\BIN\VC110.PDB
C:\TRANSIMS\TRANSIMS60\X64\BIN\CONVERTTRIPS.EXE
C:\TRANSIMS\Transims60\ConvertTrips\x64\Bin\Adjust_Trips.obj
C:\TRANSIMS\Transims60\ConvertTrips\x64\Bin\Compile_Scripts.obj
C:\TRANSIMS\Transims60\ConvertTrips\x64\Bin\Control.obj
C:\TRANSIMS\Transims60\ConvertTrips\x64\Bin\ConvertTrips.obj
C:\TRANSIMS\Transims60\ConvertTrips\x64\Bin\ConvertTrip_Data.obj
C:\TRANSIMS\Transims60\ConvertTrips\x64\Bin\Diurnal_Results.obj
C:\TRANSIMS\Transims60\ConvertTrips\x64\Bin\Execute.obj
C:\TRANSIMS\Transims60\ConvertTrips\x64\Bin\Get_Access_Data.obj
C:\TRANSIMS\Transims60\ConvertTrips\x64\Bin\Get_Household_Data.obj
C:\TRANSIMS\Transims60\ConvertTrips\x64\Bin\Get_Location_Data.obj
C:\TRANSIMS\Transims60\ConvertTrips\x64\Bin\Get_Trip_Data.obj
C:\TRANSIMS\Transims60\ConvertTrips\x64\Bin\Locate_OD.obj
C:\TRANSIMS\Transims60\ConvertTrips\x64\Bin\Parking_Check.obj
C:\TRANSIMS\Transims60\ConvertTrips\x64\Bin\Read_Diurnal.obj
C:\TRANSIMS\Transims60\ConvertTrips\x64\Bin\Read_Factors.obj
C:\TRANSIMS\Transims60\ConvertTrips\x64\Bin\Read_Trip_Table.obj
C:\TRANSIMS\Transims60\ConvertTrips\x64\Bin\Set_Time.obj
C:\TRANSIMS\Transims60\ConvertTrips\x64\Bin\Set_Trip.obj
C:\TRANSIMS\Transims60\ConvertTrips\x64\Bin\Tour_File.obj
C:\TRANSIMS\Transims60\ConvertTrips\x64\Bin\Tour_Map.obj
C:\TRANSIMS\Transims60\ConvertTrips\x64\Bin\Tour_Process.obj
C:\TRANSIMS\Transims60\ConvertTrips\x64\Bin\Zone_Location.obj
C:\TRANSIMS\Transims60\ConvertTrips\x64\Bin\Zone_Sum_Report.obj
C:\TRANSIMS\Transims60\ConvertTrips\x64\Bin\CL.4152.read.1.tlog
C:\TRANSIMS\Transims60\ConvertTrips\x64\Bin\CL.4152.write.1.tlog
C:\TRANSIMS\Transims60\ConvertTrips\x64\Bin\CL.5204.read.1.tlog
C:\TRANSIMS\Transims60\ConvertTrips\x64\Bin\CL.5204.write.1.tlog
C:\TRANSIMS\Transims60\ConvertTrips\x64\Bin\CL.5388.read.1.tlog
C:\TRANSIMS\Transims60\ConvertTrips\x64\Bin\CL.5388.write.1.tlog
C:\TRANSIMS\Transims60\ConvertTrips\x64\Bin\CL.7132.read.1.tlog
C:\TRANSIMS\Transims60\ConvertTrips\x64\Bin\CL.7132.write.1.tlog
C:\TRANSIMS\Transims60\ConvertTrips\x64\Bin\cl.command.1.tlog
C:\TRANSIMS\Transims60\ConvertTrips\x64\Bin\CL.read.1.tlog
C:\TRANSIMS\Transims60\ConvertTrips\x64\Bin\cl.write.1.tlog
C:\TRANSIMS\Transims60\ConvertTrips\x64\Bin\link-cvtres.read.1.tlog
C:\TRANSIMS\Transims60\ConvertTrips\x64\Bin\link-cvtres.write.1.tlog
C:\TRANSIMS\Transims60\ConvertTrips\x64\Bin\link-rc.read.1.tlog
C:\TRANSIMS\Transims60\ConvertTrips\x64\Bin\link-rc.write.1.tlog
C:\TRANSIMS\Transims60\ConvertTrips\x64\Bin\link.command.1.tlog
C:\TRANSIMS\Transims60\ConvertTrips\x64\Bin\link.read.1.tlog
C:\TRANSIMS\Transims60\ConvertTrips\x64\Bin\link.write.1.tlog
C:\TRANSIMS\Transims60\ConvertTrips\x64\Bin\vc110.pdb
C:\TRANSIMS\Transims60\x64\Bin\ConvertTrips.exe
