C:\SOFTWARE\TRANSIMS60\ARCRIDER\DEBUG\ARCRIDER.OBJ
C:\SOFTWARE\TRANSIMS60\ARCRIDER\DEBUG\CONTROL.OBJ
C:\SOFTWARE\TRANSIMS60\ARCRIDER\DEBUG\EXECUTE.OBJ
C:\SOFTWARE\TRANSIMS60\ARCRIDER\DEBUG\GET_STOP_DATA.OBJ
C:\SOFTWARE\TRANSIMS60\ARCRIDER\DEBUG\SETUP_RIDERS.OBJ
C:\SOFTWARE\TRANSIMS60\ARCRIDER\DEBUG\SUM_RIDERS.OBJ
C:\SOFTWARE\TRANSIMS60\ARCRIDER\DEBUG\WRITE_CAPACITY.OBJ
C:\SOFTWARE\TRANSIMS60\ARCRIDER\DEBUG\WRITE_GROUP.OBJ
C:\SOFTWARE\TRANSIMS60\ARCRIDER\DEBUG\WRITE_RIDERS.OBJ
C:\SOFTWARE\TRANSIMS60\ARCRIDER\DEBUG\WRITE_ROUTE.OBJ
C:\SOFTWARE\TRANSIMS60\ARCRIDER\DEBUG\WRITE_STOPS.OBJ
C:\SOFTWARE\TRANSIMS60\ARCRIDER\DEBUG\WRITE_SUM.OBJ
C:\SOFTWARE\TRANSIMS60\ARCRIDER\DEBUG\VC110.PDB
C:\SOFTWARE\TRANSIMS60\DEBUG\ARCRIDER.ILK
C:\SOFTWARE\TRANSIMS60\DEBUG\ARCRIDER.EXE
C:\SOFTWARE\TRANSIMS60\DEBUG\ARCRIDER.PDB
C:\TRANSIMS\Transims60\ArcRider\Debug\ArcRider.vcxprojResolveAssemblyReference.cache
C:\TRANSIMS\Transims60\ArcRider\Debug\ArcRider.obj
C:\TRANSIMS\Transims60\ArcRider\Debug\Control.obj
C:\TRANSIMS\Transims60\ArcRider\Debug\Execute.obj
C:\TRANSIMS\Transims60\ArcRider\Debug\Get_Stop_Data.obj
C:\TRANSIMS\Transims60\ArcRider\Debug\Setup_Riders.obj
C:\TRANSIMS\Transims60\ArcRider\Debug\Sum_Riders.obj
C:\TRANSIMS\Transims60\ArcRider\Debug\Write_Capacity.obj
C:\TRANSIMS\Transims60\ArcRider\Debug\Write_Group.obj
C:\TRANSIMS\Transims60\ArcRider\Debug\Write_Riders.obj
C:\TRANSIMS\Transims60\ArcRider\Debug\Write_Route.obj
C:\TRANSIMS\Transims60\ArcRider\Debug\Write_Stops.obj
C:\TRANSIMS\Transims60\ArcRider\Debug\Write_Sum.obj
C:\TRANSIMS\Transims60\ArcRider\Debug\cl.command.1.tlog
C:\TRANSIMS\Transims60\ArcRider\Debug\CL.read.1.tlog
C:\TRANSIMS\Transims60\ArcRider\Debug\CL.write.1.tlog
C:\TRANSIMS\Transims60\ArcRider\Debug\link-cvtres.read.1.tlog
C:\TRANSIMS\Transims60\ArcRider\Debug\link-cvtres.write.1.tlog
C:\TRANSIMS\Transims60\ArcRider\Debug\link-rc.read.1.tlog
C:\TRANSIMS\Transims60\ArcRider\Debug\link-rc.write.1.tlog
C:\TRANSIMS\Transims60\ArcRider\Debug\link.command.1.tlog
C:\TRANSIMS\Transims60\ArcRider\Debug\link.read.1.tlog
C:\TRANSIMS\Transims60\ArcRider\Debug\link.write.1.tlog
C:\TRANSIMS\Transims60\ArcRider\Debug\vc110.idb
C:\TRANSIMS\Transims60\ArcRider\Debug\vc110.pdb
C:\TRANSIMS\Transims60\Debug\ArcRider.pdb
C:\TRANSIMS\Transims60\Debug\ArcRider.exe
C:\TRANSIMS\Transims60\Debug\ArcRider.ilk
