C:\TRANSIMS\TRANSIMS60\RESCHEDULE\X64\BIN\VC110.PDB
C:\TRANSIMS\TRANSIMS60\X64\BIN\RESCHEDULE.EXE
C:\TRANSIMS\TRANSIMS60\X64\BIN\RESCHEDULE.PDB
C:\TRANSIMS\Transims60\Reschedule\x64\Bin\Control.obj
C:\TRANSIMS\Transims60\Reschedule\x64\Bin\Execute.obj
C:\TRANSIMS\Transims60\Reschedule\x64\Bin\Read_Runs.obj
C:\TRANSIMS\Transims60\Reschedule\x64\Bin\Reschedule.obj
C:\TRANSIMS\Transims60\Reschedule\x64\Bin\CL.1964.read.1.tlog
C:\TRANSIMS\Transims60\Reschedule\x64\Bin\CL.1964.write.1.tlog
C:\TRANSIMS\Transims60\Reschedule\x64\Bin\CL.5372.read.1.tlog
C:\TRANSIMS\Transims60\Reschedule\x64\Bin\CL.5372.write.1.tlog
C:\TRANSIMS\Transims60\Reschedule\x64\Bin\CL.5484.read.1.tlog
C:\TRANSIMS\Transims60\Reschedule\x64\Bin\CL.5484.write.1.tlog
C:\TRANSIMS\Transims60\Reschedule\x64\Bin\CL.6876.read.1.tlog
C:\TRANSIMS\Transims60\Reschedule\x64\Bin\CL.6876.write.1.tlog
C:\TRANSIMS\Transims60\Reschedule\x64\Bin\cl.command.1.tlog
C:\TRANSIMS\Transims60\Reschedule\x64\Bin\CL.read.1.tlog
C:\TRANSIMS\Transims60\Reschedule\x64\Bin\cl.write.1.tlog
C:\TRANSIMS\Transims60\Reschedule\x64\Bin\link-cvtres.read.1.tlog
C:\TRANSIMS\Transims60\Reschedule\x64\Bin\link-cvtres.write.1.tlog
C:\TRANSIMS\Transims60\Reschedule\x64\Bin\link-rc.read.1.tlog
C:\TRANSIMS\Transims60\Reschedule\x64\Bin\link-rc.write.1.tlog
C:\TRANSIMS\Transims60\Reschedule\x64\Bin\link.command.1.tlog
C:\TRANSIMS\Transims60\Reschedule\x64\Bin\link.read.1.tlog
C:\TRANSIMS\Transims60\Reschedule\x64\Bin\link.write.1.tlog
C:\TRANSIMS\Transims60\Reschedule\x64\Bin\vc110.pdb
C:\TRANSIMS\Transims60\x64\Bin\Reschedule.pdb
C:\TRANSIMS\Transims60\x64\Bin\Reschedule.exe
