C:\SOFTWARE\TRANSIMS60\ARCDELAY\X64\BINTHREADS\VC110.PDB
C:\SOFTWARE\TRANSIMS60\X64\BINTHREADS\ARCDELAY.EXE
C:\Software\Transims60\ArcDelay\x64\BinThreads\ArcDelay.vcxprojResolveAssemblyReference.cache
C:\Software\Transims60\ArcDelay\x64\BinThreads\ArcDelay.obj
C:\Software\Transims60\ArcDelay\x64\BinThreads\Control.obj
C:\Software\Transims60\ArcDelay\x64\BinThreads\Draw_Link.obj
C:\Software\Transims60\ArcDelay\x64\BinThreads\Execute.obj
C:\Software\Transims60\ArcDelay\x64\BinThreads\Max_Delay.obj
C:\Software\Transims60\ArcDelay\x64\BinThreads\Read_Link_Data.obj
C:\Software\Transims60\ArcDelay\x64\BinThreads\Read_Link_Dir.obj
C:\Software\Transims60\ArcDelay\x64\BinThreads\Select_Links.obj
C:\Software\Transims60\ArcDelay\x64\BinThreads\Write_Delay.obj
C:\Software\Transims60\ArcDelay\x64\BinThreads\Write_Image.obj
C:\Software\Transims60\ArcDelay\x64\BinThreads\Write_Intersection.obj
C:\Software\Transims60\ArcDelay\x64\BinThreads\Write_Turn.obj
C:\Software\Transims60\ArcDelay\x64\BinThreads\CL.3688.read.1.tlog
C:\Software\Transims60\ArcDelay\x64\BinThreads\CL.3688.write.1.tlog
C:\Software\Transims60\ArcDelay\x64\BinThreads\CL.3972.read.1.tlog
C:\Software\Transims60\ArcDelay\x64\BinThreads\CL.3972.write.1.tlog
C:\Software\Transims60\ArcDelay\x64\BinThreads\CL.4880.read.1.tlog
C:\Software\Transims60\ArcDelay\x64\BinThreads\CL.4880.write.1.tlog
C:\Software\Transims60\ArcDelay\x64\BinThreads\CL.6020.read.1.tlog
C:\Software\Transims60\ArcDelay\x64\BinThreads\CL.6020.write.1.tlog
C:\Software\Transims60\ArcDelay\x64\BinThreads\cl.command.1.tlog
C:\Software\Transims60\ArcDelay\x64\BinThreads\CL.read.1.tlog
C:\Software\Transims60\ArcDelay\x64\BinThreads\cl.write.1.tlog
C:\Software\Transims60\ArcDelay\x64\BinThreads\link-cvtres.read.1.tlog
C:\Software\Transims60\ArcDelay\x64\BinThreads\link-cvtres.write.1.tlog
C:\Software\Transims60\ArcDelay\x64\BinThreads\link-rc.read.1.tlog
C:\Software\Transims60\ArcDelay\x64\BinThreads\link-rc.write.1.tlog
C:\Software\Transims60\ArcDelay\x64\BinThreads\link.command.1.tlog
C:\Software\Transims60\ArcDelay\x64\BinThreads\link.read.1.tlog
C:\Software\Transims60\ArcDelay\x64\BinThreads\link.write.1.tlog
C:\Software\Transims60\ArcDelay\x64\BinThreads\vc110.pdb
C:\Software\Transims60\x64\BinThreads\ArcDelay.exe
