C:\SOFTWARE\TRANSIMS60\PLANSELECT\X64\BINTHREADS\VC110.PDB
C:\SOFTWARE\TRANSIMS60\X64\BINTHREADS\PLANSELECT.EXE
C:\Software\Transims60\PlanSelect\x64\BinThreads\PlanSelect.vcxprojResolveAssemblyReference.cache
C:\Software\Transims60\PlanSelect\x64\BinThreads\Control.obj
C:\Software\Transims60\PlanSelect\x64\BinThreads\Execute.obj
C:\Software\Transims60\PlanSelect\x64\BinThreads\MPI_Close.obj
C:\Software\Transims60\PlanSelect\x64\BinThreads\MPI_Processing.obj
C:\Software\Transims60\PlanSelect\x64\BinThreads\MPI_Setup.obj
C:\Software\Transims60\PlanSelect\x64\BinThreads\MPI_Write.obj
C:\Software\Transims60\PlanSelect\x64\BinThreads\PlanSelect.obj
C:\Software\Transims60\PlanSelect\x64\BinThreads\Plan_Output.obj
C:\Software\Transims60\PlanSelect\x64\BinThreads\Plan_Processing.obj
C:\Software\Transims60\PlanSelect\x64\BinThreads\Read_Plans.obj
C:\Software\Transims60\PlanSelect\x64\BinThreads\Select_Plans.obj
C:\Software\Transims60\PlanSelect\x64\BinThreads\Write_Plans.obj
C:\Software\Transims60\PlanSelect\x64\BinThreads\CL.128.read.1.tlog
C:\Software\Transims60\PlanSelect\x64\BinThreads\CL.128.write.1.tlog
C:\Software\Transims60\PlanSelect\x64\BinThreads\CL.1420.read.1.tlog
C:\Software\Transims60\PlanSelect\x64\BinThreads\CL.1420.write.1.tlog
C:\Software\Transims60\PlanSelect\x64\BinThreads\CL.4564.read.1.tlog
C:\Software\Transims60\PlanSelect\x64\BinThreads\CL.4564.write.1.tlog
C:\Software\Transims60\PlanSelect\x64\BinThreads\CL.5248.read.1.tlog
C:\Software\Transims60\PlanSelect\x64\BinThreads\CL.5248.write.1.tlog
C:\Software\Transims60\PlanSelect\x64\BinThreads\cl.command.1.tlog
C:\Software\Transims60\PlanSelect\x64\BinThreads\CL.read.1.tlog
C:\Software\Transims60\PlanSelect\x64\BinThreads\cl.write.1.tlog
C:\Software\Transims60\PlanSelect\x64\BinThreads\link-cvtres.read.1.tlog
C:\Software\Transims60\PlanSelect\x64\BinThreads\link-cvtres.write.1.tlog
C:\Software\Transims60\PlanSelect\x64\BinThreads\link-rc.read.1.tlog
C:\Software\Transims60\PlanSelect\x64\BinThreads\link-rc.write.1.tlog
C:\Software\Transims60\PlanSelect\x64\BinThreads\link.command.1.tlog
C:\Software\Transims60\PlanSelect\x64\BinThreads\link.read.1.tlog
C:\Software\Transims60\PlanSelect\x64\BinThreads\link.write.1.tlog
C:\Software\Transims60\PlanSelect\x64\BinThreads\vc110.pdb
C:\Software\Transims60\x64\BinThreads\PlanSelect.exe
