C:\SOFTWARE\TRANSIMS60\TOURSKIM\X64\BINTHREADS\VC110.PDB
C:\SOFTWARE\TRANSIMS60\X64\BINTHREADS\TOURSKIM.EXE
C:\Software\Transims60\TourSkim\x64\BinThreads\TourSkim.vcxprojResolveAssemblyReference.cache
C:\Software\Transims60\TourSkim\x64\BinThreads\Control.obj
C:\Software\Transims60\TourSkim\x64\BinThreads\Execute.obj
C:\Software\Transims60\TourSkim\x64\BinThreads\Group_Process.obj
C:\Software\Transims60\TourSkim\x64\BinThreads\Process.obj
C:\Software\Transims60\TourSkim\x64\BinThreads\Read_Data.obj
C:\Software\Transims60\TourSkim\x64\BinThreads\Read_Process.obj
C:\Software\Transims60\TourSkim\x64\BinThreads\TourSkim.obj
C:\Software\Transims60\TourSkim\x64\BinThreads\CL.1228.read.1.tlog
C:\Software\Transims60\TourSkim\x64\BinThreads\CL.1228.write.1.tlog
C:\Software\Transims60\TourSkim\x64\BinThreads\CL.2196.read.1.tlog
C:\Software\Transims60\TourSkim\x64\BinThreads\CL.2196.write.1.tlog
C:\Software\Transims60\TourSkim\x64\BinThreads\CL.4260.read.1.tlog
C:\Software\Transims60\TourSkim\x64\BinThreads\CL.4260.write.1.tlog
C:\Software\Transims60\TourSkim\x64\BinThreads\CL.5668.read.1.tlog
C:\Software\Transims60\TourSkim\x64\BinThreads\CL.5668.write.1.tlog
C:\Software\Transims60\TourSkim\x64\BinThreads\cl.command.1.tlog
C:\Software\Transims60\TourSkim\x64\BinThreads\CL.read.1.tlog
C:\Software\Transims60\TourSkim\x64\BinThreads\cl.write.1.tlog
C:\Software\Transims60\TourSkim\x64\BinThreads\link-cvtres.read.1.tlog
C:\Software\Transims60\TourSkim\x64\BinThreads\link-cvtres.write.1.tlog
C:\Software\Transims60\TourSkim\x64\BinThreads\link-rc.read.1.tlog
C:\Software\Transims60\TourSkim\x64\BinThreads\link-rc.write.1.tlog
C:\Software\Transims60\TourSkim\x64\BinThreads\link.command.1.tlog
C:\Software\Transims60\TourSkim\x64\BinThreads\link.read.1.tlog
C:\Software\Transims60\TourSkim\x64\BinThreads\link.write.1.tlog
C:\Software\Transims60\TourSkim\x64\BinThreads\vc110.pdb
C:\Software\Transims60\x64\BinThreads\TourSkim.exe
