C:\TRANSIMS\TRANSIMS51\PLANPREP\DEBUG\COMBINE_PLANS.OBJ
C:\TRANSIMS\TRANSIMS51\PLANPREP\DEBUG\CONTROL.OBJ
C:\TRANSIMS\TRANSIMS51\PLANPREP\DEBUG\EXECUTE.OBJ
C:\TRANSIMS\TRANSIMS51\PLANPREP\DEBUG\MPI_PROCESSING.OBJ
C:\TRANSIMS\TRANSIMS51\PLANPREP\DEBUG\MPI_SETUP.OBJ
C:\TRANSIMS\TRANSIMS51\PLANPREP\DEBUG\PLAN_PROCESSING.OBJ
C:\TRANSIMS\TRANSIMS51\PLANPREP\DEBUG\PLANPREP.OBJ
C:\TRANSIMS\TRANSIMS51\PLANPREP\DEBUG\READ_PLANS.OBJ
C:\TRANSIMS\TRANSIMS51\PLANPREP\DEBUG\TEMP_TIME_WRITE.OBJ
C:\TRANSIMS\TRANSIMS51\PLANPREP\DEBUG\TEMP_TRIP_WRITE.OBJ
C:\TRANSIMS\TRANSIMS51\PLANPREP\DEBUG\TIME_COMBINE.OBJ
C:\TRANSIMS\TRANSIMS51\PLANPREP\DEBUG\TIME_WRITE.OBJ
C:\TRANSIMS\TRANSIMS51\PLANPREP\DEBUG\TRIP_COMBINE.OBJ
C:\TRANSIMS\TRANSIMS51\PLANPREP\DEBUG\TRIP_WRITE.OBJ
C:\TRANSIMS\TRANSIMS51\PLANPREP\DEBUG\WRITE_TEMP.OBJ
C:\TRANSIMS\TRANSIMS51\PLANPREP\DEBUG\VC110.PDB
C:\TRANSIMS\TRANSIMS51\DEBUG\PLANPREP.ILK
C:\TRANSIMS\TRANSIMS51\DEBUG\PLANPREP.EXE
C:\TRANSIMS\TRANSIMS51\DEBUG\PLANPREP.PDB
C:\TRANSIMS\Transims51\PlanPrep\Debug\PlanPrep.vcxprojResolveAssemblyReference.cache
C:\TRANSIMS\Transims51\PlanPrep\Debug\Combine_Plans.obj
C:\TRANSIMS\Transims51\PlanPrep\Debug\Control.obj
C:\TRANSIMS\Transims51\PlanPrep\Debug\Execute.obj
C:\TRANSIMS\Transims51\PlanPrep\Debug\MPI_Processing.obj
C:\TRANSIMS\Transims51\PlanPrep\Debug\MPI_Setup.obj
C:\TRANSIMS\Transims51\PlanPrep\Debug\PlanPrep.obj
C:\TRANSIMS\Transims51\PlanPrep\Debug\Plan_Processing.obj
C:\TRANSIMS\Transims51\PlanPrep\Debug\Read_Plans.obj
C:\TRANSIMS\Transims51\PlanPrep\Debug\Temp_Time_Write.obj
C:\TRANSIMS\Transims51\PlanPrep\Debug\Temp_Trip_Write.obj
C:\TRANSIMS\Transims51\PlanPrep\Debug\Time_Combine.obj
C:\TRANSIMS\Transims51\PlanPrep\Debug\Time_Write.obj
C:\TRANSIMS\Transims51\PlanPrep\Debug\Trip_Combine.obj
C:\TRANSIMS\Transims51\PlanPrep\Debug\Trip_Write.obj
C:\TRANSIMS\Transims51\PlanPrep\Debug\Write_Temp.obj
C:\TRANSIMS\Transims51\PlanPrep\Debug\cl.command.1.tlog
C:\TRANSIMS\Transims51\PlanPrep\Debug\CL.read.1.tlog
C:\TRANSIMS\Transims51\PlanPrep\Debug\CL.write.1.tlog
C:\TRANSIMS\Transims51\PlanPrep\Debug\link-cvtres.read.1.tlog
C:\TRANSIMS\Transims51\PlanPrep\Debug\link-cvtres.write.1.tlog
C:\TRANSIMS\Transims51\PlanPrep\Debug\link-rc.read.1.tlog
C:\TRANSIMS\Transims51\PlanPrep\Debug\link-rc.write.1.tlog
C:\TRANSIMS\Transims51\PlanPrep\Debug\link.command.1.tlog
C:\TRANSIMS\Transims51\PlanPrep\Debug\link.read.1.tlog
C:\TRANSIMS\Transims51\PlanPrep\Debug\link.write.1.tlog
C:\TRANSIMS\Transims51\PlanPrep\Debug\vc110.idb
C:\TRANSIMS\Transims51\PlanPrep\Debug\vc110.pdb
C:\TRANSIMS\Transims51\Debug\PlanPrep.pdb
C:\TRANSIMS\Transims51\Debug\PlanPrep.exe
C:\TRANSIMS\Transims51\Debug\PlanPrep.ilk
