Build started 3/7/2014 8:04:09 AM.
     1>Project "C:\Software\Transims60\Router\Router.vcxproj" on node 2 (Build target(s)).
     1>ClCompile:
         C:\Program Files (x86)\Microsoft Visual Studio 11.0\VC\bin\x86_amd64\CL.exe /c /I..\Include /Zi /nologo /W4 /WX /MP /O2 /D WIN32 /D NDEBUG /D _CONSOLE /D THREADS /Gm- /EHsc /MT /GS /Qpar /fp:precise /Zc:wchar_t /Zc:forScope /Fo"x64\BinThreads\\" /Fd"x64\BinThreads\vc110.pdb" /Gd /TP /analyze- /errorReport:prompt Control.cpp Copy_Plans.cpp Execute.cpp Get_Trip_Gap.cpp Iteration_Loop.cpp Link_Gap_Report.cpp Merge_Delay.cpp Minimize_VHT.cpp MPI_Link_Delay.cpp MPI_Processing.cpp MPI_Setup.cpp Part_Processor.cpp Read_Trips.cpp Router.cpp Save_Plans.cpp Selection.cpp Set_Partitions.cpp Trip_Gap_Report.cpp
         Control.cpp
         Copy_Plans.cpp
         Execute.cpp
         Get_Trip_Gap.cpp
         Iteration_Loop.cpp
         Link_Gap_Report.cpp
         Merge_Delay.cpp
         Minimize_VHT.cpp
         MPI_Link_Delay.cpp
         MPI_Processing.cpp
         MPI_Setup.cpp
         Part_Processor.cpp
         Read_Trips.cpp
         Router.cpp
         Save_Plans.cpp
         Selection.cpp
         Set_Partitions.cpp
         Trip_Gap_Report.cpp
       Link:
         C:\Program Files (x86)\Microsoft Visual Studio 11.0\VC\bin\x86_amd64\link.exe /ERRORREPORT:PROMPT /OUT:"C:\Software\Transims60\x64\BinThreads\Router.exe" /INCREMENTAL:NO /NOLOGO kernel32.lib user32.lib gdi32.lib winspool.lib comdlg32.lib advapi32.lib shell32.lib ole32.lib oleaut32.lib uuid.lib odbc32.lib odbccp32.lib /MANIFEST /MANIFESTUAC:"level='asInvoker' uiAccess='false'" /manifest:embed /PDB:"C:\Software\Transims60\x64\BinThreads\Router.pdb" /SUBSYSTEM:CONSOLE,"5.02" /OPT:REF /OPT:ICF /TLBID:1 /DYNAMICBASE /NXCOMPAT /IMPLIB:"C:\Software\Transims60\x64\BinThreads\Router.lib" /MACHINE:X64 x64\BinThreads\Control.obj
         x64\BinThreads\Copy_Plans.obj
         x64\BinThreads\Execute.obj
         x64\BinThreads\Get_Trip_Gap.obj
         x64\BinThreads\Iteration_Loop.obj
         x64\BinThreads\Link_Gap_Report.obj
         x64\BinThreads\Merge_Delay.obj
         x64\BinThreads\Minimize_VHT.obj
         x64\BinThreads\MPI_Link_Delay.obj
         x64\BinThreads\MPI_Processing.obj
         x64\BinThreads\MPI_Setup.obj
         x64\BinThreads\Part_Processor.obj
         x64\BinThreads\Read_Trips.obj
         x64\BinThreads\Router.obj
         x64\BinThreads\Save_Plans.obj
         x64\BinThreads\Selection.obj
         x64\BinThreads\Set_Partitions.obj
         x64\BinThreads\Trip_Gap_Report.obj
         C:\Software\Transims60\SysLib\x64\BinThreads\SysLib.lib
         C:\Software\Transims60\File_Data_Service\x64\BinThreads\File_Data_Service.lib
         C:\Software\Transims60\Router_Service\x64\BinThreads\Router_Service.lib
         Router.vcxproj -> C:\Software\Transims60\x64\BinThreads\Router.exe
     1>Done Building Project "C:\Software\Transims60\Router\Router.vcxproj" (Build target(s)).

Build succeeded.

Time Elapsed 00:01:13.55
