C:\SOFTWARE\TRANSIMS60\ROUTER\X64\BINTHREADS\VC110.PDB
C:\SOFTWARE\TRANSIMS60\X64\BINTHREADS\ROUTER.EXE
C:\Software\Transims60\Router\x64\BinThreads\Router.vcxprojResolveAssemblyReference.cache
C:\Software\Transims60\Router\x64\BinThreads\Control.obj
C:\Software\Transims60\Router\x64\BinThreads\Copy_Plans.obj
C:\Software\Transims60\Router\x64\BinThreads\Execute.obj
C:\Software\Transims60\Router\x64\BinThreads\Get_Trip_Gap.obj
C:\Software\Transims60\Router\x64\BinThreads\Iteration_Loop.obj
C:\Software\Transims60\Router\x64\BinThreads\Link_Gap_Report.obj
C:\Software\Transims60\Router\x64\BinThreads\Merge_Delay.obj
C:\Software\Transims60\Router\x64\BinThreads\Minimize_VHT.obj
C:\Software\Transims60\Router\x64\BinThreads\MPI_Link_Delay.obj
C:\Software\Transims60\Router\x64\BinThreads\MPI_Processing.obj
C:\Software\Transims60\Router\x64\BinThreads\MPI_Setup.obj
C:\Software\Transims60\Router\x64\BinThreads\Part_Processor.obj
C:\Software\Transims60\Router\x64\BinThreads\Read_Trips.obj
C:\Software\Transims60\Router\x64\BinThreads\Router.obj
C:\Software\Transims60\Router\x64\BinThreads\Save_Plans.obj
C:\Software\Transims60\Router\x64\BinThreads\Selection.obj
C:\Software\Transims60\Router\x64\BinThreads\Set_Partitions.obj
C:\Software\Transims60\Router\x64\BinThreads\Trip_Gap_Report.obj
C:\Software\Transims60\Router\x64\BinThreads\CL.1064.read.1.tlog
C:\Software\Transims60\Router\x64\BinThreads\CL.1064.write.1.tlog
C:\Software\Transims60\Router\x64\BinThreads\CL.3136.read.1.tlog
C:\Software\Transims60\Router\x64\BinThreads\CL.3136.write.1.tlog
C:\Software\Transims60\Router\x64\BinThreads\CL.4316.read.1.tlog
C:\Software\Transims60\Router\x64\BinThreads\CL.4316.write.1.tlog
C:\Software\Transims60\Router\x64\BinThreads\CL.5724.read.1.tlog
C:\Software\Transims60\Router\x64\BinThreads\CL.5724.write.1.tlog
C:\Software\Transims60\Router\x64\BinThreads\cl.command.1.tlog
C:\Software\Transims60\Router\x64\BinThreads\CL.read.1.tlog
C:\Software\Transims60\Router\x64\BinThreads\cl.write.1.tlog
C:\Software\Transims60\Router\x64\BinThreads\link-cvtres.read.1.tlog
C:\Software\Transims60\Router\x64\BinThreads\link-cvtres.write.1.tlog
C:\Software\Transims60\Router\x64\BinThreads\link-rc.read.1.tlog
C:\Software\Transims60\Router\x64\BinThreads\link-rc.write.1.tlog
C:\Software\Transims60\Router\x64\BinThreads\link.command.1.tlog
C:\Software\Transims60\Router\x64\BinThreads\link.read.1.tlog
C:\Software\Transims60\Router\x64\BinThreads\link.write.1.tlog
C:\Software\Transims60\Router\x64\BinThreads\vc110.pdb
C:\Software\Transims60\x64\BinThreads\Router.exe
