C:\TRANSIMS\TRANSIMS60\PLANCOMPARE\X64\BIN\VC110.PDB
C:\TRANSIMS\TRANSIMS60\X64\BIN\PLANCOMPARE.EXE
C:\TRANSIMS\Transims60\PlanCompare\x64\Bin\Control.obj
C:\TRANSIMS\Transims60\PlanCompare\x64\Bin\Execute.obj
C:\TRANSIMS\Transims60\PlanCompare\x64\Bin\Merge_Plans.obj
C:\TRANSIMS\Transims60\PlanCompare\x64\Bin\MPI_Close.obj
C:\TRANSIMS\Transims60\PlanCompare\x64\Bin\MPI_Processing.obj
C:\TRANSIMS\Transims60\PlanCompare\x64\Bin\MPI_Setup.obj
C:\TRANSIMS\Transims60\PlanCompare\x64\Bin\MPI_Write.obj
C:\TRANSIMS\Transims60\PlanCompare\x64\Bin\PlanCompare.obj
C:\TRANSIMS\Transims60\PlanCompare\x64\Bin\Plan_Output.obj
C:\TRANSIMS\Transims60\PlanCompare\x64\Bin\Plan_Processing.obj
C:\TRANSIMS\Transims60\PlanCompare\x64\Bin\Read_Plans.obj
C:\TRANSIMS\Transims60\PlanCompare\x64\Bin\Select_Plans.obj
C:\TRANSIMS\Transims60\PlanCompare\x64\Bin\Write_Match.obj
C:\TRANSIMS\Transims60\PlanCompare\x64\Bin\Write_Plans.obj
C:\TRANSIMS\Transims60\PlanCompare\x64\Bin\CL.1732.read.1.tlog
C:\TRANSIMS\Transims60\PlanCompare\x64\Bin\CL.1732.write.1.tlog
C:\TRANSIMS\Transims60\PlanCompare\x64\Bin\CL.2324.read.1.tlog
C:\TRANSIMS\Transims60\PlanCompare\x64\Bin\CL.2324.write.1.tlog
C:\TRANSIMS\Transims60\PlanCompare\x64\Bin\CL.6976.read.1.tlog
C:\TRANSIMS\Transims60\PlanCompare\x64\Bin\CL.6976.write.1.tlog
C:\TRANSIMS\Transims60\PlanCompare\x64\Bin\CL.7044.read.1.tlog
C:\TRANSIMS\Transims60\PlanCompare\x64\Bin\CL.7044.write.1.tlog
C:\TRANSIMS\Transims60\PlanCompare\x64\Bin\cl.command.1.tlog
C:\TRANSIMS\Transims60\PlanCompare\x64\Bin\CL.read.1.tlog
C:\TRANSIMS\Transims60\PlanCompare\x64\Bin\cl.write.1.tlog
C:\TRANSIMS\Transims60\PlanCompare\x64\Bin\link-cvtres.read.1.tlog
C:\TRANSIMS\Transims60\PlanCompare\x64\Bin\link-cvtres.write.1.tlog
C:\TRANSIMS\Transims60\PlanCompare\x64\Bin\link-rc.read.1.tlog
C:\TRANSIMS\Transims60\PlanCompare\x64\Bin\link-rc.write.1.tlog
C:\TRANSIMS\Transims60\PlanCompare\x64\Bin\link.command.1.tlog
C:\TRANSIMS\Transims60\PlanCompare\x64\Bin\link.read.1.tlog
C:\TRANSIMS\Transims60\PlanCompare\x64\Bin\link.write.1.tlog
C:\TRANSIMS\Transims60\PlanCompare\x64\Bin\vc110.pdb
C:\TRANSIMS\Transims60\x64\Bin\PlanCompare.exe
