C:\SOFTWARE\TRANSIMS60\LINKSUM\WIN32\BIN\VC110.PDB
C:\SOFTWARE\TRANSIMS60\WIN32\BIN\LINKSUM.EXE
C:\Software\Transims60\LinkSum\Win32\Bin\LinkSum.vcxprojResolveAssemblyReference.cache
C:\Software\Transims60\LinkSum\Win32\Bin\Control.obj
C:\Software\Transims60\LinkSum\Win32\Bin\Execute.obj
C:\Software\Transims60\LinkSum\Win32\Bin\Gap_Report.obj
C:\Software\Transims60\LinkSum\Win32\Bin\Get_Location_Data.obj
C:\Software\Transims60\LinkSum\Win32\Bin\Group_Detail.obj
C:\Software\Transims60\LinkSum\Win32\Bin\Group_Perf_File.obj
C:\Software\Transims60\LinkSum\Win32\Bin\Group_Report.obj
C:\Software\Transims60\LinkSum\Win32\Bin\Group_Time.obj
C:\Software\Transims60\LinkSum\Win32\Bin\LinkSum.obj
C:\Software\Transims60\LinkSum\Win32\Bin\Link_Group.obj
C:\Software\Transims60\LinkSum\Win32\Bin\Link_Report.obj
C:\Software\Transims60\LinkSum\Win32\Bin\Perf_Detail.obj
C:\Software\Transims60\LinkSum\Win32\Bin\Perf_File.obj
C:\Software\Transims60\LinkSum\Win32\Bin\Perf_Report.obj
C:\Software\Transims60\LinkSum\Win32\Bin\Select_Links.obj
C:\Software\Transims60\LinkSum\Win32\Bin\Set_Link_Data.obj
C:\Software\Transims60\LinkSum\Win32\Bin\Set_Link_Dir.obj
C:\Software\Transims60\LinkSum\Win32\Bin\Time_Change.obj
C:\Software\Transims60\LinkSum\Win32\Bin\Time_Report.obj
C:\Software\Transims60\LinkSum\Win32\Bin\Top_100.obj
C:\Software\Transims60\LinkSum\Win32\Bin\Top_Ratios.obj
C:\Software\Transims60\LinkSum\Win32\Bin\VC_Report.obj
C:\Software\Transims60\LinkSum\Win32\Bin\Vol_Change.obj
C:\Software\Transims60\LinkSum\Win32\Bin\Write_Activity.obj
C:\Software\Transims60\LinkSum\Win32\Bin\Write_Group.obj
C:\Software\Transims60\LinkSum\Win32\Bin\Write_Link_Data.obj
C:\Software\Transims60\LinkSum\Win32\Bin\Write_Link_Dir.obj
C:\Software\Transims60\LinkSum\Win32\Bin\Write_Turn_Vol.obj
C:\Software\Transims60\LinkSum\Win32\Bin\Write_Zone.obj
C:\Software\Transims60\LinkSum\Win32\Bin\Zone_Summary.obj
C:\Software\Transims60\LinkSum\Win32\Bin\CL.244.read.1.tlog
C:\Software\Transims60\LinkSum\Win32\Bin\CL.244.write.1.tlog
C:\Software\Transims60\LinkSum\Win32\Bin\CL.3724.read.1.tlog
C:\Software\Transims60\LinkSum\Win32\Bin\CL.3724.write.1.tlog
C:\Software\Transims60\LinkSum\Win32\Bin\CL.4800.read.1.tlog
C:\Software\Transims60\LinkSum\Win32\Bin\CL.4800.write.1.tlog
C:\Software\Transims60\LinkSum\Win32\Bin\CL.4804.read.1.tlog
C:\Software\Transims60\LinkSum\Win32\Bin\CL.4804.write.1.tlog
C:\Software\Transims60\LinkSum\Win32\Bin\cl.command.1.tlog
C:\Software\Transims60\LinkSum\Win32\Bin\CL.read.1.tlog
C:\Software\Transims60\LinkSum\Win32\Bin\cl.write.1.tlog
C:\Software\Transims60\LinkSum\Win32\Bin\link-cvtres.read.1.tlog
C:\Software\Transims60\LinkSum\Win32\Bin\link-cvtres.write.1.tlog
C:\Software\Transims60\LinkSum\Win32\Bin\link-rc.read.1.tlog
C:\Software\Transims60\LinkSum\Win32\Bin\link-rc.write.1.tlog
C:\Software\Transims60\LinkSum\Win32\Bin\link.command.1.tlog
C:\Software\Transims60\LinkSum\Win32\Bin\link.read.1.tlog
C:\Software\Transims60\LinkSum\Win32\Bin\link.write.1.tlog
