C:\TRANSIMS\TRANSIMS60\PLANPREP\X64\BIN\VC110.PDB
C:\TRANSIMS\TRANSIMS60\X64\BIN\PLANPREP.EXE
C:\TRANSIMS\Transims60\PlanPrep\x64\Bin\Combine_Plans.obj
C:\TRANSIMS\Transims60\PlanPrep\x64\Bin\Control.obj
C:\TRANSIMS\Transims60\PlanPrep\x64\Bin\Execute.obj
C:\TRANSIMS\Transims60\PlanPrep\x64\Bin\MPI_Processing.obj
C:\TRANSIMS\Transims60\PlanPrep\x64\Bin\MPI_Setup.obj
C:\TRANSIMS\Transims60\PlanPrep\x64\Bin\PlanPrep.obj
C:\TRANSIMS\Transims60\PlanPrep\x64\Bin\Plan_Processing.obj
C:\TRANSIMS\Transims60\PlanPrep\x64\Bin\Read_Plans.obj
C:\TRANSIMS\Transims60\PlanPrep\x64\Bin\Temp_Time_Write.obj
C:\TRANSIMS\Transims60\PlanPrep\x64\Bin\Temp_Trip_Write.obj
C:\TRANSIMS\Transims60\PlanPrep\x64\Bin\Time_Combine.obj
C:\TRANSIMS\Transims60\PlanPrep\x64\Bin\Time_Write.obj
C:\TRANSIMS\Transims60\PlanPrep\x64\Bin\Trip_Combine.obj
C:\TRANSIMS\Transims60\PlanPrep\x64\Bin\Trip_Write.obj
C:\TRANSIMS\Transims60\PlanPrep\x64\Bin\Write_Temp.obj
C:\TRANSIMS\Transims60\PlanPrep\x64\Bin\CL.1964.read.1.tlog
C:\TRANSIMS\Transims60\PlanPrep\x64\Bin\CL.1964.write.1.tlog
C:\TRANSIMS\Transims60\PlanPrep\x64\Bin\CL.2156.read.1.tlog
C:\TRANSIMS\Transims60\PlanPrep\x64\Bin\CL.2156.write.1.tlog
C:\TRANSIMS\Transims60\PlanPrep\x64\Bin\CL.2948.read.1.tlog
C:\TRANSIMS\Transims60\PlanPrep\x64\Bin\CL.2948.write.1.tlog
C:\TRANSIMS\Transims60\PlanPrep\x64\Bin\CL.6080.read.1.tlog
C:\TRANSIMS\Transims60\PlanPrep\x64\Bin\CL.6080.write.1.tlog
C:\TRANSIMS\Transims60\PlanPrep\x64\Bin\cl.command.1.tlog
C:\TRANSIMS\Transims60\PlanPrep\x64\Bin\CL.read.1.tlog
C:\TRANSIMS\Transims60\PlanPrep\x64\Bin\cl.write.1.tlog
C:\TRANSIMS\Transims60\PlanPrep\x64\Bin\link-cvtres.read.1.tlog
C:\TRANSIMS\Transims60\PlanPrep\x64\Bin\link-cvtres.write.1.tlog
C:\TRANSIMS\Transims60\PlanPrep\x64\Bin\link-rc.read.1.tlog
C:\TRANSIMS\Transims60\PlanPrep\x64\Bin\link-rc.write.1.tlog
C:\TRANSIMS\Transims60\PlanPrep\x64\Bin\link.command.1.tlog
C:\TRANSIMS\Transims60\PlanPrep\x64\Bin\link.read.1.tlog
C:\TRANSIMS\Transims60\PlanPrep\x64\Bin\link.write.1.tlog
C:\TRANSIMS\Transims60\PlanPrep\x64\Bin\vc110.pdb
C:\TRANSIMS\Transims60\x64\Bin\PlanPrep.exe
