C:\SOFTWARE\TRANSIMS60\ZONEDATA\X64\BINTHREADS\VC110.PDB
C:\SOFTWARE\TRANSIMS60\ZONEDATA\X64\BINTHREADS\READ_POLYGONS.OBJ
C:\SOFTWARE\TRANSIMS60\ZONEDATA\X64\BINTHREADS\WRITE_ZONE.OBJ
C:\SOFTWARE\TRANSIMS60\ZONEDATA\X64\BINTHREADS\SUM_ZONE.OBJ
C:\SOFTWARE\TRANSIMS60\ZONEDATA\X64\BINTHREADS\SET_FILES.OBJ
C:\SOFTWARE\TRANSIMS60\ZONEDATA\X64\BINTHREADS\ZONEDATA.OBJ
C:\SOFTWARE\TRANSIMS60\X64\BINTHREADS\ZONEDATA.EXE
C:\Software\Transims60\ZoneData\x64\BinThreads\ZoneData.vcxprojResolveAssemblyReference.cache
C:\Software\Transims60\ZoneData\x64\BinThreads\Control.obj
C:\Software\Transims60\ZoneData\x64\BinThreads\Execute.obj
C:\Software\Transims60\ZoneData\x64\BinThreads\Get_Zone_Data.obj
C:\Software\Transims60\ZoneData\x64\BinThreads\Read_Data.obj
C:\Software\Transims60\ZoneData\x64\BinThreads\Read_Polygons.obj
C:\Software\Transims60\ZoneData\x64\BinThreads\Set_Files.obj
C:\Software\Transims60\ZoneData\x64\BinThreads\Sum_Zone.obj
C:\Software\Transims60\ZoneData\x64\BinThreads\Write_Zone.obj
C:\Software\Transims60\ZoneData\x64\BinThreads\ZoneData.obj
C:\Software\Transims60\ZoneData\x64\BinThreads\CL.1728.read.1.tlog
C:\Software\Transims60\ZoneData\x64\BinThreads\CL.1728.write.1.tlog
C:\Software\Transims60\ZoneData\x64\BinThreads\CL.1756.read.1.tlog
C:\Software\Transims60\ZoneData\x64\BinThreads\CL.1756.write.1.tlog
C:\Software\Transims60\ZoneData\x64\BinThreads\CL.2724.read.1.tlog
C:\Software\Transims60\ZoneData\x64\BinThreads\CL.2724.write.1.tlog
C:\Software\Transims60\ZoneData\x64\BinThreads\CL.3624.read.1.tlog
C:\Software\Transims60\ZoneData\x64\BinThreads\CL.3624.write.1.tlog
C:\Software\Transims60\ZoneData\x64\BinThreads\CL.4392.read.1.tlog
C:\Software\Transims60\ZoneData\x64\BinThreads\CL.4392.write.1.tlog
C:\Software\Transims60\ZoneData\x64\BinThreads\CL.4512.read.1.tlog
C:\Software\Transims60\ZoneData\x64\BinThreads\CL.4512.write.1.tlog
C:\Software\Transims60\ZoneData\x64\BinThreads\CL.5340.read.1.tlog
C:\Software\Transims60\ZoneData\x64\BinThreads\CL.5340.write.1.tlog
C:\Software\Transims60\ZoneData\x64\BinThreads\CL.5768.read.1.tlog
C:\Software\Transims60\ZoneData\x64\BinThreads\CL.5768.write.1.tlog
C:\Software\Transims60\ZoneData\x64\BinThreads\cl.command.1.tlog
C:\Software\Transims60\ZoneData\x64\BinThreads\CL.read.1.tlog
C:\Software\Transims60\ZoneData\x64\BinThreads\cl.write.1.tlog
C:\Software\Transims60\ZoneData\x64\BinThreads\link-cvtres.read.1.tlog
C:\Software\Transims60\ZoneData\x64\BinThreads\link-cvtres.write.1.tlog
C:\Software\Transims60\ZoneData\x64\BinThreads\link-rc.read.1.tlog
C:\Software\Transims60\ZoneData\x64\BinThreads\link-rc.write.1.tlog
C:\Software\Transims60\ZoneData\x64\BinThreads\link.command.1.tlog
C:\Software\Transims60\ZoneData\x64\BinThreads\link.read.1.tlog
C:\Software\Transims60\ZoneData\x64\BinThreads\link.write.1.tlog
C:\Software\Transims60\ZoneData\x64\BinThreads\vc110.pdb
C:\Software\Transims60\x64\BinThreads\ZoneData.exe
