C:\TRANSIMS\TRANSIMS60\TOURSKIM\X64\BIN\VC110.PDB
C:\TRANSIMS\TRANSIMS60\X64\BIN\TOURSKIM.EXE
C:\TRANSIMS\Transims60\TourSkim\x64\Bin\Control.obj
C:\TRANSIMS\Transims60\TourSkim\x64\Bin\Execute.obj
C:\TRANSIMS\Transims60\TourSkim\x64\Bin\Group_Process.obj
C:\TRANSIMS\Transims60\TourSkim\x64\Bin\Process.obj
C:\TRANSIMS\Transims60\TourSkim\x64\Bin\Read_Data.obj
C:\TRANSIMS\Transims60\TourSkim\x64\Bin\Read_Process.obj
C:\TRANSIMS\Transims60\TourSkim\x64\Bin\TourSkim.obj
C:\TRANSIMS\Transims60\TourSkim\x64\Bin\CL.3692.read.1.tlog
C:\TRANSIMS\Transims60\TourSkim\x64\Bin\CL.3692.write.1.tlog
C:\TRANSIMS\Transims60\TourSkim\x64\Bin\CL.4924.read.1.tlog
C:\TRANSIMS\Transims60\TourSkim\x64\Bin\CL.4924.write.1.tlog
C:\TRANSIMS\Transims60\TourSkim\x64\Bin\CL.5248.read.1.tlog
C:\TRANSIMS\Transims60\TourSkim\x64\Bin\CL.5248.write.1.tlog
C:\TRANSIMS\Transims60\TourSkim\x64\Bin\CL.5260.read.1.tlog
C:\TRANSIMS\Transims60\TourSkim\x64\Bin\CL.5260.write.1.tlog
C:\TRANSIMS\Transims60\TourSkim\x64\Bin\cl.command.1.tlog
C:\TRANSIMS\Transims60\TourSkim\x64\Bin\CL.read.1.tlog
C:\TRANSIMS\Transims60\TourSkim\x64\Bin\cl.write.1.tlog
C:\TRANSIMS\Transims60\TourSkim\x64\Bin\link-cvtres.read.1.tlog
C:\TRANSIMS\Transims60\TourSkim\x64\Bin\link-cvtres.write.1.tlog
C:\TRANSIMS\Transims60\TourSkim\x64\Bin\link-rc.read.1.tlog
C:\TRANSIMS\Transims60\TourSkim\x64\Bin\link-rc.write.1.tlog
C:\TRANSIMS\Transims60\TourSkim\x64\Bin\link.command.1.tlog
C:\TRANSIMS\Transims60\TourSkim\x64\Bin\link.read.1.tlog
C:\TRANSIMS\Transims60\TourSkim\x64\Bin\link.write.1.tlog
C:\TRANSIMS\Transims60\TourSkim\x64\Bin\vc110.pdb
C:\TRANSIMS\Transims60\x64\Bin\TourSkim.exe
