C:\SOFTWARE\TRANSIMS60\MATRIXDATA\WIN32\BIN\VC110.PDB
C:\SOFTWARE\TRANSIMS60\WIN32\BIN\MATRIXDATA.EXE
C:\Software\Transims60\MatrixData\Win32\Bin\MatrixData.vcxprojResolveAssemblyReference.cache
C:\Software\Transims60\MatrixData\Win32\Bin\Control.obj
C:\Software\Transims60\MatrixData\Win32\Bin\Execute.obj
C:\Software\Transims60\MatrixData\Win32\Bin\Expand_Matrix.obj
C:\Software\Transims60\MatrixData\Win32\Bin\Margin_Totals.obj
C:\Software\Transims60\MatrixData\Win32\Bin\MatrixData.obj
C:\Software\Transims60\MatrixData\Win32\Bin\Matrix_Ratios.obj
C:\Software\Transims60\MatrixData\Win32\Bin\Read_Data.obj
C:\Software\Transims60\MatrixData\Win32\Bin\Read_Factors.obj
C:\Software\Transims60\MatrixData\Win32\Bin\Read_Matrix.obj
C:\Software\Transims60\MatrixData\Win32\Bin\Read_Square.obj
C:\Software\Transims60\MatrixData\Win32\Bin\Stats_Report.obj
C:\Software\Transims60\MatrixData\Win32\Bin\Write_Ends.obj
C:\Software\Transims60\MatrixData\Win32\Bin\Write_Margin.obj
C:\Software\Transims60\MatrixData\Win32\Bin\Write_Square.obj
C:\Software\Transims60\MatrixData\Win32\Bin\Write_Starts.obj
C:\Software\Transims60\MatrixData\Win32\Bin\CL.2168.read.1.tlog
C:\Software\Transims60\MatrixData\Win32\Bin\CL.2168.write.1.tlog
C:\Software\Transims60\MatrixData\Win32\Bin\CL.3260.read.1.tlog
C:\Software\Transims60\MatrixData\Win32\Bin\CL.3260.write.1.tlog
C:\Software\Transims60\MatrixData\Win32\Bin\CL.4084.read.1.tlog
C:\Software\Transims60\MatrixData\Win32\Bin\CL.4084.write.1.tlog
C:\Software\Transims60\MatrixData\Win32\Bin\CL.4428.read.1.tlog
C:\Software\Transims60\MatrixData\Win32\Bin\CL.4428.write.1.tlog
C:\Software\Transims60\MatrixData\Win32\Bin\cl.command.1.tlog
C:\Software\Transims60\MatrixData\Win32\Bin\CL.read.1.tlog
C:\Software\Transims60\MatrixData\Win32\Bin\cl.write.1.tlog
C:\Software\Transims60\MatrixData\Win32\Bin\link-cvtres.read.1.tlog
C:\Software\Transims60\MatrixData\Win32\Bin\link-cvtres.write.1.tlog
C:\Software\Transims60\MatrixData\Win32\Bin\link-rc.read.1.tlog
C:\Software\Transims60\MatrixData\Win32\Bin\link-rc.write.1.tlog
C:\Software\Transims60\MatrixData\Win32\Bin\link.command.1.tlog
C:\Software\Transims60\MatrixData\Win32\Bin\link.read.1.tlog
C:\Software\Transims60\MatrixData\Win32\Bin\link.write.1.tlog
