C:\TRANSIMS\TRANSIMS60\NEWFORMAT\X64\BIN\VC110.PDB
C:\TRANSIMS\TRANSIMS60\X64\BIN\NEWFORMAT.EXE
C:\TRANSIMS\Transims60\NewFormat\x64\Bin\Check_Phasing_Plans.obj
C:\TRANSIMS\Transims60\NewFormat\x64\Bin\Control.obj
C:\TRANSIMS\Transims60\NewFormat\x64\Bin\Create_Performance.obj
C:\TRANSIMS\Transims60\NewFormat\x64\Bin\Execute.obj
C:\TRANSIMS\Transims60\NewFormat\x64\Bin\Get_Location_Data.obj
C:\TRANSIMS\Transims60\NewFormat\x64\Bin\Get_Skim_Data.obj
C:\TRANSIMS\Transims60\NewFormat\x64\Bin\Get_Trip_Data.obj
C:\TRANSIMS\Transims60\NewFormat\x64\Bin\Get_Zone_Data.obj
C:\TRANSIMS\Transims60\NewFormat\x64\Bin\Make_Route_Nodes.obj
C:\TRANSIMS\Transims60\NewFormat\x64\Bin\NewFormat.obj
C:\TRANSIMS\Transims60\NewFormat\x64\Bin\Plan_Processing.obj
C:\TRANSIMS\Transims60\NewFormat\x64\Bin\Read_Activity.obj
C:\TRANSIMS\Transims60\NewFormat\x64\Bin\Read_Persons.obj
C:\TRANSIMS\Transims60\NewFormat\x64\Bin\Read_Route_Nodes.obj
C:\TRANSIMS\Transims60\NewFormat\x64\Bin\Read_Snapshots.obj
C:\TRANSIMS\Transims60\NewFormat\x64\Bin\Read_Tolls.obj
C:\TRANSIMS\Transims60\NewFormat\x64\Bin\Read_Vehicles.obj
C:\TRANSIMS\Transims60\NewFormat\x64\Bin\Travel_Plans.obj
C:\TRANSIMS\Transims60\NewFormat\x64\Bin\CL.2180.read.1.tlog
C:\TRANSIMS\Transims60\NewFormat\x64\Bin\CL.2180.write.1.tlog
C:\TRANSIMS\Transims60\NewFormat\x64\Bin\CL.2820.read.1.tlog
C:\TRANSIMS\Transims60\NewFormat\x64\Bin\CL.2820.write.1.tlog
C:\TRANSIMS\Transims60\NewFormat\x64\Bin\CL.6776.read.1.tlog
C:\TRANSIMS\Transims60\NewFormat\x64\Bin\CL.6776.write.1.tlog
C:\TRANSIMS\Transims60\NewFormat\x64\Bin\CL.7048.read.1.tlog
C:\TRANSIMS\Transims60\NewFormat\x64\Bin\CL.7048.write.1.tlog
C:\TRANSIMS\Transims60\NewFormat\x64\Bin\cl.command.1.tlog
C:\TRANSIMS\Transims60\NewFormat\x64\Bin\CL.read.1.tlog
C:\TRANSIMS\Transims60\NewFormat\x64\Bin\cl.write.1.tlog
C:\TRANSIMS\Transims60\NewFormat\x64\Bin\link-cvtres.read.1.tlog
C:\TRANSIMS\Transims60\NewFormat\x64\Bin\link-cvtres.write.1.tlog
C:\TRANSIMS\Transims60\NewFormat\x64\Bin\link-rc.read.1.tlog
C:\TRANSIMS\Transims60\NewFormat\x64\Bin\link-rc.write.1.tlog
C:\TRANSIMS\Transims60\NewFormat\x64\Bin\link.command.1.tlog
C:\TRANSIMS\Transims60\NewFormat\x64\Bin\link.read.1.tlog
C:\TRANSIMS\Transims60\NewFormat\x64\Bin\link.write.1.tlog
C:\TRANSIMS\Transims60\NewFormat\x64\Bin\vc110.pdb
C:\TRANSIMS\Transims60\x64\Bin\NewFormat.exe
