C:\TRANSIMS\TRANSIMS51\SIMSUBAREAS\DEBUG\BOUNDARY_NODES.OBJ
C:\TRANSIMS\TRANSIMS51\SIMSUBAREAS\DEBUG\CONTROL.OBJ
C:\TRANSIMS\TRANSIMS51\SIMSUBAREAS\DEBUG\DISTRIBUTE_NODES.OBJ
C:\TRANSIMS\TRANSIMS51\SIMSUBAREAS\DEBUG\EXECUTE.OBJ
C:\TRANSIMS\TRANSIMS51\SIMSUBAREAS\DEBUG\SIMSUBAREAS.OBJ
C:\TRANSIMS\TRANSIMS51\SIMSUBAREAS\DEBUG\VC110.PDB
C:\TRANSIMS\TRANSIMS51\DEBUG\SIMSUBAREAS.ILK
C:\TRANSIMS\TRANSIMS51\DEBUG\SIMSUBAREAS.EXE
C:\TRANSIMS\TRANSIMS51\DEBUG\SIMSUBAREAS.PDB
C:\TRANSIMS\Transims51\SimSubareas\Debug\SimSubareas.vcxprojResolveAssemblyReference.cache
C:\TRANSIMS\Transims51\SimSubareas\Debug\Boundary_Nodes.obj
C:\TRANSIMS\Transims51\SimSubareas\Debug\Control.obj
C:\TRANSIMS\Transims51\SimSubareas\Debug\Distribute_Nodes.obj
C:\TRANSIMS\Transims51\SimSubareas\Debug\Execute.obj
C:\TRANSIMS\Transims51\SimSubareas\Debug\SimSubareas.obj
C:\TRANSIMS\Transims51\SimSubareas\Debug\cl.command.1.tlog
C:\TRANSIMS\Transims51\SimSubareas\Debug\CL.read.1.tlog
C:\TRANSIMS\Transims51\SimSubareas\Debug\CL.write.1.tlog
C:\TRANSIMS\Transims51\SimSubareas\Debug\link-cvtres.read.1.tlog
C:\TRANSIMS\Transims51\SimSubareas\Debug\link-cvtres.write.1.tlog
C:\TRANSIMS\Transims51\SimSubareas\Debug\link-rc.read.1.tlog
C:\TRANSIMS\Transims51\SimSubareas\Debug\link-rc.write.1.tlog
C:\TRANSIMS\Transims51\SimSubareas\Debug\link.command.1.tlog
C:\TRANSIMS\Transims51\SimSubareas\Debug\link.read.1.tlog
C:\TRANSIMS\Transims51\SimSubareas\Debug\link.write.1.tlog
C:\TRANSIMS\Transims51\SimSubareas\Debug\vc110.idb
C:\TRANSIMS\Transims51\SimSubareas\Debug\vc110.pdb
C:\TRANSIMS\Transims51\Debug\SimSubareas.pdb
C:\TRANSIMS\Transims51\Debug\SimSubareas.exe
C:\TRANSIMS\Transims51\Debug\SimSubareas.ilk
