C:\SOFTWARE\TRANSIMS60\SIMULATOR\X64\BINTHREADS\VC110.PDB
C:\SOFTWARE\TRANSIMS60\X64\BINTHREADS\SIMULATOR.EXE
C:\Software\Transims60\Simulator\x64\BinThreads\Simulator.vcxprojResolveAssemblyReference.cache
C:\Software\Transims60\Simulator\x64\BinThreads\Control.obj
C:\Software\Transims60\Simulator\x64\BinThreads\Execute.obj
C:\Software\Transims60\Simulator\x64\BinThreads\MPI_Close.obj
C:\Software\Transims60\Simulator\x64\BinThreads\MPI_Distribute.obj
C:\Software\Transims60\Simulator\x64\BinThreads\MPI_Setup.obj
C:\Software\Transims60\Simulator\x64\BinThreads\MPI_Transfer.obj
C:\Software\Transims60\Simulator\x64\BinThreads\Simulator.obj
C:\Software\Transims60\Simulator\x64\BinThreads\CL.2876.read.1.tlog
C:\Software\Transims60\Simulator\x64\BinThreads\CL.2876.write.1.tlog
C:\Software\Transims60\Simulator\x64\BinThreads\CL.5580.read.1.tlog
C:\Software\Transims60\Simulator\x64\BinThreads\CL.5580.write.1.tlog
C:\Software\Transims60\Simulator\x64\BinThreads\CL.5640.read.1.tlog
C:\Software\Transims60\Simulator\x64\BinThreads\CL.5640.write.1.tlog
C:\Software\Transims60\Simulator\x64\BinThreads\CL.6104.read.1.tlog
C:\Software\Transims60\Simulator\x64\BinThreads\CL.6104.write.1.tlog
C:\Software\Transims60\Simulator\x64\BinThreads\cl.command.1.tlog
C:\Software\Transims60\Simulator\x64\BinThreads\CL.read.1.tlog
C:\Software\Transims60\Simulator\x64\BinThreads\cl.write.1.tlog
C:\Software\Transims60\Simulator\x64\BinThreads\link-cvtres.read.1.tlog
C:\Software\Transims60\Simulator\x64\BinThreads\link-cvtres.write.1.tlog
C:\Software\Transims60\Simulator\x64\BinThreads\link-rc.read.1.tlog
C:\Software\Transims60\Simulator\x64\BinThreads\link-rc.write.1.tlog
C:\Software\Transims60\Simulator\x64\BinThreads\link.command.1.tlog
C:\Software\Transims60\Simulator\x64\BinThreads\link.read.1.tlog
C:\Software\Transims60\Simulator\x64\BinThreads\link.write.1.tlog
C:\Software\Transims60\Simulator\x64\BinThreads\vc110.pdb
C:\Software\Transims60\x64\BinThreads\Simulator.exe
