C:\TRANSIMS\TRANSIMS51\GRIDDATA\DEBUG\BUILD_GRID.OBJ
C:\TRANSIMS\TRANSIMS51\GRIDDATA\DEBUG\CONTROL.OBJ
C:\TRANSIMS\TRANSIMS51\GRIDDATA\DEBUG\EXECUTE.OBJ
C:\TRANSIMS\TRANSIMS51\GRIDDATA\DEBUG\GRIDDATA.OBJ
C:\TRANSIMS\TRANSIMS51\GRIDDATA\DEBUG\POINT_GRID.OBJ
C:\TRANSIMS\TRANSIMS51\GRIDDATA\DEBUG\READ_BOUNDARY.OBJ
C:\TRANSIMS\TRANSIMS51\GRIDDATA\DEBUG\READ_DATA.OBJ
C:\TRANSIMS\TRANSIMS51\GRIDDATA\DEBUG\READ_POINTS.OBJ
C:\TRANSIMS\TRANSIMS51\GRIDDATA\DEBUG\READ_POLYGONS.OBJ
C:\TRANSIMS\TRANSIMS51\GRIDDATA\DEBUG\SET_FILES.OBJ
C:\TRANSIMS\TRANSIMS51\GRIDDATA\DEBUG\SUM_GRID.OBJ
C:\TRANSIMS\TRANSIMS51\GRIDDATA\DEBUG\WRITE_GRID.OBJ
C:\TRANSIMS\TRANSIMS51\GRIDDATA\DEBUG\WRITE_SUMMARY.OBJ
C:\TRANSIMS\TRANSIMS51\GRIDDATA\DEBUG\ZONE_GRIDS.OBJ
C:\TRANSIMS\TRANSIMS51\GRIDDATA\DEBUG\VC110.PDB
C:\TRANSIMS\TRANSIMS51\DEBUG\GRIDDATA.ILK
C:\TRANSIMS\TRANSIMS51\DEBUG\GRIDDATA.EXE
C:\TRANSIMS\TRANSIMS51\DEBUG\GRIDDATA.PDB
C:\TRANSIMS\Transims51\GridData\Debug\GridData.vcxprojResolveAssemblyReference.cache
C:\TRANSIMS\Transims51\GridData\Debug\Build_Grid.obj
C:\TRANSIMS\Transims51\GridData\Debug\Control.obj
C:\TRANSIMS\Transims51\GridData\Debug\Execute.obj
C:\TRANSIMS\Transims51\GridData\Debug\GridData.obj
C:\TRANSIMS\Transims51\GridData\Debug\Point_Grid.obj
C:\TRANSIMS\Transims51\GridData\Debug\Read_Boundary.obj
C:\TRANSIMS\Transims51\GridData\Debug\Read_Data.obj
C:\TRANSIMS\Transims51\GridData\Debug\Read_Points.obj
C:\TRANSIMS\Transims51\GridData\Debug\Read_Polygons.obj
C:\TRANSIMS\Transims51\GridData\Debug\Set_Files.obj
C:\TRANSIMS\Transims51\GridData\Debug\Sum_Grid.obj
C:\TRANSIMS\Transims51\GridData\Debug\Write_Grid.obj
C:\TRANSIMS\Transims51\GridData\Debug\Write_Summary.obj
C:\TRANSIMS\Transims51\GridData\Debug\Zone_Grids.obj
C:\TRANSIMS\Transims51\GridData\Debug\cl.command.1.tlog
C:\TRANSIMS\Transims51\GridData\Debug\CL.read.1.tlog
C:\TRANSIMS\Transims51\GridData\Debug\CL.write.1.tlog
C:\TRANSIMS\Transims51\GridData\Debug\link-cvtres.read.1.tlog
C:\TRANSIMS\Transims51\GridData\Debug\link-cvtres.write.1.tlog
C:\TRANSIMS\Transims51\GridData\Debug\link-rc.read.1.tlog
C:\TRANSIMS\Transims51\GridData\Debug\link-rc.write.1.tlog
C:\TRANSIMS\Transims51\GridData\Debug\link.command.1.tlog
C:\TRANSIMS\Transims51\GridData\Debug\link.read.1.tlog
C:\TRANSIMS\Transims51\GridData\Debug\link.write.1.tlog
C:\TRANSIMS\Transims51\GridData\Debug\vc110.idb
C:\TRANSIMS\Transims51\GridData\Debug\vc110.pdb
C:\TRANSIMS\Transims51\Debug\GridData.pdb
C:\TRANSIMS\Transims51\Debug\GridData.exe
C:\TRANSIMS\Transims51\Debug\GridData.ilk
