Build started 3/7/2014 8:06:28 AM.
     1>Project "C:\Software\Transims60\CountSum\CountSum.vcxproj" on node 3 (Build target(s)).
     1>ClCompile:
         C:\Program Files (x86)\Microsoft Visual Studio 11.0\VC\bin\x86_amd64\CL.exe /c /I..\Include /Zi /nologo /W4 /WX /MP /O2 /Oi /D WIN32 /D NDEBUG /D _CONSOLE /D THREADS /Gm- /EHsc /MT /GS /Gy /Qpar /fp:precise /Zc:wchar_t /Zc:forScope /Fo"x64\BinThreads\\" /Fd"x64\BinThreads\vc110.pdb" /Gd /TP /errorReport:prompt Combine_Data.cpp Control.cpp CountSum.cpp Execute.cpp Link_Extents.cpp Node_List.cpp Read_Data.cpp Read_Detectors.cpp Read_Link_Map.cpp Read_Link_Points.cpp Read_Points.cpp Read_Signal_Map.cpp Write_Link_Data.cpp Write_Link_Map.cpp
         Combine_Data.cpp
         Control.cpp
         CountSum.cpp
         Execute.cpp
         Link_Extents.cpp
         Node_List.cpp
         Read_Data.cpp
         Read_Detectors.cpp
         Read_Link_Map.cpp
         Read_Link_Points.cpp
         Read_Points.cpp
         Read_Signal_Map.cpp
         Write_Link_Data.cpp
         Write_Link_Map.cpp
       Link:
         C:\Program Files (x86)\Microsoft Visual Studio 11.0\VC\bin\x86_amd64\link.exe /ERRORREPORT:PROMPT /OUT:"C:\Software\Transims60\x64\BinThreads\CountSum.exe" /INCREMENTAL:NO /NOLOGO kernel32.lib user32.lib gdi32.lib winspool.lib comdlg32.lib advapi32.lib shell32.lib ole32.lib oleaut32.lib uuid.lib odbc32.lib odbccp32.lib /MANIFEST /MANIFESTUAC:"level='asInvoker' uiAccess='false'" /manifest:embed /PDB:"C:\Software\Transims60\x64\BinThreads\CountSum.pdb" /SUBSYSTEM:CONSOLE,"5.02" /OPT:REF /OPT:ICF /TLBID:1 /DYNAMICBASE /NXCOMPAT /IMPLIB:"C:\Software\Transims60\x64\BinThreads\CountSum.lib" /MACHINE:X64 x64\BinThreads\Combine_Data.obj
         x64\BinThreads\Control.obj
         x64\BinThreads\CountSum.obj
         x64\BinThreads\Execute.obj
         x64\BinThreads\Link_Extents.obj
         x64\BinThreads\Node_List.obj
         x64\BinThreads\Read_Data.obj
         x64\BinThreads\Read_Detectors.obj
         x64\BinThreads\Read_Link_Map.obj
         x64\BinThreads\Read_Link_Points.obj
         x64\BinThreads\Read_Points.obj
         x64\BinThreads\Read_Signal_Map.obj
         x64\BinThreads\Write_Link_Data.obj
         x64\BinThreads\Write_Link_Map.obj
         C:\Software\Transims60\SysLib\x64\BinThreads\SysLib.lib
         C:\Software\Transims60\File_Data_Service\x64\BinThreads\File_Data_Service.lib
         CountSum.vcxproj -> C:\Software\Transims60\x64\BinThreads\CountSum.exe
     1>Done Building Project "C:\Software\Transims60\CountSum\CountSum.vcxproj" (Build target(s)).

Build succeeded.

Time Elapsed 00:00:45.21
