C:\SOFTWARE\TRANSIMS60\COUNTSUM\X64\BINTHREADS\VC110.PDB
C:\SOFTWARE\TRANSIMS60\X64\BINTHREADS\COUNTSUM.EXE
C:\Software\Transims60\CountSum\x64\BinThreads\CountSum.vcxprojResolveAssemblyReference.cache
C:\Software\Transims60\CountSum\x64\BinThreads\Combine_Data.obj
C:\Software\Transims60\CountSum\x64\BinThreads\Control.obj
C:\Software\Transims60\CountSum\x64\BinThreads\CountSum.obj
C:\Software\Transims60\CountSum\x64\BinThreads\Execute.obj
C:\Software\Transims60\CountSum\x64\BinThreads\Link_Extents.obj
C:\Software\Transims60\CountSum\x64\BinThreads\Node_List.obj
C:\Software\Transims60\CountSum\x64\BinThreads\Read_Data.obj
C:\Software\Transims60\CountSum\x64\BinThreads\Read_Detectors.obj
C:\Software\Transims60\CountSum\x64\BinThreads\Read_Link_Map.obj
C:\Software\Transims60\CountSum\x64\BinThreads\Read_Link_Points.obj
C:\Software\Transims60\CountSum\x64\BinThreads\Read_Points.obj
C:\Software\Transims60\CountSum\x64\BinThreads\Read_Signal_Map.obj
C:\Software\Transims60\CountSum\x64\BinThreads\Write_Link_Data.obj
C:\Software\Transims60\CountSum\x64\BinThreads\Write_Link_Map.obj
C:\Software\Transims60\CountSum\x64\BinThreads\CL.2972.read.1.tlog
C:\Software\Transims60\CountSum\x64\BinThreads\CL.2972.write.1.tlog
C:\Software\Transims60\CountSum\x64\BinThreads\CL.5348.read.1.tlog
C:\Software\Transims60\CountSum\x64\BinThreads\CL.5348.write.1.tlog
C:\Software\Transims60\CountSum\x64\BinThreads\CL.5480.read.1.tlog
C:\Software\Transims60\CountSum\x64\BinThreads\CL.5480.write.1.tlog
C:\Software\Transims60\CountSum\x64\BinThreads\CL.5796.read.1.tlog
C:\Software\Transims60\CountSum\x64\BinThreads\CL.5796.write.1.tlog
C:\Software\Transims60\CountSum\x64\BinThreads\cl.command.1.tlog
C:\Software\Transims60\CountSum\x64\BinThreads\CL.read.1.tlog
C:\Software\Transims60\CountSum\x64\BinThreads\cl.write.1.tlog
C:\Software\Transims60\CountSum\x64\BinThreads\link-cvtres.read.1.tlog
C:\Software\Transims60\CountSum\x64\BinThreads\link-cvtres.write.1.tlog
C:\Software\Transims60\CountSum\x64\BinThreads\link-rc.read.1.tlog
C:\Software\Transims60\CountSum\x64\BinThreads\link-rc.write.1.tlog
C:\Software\Transims60\CountSum\x64\BinThreads\link.command.1.tlog
C:\Software\Transims60\CountSum\x64\BinThreads\link.read.1.tlog
C:\Software\Transims60\CountSum\x64\BinThreads\link.write.1.tlog
C:\Software\Transims60\CountSum\x64\BinThreads\vc110.pdb
C:\Software\Transims60\x64\BinThreads\CountSum.exe
