C:\SOFTWARE\TRANSIMS60\ARCRIDER\WIN32\BIN\VC110.PDB
C:\SOFTWARE\TRANSIMS60\WIN32\BIN\ARCRIDER.EXE
C:\Software\Transims60\ArcRider\Win32\Bin\ArcRider.vcxprojResolveAssemblyReference.cache
C:\Software\Transims60\ArcRider\Win32\Bin\ArcRider.obj
C:\Software\Transims60\ArcRider\Win32\Bin\Control.obj
C:\Software\Transims60\ArcRider\Win32\Bin\Execute.obj
C:\Software\Transims60\ArcRider\Win32\Bin\Get_Stop_Data.obj
C:\Software\Transims60\ArcRider\Win32\Bin\Setup_Riders.obj
C:\Software\Transims60\ArcRider\Win32\Bin\Sum_Riders.obj
C:\Software\Transims60\ArcRider\Win32\Bin\Write_Capacity.obj
C:\Software\Transims60\ArcRider\Win32\Bin\Write_Group.obj
C:\Software\Transims60\ArcRider\Win32\Bin\Write_Riders.obj
C:\Software\Transims60\ArcRider\Win32\Bin\Write_Route.obj
C:\Software\Transims60\ArcRider\Win32\Bin\Write_Stops.obj
C:\Software\Transims60\ArcRider\Win32\Bin\Write_Sum.obj
C:\Software\Transims60\ArcRider\Win32\Bin\CL.2288.read.1.tlog
C:\Software\Transims60\ArcRider\Win32\Bin\CL.2288.write.1.tlog
C:\Software\Transims60\ArcRider\Win32\Bin\CL.3712.read.1.tlog
C:\Software\Transims60\ArcRider\Win32\Bin\CL.3712.write.1.tlog
C:\Software\Transims60\ArcRider\Win32\Bin\CL.4792.read.1.tlog
C:\Software\Transims60\ArcRider\Win32\Bin\CL.4792.write.1.tlog
C:\Software\Transims60\ArcRider\Win32\Bin\CL.5672.read.1.tlog
C:\Software\Transims60\ArcRider\Win32\Bin\CL.5672.write.1.tlog
C:\Software\Transims60\ArcRider\Win32\Bin\cl.command.1.tlog
C:\Software\Transims60\ArcRider\Win32\Bin\CL.read.1.tlog
C:\Software\Transims60\ArcRider\Win32\Bin\cl.write.1.tlog
C:\Software\Transims60\ArcRider\Win32\Bin\link-cvtres.read.1.tlog
C:\Software\Transims60\ArcRider\Win32\Bin\link-cvtres.write.1.tlog
C:\Software\Transims60\ArcRider\Win32\Bin\link-rc.read.1.tlog
C:\Software\Transims60\ArcRider\Win32\Bin\link-rc.write.1.tlog
C:\Software\Transims60\ArcRider\Win32\Bin\link.command.1.tlog
C:\Software\Transims60\ArcRider\Win32\Bin\link.read.1.tlog
C:\Software\Transims60\ArcRider\Win32\Bin\link.write.1.tlog
