C:\SOFTWARE\TRANSIMS60\EVENTSUM\X64\BINTHREADS\VC110.PDB
C:\SOFTWARE\TRANSIMS60\X64\BINTHREADS\EVENTSUM.EXE
C:\Software\Transims60\EventSum\x64\BinThreads\EventSum.vcxprojResolveAssemblyReference.cache
C:\Software\Transims60\EventSum\x64\BinThreads\Control.obj
C:\Software\Transims60\EventSum\x64\BinThreads\EventSum.obj
C:\Software\Transims60\EventSum\x64\BinThreads\Execute.obj
C:\Software\Transims60\EventSum\x64\BinThreads\Read_Events.obj
C:\Software\Transims60\EventSum\x64\BinThreads\Read_Times.obj
C:\Software\Transims60\EventSum\x64\BinThreads\Read_Trips.obj
C:\Software\Transims60\EventSum\x64\BinThreads\Select_Travelers.obj
C:\Software\Transims60\EventSum\x64\BinThreads\Update_Plans.obj
C:\Software\Transims60\EventSum\x64\BinThreads\Write_Links.obj
C:\Software\Transims60\EventSum\x64\BinThreads\Write_Times.obj
C:\Software\Transims60\EventSum\x64\BinThreads\Write_Time_Sum.obj
C:\Software\Transims60\EventSum\x64\BinThreads\CL.1380.read.1.tlog
C:\Software\Transims60\EventSum\x64\BinThreads\CL.1380.write.1.tlog
C:\Software\Transims60\EventSum\x64\BinThreads\CL.2680.read.1.tlog
C:\Software\Transims60\EventSum\x64\BinThreads\CL.2680.write.1.tlog
C:\Software\Transims60\EventSum\x64\BinThreads\CL.4792.read.1.tlog
C:\Software\Transims60\EventSum\x64\BinThreads\CL.4792.write.1.tlog
C:\Software\Transims60\EventSum\x64\BinThreads\CL.5920.read.1.tlog
C:\Software\Transims60\EventSum\x64\BinThreads\CL.5920.write.1.tlog
C:\Software\Transims60\EventSum\x64\BinThreads\cl.command.1.tlog
C:\Software\Transims60\EventSum\x64\BinThreads\CL.read.1.tlog
C:\Software\Transims60\EventSum\x64\BinThreads\cl.write.1.tlog
C:\Software\Transims60\EventSum\x64\BinThreads\link-cvtres.read.1.tlog
C:\Software\Transims60\EventSum\x64\BinThreads\link-cvtres.write.1.tlog
C:\Software\Transims60\EventSum\x64\BinThreads\link-rc.read.1.tlog
C:\Software\Transims60\EventSum\x64\BinThreads\link-rc.write.1.tlog
C:\Software\Transims60\EventSum\x64\BinThreads\link.command.1.tlog
C:\Software\Transims60\EventSum\x64\BinThreads\link.read.1.tlog
C:\Software\Transims60\EventSum\x64\BinThreads\link.write.1.tlog
C:\Software\Transims60\EventSum\x64\BinThreads\vc110.pdb
C:\Software\Transims60\x64\BinThreads\EventSum.exe
