C:\TRANSIMS\TRANSIMS60\RANDOMSELECT\X64\BIN\VC110.PDB
C:\TRANSIMS\TRANSIMS60\X64\BIN\RANDOMSELECT.EXE
C:\TRANSIMS\Transims60\RandomSelect\x64\Bin\Control.obj
C:\TRANSIMS\Transims60\RandomSelect\x64\Bin\Execute.obj
C:\TRANSIMS\Transims60\RandomSelect\x64\Bin\Get_Household_Data.obj
C:\TRANSIMS\Transims60\RandomSelect\x64\Bin\Get_Trip_Data.obj
C:\TRANSIMS\Transims60\RandomSelect\x64\Bin\RandomSelect.obj
C:\TRANSIMS\Transims60\RandomSelect\x64\Bin\CL.5168.read.1.tlog
C:\TRANSIMS\Transims60\RandomSelect\x64\Bin\CL.5168.write.1.tlog
C:\TRANSIMS\Transims60\RandomSelect\x64\Bin\CL.5892.read.1.tlog
C:\TRANSIMS\Transims60\RandomSelect\x64\Bin\CL.5892.write.1.tlog
C:\TRANSIMS\Transims60\RandomSelect\x64\Bin\CL.6192.read.1.tlog
C:\TRANSIMS\Transims60\RandomSelect\x64\Bin\CL.6192.write.1.tlog
C:\TRANSIMS\Transims60\RandomSelect\x64\Bin\CL.6424.read.1.tlog
C:\TRANSIMS\Transims60\RandomSelect\x64\Bin\CL.6424.write.1.tlog
C:\TRANSIMS\Transims60\RandomSelect\x64\Bin\cl.command.1.tlog
C:\TRANSIMS\Transims60\RandomSelect\x64\Bin\CL.read.1.tlog
C:\TRANSIMS\Transims60\RandomSelect\x64\Bin\cl.write.1.tlog
C:\TRANSIMS\Transims60\RandomSelect\x64\Bin\link-cvtres.read.1.tlog
C:\TRANSIMS\Transims60\RandomSelect\x64\Bin\link-cvtres.write.1.tlog
C:\TRANSIMS\Transims60\RandomSelect\x64\Bin\link-rc.read.1.tlog
C:\TRANSIMS\Transims60\RandomSelect\x64\Bin\link-rc.write.1.tlog
C:\TRANSIMS\Transims60\RandomSelect\x64\Bin\link.command.1.tlog
C:\TRANSIMS\Transims60\RandomSelect\x64\Bin\link.read.1.tlog
C:\TRANSIMS\Transims60\RandomSelect\x64\Bin\link.write.1.tlog
C:\TRANSIMS\Transims60\RandomSelect\x64\Bin\vc110.pdb
C:\TRANSIMS\Transims60\x64\Bin\RandomSelect.exe
