C:\SOFTWARE\TRANSIMS60\ARCPLAN\X64\BINTHREADS\VC110.PDB
C:\SOFTWARE\TRANSIMS60\X64\BINTHREADS\ARCPLAN.EXE
C:\Software\Transims60\ArcPlan\x64\BinThreads\ArcPlan.vcxprojResolveAssemblyReference.cache
C:\Software\Transims60\ArcPlan\x64\BinThreads\ArcPlan.obj
C:\Software\Transims60\ArcPlan\x64\BinThreads\Control.obj
C:\Software\Transims60\ArcPlan\x64\BinThreads\Execute.obj
C:\Software\Transims60\ArcPlan\x64\BinThreads\Get_Location_Data.obj
C:\Software\Transims60\ArcPlan\x64\BinThreads\Get_Parking_Data.obj
C:\Software\Transims60\ArcPlan\x64\BinThreads\Get_Problem_Data.obj
C:\Software\Transims60\ArcPlan\x64\BinThreads\Get_Stop_Data.obj
C:\Software\Transims60\ArcPlan\x64\BinThreads\Read_Plan.obj
C:\Software\Transims60\ArcPlan\x64\BinThreads\Write_Bandwidth.obj
C:\Software\Transims60\ArcPlan\x64\BinThreads\Write_Contour.obj
C:\Software\Transims60\ArcPlan\x64\BinThreads\Write_Group.obj
C:\Software\Transims60\ArcPlan\x64\BinThreads\Write_Parking.obj
C:\Software\Transims60\ArcPlan\x64\BinThreads\Write_Route.obj
C:\Software\Transims60\ArcPlan\x64\BinThreads\Write_Stops.obj
C:\Software\Transims60\ArcPlan\x64\BinThreads\CL.2300.read.1.tlog
C:\Software\Transims60\ArcPlan\x64\BinThreads\CL.2300.write.1.tlog
C:\Software\Transims60\ArcPlan\x64\BinThreads\CL.4960.read.1.tlog
C:\Software\Transims60\ArcPlan\x64\BinThreads\CL.4960.write.1.tlog
C:\Software\Transims60\ArcPlan\x64\BinThreads\CL.5484.read.1.tlog
C:\Software\Transims60\ArcPlan\x64\BinThreads\CL.5484.write.1.tlog
C:\Software\Transims60\ArcPlan\x64\BinThreads\CL.5868.read.1.tlog
C:\Software\Transims60\ArcPlan\x64\BinThreads\CL.5868.write.1.tlog
C:\Software\Transims60\ArcPlan\x64\BinThreads\cl.command.1.tlog
C:\Software\Transims60\ArcPlan\x64\BinThreads\CL.read.1.tlog
C:\Software\Transims60\ArcPlan\x64\BinThreads\cl.write.1.tlog
C:\Software\Transims60\ArcPlan\x64\BinThreads\link-cvtres.read.1.tlog
C:\Software\Transims60\ArcPlan\x64\BinThreads\link-cvtres.write.1.tlog
C:\Software\Transims60\ArcPlan\x64\BinThreads\link-rc.read.1.tlog
C:\Software\Transims60\ArcPlan\x64\BinThreads\link-rc.write.1.tlog
C:\Software\Transims60\ArcPlan\x64\BinThreads\link.command.1.tlog
C:\Software\Transims60\ArcPlan\x64\BinThreads\link.read.1.tlog
C:\Software\Transims60\ArcPlan\x64\BinThreads\link.write.1.tlog
C:\Software\Transims60\ArcPlan\x64\BinThreads\vc110.pdb
C:\Software\Transims60\x64\BinThreads\ArcPlan.exe
