C:\SOFTWARE\TRANSIMS60\INTCONTROL\WIN32\BIN\VC110.PDB
C:\SOFTWARE\TRANSIMS60\WIN32\BIN\INTCONTROL.EXE
C:\Software\Transims60\IntControl\Win32\Bin\IntControl.vcxprojResolveAssemblyReference.cache
C:\Software\Transims60\IntControl\Win32\Bin\Control.obj
C:\Software\Transims60\IntControl\Win32\Bin\Create_Signals.obj
C:\Software\Transims60\IntControl\Win32\Bin\Execute.obj
C:\Software\Transims60\IntControl\Win32\Bin\IntControl.obj
C:\Software\Transims60\IntControl\Win32\Bin\Node_Links.obj
C:\Software\Transims60\IntControl\Win32\Bin\Read_Deletes.obj
C:\Software\Transims60\IntControl\Win32\Bin\Read_Sign.obj
C:\Software\Transims60\IntControl\Win32\Bin\Read_Signal.obj
C:\Software\Transims60\IntControl\Win32\Bin\Read_Turn.obj
C:\Software\Transims60\IntControl\Win32\Bin\Update_Signals.obj
C:\Software\Transims60\IntControl\Win32\Bin\CL.3932.read.1.tlog
C:\Software\Transims60\IntControl\Win32\Bin\CL.3932.write.1.tlog
C:\Software\Transims60\IntControl\Win32\Bin\CL.4984.read.1.tlog
C:\Software\Transims60\IntControl\Win32\Bin\CL.4984.write.1.tlog
C:\Software\Transims60\IntControl\Win32\Bin\CL.5820.read.1.tlog
C:\Software\Transims60\IntControl\Win32\Bin\CL.5820.write.1.tlog
C:\Software\Transims60\IntControl\Win32\Bin\CL.6016.read.1.tlog
C:\Software\Transims60\IntControl\Win32\Bin\CL.6016.write.1.tlog
C:\Software\Transims60\IntControl\Win32\Bin\cl.command.1.tlog
C:\Software\Transims60\IntControl\Win32\Bin\CL.read.1.tlog
C:\Software\Transims60\IntControl\Win32\Bin\cl.write.1.tlog
C:\Software\Transims60\IntControl\Win32\Bin\link-cvtres.read.1.tlog
C:\Software\Transims60\IntControl\Win32\Bin\link-cvtres.write.1.tlog
C:\Software\Transims60\IntControl\Win32\Bin\link-rc.read.1.tlog
C:\Software\Transims60\IntControl\Win32\Bin\link-rc.write.1.tlog
C:\Software\Transims60\IntControl\Win32\Bin\link.command.1.tlog
C:\Software\Transims60\IntControl\Win32\Bin\link.read.1.tlog
C:\Software\Transims60\IntControl\Win32\Bin\link.write.1.tlog
