Build started 3/7/2014 8:01:11 AM.
     1>Project "C:\Software\Transims60\ArcSnapshot\ArcSnapshot.vcxproj" on node 4 (Build target(s)).
     1>ClCompile:
         C:\Program Files (x86)\Microsoft Visual Studio 11.0\VC\bin\x86_amd64\CL.exe /c /I..\Include /Zi /nologo /W4 /WX /MP /O2 /D WIN32 /D NDEBUG /D _CONSOLE /D THREADS /Gm- /EHsc /MT /GS /Qpar /fp:precise /Zc:wchar_t /Zc:forScope /Fo"x64\BinThreads\\" /Fd"x64\BinThreads\vc110.pdb" /Gd /TP /analyze- /errorReport:prompt ArcSnapshot.cpp Control.cpp Create_Cells.cpp Draw_Vehicle.cpp Execute.cpp Max_Check.cpp Read_Snapshot.cpp Set_Subarea.cpp Set_Veh_Types.cpp Sum_Snapshot.cpp Write_Snapshot.cpp Write_Summary.cpp
         ArcSnapshot.cpp
         Control.cpp
         Create_Cells.cpp
         Draw_Vehicle.cpp
         Execute.cpp
         Max_Check.cpp
         Read_Snapshot.cpp
         Set_Subarea.cpp
         Set_Veh_Types.cpp
         Sum_Snapshot.cpp
         Write_Snapshot.cpp
         Write_Summary.cpp
       Link:
         C:\Program Files (x86)\Microsoft Visual Studio 11.0\VC\bin\x86_amd64\link.exe /ERRORREPORT:PROMPT /OUT:"C:\Software\Transims60\x64\BinThreads\ArcSnapshot.exe" /INCREMENTAL:NO /NOLOGO kernel32.lib user32.lib gdi32.lib winspool.lib comdlg32.lib advapi32.lib shell32.lib ole32.lib oleaut32.lib uuid.lib odbc32.lib odbccp32.lib /MANIFEST /MANIFESTUAC:"level='asInvoker' uiAccess='false'" /manifest:embed /PDB:"C:\Software\Transims60\x64\BinThreads\ArcSnapshot.pdb" /SUBSYSTEM:CONSOLE,"5.02" /OPT:REF /OPT:ICF /TLBID:1 /DYNAMICBASE /NXCOMPAT /IMPLIB:"C:\Software\Transims60\x64\BinThreads\ArcSnapshot.lib" /MACHINE:X64 x64\BinThreads\ArcSnapshot.obj
         x64\BinThreads\Control.obj
         x64\BinThreads\Create_Cells.obj
         x64\BinThreads\Draw_Vehicle.obj
         x64\BinThreads\Execute.obj
         x64\BinThreads\Max_Check.obj
         x64\BinThreads\Read_Snapshot.obj
         x64\BinThreads\Set_Subarea.obj
         x64\BinThreads\Set_Veh_Types.obj
         x64\BinThreads\Sum_Snapshot.obj
         x64\BinThreads\Write_Snapshot.obj
         x64\BinThreads\Write_Summary.obj
         C:\Software\Transims60\SysLib\x64\BinThreads\SysLib.lib
         C:\Software\Transims60\File_Data_Service\x64\BinThreads\File_Data_Service.lib
         ArcSnapshot.vcxproj -> C:\Software\Transims60\x64\BinThreads\ArcSnapshot.exe
     1>Done Building Project "C:\Software\Transims60\ArcSnapshot\ArcSnapshot.vcxproj" (Build target(s)).

Build succeeded.

Time Elapsed 00:00:50.21
