C:\SOFTWARE\TRANSIMS60\LINKDATA\WIN32\BIN\VC110.PDB
C:\SOFTWARE\TRANSIMS60\WIN32\BIN\LINKDATA.EXE
C:\Software\Transims60\LinkData\Win32\Bin\LinkData.vcxprojResolveAssemblyReference.cache
C:\Software\Transims60\LinkData\Win32\Bin\Control.obj
C:\Software\Transims60\LinkData\Win32\Bin\Create_Link_Map.obj
C:\Software\Transims60\LinkData\Win32\Bin\Execute.obj
C:\Software\Transims60\LinkData\Win32\Bin\LinkData.obj
C:\Software\Transims60\LinkData\Win32\Bin\Node_Path.obj
C:\Software\Transims60\LinkData\Win32\Bin\Read_Dir_Data.obj
C:\Software\Transims60\LinkData\Win32\Bin\Read_Link_Nodes.obj
C:\Software\Transims60\LinkData\Win32\Bin\Read_Node_File.obj
C:\Software\Transims60\LinkData\Win32\Bin\Read_Node_Map.obj
C:\Software\Transims60\LinkData\Win32\Bin\Write_Dir_Data.obj
C:\Software\Transims60\LinkData\Win32\Bin\Write_Link_Nodes.obj
C:\Software\Transims60\LinkData\Win32\Bin\Write_Node_Map.obj
C:\Software\Transims60\LinkData\Win32\Bin\CL.332.read.1.tlog
C:\Software\Transims60\LinkData\Win32\Bin\CL.332.write.1.tlog
C:\Software\Transims60\LinkData\Win32\Bin\CL.4972.read.1.tlog
C:\Software\Transims60\LinkData\Win32\Bin\CL.4972.write.1.tlog
C:\Software\Transims60\LinkData\Win32\Bin\CL.5312.read.1.tlog
C:\Software\Transims60\LinkData\Win32\Bin\CL.5312.write.1.tlog
C:\Software\Transims60\LinkData\Win32\Bin\CL.5384.read.1.tlog
C:\Software\Transims60\LinkData\Win32\Bin\CL.5384.write.1.tlog
C:\Software\Transims60\LinkData\Win32\Bin\cl.command.1.tlog
C:\Software\Transims60\LinkData\Win32\Bin\CL.read.1.tlog
C:\Software\Transims60\LinkData\Win32\Bin\cl.write.1.tlog
C:\Software\Transims60\LinkData\Win32\Bin\link-cvtres.read.1.tlog
C:\Software\Transims60\LinkData\Win32\Bin\link-cvtres.write.1.tlog
C:\Software\Transims60\LinkData\Win32\Bin\link-rc.read.1.tlog
C:\Software\Transims60\LinkData\Win32\Bin\link-rc.write.1.tlog
C:\Software\Transims60\LinkData\Win32\Bin\link.command.1.tlog
C:\Software\Transims60\LinkData\Win32\Bin\link.read.1.tlog
C:\Software\Transims60\LinkData\Win32\Bin\link.write.1.tlog
