C:\TRANSIMS\TRANSIMS60\TRANSIMSNET\X64\BIN\VC110.PDB
C:\TRANSIMS\TRANSIMS60\X64\BIN\TRANSIMSNET.EXE
C:\TRANSIMS\TRANSIMS60\X64\BIN\TRANSIMSNET.PDB
C:\TRANSIMS\Transims60\TransimsNet\x64\Bin\Connections.obj
C:\TRANSIMS\Transims60\TransimsNet\x64\Bin\Control.obj
C:\TRANSIMS\Transims60\TransimsNet\x64\Bin\Execute.obj
C:\TRANSIMS\Transims60\TransimsNet\x64\Bin\Lane_Ranges.obj
C:\TRANSIMS\Transims60\TransimsNet\x64\Bin\Lane_Use.obj
C:\TRANSIMS\Transims60\TransimsNet\x64\Bin\Link_Access.obj
C:\TRANSIMS\Transims60\TransimsNet\x64\Bin\Operators.obj
C:\TRANSIMS\Transims60\TransimsNet\x64\Bin\Pocket_Lanes.obj
C:\TRANSIMS\Transims60\TransimsNet\x64\Bin\Read_Approach.obj
C:\TRANSIMS\Transims60\TransimsNet\x64\Bin\Read_Boundary.obj
C:\TRANSIMS\Transims60\TransimsNet\x64\Bin\Read_Link_Use.obj
C:\TRANSIMS\Transims60\TransimsNet\x64\Bin\Traffic_Controls.obj
C:\TRANSIMS\Transims60\TransimsNet\x64\Bin\TransimsNet.obj
C:\TRANSIMS\Transims60\TransimsNet\x64\Bin\Zone_Access.obj
C:\TRANSIMS\Transims60\TransimsNet\x64\Bin\CL.1944.read.1.tlog
C:\TRANSIMS\Transims60\TransimsNet\x64\Bin\CL.1944.write.1.tlog
C:\TRANSIMS\Transims60\TransimsNet\x64\Bin\CL.2000.read.1.tlog
C:\TRANSIMS\Transims60\TransimsNet\x64\Bin\CL.2000.write.1.tlog
C:\TRANSIMS\Transims60\TransimsNet\x64\Bin\CL.6132.read.1.tlog
C:\TRANSIMS\Transims60\TransimsNet\x64\Bin\CL.6132.write.1.tlog
C:\TRANSIMS\Transims60\TransimsNet\x64\Bin\CL.7136.read.1.tlog
C:\TRANSIMS\Transims60\TransimsNet\x64\Bin\CL.7136.write.1.tlog
C:\TRANSIMS\Transims60\TransimsNet\x64\Bin\cl.command.1.tlog
C:\TRANSIMS\Transims60\TransimsNet\x64\Bin\CL.read.1.tlog
C:\TRANSIMS\Transims60\TransimsNet\x64\Bin\cl.write.1.tlog
C:\TRANSIMS\Transims60\TransimsNet\x64\Bin\link-cvtres.read.1.tlog
C:\TRANSIMS\Transims60\TransimsNet\x64\Bin\link-cvtres.write.1.tlog
C:\TRANSIMS\Transims60\TransimsNet\x64\Bin\link-rc.read.1.tlog
C:\TRANSIMS\Transims60\TransimsNet\x64\Bin\link-rc.write.1.tlog
C:\TRANSIMS\Transims60\TransimsNet\x64\Bin\link.command.1.tlog
C:\TRANSIMS\Transims60\TransimsNet\x64\Bin\link.read.1.tlog
C:\TRANSIMS\Transims60\TransimsNet\x64\Bin\link.write.1.tlog
C:\TRANSIMS\Transims60\TransimsNet\x64\Bin\vc110.pdb
C:\TRANSIMS\Transims60\x64\Bin\TransimsNet.pdb
C:\TRANSIMS\Transims60\x64\Bin\TransimsNet.exe
