Build started 3/7/2014 8:05:30 AM.
     1>Project "C:\Software\Transims60\SubareaNet\SubareaNet.vcxproj" on node 3 (Build target(s)).
     1>ClCompile:
         C:\Program Files (x86)\Microsoft Visual Studio 11.0\VC\bin\x86_amd64\CL.exe /c /I..\Include /Zi /nologo /W4 /WX /MP /O2 /Oi /D WIN32 /D NDEBUG /D _CONSOLE /D THREADS /Gm- /EHsc /MT /GS /Gy /Qpar /fp:precise /Zc:wchar_t /Zc:forScope /Fo"x64\BinThreads\\" /Fd"x64\BinThreads\vc110.pdb" /Gd /TP /errorReport:prompt Control.cpp Execute.cpp Get_Access_Data.cpp Get_Connect_Data.cpp Get_Detector_Data.cpp Get_Lane_Use_Data.cpp Get_Link_Data.cpp Get_Location_Data.cpp Get_Node_Data.cpp Get_Parking_Data.cpp Get_Phasing_Data.cpp Get_Pocket_Data.cpp Get_Signal_Data.cpp Get_Sign_Data.cpp Get_Stop_Data.cpp Get_Timing_Data.cpp Get_Turn_Pen_Data.cpp Get_Zone_Data.cpp SubareaNet.cpp Write_Boundary.cpp Write_Node.cpp Write_Route.cpp
         Control.cpp
         Execute.cpp
         Get_Access_Data.cpp
         Get_Connect_Data.cpp
         Get_Detector_Data.cpp
         Get_Lane_Use_Data.cpp
         Get_Link_Data.cpp
         Get_Location_Data.cpp
         Get_Node_Data.cpp
         Get_Parking_Data.cpp
         Get_Phasing_Data.cpp
         Get_Pocket_Data.cpp
         Get_Signal_Data.cpp
         Get_Sign_Data.cpp
         Get_Stop_Data.cpp
         Get_Timing_Data.cpp
         Get_Turn_Pen_Data.cpp
         Get_Zone_Data.cpp
         SubareaNet.cpp
         Write_Boundary.cpp
         Write_Node.cpp
         Write_Route.cpp
       Link:
         C:\Program Files (x86)\Microsoft Visual Studio 11.0\VC\bin\x86_amd64\link.exe /ERRORREPORT:PROMPT /OUT:"C:\Software\Transims60\x64\BinThreads\SubareaNet.exe" /INCREMENTAL:NO /NOLOGO kernel32.lib user32.lib gdi32.lib winspool.lib comdlg32.lib advapi32.lib shell32.lib ole32.lib oleaut32.lib uuid.lib odbc32.lib odbccp32.lib /MANIFEST /MANIFESTUAC:"level='asInvoker' uiAccess='false'" /manifest:embed /PDB:"C:\Software\Transims60\x64\BinThreads\SubareaNet.pdb" /SUBSYSTEM:CONSOLE,"5.02" /OPT:REF /OPT:ICF /TLBID:1 /DYNAMICBASE /NXCOMPAT /IMPLIB:"C:\Software\Transims60\x64\BinThreads\SubareaNet.lib" /MACHINE:X64 x64\BinThreads\Control.obj
         x64\BinThreads\Execute.obj
         x64\BinThreads\Get_Access_Data.obj
         x64\BinThreads\Get_Connect_Data.obj
         x64\BinThreads\Get_Detector_Data.obj
         x64\BinThreads\Get_Lane_Use_Data.obj
         x64\BinThreads\Get_Link_Data.obj
         x64\BinThreads\Get_Location_Data.obj
         x64\BinThreads\Get_Node_Data.obj
         x64\BinThreads\Get_Parking_Data.obj
         x64\BinThreads\Get_Phasing_Data.obj
         x64\BinThreads\Get_Pocket_Data.obj
         x64\BinThreads\Get_Signal_Data.obj
         x64\BinThreads\Get_Sign_Data.obj
         x64\BinThreads\Get_Stop_Data.obj
         x64\BinThreads\Get_Timing_Data.obj
         x64\BinThreads\Get_Turn_Pen_Data.obj
         x64\BinThreads\Get_Zone_Data.obj
         x64\BinThreads\SubareaNet.obj
         x64\BinThreads\Write_Boundary.obj
         x64\BinThreads\Write_Node.obj
         x64\BinThreads\Write_Route.obj
         C:\Software\Transims60\SysLib\x64\BinThreads\SysLib.lib
         C:\Software\Transims60\File_Data_Service\x64\BinThreads\File_Data_Service.lib
         SubareaNet.vcxproj -> C:\Software\Transims60\x64\BinThreads\SubareaNet.exe
     1>Done Building Project "C:\Software\Transims60\SubareaNet\SubareaNet.vcxproj" (Build target(s)).

Build succeeded.

Time Elapsed 00:01:42.63
