C:\TRANSIMS\TRANSIMS60\EVENTSUM\X64\BIN\VC110.PDB
C:\TRANSIMS\TRANSIMS60\X64\BIN\EVENTSUM.EXE
C:\TRANSIMS\Transims60\EventSum\x64\Bin\Control.obj
C:\TRANSIMS\Transims60\EventSum\x64\Bin\EventSum.obj
C:\TRANSIMS\Transims60\EventSum\x64\Bin\Execute.obj
C:\TRANSIMS\Transims60\EventSum\x64\Bin\Read_Events.obj
C:\TRANSIMS\Transims60\EventSum\x64\Bin\Read_Times.obj
C:\TRANSIMS\Transims60\EventSum\x64\Bin\Read_Trips.obj
C:\TRANSIMS\Transims60\EventSum\x64\Bin\Select_Travelers.obj
C:\TRANSIMS\Transims60\EventSum\x64\Bin\Update_Plans.obj
C:\TRANSIMS\Transims60\EventSum\x64\Bin\Write_Links.obj
C:\TRANSIMS\Transims60\EventSum\x64\Bin\Write_Times.obj
C:\TRANSIMS\Transims60\EventSum\x64\Bin\Write_Time_Sum.obj
C:\TRANSIMS\Transims60\EventSum\x64\Bin\CL.1432.read.1.tlog
C:\TRANSIMS\Transims60\EventSum\x64\Bin\CL.1432.write.1.tlog
C:\TRANSIMS\Transims60\EventSum\x64\Bin\CL.3140.read.1.tlog
C:\TRANSIMS\Transims60\EventSum\x64\Bin\CL.3140.write.1.tlog
C:\TRANSIMS\Transims60\EventSum\x64\Bin\CL.3440.read.1.tlog
C:\TRANSIMS\Transims60\EventSum\x64\Bin\CL.3440.write.1.tlog
C:\TRANSIMS\Transims60\EventSum\x64\Bin\CL.4988.read.1.tlog
C:\TRANSIMS\Transims60\EventSum\x64\Bin\CL.4988.write.1.tlog
C:\TRANSIMS\Transims60\EventSum\x64\Bin\cl.command.1.tlog
C:\TRANSIMS\Transims60\EventSum\x64\Bin\CL.read.1.tlog
C:\TRANSIMS\Transims60\EventSum\x64\Bin\cl.write.1.tlog
C:\TRANSIMS\Transims60\EventSum\x64\Bin\link-cvtres.read.1.tlog
C:\TRANSIMS\Transims60\EventSum\x64\Bin\link-cvtres.write.1.tlog
C:\TRANSIMS\Transims60\EventSum\x64\Bin\link-rc.read.1.tlog
C:\TRANSIMS\Transims60\EventSum\x64\Bin\link-rc.write.1.tlog
C:\TRANSIMS\Transims60\EventSum\x64\Bin\link.command.1.tlog
C:\TRANSIMS\Transims60\EventSum\x64\Bin\link.read.1.tlog
C:\TRANSIMS\Transims60\EventSum\x64\Bin\link.write.1.tlog
C:\TRANSIMS\Transims60\EventSum\x64\Bin\vc110.pdb
C:\TRANSIMS\Transims60\x64\Bin\EventSum.exe
