C:\SOFTWARE\TRANSIMS60\SUBAREAPLANS\WIN32\BIN\VC110.PDB
C:\SOFTWARE\TRANSIMS60\WIN32\BIN\SUBAREAPLANS.EXE
C:\Software\Transims60\SubareaPlans\Win32\Bin\SubareaPlans.vcxprojResolveAssemblyReference.cache
C:\Software\Transims60\SubareaPlans\Win32\Bin\Control.obj
C:\Software\Transims60\SubareaPlans\Win32\Bin\Convert_Plan.obj
C:\Software\Transims60\SubareaPlans\Win32\Bin\Execute.obj
C:\Software\Transims60\SubareaPlans\Win32\Bin\Plan_Output.obj
C:\Software\Transims60\SubareaPlans\Win32\Bin\Plan_Processing.obj
C:\Software\Transims60\SubareaPlans\Win32\Bin\Read_Plans.obj
C:\Software\Transims60\SubareaPlans\Win32\Bin\SubareaPlans.obj
C:\Software\Transims60\SubareaPlans\Win32\Bin\Sublink_Data.obj
C:\Software\Transims60\SubareaPlans\Win32\Bin\Trip_Report.obj
C:\Software\Transims60\SubareaPlans\Win32\Bin\Write_Plans.obj
C:\Software\Transims60\SubareaPlans\Win32\Bin\CL.2920.read.1.tlog
C:\Software\Transims60\SubareaPlans\Win32\Bin\CL.2920.write.1.tlog
C:\Software\Transims60\SubareaPlans\Win32\Bin\CL.3368.read.1.tlog
C:\Software\Transims60\SubareaPlans\Win32\Bin\CL.3368.write.1.tlog
C:\Software\Transims60\SubareaPlans\Win32\Bin\CL.3600.read.1.tlog
C:\Software\Transims60\SubareaPlans\Win32\Bin\CL.3600.write.1.tlog
C:\Software\Transims60\SubareaPlans\Win32\Bin\CL.4484.read.1.tlog
C:\Software\Transims60\SubareaPlans\Win32\Bin\CL.4484.write.1.tlog
C:\Software\Transims60\SubareaPlans\Win32\Bin\cl.command.1.tlog
C:\Software\Transims60\SubareaPlans\Win32\Bin\CL.read.1.tlog
C:\Software\Transims60\SubareaPlans\Win32\Bin\cl.write.1.tlog
C:\Software\Transims60\SubareaPlans\Win32\Bin\link-cvtres.read.1.tlog
C:\Software\Transims60\SubareaPlans\Win32\Bin\link-cvtres.write.1.tlog
C:\Software\Transims60\SubareaPlans\Win32\Bin\link-rc.read.1.tlog
C:\Software\Transims60\SubareaPlans\Win32\Bin\link-rc.write.1.tlog
C:\Software\Transims60\SubareaPlans\Win32\Bin\link.command.1.tlog
C:\Software\Transims60\SubareaPlans\Win32\Bin\link.read.1.tlog
C:\Software\Transims60\SubareaPlans\Win32\Bin\link.write.1.tlog
