C:\TRANSIMS\TRANSIMS51\INTCONTROL\DEBUG\CONTROL.OBJ
C:\TRANSIMS\TRANSIMS51\INTCONTROL\DEBUG\CREATE_SIGNALS.OBJ
C:\TRANSIMS\TRANSIMS51\INTCONTROL\DEBUG\EXECUTE.OBJ
C:\TRANSIMS\TRANSIMS51\INTCONTROL\DEBUG\INTCONTROL.OBJ
C:\TRANSIMS\TRANSIMS51\INTCONTROL\DEBUG\NODE_LINKS.OBJ
C:\TRANSIMS\TRANSIMS51\INTCONTROL\DEBUG\READ_DELETES.OBJ
C:\TRANSIMS\TRANSIMS51\INTCONTROL\DEBUG\READ_SIGN.OBJ
C:\TRANSIMS\TRANSIMS51\INTCONTROL\DEBUG\READ_SIGNAL.OBJ
C:\TRANSIMS\TRANSIMS51\INTCONTROL\DEBUG\READ_TURN.OBJ
C:\TRANSIMS\TRANSIMS51\INTCONTROL\DEBUG\UPDATE_SIGNALS.OBJ
C:\TRANSIMS\TRANSIMS51\INTCONTROL\DEBUG\VC110.PDB
C:\TRANSIMS\TRANSIMS51\DEBUG\INTCONTROL.ILK
C:\TRANSIMS\TRANSIMS51\DEBUG\INTCONTROL.EXE
C:\TRANSIMS\TRANSIMS51\DEBUG\INTCONTROL.PDB
C:\TRANSIMS\Transims51\IntControl\Debug\IntControl.vcxprojResolveAssemblyReference.cache
C:\TRANSIMS\Transims51\IntControl\Debug\Control.obj
C:\TRANSIMS\Transims51\IntControl\Debug\Create_Signals.obj
C:\TRANSIMS\Transims51\IntControl\Debug\Execute.obj
C:\TRANSIMS\Transims51\IntControl\Debug\IntControl.obj
C:\TRANSIMS\Transims51\IntControl\Debug\Node_Links.obj
C:\TRANSIMS\Transims51\IntControl\Debug\Read_Deletes.obj
C:\TRANSIMS\Transims51\IntControl\Debug\Read_Sign.obj
C:\TRANSIMS\Transims51\IntControl\Debug\Read_Signal.obj
C:\TRANSIMS\Transims51\IntControl\Debug\Read_Turn.obj
C:\TRANSIMS\Transims51\IntControl\Debug\Update_Signals.obj
C:\TRANSIMS\Transims51\IntControl\Debug\cl.command.1.tlog
C:\TRANSIMS\Transims51\IntControl\Debug\CL.read.1.tlog
C:\TRANSIMS\Transims51\IntControl\Debug\CL.write.1.tlog
C:\TRANSIMS\Transims51\IntControl\Debug\link-cvtres.read.1.tlog
C:\TRANSIMS\Transims51\IntControl\Debug\link-cvtres.write.1.tlog
C:\TRANSIMS\Transims51\IntControl\Debug\link-rc.read.1.tlog
C:\TRANSIMS\Transims51\IntControl\Debug\link-rc.write.1.tlog
C:\TRANSIMS\Transims51\IntControl\Debug\link.command.1.tlog
C:\TRANSIMS\Transims51\IntControl\Debug\link.read.1.tlog
C:\TRANSIMS\Transims51\IntControl\Debug\link.write.1.tlog
C:\TRANSIMS\Transims51\IntControl\Debug\vc110.idb
C:\TRANSIMS\Transims51\IntControl\Debug\vc110.pdb
C:\TRANSIMS\Transims51\Debug\IntControl.pdb
C:\TRANSIMS\Transims51\Debug\IntControl.exe
C:\TRANSIMS\Transims51\Debug\IntControl.ilk
