C:\SOFTWARE\TRANSIMS60\TRANSITACCESS\WIN32\BIN\VC110.PDB
C:\SOFTWARE\TRANSIMS60\WIN32\BIN\TRANSITACCESS.EXE
C:\Software\Transims60\TransitAccess\Win32\Bin\TransitAccess.vcxprojResolveAssemblyReference.cache
C:\Software\Transims60\TransitAccess\Win32\Bin\Control.obj
C:\Software\Transims60\TransitAccess\Win32\Bin\Execute.obj
C:\Software\Transims60\TransitAccess\Win32\Bin\Process_Origin.obj
C:\Software\Transims60\TransitAccess\Win32\Bin\Read_Extra.obj
C:\Software\Transims60\TransitAccess\Win32\Bin\Read_Link.obj
C:\Software\Transims60\TransitAccess\Win32\Bin\Read_Node.obj
C:\Software\Transims60\TransitAccess\Win32\Bin\Read_Skims.obj
C:\Software\Transims60\TransitAccess\Win32\Bin\Read_Slug.obj
C:\Software\Transims60\TransitAccess\Win32\Bin\Read_Station.obj
C:\Software\Transims60\TransitAccess\Win32\Bin\Read_Zone.obj
C:\Software\Transims60\TransitAccess\Win32\Bin\Station_Report.obj
C:\Software\Transims60\TransitAccess\Win32\Bin\TransitAccess.obj
C:\Software\Transims60\TransitAccess\Win32\Bin\Walk_Access.obj
C:\Software\Transims60\TransitAccess\Win32\Bin\Zone_Report.obj
C:\Software\Transims60\TransitAccess\Win32\Bin\CL.2096.read.1.tlog
C:\Software\Transims60\TransitAccess\Win32\Bin\CL.2096.write.1.tlog
C:\Software\Transims60\TransitAccess\Win32\Bin\CL.2220.read.1.tlog
C:\Software\Transims60\TransitAccess\Win32\Bin\CL.2220.write.1.tlog
C:\Software\Transims60\TransitAccess\Win32\Bin\CL.2664.read.1.tlog
C:\Software\Transims60\TransitAccess\Win32\Bin\CL.2664.write.1.tlog
C:\Software\Transims60\TransitAccess\Win32\Bin\CL.4276.read.1.tlog
C:\Software\Transims60\TransitAccess\Win32\Bin\CL.4276.write.1.tlog
C:\Software\Transims60\TransitAccess\Win32\Bin\cl.command.1.tlog
C:\Software\Transims60\TransitAccess\Win32\Bin\CL.read.1.tlog
C:\Software\Transims60\TransitAccess\Win32\Bin\cl.write.1.tlog
C:\Software\Transims60\TransitAccess\Win32\Bin\link-cvtres.read.1.tlog
C:\Software\Transims60\TransitAccess\Win32\Bin\link-cvtres.write.1.tlog
C:\Software\Transims60\TransitAccess\Win32\Bin\link-rc.read.1.tlog
C:\Software\Transims60\TransitAccess\Win32\Bin\link-rc.write.1.tlog
C:\Software\Transims60\TransitAccess\Win32\Bin\link.command.1.tlog
C:\Software\Transims60\TransitAccess\Win32\Bin\link.read.1.tlog
C:\Software\Transims60\TransitAccess\Win32\Bin\link.write.1.tlog
