C:\SOFTWARE\TRANSIMS60\FILE_DATA_SERVICE\WIN32\BINTHREADS\VC110.PDB
C:\SOFTWARE\TRANSIMS60\FILE_DATA_SERVICE\WIN32\BINTHREADS\FILE_DATA_SERVICE.LIB
C:\Software\Transims60\File_Data_Service\Win32\BinThreads\File_Data_Service.vcxprojResolveAssemblyReference.cache
C:\Software\Transims60\File_Data_Service\Win32\BinThreads\Access_File.obj
C:\Software\Transims60\File_Data_Service\Win32\BinThreads\Activity_File.obj
C:\Software\Transims60\File_Data_Service\Win32\BinThreads\Approach_Link_File.obj
C:\Software\Transims60\File_Data_Service\Win32\BinThreads\Attribute_Data.obj
C:\Software\Transims60\File_Data_Service\Win32\BinThreads\Connect_File.obj
C:\Software\Transims60\File_Data_Service\Win32\BinThreads\Data_Service.obj
C:\Software\Transims60\File_Data_Service\Win32\BinThreads\Data_Shapes.obj
C:\Software\Transims60\File_Data_Service\Win32\BinThreads\Detector_File.obj
C:\Software\Transims60\File_Data_Service\Win32\BinThreads\Diurnal_File.obj
C:\Software\Transims60\File_Data_Service\Win32\BinThreads\Draw_Service.obj
C:\Software\Transims60\File_Data_Service\Win32\BinThreads\Driver_File.obj
C:\Software\Transims60\File_Data_Service\Win32\BinThreads\Event_Data.obj
C:\Software\Transims60\File_Data_Service\Win32\BinThreads\Event_File.obj
C:\Software\Transims60\File_Data_Service\Win32\BinThreads\Factor_File.obj
C:\Software\Transims60\File_Data_Service\Win32\BinThreads\Fare_File.obj
C:\Software\Transims60\File_Data_Service\Win32\BinThreads\File_Service.obj
C:\Software\Transims60\File_Data_Service\Win32\BinThreads\Flow_Time_Data.obj
C:\Software\Transims60\File_Data_Service\Win32\BinThreads\Flow_Time_Service.obj
C:\Software\Transims60\File_Data_Service\Win32\BinThreads\Household_File.obj
C:\Software\Transims60\File_Data_Service\Win32\BinThreads\Lane_Use_File.obj
C:\Software\Transims60\File_Data_Service\Win32\BinThreads\Line_Data.obj
C:\Software\Transims60\File_Data_Service\Win32\BinThreads\Line_File.obj
C:\Software\Transims60\File_Data_Service\Win32\BinThreads\Link_Data_File.obj
C:\Software\Transims60\File_Data_Service\Win32\BinThreads\Link_Delay_File.obj
C:\Software\Transims60\File_Data_Service\Win32\BinThreads\Link_Dir_File.obj
C:\Software\Transims60\File_Data_Service\Win32\BinThreads\Link_File.obj
C:\Software\Transims60\File_Data_Service\Win32\BinThreads\Link_Use_File.obj
C:\Software\Transims60\File_Data_Service\Win32\BinThreads\Location_File.obj
C:\Software\Transims60\File_Data_Service\Win32\BinThreads\Matrix_File.obj
C:\Software\Transims60\File_Data_Service\Win32\BinThreads\Node_File.obj
C:\Software\Transims60\File_Data_Service\Win32\BinThreads\Occupancy_File.obj
C:\Software\Transims60\File_Data_Service\Win32\BinThreads\Old_Plan_File.obj
C:\Software\Transims60\File_Data_Service\Win32\BinThreads\Parking_File.obj
C:\Software\Transims60\File_Data_Service\Win32\BinThreads\Performance_Data.obj
C:\Software\Transims60\File_Data_Service\Win32\BinThreads\Performance_File.obj
C:\Software\Transims60\File_Data_Service\Win32\BinThreads\Person_File.obj
C:\Software\Transims60\File_Data_Service\Win32\BinThreads\Phasing_File.obj
C:\Software\Transims60\File_Data_Service\Win32\BinThreads\Plan_File.obj
C:\Software\Transims60\File_Data_Service\Win32\BinThreads\Pocket_File.obj
C:\Software\Transims60\File_Data_Service\Win32\BinThreads\Problem_File.obj
C:\Software\Transims60\File_Data_Service\Win32\BinThreads\Read_Access_Links.obj
C:\Software\Transims60\File_Data_Service\Win32\BinThreads\Read_Connections.obj
C:\Software\Transims60\File_Data_Service\Win32\BinThreads\Read_Detectors.obj
C:\Software\Transims60\File_Data_Service\Win32\BinThreads\Read_Drivers.obj
C:\Software\Transims60\File_Data_Service\Win32\BinThreads\Read_Events.obj
C:\Software\Transims60\File_Data_Service\Win32\BinThreads\Read_Fares.obj
C:\Software\Transims60\File_Data_Service\Win32\BinThreads\Read_Households.obj
C:\Software\Transims60\File_Data_Service\Win32\BinThreads\Read_Lane_Uses.obj
C:\Software\Transims60\File_Data_Service\Win32\BinThreads\Read_Lines.obj
C:\Software\Transims60\File_Data_Service\Win32\BinThreads\Read_Links.obj
C:\Software\Transims60\File_Data_Service\Win32\BinThreads\Read_Link_Delays.obj
C:\Software\Transims60\File_Data_Service\Win32\BinThreads\Read_Locations.obj
C:\Software\Transims60\File_Data_Service\Win32\BinThreads\Read_Nodes.obj
C:\Software\Transims60\File_Data_Service\Win32\BinThreads\Read_Parking_Lots.obj
C:\Software\Transims60\File_Data_Service\Win32\BinThreads\Read_Performance.obj
C:\Software\Transims60\File_Data_Service\Win32\BinThreads\Read_Phasing_Plans.obj
C:\Software\Transims60\File_Data_Service\Win32\BinThreads\Read_Plans.obj
C:\Software\Transims60\File_Data_Service\Win32\BinThreads\Read_Pockets.obj
C:\Software\Transims60\File_Data_Service\Win32\BinThreads\Read_Problems.obj
C:\Software\Transims60\File_Data_Service\Win32\BinThreads\Read_Ridership.obj
C:\Software\Transims60\File_Data_Service\Win32\BinThreads\Read_Route_Nodes.obj
C:\Software\Transims60\File_Data_Service\Win32\BinThreads\Read_Schedules.obj
C:\Software\Transims60\File_Data_Service\Win32\BinThreads\Read_Selections.obj
C:\Software\Transims60\File_Data_Service\Win32\BinThreads\Read_Shapes.obj
C:\Software\Transims60\File_Data_Service\Win32\BinThreads\Read_Signals.obj
C:\Software\Transims60\File_Data_Service\Win32\BinThreads\Read_Signs.obj
C:\Software\Transims60\File_Data_Service\Win32\BinThreads\Read_Skims.obj
C:\Software\Transims60\File_Data_Service\Win32\BinThreads\Read_Stops.obj
C:\Software\Transims60\File_Data_Service\Win32\BinThreads\Read_Timing_Plans.obj
C:\Software\Transims60\File_Data_Service\Win32\BinThreads\Read_Travelers.obj
C:\Software\Transims60\File_Data_Service\Win32\BinThreads\Read_Trips.obj
C:\Software\Transims60\File_Data_Service\Win32\BinThreads\Read_Turn_Pens.obj
C:\Software\Transims60\File_Data_Service\Win32\BinThreads\Read_Veh_Types.obj
C:\Software\Transims60\File_Data_Service\Win32\BinThreads\Read_Zones.obj
C:\Software\Transims60\File_Data_Service\Win32\BinThreads\Ridership_File.obj
C:\Software\Transims60\File_Data_Service\Win32\BinThreads\Route_Nodes_File.obj
C:\Software\Transims60\File_Data_Service\Win32\BinThreads\Schedule_File.obj
C:\Software\Transims60\File_Data_Service\Win32\BinThreads\Selection_Data.obj
C:\Software\Transims60\File_Data_Service\Win32\BinThreads\Selection_File.obj
C:\Software\Transims60\File_Data_Service\Win32\BinThreads\Select_Service.obj
C:\Software\Transims60\File_Data_Service\Win32\BinThreads\Shape_File.obj
C:\Software\Transims60\File_Data_Service\Win32\BinThreads\Signal_File.obj
C:\Software\Transims60\File_Data_Service\Win32\BinThreads\Sign_File.obj
C:\Software\Transims60\File_Data_Service\Win32\BinThreads\Skim_Data.obj
C:\Software\Transims60\File_Data_Service\Win32\BinThreads\Skim_File.obj
C:\Software\Transims60\File_Data_Service\Win32\BinThreads\Snapshot_File.obj
C:\Software\Transims60\File_Data_Service\Win32\BinThreads\Stop_File.obj
C:\Software\Transims60\File_Data_Service\Win32\BinThreads\Subzone_File.obj
C:\Software\Transims60\File_Data_Service\Win32\BinThreads\Time_Index.obj
C:\Software\Transims60\File_Data_Service\Win32\BinThreads\Time_Sum_File.obj
C:\Software\Transims60\File_Data_Service\Win32\BinThreads\Timing_File.obj
C:\Software\Transims60\File_Data_Service\Win32\BinThreads\Toll_File.obj
C:\Software\Transims60\File_Data_Service\Win32\BinThreads\Tour_Sort.obj
C:\Software\Transims60\File_Data_Service\Win32\BinThreads\Transfer_Data.obj
C:\Software\Transims60\File_Data_Service\Win32\BinThreads\Traveler_Data.obj
C:\Software\Transims60\File_Data_Service\Win32\BinThreads\Traveler_File.obj
C:\Software\Transims60\File_Data_Service\Win32\BinThreads\Travel_Time_File.obj
C:\Software\Transims60\File_Data_Service\Win32\BinThreads\Trip_File.obj
C:\Software\Transims60\File_Data_Service\Win32\BinThreads\Trip_Index.obj
C:\Software\Transims60\File_Data_Service\Win32\BinThreads\Turn_Pen_File.obj
C:\Software\Transims60\File_Data_Service\Win32\BinThreads\Turn_Vol_File.obj
C:\Software\Transims60\File_Data_Service\Win32\BinThreads\Vehicle_File.obj
C:\Software\Transims60\File_Data_Service\Win32\BinThreads\Veh_Type_File.obj
C:\Software\Transims60\File_Data_Service\Win32\BinThreads\Write_Access_Links.obj
C:\Software\Transims60\File_Data_Service\Win32\BinThreads\Write_Connections.obj
C:\Software\Transims60\File_Data_Service\Win32\BinThreads\Write_Detectors.obj
C:\Software\Transims60\File_Data_Service\Win32\BinThreads\Write_Drivers.obj
C:\Software\Transims60\File_Data_Service\Win32\BinThreads\Write_Events.obj
C:\Software\Transims60\File_Data_Service\Win32\BinThreads\Write_Fares.obj
C:\Software\Transims60\File_Data_Service\Win32\BinThreads\Write_Households.obj
C:\Software\Transims60\File_Data_Service\Win32\BinThreads\Write_Lane_Uses.obj
C:\Software\Transims60\File_Data_Service\Win32\BinThreads\Write_Lines.obj
C:\Software\Transims60\File_Data_Service\Win32\BinThreads\Write_Links.obj
C:\Software\Transims60\File_Data_Service\Win32\BinThreads\Write_Link_Delays.obj
C:\Software\Transims60\File_Data_Service\Win32\BinThreads\Write_Locations.obj
C:\Software\Transims60\File_Data_Service\Win32\BinThreads\Write_Nodes.obj
C:\Software\Transims60\File_Data_Service\Win32\BinThreads\Write_Parking_Lots.obj
C:\Software\Transims60\File_Data_Service\Win32\BinThreads\Write_Performance.obj
C:\Software\Transims60\File_Data_Service\Win32\BinThreads\Write_Phasing_Plans.obj
C:\Software\Transims60\File_Data_Service\Win32\BinThreads\Write_Plans.obj
C:\Software\Transims60\File_Data_Service\Win32\BinThreads\Write_Pockets.obj
C:\Software\Transims60\File_Data_Service\Win32\BinThreads\Write_Problems.obj
C:\Software\Transims60\File_Data_Service\Win32\BinThreads\Write_Ridership.obj
C:\Software\Transims60\File_Data_Service\Win32\BinThreads\Write_Route_Nodes.obj
C:\Software\Transims60\File_Data_Service\Win32\BinThreads\Write_Schedules.obj
C:\Software\Transims60\File_Data_Service\Win32\BinThreads\Write_Selections.obj
C:\Software\Transims60\File_Data_Service\Win32\BinThreads\Write_Shapes.obj
C:\Software\Transims60\File_Data_Service\Win32\BinThreads\Write_Signals.obj
C:\Software\Transims60\File_Data_Service\Win32\BinThreads\Write_Signs.obj
C:\Software\Transims60\File_Data_Service\Win32\BinThreads\Write_Skims.obj
C:\Software\Transims60\File_Data_Service\Win32\BinThreads\Write_Stops.obj
C:\Software\Transims60\File_Data_Service\Win32\BinThreads\Write_Timing_Plans.obj
C:\Software\Transims60\File_Data_Service\Win32\BinThreads\Write_Travelers.obj
C:\Software\Transims60\File_Data_Service\Win32\BinThreads\Write_Trips.obj
C:\Software\Transims60\File_Data_Service\Win32\BinThreads\Write_Turn_Pens.obj
C:\Software\Transims60\File_Data_Service\Win32\BinThreads\Write_Veh_Types.obj
C:\Software\Transims60\File_Data_Service\Win32\BinThreads\Write_Zones.obj
C:\Software\Transims60\File_Data_Service\Win32\BinThreads\Zone_File.obj
C:\Software\Transims60\File_Data_Service\Win32\BinThreads\Zone_Location.obj
C:\Software\Transims60\File_Data_Service\Win32\BinThreads\CL.1020.read.1.tlog
C:\Software\Transims60\File_Data_Service\Win32\BinThreads\CL.1020.write.1.tlog
C:\Software\Transims60\File_Data_Service\Win32\BinThreads\CL.1384.read.1.tlog
C:\Software\Transims60\File_Data_Service\Win32\BinThreads\CL.1384.write.1.tlog
C:\Software\Transims60\File_Data_Service\Win32\BinThreads\CL.3884.read.1.tlog
C:\Software\Transims60\File_Data_Service\Win32\BinThreads\CL.3884.write.1.tlog
C:\Software\Transims60\File_Data_Service\Win32\BinThreads\CL.4948.read.1.tlog
C:\Software\Transims60\File_Data_Service\Win32\BinThreads\CL.4948.write.1.tlog
C:\Software\Transims60\File_Data_Service\Win32\BinThreads\cl.command.1.tlog
C:\Software\Transims60\File_Data_Service\Win32\BinThreads\CL.read.1.tlog
C:\Software\Transims60\File_Data_Service\Win32\BinThreads\cl.write.1.tlog
C:\Software\Transims60\File_Data_Service\Win32\BinThreads\Lib-link.read.1.tlog
C:\Software\Transims60\File_Data_Service\Win32\BinThreads\Lib-link.write.1.tlog
C:\Software\Transims60\File_Data_Service\Win32\BinThreads\lib.command.1.tlog
C:\Software\Transims60\File_Data_Service\Win32\BinThreads\vc110.pdb
C:\Software\Transims60\File_Data_Service\Win32\BinThreads\File_Data_Service.lib
