C:\TRANSIMS\TRANSIMS51\EVENTSUM\DEBUG\CONTROL.OBJ
C:\TRANSIMS\TRANSIMS51\EVENTSUM\DEBUG\EVENTSUM.OBJ
C:\TRANSIMS\TRANSIMS51\EVENTSUM\DEBUG\EXECUTE.OBJ
C:\TRANSIMS\TRANSIMS51\EVENTSUM\DEBUG\READ_EVENTS.OBJ
C:\TRANSIMS\TRANSIMS51\EVENTSUM\DEBUG\READ_TIMES.OBJ
C:\TRANSIMS\TRANSIMS51\EVENTSUM\DEBUG\READ_TRIPS.OBJ
C:\TRANSIMS\TRANSIMS51\EVENTSUM\DEBUG\SELECT_TRAVELERS.OBJ
C:\TRANSIMS\TRANSIMS51\EVENTSUM\DEBUG\UPDATE_PLANS.OBJ
C:\TRANSIMS\TRANSIMS51\EVENTSUM\DEBUG\WRITE_LINKS.OBJ
C:\TRANSIMS\TRANSIMS51\EVENTSUM\DEBUG\WRITE_TIME_SUM.OBJ
C:\TRANSIMS\TRANSIMS51\EVENTSUM\DEBUG\WRITE_TIMES.OBJ
C:\TRANSIMS\TRANSIMS51\EVENTSUM\DEBUG\VC110.PDB
C:\TRANSIMS\TRANSIMS51\DEBUG\EVENTSUM.ILK
C:\TRANSIMS\TRANSIMS51\DEBUG\EVENTSUM.EXE
C:\TRANSIMS\TRANSIMS51\DEBUG\EVENTSUM.PDB
C:\TRANSIMS\Transims51\EventSum\Debug\EventSum.vcxprojResolveAssemblyReference.cache
C:\TRANSIMS\Transims51\EventSum\Debug\Control.obj
C:\TRANSIMS\Transims51\EventSum\Debug\EventSum.obj
C:\TRANSIMS\Transims51\EventSum\Debug\Execute.obj
C:\TRANSIMS\Transims51\EventSum\Debug\Read_Events.obj
C:\TRANSIMS\Transims51\EventSum\Debug\Read_Times.obj
C:\TRANSIMS\Transims51\EventSum\Debug\Read_Trips.obj
C:\TRANSIMS\Transims51\EventSum\Debug\Select_Travelers.obj
C:\TRANSIMS\Transims51\EventSum\Debug\Update_Plans.obj
C:\TRANSIMS\Transims51\EventSum\Debug\Write_Links.obj
C:\TRANSIMS\Transims51\EventSum\Debug\Write_Times.obj
C:\TRANSIMS\Transims51\EventSum\Debug\Write_Time_Sum.obj
C:\TRANSIMS\Transims51\EventSum\Debug\cl.command.1.tlog
C:\TRANSIMS\Transims51\EventSum\Debug\CL.read.1.tlog
C:\TRANSIMS\Transims51\EventSum\Debug\CL.write.1.tlog
C:\TRANSIMS\Transims51\EventSum\Debug\link-cvtres.read.1.tlog
C:\TRANSIMS\Transims51\EventSum\Debug\link-cvtres.write.1.tlog
C:\TRANSIMS\Transims51\EventSum\Debug\link-rc.read.1.tlog
C:\TRANSIMS\Transims51\EventSum\Debug\link-rc.write.1.tlog
C:\TRANSIMS\Transims51\EventSum\Debug\link.command.1.tlog
C:\TRANSIMS\Transims51\EventSum\Debug\link.read.1.tlog
C:\TRANSIMS\Transims51\EventSum\Debug\link.write.1.tlog
C:\TRANSIMS\Transims51\EventSum\Debug\vc110.idb
C:\TRANSIMS\Transims51\EventSum\Debug\vc110.pdb
C:\TRANSIMS\Transims51\Debug\EventSum.pdb
C:\TRANSIMS\Transims51\Debug\EventSum.exe
C:\TRANSIMS\Transims51\Debug\EventSum.ilk
