C:\TRANSIMS\TRANSIMS51\TRIPPREP\DEBUG\CHECK_TRIPS.OBJ
C:\TRANSIMS\TRANSIMS51\TRIPPREP\DEBUG\COMBINE_TRIPS.OBJ
C:\TRANSIMS\TRANSIMS51\TRIPPREP\DEBUG\CONTROL.OBJ
C:\TRANSIMS\TRANSIMS51\TRIPPREP\DEBUG\EXECUTE.OBJ
C:\TRANSIMS\TRANSIMS51\TRIPPREP\DEBUG\MERGE_VEHICLES.OBJ
C:\TRANSIMS\TRANSIMS51\TRIPPREP\DEBUG\MPI_PROCESSING.OBJ
C:\TRANSIMS\TRANSIMS51\TRIPPREP\DEBUG\MPI_SETUP.OBJ
C:\TRANSIMS\TRANSIMS51\TRIPPREP\DEBUG\READ_TRIPS.OBJ
C:\TRANSIMS\TRANSIMS51\TRIPPREP\DEBUG\SORT_TOURS.OBJ
C:\TRANSIMS\TRANSIMS51\TRIPPREP\DEBUG\TEMP_TIME_WRITE.OBJ
C:\TRANSIMS\TRANSIMS51\TRIPPREP\DEBUG\TEMP_TRIP_WRITE.OBJ
C:\TRANSIMS\TRANSIMS51\TRIPPREP\DEBUG\TIME_COMBINE.OBJ
C:\TRANSIMS\TRANSIMS51\TRIPPREP\DEBUG\TIME_WRITE.OBJ
C:\TRANSIMS\TRANSIMS51\TRIPPREP\DEBUG\TRIP_COMBINE.OBJ
C:\TRANSIMS\TRANSIMS51\TRIPPREP\DEBUG\TRIP_PROCESSING.OBJ
C:\TRANSIMS\TRANSIMS51\TRIPPREP\DEBUG\TRIP_WRITE.OBJ
C:\TRANSIMS\TRANSIMS51\TRIPPREP\DEBUG\TRIPPREP.OBJ
C:\TRANSIMS\TRANSIMS51\TRIPPREP\DEBUG\WRITE_TEMP.OBJ
C:\TRANSIMS\TRANSIMS51\TRIPPREP\DEBUG\VC110.PDB
C:\TRANSIMS\TRANSIMS51\DEBUG\TRIPPREP.ILK
C:\TRANSIMS\TRANSIMS51\DEBUG\TRIPPREP.EXE
C:\TRANSIMS\TRANSIMS51\DEBUG\TRIPPREP.PDB
C:\TRANSIMS\Transims51\TripPrep\Debug\TripPrep.vcxprojResolveAssemblyReference.cache
C:\TRANSIMS\Transims51\TripPrep\Debug\Check_Trips.obj
C:\TRANSIMS\Transims51\TripPrep\Debug\Combine_Trips.obj
C:\TRANSIMS\Transims51\TripPrep\Debug\Control.obj
C:\TRANSIMS\Transims51\TripPrep\Debug\Execute.obj
C:\TRANSIMS\Transims51\TripPrep\Debug\Merge_Vehicles.obj
C:\TRANSIMS\Transims51\TripPrep\Debug\MPI_Processing.obj
C:\TRANSIMS\Transims51\TripPrep\Debug\MPI_Setup.obj
C:\TRANSIMS\Transims51\TripPrep\Debug\Read_Trips.obj
C:\TRANSIMS\Transims51\TripPrep\Debug\Sort_Tours.obj
C:\TRANSIMS\Transims51\TripPrep\Debug\Temp_Time_Write.obj
C:\TRANSIMS\Transims51\TripPrep\Debug\Temp_Trip_Write.obj
C:\TRANSIMS\Transims51\TripPrep\Debug\Time_Combine.obj
C:\TRANSIMS\Transims51\TripPrep\Debug\Time_Write.obj
C:\TRANSIMS\Transims51\TripPrep\Debug\TripPrep.obj
C:\TRANSIMS\Transims51\TripPrep\Debug\Trip_Combine.obj
C:\TRANSIMS\Transims51\TripPrep\Debug\Trip_Processing.obj
C:\TRANSIMS\Transims51\TripPrep\Debug\Trip_Write.obj
C:\TRANSIMS\Transims51\TripPrep\Debug\Write_Temp.obj
C:\TRANSIMS\Transims51\TripPrep\Debug\cl.command.1.tlog
C:\TRANSIMS\Transims51\TripPrep\Debug\CL.read.1.tlog
C:\TRANSIMS\Transims51\TripPrep\Debug\CL.write.1.tlog
C:\TRANSIMS\Transims51\TripPrep\Debug\link-cvtres.read.1.tlog
C:\TRANSIMS\Transims51\TripPrep\Debug\link-cvtres.write.1.tlog
C:\TRANSIMS\Transims51\TripPrep\Debug\link-rc.read.1.tlog
C:\TRANSIMS\Transims51\TripPrep\Debug\link-rc.write.1.tlog
C:\TRANSIMS\Transims51\TripPrep\Debug\link.command.1.tlog
C:\TRANSIMS\Transims51\TripPrep\Debug\link.read.1.tlog
C:\TRANSIMS\Transims51\TripPrep\Debug\link.write.1.tlog
C:\TRANSIMS\Transims51\TripPrep\Debug\vc110.idb
C:\TRANSIMS\Transims51\TripPrep\Debug\vc110.pdb
C:\TRANSIMS\Transims51\Debug\TripPrep.pdb
C:\TRANSIMS\Transims51\Debug\TripPrep.exe
C:\TRANSIMS\Transims51\Debug\TripPrep.ilk
