C:\TRANSIMS\TRANSIMS51\PLANSUM\DEBUG\CONTROL.OBJ
C:\TRANSIMS\TRANSIMS51\PLANSUM\DEBUG\EXECUTE.OBJ
C:\TRANSIMS\TRANSIMS51\PLANSUM\DEBUG\LINK_GROUP.OBJ
C:\TRANSIMS\TRANSIMS51\PLANSUM\DEBUG\MPI_PROCESSING.OBJ
C:\TRANSIMS\TRANSIMS51\PLANSUM\DEBUG\MPI_SETUP.OBJ
C:\TRANSIMS\TRANSIMS51\PLANSUM\DEBUG\PLAN_PROCESSING.OBJ
C:\TRANSIMS\TRANSIMS51\PLANSUM\DEBUG\PLANSUM.OBJ
C:\TRANSIMS\TRANSIMS51\PLANSUM\DEBUG\READ_PLANS.OBJ
C:\TRANSIMS\TRANSIMS51\PLANSUM\DEBUG\RIDER_GROUP.OBJ
C:\TRANSIMS\TRANSIMS51\PLANSUM\DEBUG\STOP_GROUP.OBJ
C:\TRANSIMS\TRANSIMS51\PLANSUM\DEBUG\STOP_REPORT.OBJ
C:\TRANSIMS\TRANSIMS51\PLANSUM\DEBUG\TOP_100.OBJ
C:\TRANSIMS\TRANSIMS51\PLANSUM\DEBUG\TRANSFER_REPORT.OBJ
C:\TRANSIMS\TRANSIMS51\PLANSUM\DEBUG\TRANSIT_REPORT.OBJ
C:\TRANSIMS\TRANSIMS51\PLANSUM\DEBUG\TRIP_TIME.OBJ
C:\TRANSIMS\TRANSIMS51\PLANSUM\DEBUG\VC_RATIO.OBJ
C:\TRANSIMS\TRANSIMS51\PLANSUM\DEBUG\WRITE_TIMES.OBJ
C:\TRANSIMS\TRANSIMS51\PLANSUM\DEBUG\WRITE_VOLUMES.OBJ
C:\TRANSIMS\TRANSIMS51\PLANSUM\DEBUG\VC110.PDB
C:\TRANSIMS\TRANSIMS51\DEBUG\PLANSUM.ILK
C:\TRANSIMS\TRANSIMS51\DEBUG\PLANSUM.EXE
C:\TRANSIMS\TRANSIMS51\DEBUG\PLANSUM.PDB
C:\TRANSIMS\Transims51\PlanSum\Debug\PlanSum.vcxprojResolveAssemblyReference.cache
C:\TRANSIMS\Transims51\PlanSum\Debug\Control.obj
C:\TRANSIMS\Transims51\PlanSum\Debug\Execute.obj
C:\TRANSIMS\Transims51\PlanSum\Debug\Link_Group.obj
C:\TRANSIMS\Transims51\PlanSum\Debug\MPI_Processing.obj
C:\TRANSIMS\Transims51\PlanSum\Debug\MPI_Setup.obj
C:\TRANSIMS\Transims51\PlanSum\Debug\PlanSum.obj
C:\TRANSIMS\Transims51\PlanSum\Debug\Plan_Processing.obj
C:\TRANSIMS\Transims51\PlanSum\Debug\Read_Plans.obj
C:\TRANSIMS\Transims51\PlanSum\Debug\Rider_Group.obj
C:\TRANSIMS\Transims51\PlanSum\Debug\Stop_Group.obj
C:\TRANSIMS\Transims51\PlanSum\Debug\Stop_Report.obj
C:\TRANSIMS\Transims51\PlanSum\Debug\Top_100.obj
C:\TRANSIMS\Transims51\PlanSum\Debug\Transfer_Report.obj
C:\TRANSIMS\Transims51\PlanSum\Debug\Transit_Report.obj
C:\TRANSIMS\Transims51\PlanSum\Debug\Trip_Time.obj
C:\TRANSIMS\Transims51\PlanSum\Debug\VC_Ratio.obj
C:\TRANSIMS\Transims51\PlanSum\Debug\Write_Times.obj
C:\TRANSIMS\Transims51\PlanSum\Debug\Write_Volumes.obj
C:\TRANSIMS\Transims51\PlanSum\Debug\cl.command.1.tlog
C:\TRANSIMS\Transims51\PlanSum\Debug\CL.read.1.tlog
C:\TRANSIMS\Transims51\PlanSum\Debug\CL.write.1.tlog
C:\TRANSIMS\Transims51\PlanSum\Debug\link-cvtres.read.1.tlog
C:\TRANSIMS\Transims51\PlanSum\Debug\link-cvtres.write.1.tlog
C:\TRANSIMS\Transims51\PlanSum\Debug\link-rc.read.1.tlog
C:\TRANSIMS\Transims51\PlanSum\Debug\link-rc.write.1.tlog
C:\TRANSIMS\Transims51\PlanSum\Debug\link.command.1.tlog
C:\TRANSIMS\Transims51\PlanSum\Debug\link.read.1.tlog
C:\TRANSIMS\Transims51\PlanSum\Debug\link.write.1.tlog
C:\TRANSIMS\Transims51\PlanSum\Debug\vc110.idb
C:\TRANSIMS\Transims51\PlanSum\Debug\vc110.pdb
C:\TRANSIMS\Transims51\Debug\PlanSum.pdb
C:\TRANSIMS\Transims51\Debug\PlanSum.exe
C:\TRANSIMS\Transims51\Debug\PlanSum.ilk
