C:\SOFTWARE\TRANSIMS60\TOURSKIM\WIN32\BIN\VC110.PDB
C:\SOFTWARE\TRANSIMS60\WIN32\BIN\TOURSKIM.EXE
C:\Software\Transims60\TourSkim\Win32\Bin\TourSkim.vcxprojResolveAssemblyReference.cache
C:\Software\Transims60\TourSkim\Win32\Bin\Control.obj
C:\Software\Transims60\TourSkim\Win32\Bin\Execute.obj
C:\Software\Transims60\TourSkim\Win32\Bin\Group_Process.obj
C:\Software\Transims60\TourSkim\Win32\Bin\Process.obj
C:\Software\Transims60\TourSkim\Win32\Bin\Read_Data.obj
C:\Software\Transims60\TourSkim\Win32\Bin\Read_Process.obj
C:\Software\Transims60\TourSkim\Win32\Bin\TourSkim.obj
C:\Software\Transims60\TourSkim\Win32\Bin\CL.3300.read.1.tlog
C:\Software\Transims60\TourSkim\Win32\Bin\CL.3300.write.1.tlog
C:\Software\Transims60\TourSkim\Win32\Bin\CL.3492.read.1.tlog
C:\Software\Transims60\TourSkim\Win32\Bin\CL.3492.write.1.tlog
C:\Software\Transims60\TourSkim\Win32\Bin\CL.5020.read.1.tlog
C:\Software\Transims60\TourSkim\Win32\Bin\CL.5020.write.1.tlog
C:\Software\Transims60\TourSkim\Win32\Bin\CL.5056.read.1.tlog
C:\Software\Transims60\TourSkim\Win32\Bin\CL.5056.write.1.tlog
C:\Software\Transims60\TourSkim\Win32\Bin\cl.command.1.tlog
C:\Software\Transims60\TourSkim\Win32\Bin\CL.read.1.tlog
C:\Software\Transims60\TourSkim\Win32\Bin\cl.write.1.tlog
C:\Software\Transims60\TourSkim\Win32\Bin\link-cvtres.read.1.tlog
C:\Software\Transims60\TourSkim\Win32\Bin\link-cvtres.write.1.tlog
C:\Software\Transims60\TourSkim\Win32\Bin\link-rc.read.1.tlog
C:\Software\Transims60\TourSkim\Win32\Bin\link-rc.write.1.tlog
C:\Software\Transims60\TourSkim\Win32\Bin\link.command.1.tlog
C:\Software\Transims60\TourSkim\Win32\Bin\link.read.1.tlog
C:\Software\Transims60\TourSkim\Win32\Bin\link.write.1.tlog
