C:\SOFTWARE\TRANSIMS60\LINESUM\WIN32\BIN\VC110.PDB
C:\SOFTWARE\TRANSIMS60\WIN32\BIN\LINESUM.EXE
C:\Software\Transims60\LineSum\Win32\Bin\LineSum.vcxprojResolveAssemblyReference.cache
C:\Software\Transims60\LineSum\Win32\Bin\Access_Report.obj
C:\Software\Transims60\LineSum\Win32\Bin\Combine.obj
C:\Software\Transims60\LineSum\Win32\Bin\Compare.obj
C:\Software\Transims60\LineSum\Win32\Bin\Control.obj
C:\Software\Transims60\LineSum\Win32\Bin\Execute.obj
C:\Software\Transims60\LineSum\Win32\Bin\LineSum.obj
C:\Software\Transims60\LineSum\Win32\Bin\Line_Report.obj
C:\Software\Transims60\LineSum\Win32\Bin\Link_Report.obj
C:\Software\Transims60\LineSum\Win32\Bin\Link_Rider.obj
C:\Software\Transims60\LineSum\Win32\Bin\On_Off_Report.obj
C:\Software\Transims60\LineSum\Win32\Bin\Read_Service.obj
C:\Software\Transims60\LineSum\Win32\Bin\Read_Shapes.obj
C:\Software\Transims60\LineSum\Win32\Bin\Stop_Names.obj
C:\Software\Transims60\LineSum\Win32\Bin\Stop_Report.obj
C:\Software\Transims60\LineSum\Win32\Bin\Total_Report.obj
C:\Software\Transims60\LineSum\Win32\Bin\CL.1796.read.1.tlog
C:\Software\Transims60\LineSum\Win32\Bin\CL.1796.write.1.tlog
C:\Software\Transims60\LineSum\Win32\Bin\CL.1956.read.1.tlog
C:\Software\Transims60\LineSum\Win32\Bin\CL.1956.write.1.tlog
C:\Software\Transims60\LineSum\Win32\Bin\CL.2520.read.1.tlog
C:\Software\Transims60\LineSum\Win32\Bin\CL.2520.write.1.tlog
C:\Software\Transims60\LineSum\Win32\Bin\CL.3736.read.1.tlog
C:\Software\Transims60\LineSum\Win32\Bin\CL.3736.write.1.tlog
C:\Software\Transims60\LineSum\Win32\Bin\cl.command.1.tlog
C:\Software\Transims60\LineSum\Win32\Bin\CL.read.1.tlog
C:\Software\Transims60\LineSum\Win32\Bin\cl.write.1.tlog
C:\Software\Transims60\LineSum\Win32\Bin\link-cvtres.read.1.tlog
C:\Software\Transims60\LineSum\Win32\Bin\link-cvtres.write.1.tlog
C:\Software\Transims60\LineSum\Win32\Bin\link-rc.read.1.tlog
C:\Software\Transims60\LineSum\Win32\Bin\link-rc.write.1.tlog
C:\Software\Transims60\LineSum\Win32\Bin\link.command.1.tlog
C:\Software\Transims60\LineSum\Win32\Bin\link.read.1.tlog
C:\Software\Transims60\LineSum\Win32\Bin\link.write.1.tlog
