C:\SOFTWARE\TRANSIMS60\ARCSNAPSHOT\WIN32\BIN\VC110.PDB
C:\SOFTWARE\TRANSIMS60\WIN32\BIN\ARCSNAPSHOT.EXE
C:\Software\Transims60\ArcSnapshot\Win32\Bin\ArcSnapshot.vcxprojResolveAssemblyReference.cache
C:\Software\Transims60\ArcSnapshot\Win32\Bin\ArcSnapshot.obj
C:\Software\Transims60\ArcSnapshot\Win32\Bin\Control.obj
C:\Software\Transims60\ArcSnapshot\Win32\Bin\Create_Cells.obj
C:\Software\Transims60\ArcSnapshot\Win32\Bin\Draw_Vehicle.obj
C:\Software\Transims60\ArcSnapshot\Win32\Bin\Execute.obj
C:\Software\Transims60\ArcSnapshot\Win32\Bin\Max_Check.obj
C:\Software\Transims60\ArcSnapshot\Win32\Bin\Read_Snapshot.obj
C:\Software\Transims60\ArcSnapshot\Win32\Bin\Set_Subarea.obj
C:\Software\Transims60\ArcSnapshot\Win32\Bin\Set_Veh_Types.obj
C:\Software\Transims60\ArcSnapshot\Win32\Bin\Sum_Snapshot.obj
C:\Software\Transims60\ArcSnapshot\Win32\Bin\Write_Snapshot.obj
C:\Software\Transims60\ArcSnapshot\Win32\Bin\Write_Summary.obj
C:\Software\Transims60\ArcSnapshot\Win32\Bin\CL.4724.read.1.tlog
C:\Software\Transims60\ArcSnapshot\Win32\Bin\CL.4724.write.1.tlog
C:\Software\Transims60\ArcSnapshot\Win32\Bin\CL.5112.read.1.tlog
C:\Software\Transims60\ArcSnapshot\Win32\Bin\CL.5112.write.1.tlog
C:\Software\Transims60\ArcSnapshot\Win32\Bin\CL.5992.read.1.tlog
C:\Software\Transims60\ArcSnapshot\Win32\Bin\CL.5992.write.1.tlog
C:\Software\Transims60\ArcSnapshot\Win32\Bin\CL.6020.read.1.tlog
C:\Software\Transims60\ArcSnapshot\Win32\Bin\CL.6020.write.1.tlog
C:\Software\Transims60\ArcSnapshot\Win32\Bin\cl.command.1.tlog
C:\Software\Transims60\ArcSnapshot\Win32\Bin\CL.read.1.tlog
C:\Software\Transims60\ArcSnapshot\Win32\Bin\cl.write.1.tlog
C:\Software\Transims60\ArcSnapshot\Win32\Bin\link-cvtres.read.1.tlog
C:\Software\Transims60\ArcSnapshot\Win32\Bin\link-cvtres.write.1.tlog
C:\Software\Transims60\ArcSnapshot\Win32\Bin\link-rc.read.1.tlog
C:\Software\Transims60\ArcSnapshot\Win32\Bin\link-rc.write.1.tlog
C:\Software\Transims60\ArcSnapshot\Win32\Bin\link.command.1.tlog
C:\Software\Transims60\ArcSnapshot\Win32\Bin\link.read.1.tlog
C:\Software\Transims60\ArcSnapshot\Win32\Bin\link.write.1.tlog
